<?xml version="1.0" encoding="UTF-8"?>
<TestRun id="3bdf343c-6bb7-48b4-9f8f-bfb2bbc8ce9f" name="Ben@BENGOODING 2012-04-09 20:22:17" runUser="BenGooding\Ben" xmlns="http://microsoft.com/schemas/VisualStudio/TeamTest/2010">
  <TestSettings name="Local" id="8938d3c6-cbd1-4798-a27b-390f29bff55a">
    <Description>These are default test settings for a local test run.</Description>
    <Deployment enabled="false" runDeploymentRoot="Ben_BENGOODING 2012-04-09 20_22_17">
      <DeploymentItem filename="C:\Users\Ben\Documents\School\Spring 12\Team15\Project Starfighter\Project Starfighter Test\bin\Debug\Rhino.Mocks.dll" />
      <DeploymentItem filename="C:\Users\Ben\Documents\School\Spring 12\Team15\Project Starfighter\Project Starfighter\Project StarfighterContent\obj\x86\Debug\Project StarfighterContent.dll" />
      <DeploymentItem filename="C:\Users\Ben\Documents\School\Spring 12\Team15\Project Starfighter\Project Starfighter\Project Starfighter\bin\x86\Debug\Project Starfighter.exe" />
    </Deployment>
    <Execution>
      <TestTypeSpecific />
      <AgentRule name="Execution Agents">
      </AgentRule>
    </Execution>
  </TestSettings>
  <Times creation="2012-04-09T20:22:17.9186543-05:00" queuing="2012-04-09T20:22:18.0066594-05:00" start="2012-04-09T20:22:18.0356610-05:00" finish="2012-04-09T20:22:19.2557308-05:00" />
  <ResultSummary outcome="Failed">
    <Counters total="35" executed="35" passed="32" error="0" failed="3" timeout="0" aborted="0" inconclusive="0" passedButRunAborted="0" notRunnable="0" notExecuted="0" disconnected="0" warning="0" completed="0" inProgress="0" pending="0" />
  </ResultSummary>
  <TestDefinitions>
    <UnitTest name="ShipMovingLeft_Test" storage="c:\users\ben\documents\school\spring 12\team15\project starfighter\project starfighter test\bin\debug\project starfighter test.dll" id="87ab8728-5a69-9cbf-9de5-52c1ebf86e55">
      <Execution id="c265ebe9-e289-4fc7-9daa-2c83fe78ca3c" />
      <TestMethod codeBase="C:/Users/Ben/Documents/School/Spring 12/Team15/Project Starfighter/Project Starfighter Test/bin/Debug/Project Starfighter Test.DLL" adapterTypeName="Microsoft.VisualStudio.TestTools.TestTypes.Unit.UnitTestAdapter, Microsoft.VisualStudio.QualityTools.Tips.UnitTest.Adapter, Version=10.0.0.0, Culture=neutral, PublicKeyToken=b03f5f7f11d50a3a" className="Project_Starfighter_Test.ShipMovements, Project Starfighter Test, Version=1.0.0.0, Culture=neutral, PublicKeyToken=null" name="ShipMovingLeft_Test" />
    </UnitTest>
    <UnitTest name="IsAnimating_Test" storage="c:\users\ben\documents\school\spring 12\team15\project starfighter\project starfighter test\bin\debug\project starfighter test.dll" id="86647a27-2eca-c19f-dae9-e1e0f399b670">
      <Execution id="5a48df2a-404c-4d8a-ad98-da2deb45bc76" />
      <TestMethod codeBase="C:/Users/Ben/Documents/School/Spring 12/Team15/Project Starfighter/Project Starfighter Test/bin/Debug/Project Starfighter Test.DLL" adapterTypeName="Microsoft.VisualStudio.TestTools.TestTypes.Unit.UnitTestAdapter, Microsoft.VisualStudio.QualityTools.Tips.UnitTest.Adapter, Version=10.0.0.0, Culture=neutral, PublicKeyToken=b03f5f7f11d50a3a" className="Project_Starfighter_Test.AnimatedSprite_Test, Project Starfighter Test, Version=1.0.0.0, Culture=neutral, PublicKeyToken=null" name="IsAnimating_Test" />
    </UnitTest>
    <UnitTest name="YPosition_Test" storage="c:\users\ben\documents\school\spring 12\team15\project starfighter\project starfighter test\bin\debug\project starfighter test.dll" id="94b17937-23fa-82e6-1780-93be4fa60daa">
      <Execution id="1ac45aac-3b5d-4da3-85a1-70db4bc88eb6" />
      <TestMethod codeBase="C:/Users/Ben/Documents/School/Spring 12/Team15/Project Starfighter/Project Starfighter Test/bin/Debug/Project Starfighter Test.DLL" adapterTypeName="Microsoft.VisualStudio.TestTools.TestTypes.Unit.UnitTestAdapter, Microsoft.VisualStudio.QualityTools.Tips.UnitTest.Adapter, Version=10.0.0.0, Culture=neutral, PublicKeyToken=b03f5f7f11d50a3a" className="Project_Starfighter_Test.Ammo_Test, Project Starfighter Test, Version=1.0.0.0, Culture=neutral, PublicKeyToken=null" name="YPosition_Test" />
    </UnitTest>
    <UnitTest name="GetSourceRectangle_Test" storage="c:\users\ben\documents\school\spring 12\team15\project starfighter\project starfighter test\bin\debug\project starfighter test.dll" id="05440f39-53b0-99ca-f3bb-be1fb1d2de03">
      <Execution id="338d6cc5-a040-4dd1-b621-38b753d7a01c" />
      <TestMethod codeBase="C:/Users/Ben/Documents/School/Spring 12/Team15/Project Starfighter/Project Starfighter Test/bin/Debug/Project Starfighter Test.DLL" adapterTypeName="Microsoft.VisualStudio.TestTools.TestTypes.Unit.UnitTestAdapter, Microsoft.VisualStudio.QualityTools.Tips.UnitTest.Adapter, Version=10.0.0.0, Culture=neutral, PublicKeyToken=b03f5f7f11d50a3a" className="Project_Starfighter_Test.AnimatedSprite_Test, Project Starfighter Test, Version=1.0.0.0, Culture=neutral, PublicKeyToken=null" name="GetSourceRectangle_Test" />
    </UnitTest>
    <UnitTest name="TestType" storage="c:\users\ben\documents\school\spring 12\team15\project starfighter\project starfighter test\bin\debug\project starfighter test.dll" id="6996e867-c2f4-dd50-8845-0ece69cbb0bd">
      <Execution id="0e0a7b3c-e39e-4be1-bbb5-f4d90749999e" />
      <TestMethod codeBase="C:/Users/Ben/Documents/School/Spring 12/Team15/Project Starfighter/Project Starfighter Test/bin/Debug/Project Starfighter Test.DLL" adapterTypeName="Microsoft.VisualStudio.TestTools.TestTypes.Unit.UnitTestAdapter, Microsoft.VisualStudio.QualityTools.Tips.UnitTest.Adapter, Version=10.0.0.0, Culture=neutral, PublicKeyToken=b03f5f7f11d50a3a" className="Project_Starfighter_Test.InstructionsScreen_Test, Project Starfighter Test, Version=1.0.0.0, Culture=neutral, PublicKeyToken=null" name="TestType" />
    </UnitTest>
    <UnitTest name="ShipMovingRight_Test" storage="c:\users\ben\documents\school\spring 12\team15\project starfighter\project starfighter test\bin\debug\project starfighter test.dll" id="d3d77ffc-9e4b-c939-e464-607b2ace85b5">
      <Execution id="7f2455ed-723f-47fa-8c8f-1b9d93768c54" />
      <TestMethod codeBase="C:/Users/Ben/Documents/School/Spring 12/Team15/Project Starfighter/Project Starfighter Test/bin/Debug/Project Starfighter Test.DLL" adapterTypeName="Microsoft.VisualStudio.TestTools.TestTypes.Unit.UnitTestAdapter, Microsoft.VisualStudio.QualityTools.Tips.UnitTest.Adapter, Version=10.0.0.0, Culture=neutral, PublicKeyToken=b03f5f7f11d50a3a" className="Project_Starfighter_Test.ShipMovements, Project Starfighter Test, Version=1.0.0.0, Culture=neutral, PublicKeyToken=null" name="ShipMovingRight_Test" />
    </UnitTest>
    <UnitTest name="Thrusting_Test" storage="c:\users\ben\documents\school\spring 12\team15\project starfighter\project starfighter test\bin\debug\project starfighter test.dll" id="543eb888-c955-88ac-ade4-b08205384b3c">
      <Execution id="c30fb338-5eab-413c-a9c1-a4a59cb68bd4" />
      <TestMethod codeBase="C:/Users/Ben/Documents/School/Spring 12/Team15/Project Starfighter/Project Starfighter Test/bin/Debug/Project Starfighter Test.DLL" adapterTypeName="Microsoft.VisualStudio.TestTools.TestTypes.Unit.UnitTestAdapter, Microsoft.VisualStudio.QualityTools.Tips.UnitTest.Adapter, Version=10.0.0.0, Culture=neutral, PublicKeyToken=b03f5f7f11d50a3a" className="Project_Starfighter_Test.Player_Test, Project Starfighter Test, Version=1.0.0.0, Culture=neutral, PublicKeyToken=null" name="Thrusting_Test" />
    </UnitTest>
    <UnitTest name="BackgroundFileWidth_Test" storage="c:\users\ben\documents\school\spring 12\team15\project starfighter\project starfighter test\bin\debug\project starfighter test.dll" id="5612bdfa-8071-6785-2a45-10f6be5e8f26">
      <Execution id="efc35432-eee0-4fc1-9cfb-d3a687ddd99c" />
      <TestMethod codeBase="C:/Users/Ben/Documents/School/Spring 12/Team15/Project Starfighter/Project Starfighter Test/bin/Debug/Project Starfighter Test.DLL" adapterTypeName="Microsoft.VisualStudio.TestTools.TestTypes.Unit.UnitTestAdapter, Microsoft.VisualStudio.QualityTools.Tips.UnitTest.Adapter, Version=10.0.0.0, Culture=neutral, PublicKeyToken=b03f5f7f11d50a3a" className="Project_Starfighter_Test.Background_Test, Project Starfighter Test, Version=1.0.0.0, Culture=neutral, PublicKeyToken=null" name="BackgroundFileWidth_Test" />
    </UnitTest>
    <UnitTest name="TestMethod1" storage="c:\users\ben\documents\school\spring 12\team15\project starfighter\project starfighter test\bin\debug\project starfighter test.dll" id="13a2b77f-a479-ee36-9305-265bae173238">
      <Execution id="2be251d8-ecbc-42c8-be5c-2f09b02f024c" />
      <TestMethod codeBase="C:/Users/Ben/Documents/School/Spring 12/Team15/Project Starfighter/Project Starfighter Test/bin/Debug/Project Starfighter Test.DLL" adapterTypeName="Microsoft.VisualStudio.TestTools.TestTypes.Unit.UnitTestAdapter, Microsoft.VisualStudio.QualityTools.Tips.UnitTest.Adapter, Version=10.0.0.0, Culture=neutral, PublicKeyToken=b03f5f7f11d50a3a" className="Project_Starfighter_Test.Enemy1_Test, Project Starfighter Test, Version=1.0.0.0, Culture=neutral, PublicKeyToken=null" name="TestMethod1" />
    </UnitTest>
    <UnitTest name="ShipMovingDown_Test" storage="c:\users\ben\documents\school\spring 12\team15\project starfighter\project starfighter test\bin\debug\project starfighter test.dll" id="afc71e7e-7598-1420-6126-d4cf9a40ddfe">
      <Execution id="e5f71753-37c5-48cd-8cf8-8b4da33f35dc" />
      <TestMethod codeBase="C:/Users/Ben/Documents/School/Spring 12/Team15/Project Starfighter/Project Starfighter Test/bin/Debug/Project Starfighter Test.DLL" adapterTypeName="Microsoft.VisualStudio.TestTools.TestTypes.Unit.UnitTestAdapter, Microsoft.VisualStudio.QualityTools.Tips.UnitTest.Adapter, Version=10.0.0.0, Culture=neutral, PublicKeyToken=b03f5f7f11d50a3a" className="Project_Starfighter_Test.ShipMovements, Project Starfighter Test, Version=1.0.0.0, Culture=neutral, PublicKeyToken=null" name="ShipMovingDown_Test" />
    </UnitTest>
    <UnitTest name="Facing_Test" storage="c:\users\ben\documents\school\spring 12\team15\project starfighter\project starfighter test\bin\debug\project starfighter test.dll" id="9c059ac2-daae-689d-1f4c-38c96bde6e85">
      <Execution id="f2f379a3-f1fc-4d86-9935-a2711bcf55e4" />
      <TestMethod codeBase="C:/Users/Ben/Documents/School/Spring 12/Team15/Project Starfighter/Project Starfighter Test/bin/Debug/Project Starfighter Test.DLL" adapterTypeName="Microsoft.VisualStudio.TestTools.TestTypes.Unit.UnitTestAdapter, Microsoft.VisualStudio.QualityTools.Tips.UnitTest.Adapter, Version=10.0.0.0, Culture=neutral, PublicKeyToken=b03f5f7f11d50a3a" className="Project_Starfighter_Test.Player_Test, Project Starfighter Test, Version=1.0.0.0, Culture=neutral, PublicKeyToken=null" name="Facing_Test" />
    </UnitTest>
    <UnitTest name="createdInActive_Test" storage="c:\users\ben\documents\school\spring 12\team15\project starfighter\project starfighter test\bin\debug\project starfighter test.dll" id="3f091cc2-7fe8-3b03-1d8c-8f24ef9fa1c5">
      <Execution id="10cc8620-a4f2-4683-9480-65caac8e2ccf" />
      <TestMethod codeBase="C:/Users/Ben/Documents/School/Spring 12/Team15/Project Starfighter/Project Starfighter Test/bin/Debug/Project Starfighter Test.DLL" adapterTypeName="Microsoft.VisualStudio.TestTools.TestTypes.Unit.UnitTestAdapter, Microsoft.VisualStudio.QualityTools.Tips.UnitTest.Adapter, Version=10.0.0.0, Culture=neutral, PublicKeyToken=b03f5f7f11d50a3a" className="Project_Starfighter_Test.Ammo_Test, Project Starfighter Test, Version=1.0.0.0, Culture=neutral, PublicKeyToken=null" name="createdInActive_Test" />
    </UnitTest>
    <UnitTest name="fired_Test" storage="c:\users\ben\documents\school\spring 12\team15\project starfighter\project starfighter test\bin\debug\project starfighter test.dll" id="a82fbc82-f21c-d387-9af8-11af4d5fa2e8">
      <Execution id="fe44a479-68b0-400f-b492-4e14fdae0491" />
      <TestMethod codeBase="C:/Users/Ben/Documents/School/Spring 12/Team15/Project Starfighter/Project Starfighter Test/bin/Debug/Project Starfighter Test.DLL" adapterTypeName="Microsoft.VisualStudio.TestTools.TestTypes.Unit.UnitTestAdapter, Microsoft.VisualStudio.QualityTools.Tips.UnitTest.Adapter, Version=10.0.0.0, Culture=neutral, PublicKeyToken=b03f5f7f11d50a3a" className="Project_Starfighter_Test.Ammo_Test, Project Starfighter Test, Version=1.0.0.0, Culture=neutral, PublicKeyToken=null" name="fired_Test" />
    </UnitTest>
    <UnitTest name="ShipMovingUp_Test" storage="c:\users\ben\documents\school\spring 12\team15\project starfighter\project starfighter test\bin\debug\project starfighter test.dll" id="81a7cb90-e333-c13a-cb1a-70bd93111e57">
      <Execution id="a45d2ac0-9a2f-404d-be45-dfc407e95f7f" />
      <TestMethod codeBase="C:/Users/Ben/Documents/School/Spring 12/Team15/Project Starfighter/Project Starfighter Test/bin/Debug/Project Starfighter Test.DLL" adapterTypeName="Microsoft.VisualStudio.TestTools.TestTypes.Unit.UnitTestAdapter, Microsoft.VisualStudio.QualityTools.Tips.UnitTest.Adapter, Version=10.0.0.0, Culture=neutral, PublicKeyToken=b03f5f7f11d50a3a" className="Project_Starfighter_Test.ShipMovements, Project Starfighter Test, Version=1.0.0.0, Culture=neutral, PublicKeyToken=null" name="ShipMovingUp_Test" />
    </UnitTest>
    <UnitTest name="Frame_Test" storage="c:\users\ben\documents\school\spring 12\team15\project starfighter\project starfighter test\bin\debug\project starfighter test.dll" id="4e28cde3-2288-16fe-42bd-9acfc8da8ab8">
      <Execution id="3945cae7-2632-4220-9df9-43c19cbd22b4" />
      <TestMethod codeBase="C:/Users/Ben/Documents/School/Spring 12/Team15/Project Starfighter/Project Starfighter Test/bin/Debug/Project Starfighter Test.DLL" adapterTypeName="Microsoft.VisualStudio.TestTools.TestTypes.Unit.UnitTestAdapter, Microsoft.VisualStudio.QualityTools.Tips.UnitTest.Adapter, Version=10.0.0.0, Culture=neutral, PublicKeyToken=b03f5f7f11d50a3a" className="Project_Starfighter_Test.AnimatedSprite_Test, Project Starfighter Test, Version=1.0.0.0, Culture=neutral, PublicKeyToken=null" name="Frame_Test" />
    </UnitTest>
    <UnitTest name="AccelRate_Test" storage="c:\users\ben\documents\school\spring 12\team15\project starfighter\project starfighter test\bin\debug\project starfighter test.dll" id="9400351a-0176-9c1e-51e1-975e9aa5fcab">
      <Execution id="6c1e2e67-20bd-4401-86b1-30ceb5560252" />
      <TestMethod codeBase="C:/Users/Ben/Documents/School/Spring 12/Team15/Project Starfighter/Project Starfighter Test/bin/Debug/Project Starfighter Test.DLL" adapterTypeName="Microsoft.VisualStudio.TestTools.TestTypes.Unit.UnitTestAdapter, Microsoft.VisualStudio.QualityTools.Tips.UnitTest.Adapter, Version=10.0.0.0, Culture=neutral, PublicKeyToken=b03f5f7f11d50a3a" className="Project_Starfighter_Test.Player_Test, Project Starfighter Test, Version=1.0.0.0, Culture=neutral, PublicKeyToken=null" name="AccelRate_Test" />
    </UnitTest>
    <UnitTest name="FrameLength_Test" storage="c:\users\ben\documents\school\spring 12\team15\project starfighter\project starfighter test\bin\debug\project starfighter test.dll" id="35329af0-07a5-033a-84c4-7cc0b89d3ef6">
      <Execution id="96eb20d8-8135-4f19-8f5d-8e0725bb7856" />
      <TestMethod codeBase="C:/Users/Ben/Documents/School/Spring 12/Team15/Project Starfighter/Project Starfighter Test/bin/Debug/Project Starfighter Test.DLL" adapterTypeName="Microsoft.VisualStudio.TestTools.TestTypes.Unit.UnitTestAdapter, Microsoft.VisualStudio.QualityTools.Tips.UnitTest.Adapter, Version=10.0.0.0, Culture=neutral, PublicKeyToken=b03f5f7f11d50a3a" className="Project_Starfighter_Test.AnimatedSprite_Test, Project Starfighter Test, Version=1.0.0.0, Culture=neutral, PublicKeyToken=null" name="FrameLength_Test" />
    </UnitTest>
    <UnitTest name="ScrollRate_Test" storage="c:\users\ben\documents\school\spring 12\team15\project starfighter\project starfighter test\bin\debug\project starfighter test.dll" id="62798b4c-6487-1c18-a52f-27bcf86f3077">
      <Execution id="0b9bd793-3808-4038-a107-bf923a4c98a4" />
      <TestMethod codeBase="C:/Users/Ben/Documents/School/Spring 12/Team15/Project Starfighter/Project Starfighter Test/bin/Debug/Project Starfighter Test.DLL" adapterTypeName="Microsoft.VisualStudio.TestTools.TestTypes.Unit.UnitTestAdapter, Microsoft.VisualStudio.QualityTools.Tips.UnitTest.Adapter, Version=10.0.0.0, Culture=neutral, PublicKeyToken=b03f5f7f11d50a3a" className="Project_Starfighter_Test.Player_Test, Project Starfighter Test, Version=1.0.0.0, Culture=neutral, PublicKeyToken=null" name="ScrollRate_Test" />
    </UnitTest>
    <UnitTest name="XPosition_Test" storage="c:\users\ben\documents\school\spring 12\team15\project starfighter\project starfighter test\bin\debug\project starfighter test.dll" id="8418000c-0d68-bb60-a56c-50e4bb8c38bc">
      <Execution id="894e6015-4b8d-4e59-87fe-73a702dc639e" />
      <TestMethod codeBase="C:/Users/Ben/Documents/School/Spring 12/Team15/Project Starfighter/Project Starfighter Test/bin/Debug/Project Starfighter Test.DLL" adapterTypeName="Microsoft.VisualStudio.TestTools.TestTypes.Unit.UnitTestAdapter, Microsoft.VisualStudio.QualityTools.Tips.UnitTest.Adapter, Version=10.0.0.0, Culture=neutral, PublicKeyToken=b03f5f7f11d50a3a" className="Project_Starfighter_Test.AnimatedSprite_Test, Project Starfighter Test, Version=1.0.0.0, Culture=neutral, PublicKeyToken=null" name="XPosition_Test" />
    </UnitTest>
    <UnitTest name="BackgroundFileHeight_Test" storage="c:\users\ben\documents\school\spring 12\team15\project starfighter\project starfighter test\bin\debug\project starfighter test.dll" id="0fa67a85-ae25-69c2-5a09-b8b613f54f76">
      <Execution id="52e3e63d-ae0d-4f29-84c4-8bbe1f7da411" />
      <TestMethod codeBase="C:/Users/Ben/Documents/School/Spring 12/Team15/Project Starfighter/Project Starfighter Test/bin/Debug/Project Starfighter Test.DLL" adapterTypeName="Microsoft.VisualStudio.TestTools.TestTypes.Unit.UnitTestAdapter, Microsoft.VisualStudio.QualityTools.Tips.UnitTest.Adapter, Version=10.0.0.0, Culture=neutral, PublicKeyToken=b03f5f7f11d50a3a" className="Project_Starfighter_Test.Background_Test, Project Starfighter Test, Version=1.0.0.0, Culture=neutral, PublicKeyToken=null" name="BackgroundFileHeight_Test" />
    </UnitTest>
    <UnitTest name="Ammo_Update_Test" storage="c:\users\ben\documents\school\spring 12\team15\project starfighter\project starfighter test\bin\debug\project starfighter test.dll" id="fa854480-66b4-f42e-a091-7810fa16d859">
      <Execution id="3453dfa5-06cc-4844-a161-441e105557f8" />
      <TestMethod codeBase="C:/Users/Ben/Documents/School/Spring 12/Team15/Project Starfighter/Project Starfighter Test/bin/Debug/Project Starfighter Test.DLL" adapterTypeName="Microsoft.VisualStudio.TestTools.TestTypes.Unit.UnitTestAdapter, Microsoft.VisualStudio.QualityTools.Tips.UnitTest.Adapter, Version=10.0.0.0, Culture=neutral, PublicKeyToken=b03f5f7f11d50a3a" className="Project_Starfighter_Test.Ammo_Test, Project Starfighter Test, Version=1.0.0.0, Culture=neutral, PublicKeyToken=null" name="Ammo_Update_Test" />
    </UnitTest>
    <UnitTest name="BackgroundWidth_Test" storage="c:\users\ben\documents\school\spring 12\team15\project starfighter\project starfighter test\bin\debug\project starfighter test.dll" id="f8117bbb-c7e5-e9b5-d0ec-69ac4f2ec7f3">
      <Execution id="0070eaa6-f97b-44f0-9946-579833aa93aa" />
      <TestMethod codeBase="C:/Users/Ben/Documents/School/Spring 12/Team15/Project Starfighter/Project Starfighter Test/bin/Debug/Project Starfighter Test.DLL" adapterTypeName="Microsoft.VisualStudio.TestTools.TestTypes.Unit.UnitTestAdapter, Microsoft.VisualStudio.QualityTools.Tips.UnitTest.Adapter, Version=10.0.0.0, Culture=neutral, PublicKeyToken=b03f5f7f11d50a3a" className="Project_Starfighter_Test.Background_Test, Project Starfighter Test, Version=1.0.0.0, Culture=neutral, PublicKeyToken=null" name="BackgroundWidth_Test" />
    </UnitTest>
    <UnitTest name="BoundingBox_Test" storage="c:\users\ben\documents\school\spring 12\team15\project starfighter\project starfighter test\bin\debug\project starfighter test.dll" id="976f7abd-3a44-9389-443e-407970b6257c">
      <Execution id="82da2ace-7522-42f7-a484-1c0829b0c64b" />
      <TestMethod codeBase="C:/Users/Ben/Documents/School/Spring 12/Team15/Project Starfighter/Project Starfighter Test/bin/Debug/Project Starfighter Test.DLL" adapterTypeName="Microsoft.VisualStudio.TestTools.TestTypes.Unit.UnitTestAdapter, Microsoft.VisualStudio.QualityTools.Tips.UnitTest.Adapter, Version=10.0.0.0, Culture=neutral, PublicKeyToken=b03f5f7f11d50a3a" className="Project_Starfighter_Test.Player_Test, Project Starfighter Test, Version=1.0.0.0, Culture=neutral, PublicKeyToken=null" name="BoundingBox_Test" />
    </UnitTest>
    <UnitTest name="YPosition_Test" storage="c:\users\ben\documents\school\spring 12\team15\project starfighter\project starfighter test\bin\debug\project starfighter test.dll" id="c4203e4f-b59e-0d54-085a-1ab34f49edd9">
      <Execution id="a9ca4a72-fb16-4dc8-8673-db80d4a83484" />
      <TestMethod codeBase="C:/Users/Ben/Documents/School/Spring 12/Team15/Project Starfighter/Project Starfighter Test/bin/Debug/Project Starfighter Test.DLL" adapterTypeName="Microsoft.VisualStudio.TestTools.TestTypes.Unit.UnitTestAdapter, Microsoft.VisualStudio.QualityTools.Tips.UnitTest.Adapter, Version=10.0.0.0, Culture=neutral, PublicKeyToken=b03f5f7f11d50a3a" className="Project_Starfighter_Test.Player_Test, Project Starfighter Test, Version=1.0.0.0, Culture=neutral, PublicKeyToken=null" name="YPosition_Test" />
    </UnitTest>
    <UnitTest name="XPosition_Test" storage="c:\users\ben\documents\school\spring 12\team15\project starfighter\project starfighter test\bin\debug\project starfighter test.dll" id="23b15399-36ff-4c54-84a2-1c78b3074b3e">
      <Execution id="e2749ddd-87bd-4b71-86b2-8be7e4a36190" />
      <TestMethod codeBase="C:/Users/Ben/Documents/School/Spring 12/Team15/Project Starfighter/Project Starfighter Test/bin/Debug/Project Starfighter Test.DLL" adapterTypeName="Microsoft.VisualStudio.TestTools.TestTypes.Unit.UnitTestAdapter, Microsoft.VisualStudio.QualityTools.Tips.UnitTest.Adapter, Version=10.0.0.0, Culture=neutral, PublicKeyToken=b03f5f7f11d50a3a" className="Project_Starfighter_Test.Ammo_Test, Project Starfighter Test, Version=1.0.0.0, Culture=neutral, PublicKeyToken=null" name="XPosition_Test" />
    </UnitTest>
    <UnitTest name="Update_Test" storage="c:\users\ben\documents\school\spring 12\team15\project starfighter\project starfighter test\bin\debug\project starfighter test.dll" id="1a398b36-5750-e38c-43d2-347c54381fe9">
      <Execution id="52790713-cc7d-46f1-9889-be2510df68b2" />
      <TestMethod codeBase="C:/Users/Ben/Documents/School/Spring 12/Team15/Project Starfighter/Project Starfighter Test/bin/Debug/Project Starfighter Test.DLL" adapterTypeName="Microsoft.VisualStudio.TestTools.TestTypes.Unit.UnitTestAdapter, Microsoft.VisualStudio.QualityTools.Tips.UnitTest.Adapter, Version=10.0.0.0, Culture=neutral, PublicKeyToken=b03f5f7f11d50a3a" className="Project_Starfighter_Test.AnimatedSprite_Test, Project Starfighter Test, Version=1.0.0.0, Culture=neutral, PublicKeyToken=null" name="Update_Test" />
    </UnitTest>
    <UnitTest name="TestScreen" storage="c:\users\ben\documents\school\spring 12\team15\project starfighter\project starfighter test\bin\debug\project starfighter test.dll" id="a691e6b4-e492-6f43-4f53-2977f4327922">
      <Execution id="60616c9d-c86e-4373-94bc-c0943155b7ff" />
      <TestMethod codeBase="C:/Users/Ben/Documents/School/Spring 12/Team15/Project Starfighter/Project Starfighter Test/bin/Debug/Project Starfighter Test.DLL" adapterTypeName="Microsoft.VisualStudio.TestTools.TestTypes.Unit.UnitTestAdapter, Microsoft.VisualStudio.QualityTools.Tips.UnitTest.Adapter, Version=10.0.0.0, Culture=neutral, PublicKeyToken=b03f5f7f11d50a3a" className="Project_Starfighter_Test.InstructionsScreen_Test, Project Starfighter Test, Version=1.0.0.0, Culture=neutral, PublicKeyToken=null" name="TestScreen" />
    </UnitTest>
    <UnitTest name="BackgroundOffset_Test" storage="c:\users\ben\documents\school\spring 12\team15\project starfighter\project starfighter test\bin\debug\project starfighter test.dll" id="afdaa493-65bf-f260-c382-6723d3f0a59d">
      <Execution id="e0222820-04cf-4eb0-8bd7-68502eb32c68" />
      <TestMethod codeBase="C:/Users/Ben/Documents/School/Spring 12/Team15/Project Starfighter/Project Starfighter Test/bin/Debug/Project Starfighter Test.DLL" adapterTypeName="Microsoft.VisualStudio.TestTools.TestTypes.Unit.UnitTestAdapter, Microsoft.VisualStudio.QualityTools.Tips.UnitTest.Adapter, Version=10.0.0.0, Culture=neutral, PublicKeyToken=b03f5f7f11d50a3a" className="Project_Starfighter_Test.Background_Test, Project Starfighter Test, Version=1.0.0.0, Culture=neutral, PublicKeyToken=null" name="BackgroundOffset_Test" />
    </UnitTest>
    <UnitTest name="Update_Test" storage="c:\users\ben\documents\school\spring 12\team15\project starfighter\project starfighter test\bin\debug\project starfighter test.dll" id="22c222ce-44b6-8dcd-bd1f-08a79cdcc566">
      <Execution id="e1ffb7b2-4df2-45b2-b0f9-9b87186f177d" />
      <TestMethod codeBase="C:/Users/Ben/Documents/School/Spring 12/Team15/Project Starfighter/Project Starfighter Test/bin/Debug/Project Starfighter Test.DLL" adapterTypeName="Microsoft.VisualStudio.TestTools.TestTypes.Unit.UnitTestAdapter, Microsoft.VisualStudio.QualityTools.Tips.UnitTest.Adapter, Version=10.0.0.0, Culture=neutral, PublicKeyToken=b03f5f7f11d50a3a" className="Project_Starfighter_Test.Player_Test, Project Starfighter Test, Version=1.0.0.0, Culture=neutral, PublicKeyToken=null" name="Update_Test" />
    </UnitTest>
    <UnitTest name="BackgroundHeight_Test" storage="c:\users\ben\documents\school\spring 12\team15\project starfighter\project starfighter test\bin\debug\project starfighter test.dll" id="ef2e5a6d-8764-ea3a-2b11-a77da1492a16">
      <Execution id="7aea2965-b9f7-4232-b885-e0e1ca96c328" />
      <TestMethod codeBase="C:/Users/Ben/Documents/School/Spring 12/Team15/Project Starfighter/Project Starfighter Test/bin/Debug/Project Starfighter Test.DLL" adapterTypeName="Microsoft.VisualStudio.TestTools.TestTypes.Unit.UnitTestAdapter, Microsoft.VisualStudio.QualityTools.Tips.UnitTest.Adapter, Version=10.0.0.0, Culture=neutral, PublicKeyToken=b03f5f7f11d50a3a" className="Project_Starfighter_Test.Background_Test, Project Starfighter Test, Version=1.0.0.0, Culture=neutral, PublicKeyToken=null" name="BackgroundHeight_Test" />
    </UnitTest>
    <UnitTest name="firedXPosition_Test" storage="c:\users\ben\documents\school\spring 12\team15\project starfighter\project starfighter test\bin\debug\project starfighter test.dll" id="a8cce3cc-1f6a-62e7-ba0d-5e20ad7a8d10">
      <Execution id="8101390d-db60-4e47-8668-d41233f2c0e4" />
      <TestMethod codeBase="C:/Users/Ben/Documents/School/Spring 12/Team15/Project Starfighter/Project Starfighter Test/bin/Debug/Project Starfighter Test.DLL" adapterTypeName="Microsoft.VisualStudio.TestTools.TestTypes.Unit.UnitTestAdapter, Microsoft.VisualStudio.QualityTools.Tips.UnitTest.Adapter, Version=10.0.0.0, Culture=neutral, PublicKeyToken=b03f5f7f11d50a3a" className="Project_Starfighter_Test.Ammo_Test, Project Starfighter Test, Version=1.0.0.0, Culture=neutral, PublicKeyToken=null" name="firedXPosition_Test" />
    </UnitTest>
    <UnitTest name="YPosition_Test" storage="c:\users\ben\documents\school\spring 12\team15\project starfighter\project starfighter test\bin\debug\project starfighter test.dll" id="6ac281c6-5261-f907-da1b-259c563f3a56">
      <Execution id="a817ba07-d9bc-435b-9cee-955bec5d15d5" />
      <TestMethod codeBase="C:/Users/Ben/Documents/School/Spring 12/Team15/Project Starfighter/Project Starfighter Test/bin/Debug/Project Starfighter Test.DLL" adapterTypeName="Microsoft.VisualStudio.TestTools.TestTypes.Unit.UnitTestAdapter, Microsoft.VisualStudio.QualityTools.Tips.UnitTest.Adapter, Version=10.0.0.0, Culture=neutral, PublicKeyToken=b03f5f7f11d50a3a" className="Project_Starfighter_Test.AnimatedSprite_Test, Project Starfighter Test, Version=1.0.0.0, Culture=neutral, PublicKeyToken=null" name="YPosition_Test" />
    </UnitTest>
    <UnitTest name="firedYPosition_Test" storage="c:\users\ben\documents\school\spring 12\team15\project starfighter\project starfighter test\bin\debug\project starfighter test.dll" id="08faea89-f632-3b4a-0340-2058f8f4c634">
      <Execution id="8b84985b-b943-4e22-9fa0-e782221a4f79" />
      <TestMethod codeBase="C:/Users/Ben/Documents/School/Spring 12/Team15/Project Starfighter/Project Starfighter Test/bin/Debug/Project Starfighter Test.DLL" adapterTypeName="Microsoft.VisualStudio.TestTools.TestTypes.Unit.UnitTestAdapter, Microsoft.VisualStudio.QualityTools.Tips.UnitTest.Adapter, Version=10.0.0.0, Culture=neutral, PublicKeyToken=b03f5f7f11d50a3a" className="Project_Starfighter_Test.Ammo_Test, Project Starfighter Test, Version=1.0.0.0, Culture=neutral, PublicKeyToken=null" name="firedYPosition_Test" />
    </UnitTest>
    <UnitTest name="XPosition_Test" storage="c:\users\ben\documents\school\spring 12\team15\project starfighter\project starfighter test\bin\debug\project starfighter test.dll" id="bcb441b9-e647-9f40-49e6-fd9d18cfc62b">
      <Execution id="f9a06726-2b29-4364-95ea-c7fc85d75353" />
      <TestMethod codeBase="C:/Users/Ben/Documents/School/Spring 12/Team15/Project Starfighter/Project Starfighter Test/bin/Debug/Project Starfighter Test.DLL" adapterTypeName="Microsoft.VisualStudio.TestTools.TestTypes.Unit.UnitTestAdapter, Microsoft.VisualStudio.QualityTools.Tips.UnitTest.Adapter, Version=10.0.0.0, Culture=neutral, PublicKeyToken=b03f5f7f11d50a3a" className="Project_Starfighter_Test.Player_Test, Project Starfighter Test, Version=1.0.0.0, Culture=neutral, PublicKeyToken=null" name="XPosition_Test" />
    </UnitTest>
    <UnitTest name="BoundingBox_Test" storage="c:\users\ben\documents\school\spring 12\team15\project starfighter\project starfighter test\bin\debug\project starfighter test.dll" id="87122438-a45a-e865-0f8f-8ad5d29f0080">
      <Execution id="b3b9bae3-7ffb-41fe-8698-4353e3f4e701" />
      <TestMethod codeBase="C:/Users/Ben/Documents/School/Spring 12/Team15/Project Starfighter/Project Starfighter Test/bin/Debug/Project Starfighter Test.DLL" adapterTypeName="Microsoft.VisualStudio.TestTools.TestTypes.Unit.UnitTestAdapter, Microsoft.VisualStudio.QualityTools.Tips.UnitTest.Adapter, Version=10.0.0.0, Culture=neutral, PublicKeyToken=b03f5f7f11d50a3a" className="Project_Starfighter_Test.Ammo_Test, Project Starfighter Test, Version=1.0.0.0, Culture=neutral, PublicKeyToken=null" name="BoundingBox_Test" />
    </UnitTest>
  </TestDefinitions>
  <TestLists>
    <TestList name="Results Not in a List" id="8c84fa94-04c1-424b-9868-57a2d4851a1d" />
    <TestList name="All Loaded Results" id="19431567-8539-422a-85d7-44ee4e166bda" />
  </TestLists>
  <TestEntries>
    <TestEntry testId="05440f39-53b0-99ca-f3bb-be1fb1d2de03" executionId="338d6cc5-a040-4dd1-b621-38b753d7a01c" testListId="8c84fa94-04c1-424b-9868-57a2d4851a1d" />
    <TestEntry testId="08faea89-f632-3b4a-0340-2058f8f4c634" executionId="8b84985b-b943-4e22-9fa0-e782221a4f79" testListId="8c84fa94-04c1-424b-9868-57a2d4851a1d" />
    <TestEntry testId="0fa67a85-ae25-69c2-5a09-b8b613f54f76" executionId="52e3e63d-ae0d-4f29-84c4-8bbe1f7da411" testListId="8c84fa94-04c1-424b-9868-57a2d4851a1d" />
    <TestEntry testId="13a2b77f-a479-ee36-9305-265bae173238" executionId="2be251d8-ecbc-42c8-be5c-2f09b02f024c" testListId="8c84fa94-04c1-424b-9868-57a2d4851a1d" />
    <TestEntry testId="1a398b36-5750-e38c-43d2-347c54381fe9" executionId="52790713-cc7d-46f1-9889-be2510df68b2" testListId="8c84fa94-04c1-424b-9868-57a2d4851a1d" />
    <TestEntry testId="22c222ce-44b6-8dcd-bd1f-08a79cdcc566" executionId="e1ffb7b2-4df2-45b2-b0f9-9b87186f177d" testListId="8c84fa94-04c1-424b-9868-57a2d4851a1d" />
    <TestEntry testId="23b15399-36ff-4c54-84a2-1c78b3074b3e" executionId="e2749ddd-87bd-4b71-86b2-8be7e4a36190" testListId="8c84fa94-04c1-424b-9868-57a2d4851a1d" />
    <TestEntry testId="35329af0-07a5-033a-84c4-7cc0b89d3ef6" executionId="96eb20d8-8135-4f19-8f5d-8e0725bb7856" testListId="8c84fa94-04c1-424b-9868-57a2d4851a1d" />
    <TestEntry testId="3f091cc2-7fe8-3b03-1d8c-8f24ef9fa1c5" executionId="10cc8620-a4f2-4683-9480-65caac8e2ccf" testListId="8c84fa94-04c1-424b-9868-57a2d4851a1d" />
    <TestEntry testId="4e28cde3-2288-16fe-42bd-9acfc8da8ab8" executionId="3945cae7-2632-4220-9df9-43c19cbd22b4" testListId="8c84fa94-04c1-424b-9868-57a2d4851a1d" />
    <TestEntry testId="543eb888-c955-88ac-ade4-b08205384b3c" executionId="c30fb338-5eab-413c-a9c1-a4a59cb68bd4" testListId="8c84fa94-04c1-424b-9868-57a2d4851a1d" />
    <TestEntry testId="5612bdfa-8071-6785-2a45-10f6be5e8f26" executionId="efc35432-eee0-4fc1-9cfb-d3a687ddd99c" testListId="8c84fa94-04c1-424b-9868-57a2d4851a1d" />
    <TestEntry testId="62798b4c-6487-1c18-a52f-27bcf86f3077" executionId="0b9bd793-3808-4038-a107-bf923a4c98a4" testListId="8c84fa94-04c1-424b-9868-57a2d4851a1d" />
    <TestEntry testId="6996e867-c2f4-dd50-8845-0ece69cbb0bd" executionId="0e0a7b3c-e39e-4be1-bbb5-f4d90749999e" testListId="8c84fa94-04c1-424b-9868-57a2d4851a1d" />
    <TestEntry testId="6ac281c6-5261-f907-da1b-259c563f3a56" executionId="a817ba07-d9bc-435b-9cee-955bec5d15d5" testListId="8c84fa94-04c1-424b-9868-57a2d4851a1d" />
    <TestEntry testId="81a7cb90-e333-c13a-cb1a-70bd93111e57" executionId="a45d2ac0-9a2f-404d-be45-dfc407e95f7f" testListId="8c84fa94-04c1-424b-9868-57a2d4851a1d" />
    <TestEntry testId="8418000c-0d68-bb60-a56c-50e4bb8c38bc" executionId="894e6015-4b8d-4e59-87fe-73a702dc639e" testListId="8c84fa94-04c1-424b-9868-57a2d4851a1d" />
    <TestEntry testId="86647a27-2eca-c19f-dae9-e1e0f399b670" executionId="5a48df2a-404c-4d8a-ad98-da2deb45bc76" testListId="8c84fa94-04c1-424b-9868-57a2d4851a1d" />
    <TestEntry testId="87122438-a45a-e865-0f8f-8ad5d29f0080" executionId="b3b9bae3-7ffb-41fe-8698-4353e3f4e701" testListId="8c84fa94-04c1-424b-9868-57a2d4851a1d" />
    <TestEntry testId="87ab8728-5a69-9cbf-9de5-52c1ebf86e55" executionId="c265ebe9-e289-4fc7-9daa-2c83fe78ca3c" testListId="8c84fa94-04c1-424b-9868-57a2d4851a1d" />
    <TestEntry testId="9400351a-0176-9c1e-51e1-975e9aa5fcab" executionId="6c1e2e67-20bd-4401-86b1-30ceb5560252" testListId="8c84fa94-04c1-424b-9868-57a2d4851a1d" />
    <TestEntry testId="94b17937-23fa-82e6-1780-93be4fa60daa" executionId="1ac45aac-3b5d-4da3-85a1-70db4bc88eb6" testListId="8c84fa94-04c1-424b-9868-57a2d4851a1d" />
    <TestEntry testId="976f7abd-3a44-9389-443e-407970b6257c" executionId="82da2ace-7522-42f7-a484-1c0829b0c64b" testListId="8c84fa94-04c1-424b-9868-57a2d4851a1d" />
    <TestEntry testId="9c059ac2-daae-689d-1f4c-38c96bde6e85" executionId="f2f379a3-f1fc-4d86-9935-a2711bcf55e4" testListId="8c84fa94-04c1-424b-9868-57a2d4851a1d" />
    <TestEntry testId="a691e6b4-e492-6f43-4f53-2977f4327922" executionId="60616c9d-c86e-4373-94bc-c0943155b7ff" testListId="8c84fa94-04c1-424b-9868-57a2d4851a1d" />
    <TestEntry testId="a82fbc82-f21c-d387-9af8-11af4d5fa2e8" executionId="fe44a479-68b0-400f-b492-4e14fdae0491" testListId="8c84fa94-04c1-424b-9868-57a2d4851a1d" />
    <TestEntry testId="a8cce3cc-1f6a-62e7-ba0d-5e20ad7a8d10" executionId="8101390d-db60-4e47-8668-d41233f2c0e4" testListId="8c84fa94-04c1-424b-9868-57a2d4851a1d" />
    <TestEntry testId="afc71e7e-7598-1420-6126-d4cf9a40ddfe" executionId="e5f71753-37c5-48cd-8cf8-8b4da33f35dc" testListId="8c84fa94-04c1-424b-9868-57a2d4851a1d" />
    <TestEntry testId="afdaa493-65bf-f260-c382-6723d3f0a59d" executionId="e0222820-04cf-4eb0-8bd7-68502eb32c68" testListId="8c84fa94-04c1-424b-9868-57a2d4851a1d" />
    <TestEntry testId="bcb441b9-e647-9f40-49e6-fd9d18cfc62b" executionId="f9a06726-2b29-4364-95ea-c7fc85d75353" testListId="8c84fa94-04c1-424b-9868-57a2d4851a1d" />
    <TestEntry testId="c4203e4f-b59e-0d54-085a-1ab34f49edd9" executionId="a9ca4a72-fb16-4dc8-8673-db80d4a83484" testListId="8c84fa94-04c1-424b-9868-57a2d4851a1d" />
    <TestEntry testId="d3d77ffc-9e4b-c939-e464-607b2ace85b5" executionId="7f2455ed-723f-47fa-8c8f-1b9d93768c54" testListId="8c84fa94-04c1-424b-9868-57a2d4851a1d" />
    <TestEntry testId="ef2e5a6d-8764-ea3a-2b11-a77da1492a16" executionId="7aea2965-b9f7-4232-b885-e0e1ca96c328" testListId="8c84fa94-04c1-424b-9868-57a2d4851a1d" />
    <TestEntry testId="f8117bbb-c7e5-e9b5-d0ec-69ac4f2ec7f3" executionId="0070eaa6-f97b-44f0-9946-579833aa93aa" testListId="8c84fa94-04c1-424b-9868-57a2d4851a1d" />
    <TestEntry testId="fa854480-66b4-f42e-a091-7810fa16d859" executionId="3453dfa5-06cc-4844-a161-441e105557f8" testListId="8c84fa94-04c1-424b-9868-57a2d4851a1d" />
  </TestEntries>
  <Results>
    <UnitTestResult executionId="338d6cc5-a040-4dd1-b621-38b753d7a01c" testId="05440f39-53b0-99ca-f3bb-be1fb1d2de03" testName="GetSourceRectangle_Test" computerName="BENGOODING" duration="00:00:00.2351668" startTime="2012-04-09T20:22:18.0666628-05:00" endTime="2012-04-09T20:22:18.6076937-05:00" testType="13cdc9d9-ddb5-4fa4-a97d-d965ccfc6d4b" outcome="Passed" testListId="8c84fa94-04c1-424b-9868-57a2d4851a1d" relativeResultsDirectory="338d6cc5-a040-4dd1-b621-38b753d7a01c">
    </UnitTestResult>
    <UnitTestResult executionId="8b84985b-b943-4e22-9fa0-e782221a4f79" testId="08faea89-f632-3b4a-0340-2058f8f4c634" testName="firedYPosition_Test" computerName="BENGOODING" duration="00:00:00.0014530" startTime="2012-04-09T20:22:18.6096939-05:00" endTime="2012-04-09T20:22:18.6216945-05:00" testType="13cdc9d9-ddb5-4fa4-a97d-d965ccfc6d4b" outcome="Passed" testListId="8c84fa94-04c1-424b-9868-57a2d4851a1d" relativeResultsDirectory="8b84985b-b943-4e22-9fa0-e782221a4f79">
    </UnitTestResult>
    <UnitTestResult executionId="52e3e63d-ae0d-4f29-84c4-8bbe1f7da411" testId="0fa67a85-ae25-69c2-5a09-b8b613f54f76" testName="BackgroundFileHeight_Test" computerName="BENGOODING" duration="00:00:00.0010188" startTime="2012-04-09T20:22:18.6236947-05:00" endTime="2012-04-09T20:22:18.6336952-05:00" testType="13cdc9d9-ddb5-4fa4-a97d-d965ccfc6d4b" outcome="Passed" testListId="8c84fa94-04c1-424b-9868-57a2d4851a1d" relativeResultsDirectory="52e3e63d-ae0d-4f29-84c4-8bbe1f7da411">
    </UnitTestResult>
    <UnitTestResult executionId="2be251d8-ecbc-42c8-be5c-2f09b02f024c" testId="13a2b77f-a479-ee36-9305-265bae173238" testName="TestMethod1" computerName="BENGOODING" duration="00:00:00.0001570" startTime="2012-04-09T20:22:18.6346953-05:00" endTime="2012-04-09T20:22:18.6506962-05:00" testType="13cdc9d9-ddb5-4fa4-a97d-d965ccfc6d4b" outcome="Passed" testListId="8c84fa94-04c1-424b-9868-57a2d4851a1d" relativeResultsDirectory="2be251d8-ecbc-42c8-be5c-2f09b02f024c">
    </UnitTestResult>
    <UnitTestResult executionId="52790713-cc7d-46f1-9889-be2510df68b2" testId="1a398b36-5750-e38c-43d2-347c54381fe9" testName="Update_Test" computerName="BENGOODING" duration="00:00:00.0010742" startTime="2012-04-09T20:22:18.6556965-05:00" endTime="2012-04-09T20:22:18.6596967-05:00" testType="13cdc9d9-ddb5-4fa4-a97d-d965ccfc6d4b" outcome="Passed" testListId="8c84fa94-04c1-424b-9868-57a2d4851a1d" relativeResultsDirectory="52790713-cc7d-46f1-9889-be2510df68b2">
    </UnitTestResult>
    <UnitTestResult executionId="e1ffb7b2-4df2-45b2-b0f9-9b87186f177d" testId="22c222ce-44b6-8dcd-bd1f-08a79cdcc566" testName="Update_Test" computerName="BENGOODING" duration="00:00:00.0011902" startTime="2012-04-09T20:22:18.6646970-05:00" endTime="2012-04-09T20:22:18.6706973-05:00" testType="13cdc9d9-ddb5-4fa4-a97d-d965ccfc6d4b" outcome="Passed" testListId="8c84fa94-04c1-424b-9868-57a2d4851a1d" relativeResultsDirectory="e1ffb7b2-4df2-45b2-b0f9-9b87186f177d">
    </UnitTestResult>
    <UnitTestResult executionId="e2749ddd-87bd-4b71-86b2-8be7e4a36190" testId="23b15399-36ff-4c54-84a2-1c78b3074b3e" testName="XPosition_Test" computerName="BENGOODING" duration="00:00:00.0003921" startTime="2012-04-09T20:22:18.6776977-05:00" endTime="2012-04-09T20:22:18.6806979-05:00" testType="13cdc9d9-ddb5-4fa4-a97d-d965ccfc6d4b" outcome="Passed" testListId="8c84fa94-04c1-424b-9868-57a2d4851a1d" relativeResultsDirectory="e2749ddd-87bd-4b71-86b2-8be7e4a36190">
    </UnitTestResult>
    <UnitTestResult executionId="96eb20d8-8135-4f19-8f5d-8e0725bb7856" testId="35329af0-07a5-033a-84c4-7cc0b89d3ef6" testName="FrameLength_Test" computerName="BENGOODING" duration="00:00:00.0006497" startTime="2012-04-09T20:22:18.6866983-05:00" endTime="2012-04-09T20:22:18.6926986-05:00" testType="13cdc9d9-ddb5-4fa4-a97d-d965ccfc6d4b" outcome="Passed" testListId="8c84fa94-04c1-424b-9868-57a2d4851a1d" relativeResultsDirectory="96eb20d8-8135-4f19-8f5d-8e0725bb7856">
    </UnitTestResult>
    <UnitTestResult executionId="10cc8620-a4f2-4683-9480-65caac8e2ccf" testId="3f091cc2-7fe8-3b03-1d8c-8f24ef9fa1c5" testName="createdInActive_Test" computerName="BENGOODING" duration="00:00:00.0010942" startTime="2012-04-09T20:22:18.6946987-05:00" endTime="2012-04-09T20:22:18.7006991-05:00" testType="13cdc9d9-ddb5-4fa4-a97d-d965ccfc6d4b" outcome="Passed" testListId="8c84fa94-04c1-424b-9868-57a2d4851a1d" relativeResultsDirectory="10cc8620-a4f2-4683-9480-65caac8e2ccf">
    </UnitTestResult>
    <UnitTestResult executionId="3945cae7-2632-4220-9df9-43c19cbd22b4" testId="4e28cde3-2288-16fe-42bd-9acfc8da8ab8" testName="Frame_Test" computerName="BENGOODING" duration="00:00:00.0003731" startTime="2012-04-09T20:22:18.7106996-05:00" endTime="2012-04-09T20:22:18.7156999-05:00" testType="13cdc9d9-ddb5-4fa4-a97d-d965ccfc6d4b" outcome="Passed" testListId="8c84fa94-04c1-424b-9868-57a2d4851a1d" relativeResultsDirectory="3945cae7-2632-4220-9df9-43c19cbd22b4">
    </UnitTestResult>
    <UnitTestResult executionId="c30fb338-5eab-413c-a9c1-a4a59cb68bd4" testId="543eb888-c955-88ac-ade4-b08205384b3c" testName="Thrusting_Test" computerName="BENGOODING" duration="00:00:00.0004742" startTime="2012-04-09T20:22:18.7217003-05:00" endTime="2012-04-09T20:22:18.7257005-05:00" testType="13cdc9d9-ddb5-4fa4-a97d-d965ccfc6d4b" outcome="Passed" testListId="8c84fa94-04c1-424b-9868-57a2d4851a1d" relativeResultsDirectory="c30fb338-5eab-413c-a9c1-a4a59cb68bd4">
    </UnitTestResult>
    <UnitTestResult executionId="efc35432-eee0-4fc1-9cfb-d3a687ddd99c" testId="5612bdfa-8071-6785-2a45-10f6be5e8f26" testName="BackgroundFileWidth_Test" computerName="BENGOODING" duration="00:00:00.0004275" startTime="2012-04-09T20:22:18.7317008-05:00" endTime="2012-04-09T20:22:18.7367011-05:00" testType="13cdc9d9-ddb5-4fa4-a97d-d965ccfc6d4b" outcome="Passed" testListId="8c84fa94-04c1-424b-9868-57a2d4851a1d" relativeResultsDirectory="efc35432-eee0-4fc1-9cfb-d3a687ddd99c">
    </UnitTestResult>
    <UnitTestResult executionId="0b9bd793-3808-4038-a107-bf923a4c98a4" testId="62798b4c-6487-1c18-a52f-27bcf86f3077" testName="ScrollRate_Test" computerName="BENGOODING" duration="00:00:00.0005758" startTime="2012-04-09T20:22:18.7427015-05:00" endTime="2012-04-09T20:22:18.7467017-05:00" testType="13cdc9d9-ddb5-4fa4-a97d-d965ccfc6d4b" outcome="Passed" testListId="8c84fa94-04c1-424b-9868-57a2d4851a1d" relativeResultsDirectory="0b9bd793-3808-4038-a107-bf923a4c98a4">
    </UnitTestResult>
    <UnitTestResult executionId="0e0a7b3c-e39e-4be1-bbb5-f4d90749999e" testId="6996e867-c2f4-dd50-8845-0ece69cbb0bd" testName="TestType" computerName="BENGOODING" duration="00:00:00.0243410" startTime="2012-04-09T20:22:18.7517020-05:00" endTime="2012-04-09T20:22:18.7807036-05:00" testType="13cdc9d9-ddb5-4fa4-a97d-d965ccfc6d4b" outcome="Failed" testListId="8c84fa94-04c1-424b-9868-57a2d4851a1d" relativeResultsDirectory="0e0a7b3c-e39e-4be1-bbb5-f4d90749999e">
      <Output>
        <ErrorInfo>
          <Message>Assert.IsInstanceOfType failed.  Expected type:&lt;Project_Starfighter.InstructionsScreen&gt;. Actual type:&lt;(null)&gt;.</Message>
          <StackTrace>   at Project_Starfighter_Test.InstructionsScreen_Test.TestType() in C:\Users\Ben\Documents\School\Spring 12\Team15\Project Starfighter\Project Starfighter Test\InstructionsScreen_Test.cs:line 48
</StackTrace>
        </ErrorInfo>
      </Output>
    </UnitTestResult>
    <UnitTestResult executionId="a817ba07-d9bc-435b-9cee-955bec5d15d5" testId="6ac281c6-5261-f907-da1b-259c563f3a56" testName="YPosition_Test" computerName="BENGOODING" duration="00:00:00.0005830" startTime="2012-04-09T20:22:18.7827038-05:00" endTime="2012-04-09T20:22:18.8017048-05:00" testType="13cdc9d9-ddb5-4fa4-a97d-d965ccfc6d4b" outcome="Passed" testListId="8c84fa94-04c1-424b-9868-57a2d4851a1d" relativeResultsDirectory="a817ba07-d9bc-435b-9cee-955bec5d15d5">
    </UnitTestResult>
    <UnitTestResult executionId="a45d2ac0-9a2f-404d-be45-dfc407e95f7f" testId="81a7cb90-e333-c13a-cb1a-70bd93111e57" testName="ShipMovingUp_Test" computerName="BENGOODING" duration="00:00:00.0013806" startTime="2012-04-09T20:22:18.8027049-05:00" endTime="2012-04-09T20:22:18.8147056-05:00" testType="13cdc9d9-ddb5-4fa4-a97d-d965ccfc6d4b" outcome="Passed" testListId="8c84fa94-04c1-424b-9868-57a2d4851a1d" relativeResultsDirectory="a45d2ac0-9a2f-404d-be45-dfc407e95f7f">
    </UnitTestResult>
    <UnitTestResult executionId="894e6015-4b8d-4e59-87fe-73a702dc639e" testId="8418000c-0d68-bb60-a56c-50e4bb8c38bc" testName="XPosition_Test" computerName="BENGOODING" duration="00:00:00.0005461" startTime="2012-04-09T20:22:18.8157056-05:00" endTime="2012-04-09T20:22:18.8277063-05:00" testType="13cdc9d9-ddb5-4fa4-a97d-d965ccfc6d4b" outcome="Passed" testListId="8c84fa94-04c1-424b-9868-57a2d4851a1d" relativeResultsDirectory="894e6015-4b8d-4e59-87fe-73a702dc639e">
    </UnitTestResult>
    <UnitTestResult executionId="5a48df2a-404c-4d8a-ad98-da2deb45bc76" testId="86647a27-2eca-c19f-dae9-e1e0f399b670" testName="IsAnimating_Test" computerName="BENGOODING" duration="00:00:00.0004675" startTime="2012-04-09T20:22:18.8287064-05:00" endTime="2012-04-09T20:22:18.8397070-05:00" testType="13cdc9d9-ddb5-4fa4-a97d-d965ccfc6d4b" outcome="Passed" testListId="8c84fa94-04c1-424b-9868-57a2d4851a1d" relativeResultsDirectory="5a48df2a-404c-4d8a-ad98-da2deb45bc76">
    </UnitTestResult>
    <UnitTestResult executionId="b3b9bae3-7ffb-41fe-8698-4353e3f4e701" testId="87122438-a45a-e865-0f8f-8ad5d29f0080" testName="BoundingBox_Test" computerName="BENGOODING" duration="00:00:00.0007524" startTime="2012-04-09T20:22:18.8407071-05:00" endTime="2012-04-09T20:22:18.8567080-05:00" testType="13cdc9d9-ddb5-4fa4-a97d-d965ccfc6d4b" outcome="Passed" testListId="8c84fa94-04c1-424b-9868-57a2d4851a1d" relativeResultsDirectory="b3b9bae3-7ffb-41fe-8698-4353e3f4e701">
    </UnitTestResult>
    <UnitTestResult executionId="c265ebe9-e289-4fc7-9daa-2c83fe78ca3c" testId="87ab8728-5a69-9cbf-9de5-52c1ebf86e55" testName="ShipMovingLeft_Test" computerName="BENGOODING" duration="00:00:00.0006590" startTime="2012-04-09T20:22:18.8577080-05:00" endTime="2012-04-09T20:22:18.8717088-05:00" testType="13cdc9d9-ddb5-4fa4-a97d-d965ccfc6d4b" outcome="Passed" testListId="8c84fa94-04c1-424b-9868-57a2d4851a1d" relativeResultsDirectory="c265ebe9-e289-4fc7-9daa-2c83fe78ca3c">
    </UnitTestResult>
    <UnitTestResult executionId="6c1e2e67-20bd-4401-86b1-30ceb5560252" testId="9400351a-0176-9c1e-51e1-975e9aa5fcab" testName="AccelRate_Test" computerName="BENGOODING" duration="00:00:00.0005389" startTime="2012-04-09T20:22:18.8727089-05:00" endTime="2012-04-09T20:22:18.8857096-05:00" testType="13cdc9d9-ddb5-4fa4-a97d-d965ccfc6d4b" outcome="Passed" testListId="8c84fa94-04c1-424b-9868-57a2d4851a1d" relativeResultsDirectory="6c1e2e67-20bd-4401-86b1-30ceb5560252">
    </UnitTestResult>
    <UnitTestResult executionId="1ac45aac-3b5d-4da3-85a1-70db4bc88eb6" testId="94b17937-23fa-82e6-1780-93be4fa60daa" testName="YPosition_Test" computerName="BENGOODING" duration="00:00:00.0005281" startTime="2012-04-09T20:22:18.8867097-05:00" endTime="2012-04-09T20:22:18.9017106-05:00" testType="13cdc9d9-ddb5-4fa4-a97d-d965ccfc6d4b" outcome="Passed" testListId="8c84fa94-04c1-424b-9868-57a2d4851a1d" relativeResultsDirectory="1ac45aac-3b5d-4da3-85a1-70db4bc88eb6">
    </UnitTestResult>
    <UnitTestResult executionId="82da2ace-7522-42f7-a484-1c0829b0c64b" testId="976f7abd-3a44-9389-443e-407970b6257c" testName="BoundingBox_Test" computerName="BENGOODING" duration="00:00:00.0010106" startTime="2012-04-09T20:22:18.9027106-05:00" endTime="2012-04-09T20:22:18.9147113-05:00" testType="13cdc9d9-ddb5-4fa4-a97d-d965ccfc6d4b" outcome="Passed" testListId="8c84fa94-04c1-424b-9868-57a2d4851a1d" relativeResultsDirectory="82da2ace-7522-42f7-a484-1c0829b0c64b">
    </UnitTestResult>
    <UnitTestResult executionId="f2f379a3-f1fc-4d86-9935-a2711bcf55e4" testId="9c059ac2-daae-689d-1f4c-38c96bde6e85" testName="Facing_Test" computerName="BENGOODING" duration="00:00:00.0005456" startTime="2012-04-09T20:22:18.9167114-05:00" endTime="2012-04-09T20:22:18.9307122-05:00" testType="13cdc9d9-ddb5-4fa4-a97d-d965ccfc6d4b" outcome="Passed" testListId="8c84fa94-04c1-424b-9868-57a2d4851a1d" relativeResultsDirectory="f2f379a3-f1fc-4d86-9935-a2711bcf55e4">
    </UnitTestResult>
    <UnitTestResult executionId="60616c9d-c86e-4373-94bc-c0943155b7ff" testId="a691e6b4-e492-6f43-4f53-2977f4327922" testName="TestScreen" computerName="BENGOODING" duration="00:00:00.0058414" startTime="2012-04-09T20:22:18.9327123-05:00" endTime="2012-04-09T20:22:18.9517134-05:00" testType="13cdc9d9-ddb5-4fa4-a97d-d965ccfc6d4b" outcome="Failed" testListId="8c84fa94-04c1-424b-9868-57a2d4851a1d" relativeResultsDirectory="60616c9d-c86e-4373-94bc-c0943155b7ff">
      <Output>
        <ErrorInfo>
          <Message>Assert.IsNotNull failed. </Message>
          <StackTrace>   at Project_Starfighter_Test.InstructionsScreen_Test.TestScreen() in C:\Users\Ben\Documents\School\Spring 12\Team15\Project Starfighter\Project Starfighter Test\InstructionsScreen_Test.cs:line 42
</StackTrace>
        </ErrorInfo>
      </Output>
    </UnitTestResult>
    <UnitTestResult executionId="fe44a479-68b0-400f-b492-4e14fdae0491" testId="a82fbc82-f21c-d387-9af8-11af4d5fa2e8" testName="fired_Test" computerName="BENGOODING" duration="00:00:00.0004788" startTime="2012-04-09T20:22:18.9537135-05:00" endTime="2012-04-09T20:22:18.9617140-05:00" testType="13cdc9d9-ddb5-4fa4-a97d-d965ccfc6d4b" outcome="Passed" testListId="8c84fa94-04c1-424b-9868-57a2d4851a1d" relativeResultsDirectory="fe44a479-68b0-400f-b492-4e14fdae0491">
    </UnitTestResult>
    <UnitTestResult executionId="8101390d-db60-4e47-8668-d41233f2c0e4" testId="a8cce3cc-1f6a-62e7-ba0d-5e20ad7a8d10" testName="firedXPosition_Test" computerName="BENGOODING" duration="00:00:00.0005153" startTime="2012-04-09T20:22:18.9627141-05:00" endTime="2012-04-09T20:22:18.9707145-05:00" testType="13cdc9d9-ddb5-4fa4-a97d-d965ccfc6d4b" outcome="Passed" testListId="8c84fa94-04c1-424b-9868-57a2d4851a1d" relativeResultsDirectory="8101390d-db60-4e47-8668-d41233f2c0e4">
    </UnitTestResult>
    <UnitTestResult executionId="e5f71753-37c5-48cd-8cf8-8b4da33f35dc" testId="afc71e7e-7598-1420-6126-d4cf9a40ddfe" testName="ShipMovingDown_Test" computerName="BENGOODING" duration="00:00:00.0003161" startTime="2012-04-09T20:22:18.9727146-05:00" endTime="2012-04-09T20:22:18.9807151-05:00" testType="13cdc9d9-ddb5-4fa4-a97d-d965ccfc6d4b" outcome="Passed" testListId="8c84fa94-04c1-424b-9868-57a2d4851a1d" relativeResultsDirectory="e5f71753-37c5-48cd-8cf8-8b4da33f35dc">
    </UnitTestResult>
    <UnitTestResult executionId="e0222820-04cf-4eb0-8bd7-68502eb32c68" testId="afdaa493-65bf-f260-c382-6723d3f0a59d" testName="BackgroundOffset_Test" computerName="BENGOODING" duration="00:00:00.0005055" startTime="2012-04-09T20:22:18.9817151-05:00" endTime="2012-04-09T20:22:18.9917157-05:00" testType="13cdc9d9-ddb5-4fa4-a97d-d965ccfc6d4b" outcome="Passed" testListId="8c84fa94-04c1-424b-9868-57a2d4851a1d" relativeResultsDirectory="e0222820-04cf-4eb0-8bd7-68502eb32c68">
    </UnitTestResult>
    <UnitTestResult executionId="f9a06726-2b29-4364-95ea-c7fc85d75353" testId="bcb441b9-e647-9f40-49e6-fd9d18cfc62b" testName="XPosition_Test" computerName="BENGOODING" duration="00:00:00.0004994" startTime="2012-04-09T20:22:18.9927158-05:00" endTime="2012-04-09T20:22:18.9987161-05:00" testType="13cdc9d9-ddb5-4fa4-a97d-d965ccfc6d4b" outcome="Passed" testListId="8c84fa94-04c1-424b-9868-57a2d4851a1d" relativeResultsDirectory="f9a06726-2b29-4364-95ea-c7fc85d75353">
    </UnitTestResult>
    <UnitTestResult executionId="a9ca4a72-fb16-4dc8-8673-db80d4a83484" testId="c4203e4f-b59e-0d54-085a-1ab34f49edd9" testName="YPosition_Test" computerName="BENGOODING" duration="00:00:00.0003726" startTime="2012-04-09T20:22:18.9997162-05:00" endTime="2012-04-09T20:22:19.0147170-05:00" testType="13cdc9d9-ddb5-4fa4-a97d-d965ccfc6d4b" outcome="Passed" testListId="8c84fa94-04c1-424b-9868-57a2d4851a1d" relativeResultsDirectory="a9ca4a72-fb16-4dc8-8673-db80d4a83484">
    </UnitTestResult>
    <UnitTestResult executionId="7f2455ed-723f-47fa-8c8f-1b9d93768c54" testId="d3d77ffc-9e4b-c939-e464-607b2ace85b5" testName="ShipMovingRight_Test" computerName="BENGOODING" duration="00:00:00.0003156" startTime="2012-04-09T20:22:19.0157171-05:00" endTime="2012-04-09T20:22:19.0257177-05:00" testType="13cdc9d9-ddb5-4fa4-a97d-d965ccfc6d4b" outcome="Passed" testListId="8c84fa94-04c1-424b-9868-57a2d4851a1d" relativeResultsDirectory="7f2455ed-723f-47fa-8c8f-1b9d93768c54">
    </UnitTestResult>
    <UnitTestResult executionId="7aea2965-b9f7-4232-b885-e0e1ca96c328" testId="ef2e5a6d-8764-ea3a-2b11-a77da1492a16" testName="BackgroundHeight_Test" computerName="BENGOODING" duration="00:00:00.0013550" startTime="2012-04-09T20:22:19.0267177-05:00" endTime="2012-04-09T20:22:19.0447187-05:00" testType="13cdc9d9-ddb5-4fa4-a97d-d965ccfc6d4b" outcome="Passed" testListId="8c84fa94-04c1-424b-9868-57a2d4851a1d" relativeResultsDirectory="7aea2965-b9f7-4232-b885-e0e1ca96c328">
    </UnitTestResult>
    <UnitTestResult executionId="0070eaa6-f97b-44f0-9946-579833aa93aa" testId="f8117bbb-c7e5-e9b5-d0ec-69ac4f2ec7f3" testName="BackgroundWidth_Test" computerName="BENGOODING" duration="00:00:00.0045783" startTime="2012-04-09T20:22:19.0457188-05:00" endTime="2012-04-09T20:22:19.0727203-05:00" testType="13cdc9d9-ddb5-4fa4-a97d-d965ccfc6d4b" outcome="Passed" testListId="8c84fa94-04c1-424b-9868-57a2d4851a1d" relativeResultsDirectory="0070eaa6-f97b-44f0-9946-579833aa93aa">
    </UnitTestResult>
    <UnitTestResult executionId="3453dfa5-06cc-4844-a161-441e105557f8" testId="fa854480-66b4-f42e-a091-7810fa16d859" testName="Ammo_Update_Test" computerName="BENGOODING" duration="00:00:00.0113364" startTime="2012-04-09T20:22:19.0737204-05:00" endTime="2012-04-09T20:22:19.1077223-05:00" testType="13cdc9d9-ddb5-4fa4-a97d-d965ccfc6d4b" outcome="Failed" testListId="8c84fa94-04c1-424b-9868-57a2d4851a1d" relativeResultsDirectory="3453dfa5-06cc-4844-a161-441e105557f8">
      <Output>
        <ErrorInfo>
          <Message>Assert.AreEqual failed. Expected:&lt;33&gt;. Actual:&lt;21&gt;. </Message>
          <StackTrace>   at Project_Starfighter_Test.Ammo_Test.Ammo_Update_Test() in C:\Users\Ben\Documents\School\Spring 12\Team15\Project Starfighter\Project Starfighter Test\Ammo_Test.cs:line 86
</StackTrace>
        </ErrorInfo>
      </Output>
    </UnitTestResult>
  </Results>
</TestRun>