<?xml version="1.0" encoding="UTF-8"?>
<TestRun id="b85087c8-2a15-4a34-b0d7-520576dc1f07" name="Ben@BENGOODING 2012-05-01 01:00:38" runUser="BenGooding\Ben" xmlns="http://microsoft.com/schemas/VisualStudio/TeamTest/2010">
  <TestSettings name="Local" id="8938d3c6-cbd1-4798-a27b-390f29bff55a">
    <Description>These are default test settings for a local test run.</Description>
    <Deployment enabled="false" runDeploymentRoot="Ben_BENGOODING 2012-05-01 01_00_38">
      <DeploymentItem filename="C:\Users\Ben\Documents\School\Spring 12\Team15\Project Starfighter\Project Starfighter Test\Rhino.Mocks\Rhino.Mocks.dll" />
      <DeploymentItem filename="C:\Users\Ben\Documents\School\Spring 12\Team15\Project Starfighter\Project Starfighter\Project Starfighter\bin\x86\Debug\Project Starfighter.exe" />
    </Deployment>
    <Execution>
      <TestTypeSpecific />
      <AgentRule name="Execution Agents">
      </AgentRule>
    </Execution>
  </TestSettings>
  <Times creation="2012-05-01T01:00:38.8549143-05:00" queuing="2012-05-01T01:00:38.9199180-05:00" start="2012-05-01T01:00:39.1219295-05:00" finish="2012-05-01T01:00:40.0959853-05:00" />
  <ResultSummary outcome="Completed">
    <Counters total="1" executed="1" passed="1" error="0" failed="0" timeout="0" aborted="0" inconclusive="0" passedButRunAborted="0" notRunnable="0" notExecuted="0" disconnected="0" warning="0" completed="0" inProgress="0" pending="0" />
  </ResultSummary>
  <TestDefinitions>
    <UnitTest name="BackgroundFileHeight_Test" storage="c:\users\ben\documents\school\spring 12\team15\project starfighter\project starfighter test\bin\debug\project starfighter test.dll" id="f20013ff-53eb-0523-1306-a65b387750a7">
      <Execution id="beb421a3-14a0-443b-ba78-dd1496ce1dc3" />
      <TestMethod codeBase="C:/Users/Ben/Documents/School/Spring 12/Team15/Project Starfighter/Project Starfighter Test/bin/Debug/Project Starfighter Test.DLL" adapterTypeName="Microsoft.VisualStudio.TestTools.TestTypes.Unit.UnitTestAdapter, Microsoft.VisualStudio.QualityTools.Tips.UnitTest.Adapter, Version=10.0.0.0, Culture=neutral, PublicKeyToken=b03f5f7f11d50a3a" className="Project_Starfighter_Test.ActionScreen_Test, Project Starfighter Test, Version=1.0.0.0, Culture=neutral, PublicKeyToken=null" name="BackgroundFileHeight_Test" />
    </UnitTest>
  </TestDefinitions>
  <TestLists>
    <TestList name="Results Not in a List" id="8c84fa94-04c1-424b-9868-57a2d4851a1d" />
    <TestList name="All Loaded Results" id="19431567-8539-422a-85d7-44ee4e166bda" />
  </TestLists>
  <TestEntries>
    <TestEntry testId="f20013ff-53eb-0523-1306-a65b387750a7" executionId="beb421a3-14a0-443b-ba78-dd1496ce1dc3" testListId="8c84fa94-04c1-424b-9868-57a2d4851a1d" />
  </TestEntries>
  <Results>
    <UnitTestResult executionId="beb421a3-14a0-443b-ba78-dd1496ce1dc3" testId="f20013ff-53eb-0523-1306-a65b387750a7" testName="BackgroundFileHeight_Test" computerName="BENGOODING" duration="00:00:00.3451709" startTime="2012-05-01T01:00:39.1839331-05:00" endTime="2012-05-01T01:00:39.9779785-05:00" testType="13cdc9d9-ddb5-4fa4-a97d-d965ccfc6d4b" outcome="Passed" testListId="8c84fa94-04c1-424b-9868-57a2d4851a1d" relativeResultsDirectory="beb421a3-14a0-443b-ba78-dd1496ce1dc3">
    </UnitTestResult>
  </Results>
</TestRun>