<?xml version="1.0" encoding="UTF-8"?>
<TestRun id="59f6d896-0ac0-43ee-a08f-11ec2f974315" name="Ben@BENGOODING 2012-04-08 20:25:27" runUser="BenGooding\Ben" xmlns="http://microsoft.com/schemas/VisualStudio/TeamTest/2010">
  <TestSettings name="Local" id="8938d3c6-cbd1-4798-a27b-390f29bff55a">
    <Description>These are default test settings for a local test run.</Description>
    <Deployment enabled="false" runDeploymentRoot="Ben_BENGOODING 2012-04-08 20_25_27">
      <DeploymentItem filename="C:\Users\Ben\Documents\School\Spring 12\Team15\Project Starfighter\Project Starfighter Test\bin\Debug\Rhino.Mocks.dll" />
      <DeploymentItem filename="C:\Users\Ben\Documents\School\Spring 12\Team15\Project Starfighter\Project Starfighter\Project StarfighterContent\obj\x86\Debug\Project StarfighterContent.dll" />
      <DeploymentItem filename="C:\Users\Ben\Documents\School\Spring 12\Team15\Project Starfighter\Project Starfighter\Project Starfighter\bin\x86\Debug\Project Starfighter.exe" />
    </Deployment>
    <Execution>
      <TestTypeSpecific />
      <AgentRule name="Execution Agents">
      </AgentRule>
    </Execution>
  </TestSettings>
  <Times creation="2012-04-08T20:25:27.4671554-05:00" queuing="2012-04-08T20:25:29.1572520-05:00" start="2012-04-08T20:25:29.2422569-05:00" finish="2012-04-08T20:25:30.9433542-05:00" />
  <ResultSummary outcome="Failed">
    <Counters total="35" executed="35" passed="32" error="0" failed="3" timeout="0" aborted="0" inconclusive="0" passedButRunAborted="0" notRunnable="0" notExecuted="0" disconnected="0" warning="0" completed="0" inProgress="0" pending="0" />
  </ResultSummary>
  <TestDefinitions>
    <UnitTest name="ShipMovingLeft_Test" storage="c:\users\ben\documents\school\spring 12\team15\project starfighter\project starfighter test\bin\debug\project starfighter test.dll" id="87ab8728-5a69-9cbf-9de5-52c1ebf86e55">
      <Execution id="931302c5-7110-4f15-bc7d-3e113309deb3" />
      <TestMethod codeBase="C:/Users/Ben/Documents/School/Spring 12/Team15/Project Starfighter/Project Starfighter Test/bin/Debug/Project Starfighter Test.DLL" adapterTypeName="Microsoft.VisualStudio.TestTools.TestTypes.Unit.UnitTestAdapter, Microsoft.VisualStudio.QualityTools.Tips.UnitTest.Adapter, Version=10.0.0.0, Culture=neutral, PublicKeyToken=b03f5f7f11d50a3a" className="Project_Starfighter_Test.ShipMovements, Project Starfighter Test, Version=1.0.0.0, Culture=neutral, PublicKeyToken=null" name="ShipMovingLeft_Test" />
    </UnitTest>
    <UnitTest name="IsAnimating_Test" storage="c:\users\ben\documents\school\spring 12\team15\project starfighter\project starfighter test\bin\debug\project starfighter test.dll" id="86647a27-2eca-c19f-dae9-e1e0f399b670">
      <Execution id="38a71d45-2dad-4a7c-a6ee-5ab0811fe5eb" />
      <TestMethod codeBase="C:/Users/Ben/Documents/School/Spring 12/Team15/Project Starfighter/Project Starfighter Test/bin/Debug/Project Starfighter Test.DLL" adapterTypeName="Microsoft.VisualStudio.TestTools.TestTypes.Unit.UnitTestAdapter, Microsoft.VisualStudio.QualityTools.Tips.UnitTest.Adapter, Version=10.0.0.0, Culture=neutral, PublicKeyToken=b03f5f7f11d50a3a" className="Project_Starfighter_Test.AnimatedSprite_Test, Project Starfighter Test, Version=1.0.0.0, Culture=neutral, PublicKeyToken=null" name="IsAnimating_Test" />
    </UnitTest>
    <UnitTest name="YPosition_Test" storage="c:\users\ben\documents\school\spring 12\team15\project starfighter\project starfighter test\bin\debug\project starfighter test.dll" id="94b17937-23fa-82e6-1780-93be4fa60daa">
      <Execution id="a6b7eb6f-9c5e-4741-a006-c624d86c8f68" />
      <TestMethod codeBase="C:/Users/Ben/Documents/School/Spring 12/Team15/Project Starfighter/Project Starfighter Test/bin/Debug/Project Starfighter Test.DLL" adapterTypeName="Microsoft.VisualStudio.TestTools.TestTypes.Unit.UnitTestAdapter, Microsoft.VisualStudio.QualityTools.Tips.UnitTest.Adapter, Version=10.0.0.0, Culture=neutral, PublicKeyToken=b03f5f7f11d50a3a" className="Project_Starfighter_Test.Ammo_Test, Project Starfighter Test, Version=1.0.0.0, Culture=neutral, PublicKeyToken=null" name="YPosition_Test" />
    </UnitTest>
    <UnitTest name="GetSourceRectangle_Test" storage="c:\users\ben\documents\school\spring 12\team15\project starfighter\project starfighter test\bin\debug\project starfighter test.dll" id="05440f39-53b0-99ca-f3bb-be1fb1d2de03">
      <Execution id="2d2e03a6-2377-4219-83c4-f3852456d7b7" />
      <TestMethod codeBase="C:/Users/Ben/Documents/School/Spring 12/Team15/Project Starfighter/Project Starfighter Test/bin/Debug/Project Starfighter Test.DLL" adapterTypeName="Microsoft.VisualStudio.TestTools.TestTypes.Unit.UnitTestAdapter, Microsoft.VisualStudio.QualityTools.Tips.UnitTest.Adapter, Version=10.0.0.0, Culture=neutral, PublicKeyToken=b03f5f7f11d50a3a" className="Project_Starfighter_Test.AnimatedSprite_Test, Project Starfighter Test, Version=1.0.0.0, Culture=neutral, PublicKeyToken=null" name="GetSourceRectangle_Test" />
    </UnitTest>
    <UnitTest name="TestType" storage="c:\users\ben\documents\school\spring 12\team15\project starfighter\project starfighter test\bin\debug\project starfighter test.dll" id="6996e867-c2f4-dd50-8845-0ece69cbb0bd">
      <Execution id="d91bd351-1bc4-448f-82d8-695a5bc3604a" />
      <TestMethod codeBase="C:/Users/Ben/Documents/School/Spring 12/Team15/Project Starfighter/Project Starfighter Test/bin/Debug/Project Starfighter Test.DLL" adapterTypeName="Microsoft.VisualStudio.TestTools.TestTypes.Unit.UnitTestAdapter, Microsoft.VisualStudio.QualityTools.Tips.UnitTest.Adapter, Version=10.0.0.0, Culture=neutral, PublicKeyToken=b03f5f7f11d50a3a" className="Project_Starfighter_Test.InstructionsScreen_Test, Project Starfighter Test, Version=1.0.0.0, Culture=neutral, PublicKeyToken=null" name="TestType" />
    </UnitTest>
    <UnitTest name="ShipMovingRight_Test" storage="c:\users\ben\documents\school\spring 12\team15\project starfighter\project starfighter test\bin\debug\project starfighter test.dll" id="d3d77ffc-9e4b-c939-e464-607b2ace85b5">
      <Execution id="6ac79e65-54b3-42e5-b6a4-ed695edb562b" />
      <TestMethod codeBase="C:/Users/Ben/Documents/School/Spring 12/Team15/Project Starfighter/Project Starfighter Test/bin/Debug/Project Starfighter Test.DLL" adapterTypeName="Microsoft.VisualStudio.TestTools.TestTypes.Unit.UnitTestAdapter, Microsoft.VisualStudio.QualityTools.Tips.UnitTest.Adapter, Version=10.0.0.0, Culture=neutral, PublicKeyToken=b03f5f7f11d50a3a" className="Project_Starfighter_Test.ShipMovements, Project Starfighter Test, Version=1.0.0.0, Culture=neutral, PublicKeyToken=null" name="ShipMovingRight_Test" />
    </UnitTest>
    <UnitTest name="Thrusting_Test" storage="c:\users\ben\documents\school\spring 12\team15\project starfighter\project starfighter test\bin\debug\project starfighter test.dll" id="543eb888-c955-88ac-ade4-b08205384b3c">
      <Execution id="e7da5781-0be7-42ac-adc4-44d258193649" />
      <TestMethod codeBase="C:/Users/Ben/Documents/School/Spring 12/Team15/Project Starfighter/Project Starfighter Test/bin/Debug/Project Starfighter Test.DLL" adapterTypeName="Microsoft.VisualStudio.TestTools.TestTypes.Unit.UnitTestAdapter, Microsoft.VisualStudio.QualityTools.Tips.UnitTest.Adapter, Version=10.0.0.0, Culture=neutral, PublicKeyToken=b03f5f7f11d50a3a" className="Project_Starfighter_Test.Player_Test, Project Starfighter Test, Version=1.0.0.0, Culture=neutral, PublicKeyToken=null" name="Thrusting_Test" />
    </UnitTest>
    <UnitTest name="BackgroundFileWidth_Test" storage="c:\users\ben\documents\school\spring 12\team15\project starfighter\project starfighter test\bin\debug\project starfighter test.dll" id="5612bdfa-8071-6785-2a45-10f6be5e8f26">
      <Execution id="ecbd0923-2f08-4851-ac33-30ca3a9ee720" />
      <TestMethod codeBase="C:/Users/Ben/Documents/School/Spring 12/Team15/Project Starfighter/Project Starfighter Test/bin/Debug/Project Starfighter Test.DLL" adapterTypeName="Microsoft.VisualStudio.TestTools.TestTypes.Unit.UnitTestAdapter, Microsoft.VisualStudio.QualityTools.Tips.UnitTest.Adapter, Version=10.0.0.0, Culture=neutral, PublicKeyToken=b03f5f7f11d50a3a" className="Project_Starfighter_Test.Background_Test, Project Starfighter Test, Version=1.0.0.0, Culture=neutral, PublicKeyToken=null" name="BackgroundFileWidth_Test" />
    </UnitTest>
    <UnitTest name="TestMethod1" storage="c:\users\ben\documents\school\spring 12\team15\project starfighter\project starfighter test\bin\debug\project starfighter test.dll" id="13a2b77f-a479-ee36-9305-265bae173238">
      <Execution id="ebc0b771-b4c3-4e40-848c-c5ef586af109" />
      <TestMethod codeBase="C:/Users/Ben/Documents/School/Spring 12/Team15/Project Starfighter/Project Starfighter Test/bin/Debug/Project Starfighter Test.DLL" adapterTypeName="Microsoft.VisualStudio.TestTools.TestTypes.Unit.UnitTestAdapter, Microsoft.VisualStudio.QualityTools.Tips.UnitTest.Adapter, Version=10.0.0.0, Culture=neutral, PublicKeyToken=b03f5f7f11d50a3a" className="Project_Starfighter_Test.Enemy1_Test, Project Starfighter Test, Version=1.0.0.0, Culture=neutral, PublicKeyToken=null" name="TestMethod1" />
    </UnitTest>
    <UnitTest name="ShipMovingDown_Test" storage="c:\users\ben\documents\school\spring 12\team15\project starfighter\project starfighter test\bin\debug\project starfighter test.dll" id="afc71e7e-7598-1420-6126-d4cf9a40ddfe">
      <Execution id="1ee75f98-1a22-4958-a6a0-57e49887cfc2" />
      <TestMethod codeBase="C:/Users/Ben/Documents/School/Spring 12/Team15/Project Starfighter/Project Starfighter Test/bin/Debug/Project Starfighter Test.DLL" adapterTypeName="Microsoft.VisualStudio.TestTools.TestTypes.Unit.UnitTestAdapter, Microsoft.VisualStudio.QualityTools.Tips.UnitTest.Adapter, Version=10.0.0.0, Culture=neutral, PublicKeyToken=b03f5f7f11d50a3a" className="Project_Starfighter_Test.ShipMovements, Project Starfighter Test, Version=1.0.0.0, Culture=neutral, PublicKeyToken=null" name="ShipMovingDown_Test" />
    </UnitTest>
    <UnitTest name="Facing_Test" storage="c:\users\ben\documents\school\spring 12\team15\project starfighter\project starfighter test\bin\debug\project starfighter test.dll" id="9c059ac2-daae-689d-1f4c-38c96bde6e85">
      <Execution id="a4b0fe5f-bb55-42be-884e-956d3f8eba07" />
      <TestMethod codeBase="C:/Users/Ben/Documents/School/Spring 12/Team15/Project Starfighter/Project Starfighter Test/bin/Debug/Project Starfighter Test.DLL" adapterTypeName="Microsoft.VisualStudio.TestTools.TestTypes.Unit.UnitTestAdapter, Microsoft.VisualStudio.QualityTools.Tips.UnitTest.Adapter, Version=10.0.0.0, Culture=neutral, PublicKeyToken=b03f5f7f11d50a3a" className="Project_Starfighter_Test.Player_Test, Project Starfighter Test, Version=1.0.0.0, Culture=neutral, PublicKeyToken=null" name="Facing_Test" />
    </UnitTest>
    <UnitTest name="createdInActive_Test" storage="c:\users\ben\documents\school\spring 12\team15\project starfighter\project starfighter test\bin\debug\project starfighter test.dll" id="3f091cc2-7fe8-3b03-1d8c-8f24ef9fa1c5">
      <Execution id="61af88d1-e3c4-4634-93f6-cdecc13d2e52" />
      <TestMethod codeBase="C:/Users/Ben/Documents/School/Spring 12/Team15/Project Starfighter/Project Starfighter Test/bin/Debug/Project Starfighter Test.DLL" adapterTypeName="Microsoft.VisualStudio.TestTools.TestTypes.Unit.UnitTestAdapter, Microsoft.VisualStudio.QualityTools.Tips.UnitTest.Adapter, Version=10.0.0.0, Culture=neutral, PublicKeyToken=b03f5f7f11d50a3a" className="Project_Starfighter_Test.Ammo_Test, Project Starfighter Test, Version=1.0.0.0, Culture=neutral, PublicKeyToken=null" name="createdInActive_Test" />
    </UnitTest>
    <UnitTest name="fired_Test" storage="c:\users\ben\documents\school\spring 12\team15\project starfighter\project starfighter test\bin\debug\project starfighter test.dll" id="a82fbc82-f21c-d387-9af8-11af4d5fa2e8">
      <Execution id="9fb9e085-007b-4a91-97c3-5df8bd531686" />
      <TestMethod codeBase="C:/Users/Ben/Documents/School/Spring 12/Team15/Project Starfighter/Project Starfighter Test/bin/Debug/Project Starfighter Test.DLL" adapterTypeName="Microsoft.VisualStudio.TestTools.TestTypes.Unit.UnitTestAdapter, Microsoft.VisualStudio.QualityTools.Tips.UnitTest.Adapter, Version=10.0.0.0, Culture=neutral, PublicKeyToken=b03f5f7f11d50a3a" className="Project_Starfighter_Test.Ammo_Test, Project Starfighter Test, Version=1.0.0.0, Culture=neutral, PublicKeyToken=null" name="fired_Test" />
    </UnitTest>
    <UnitTest name="ShipMovingUp_Test" storage="c:\users\ben\documents\school\spring 12\team15\project starfighter\project starfighter test\bin\debug\project starfighter test.dll" id="81a7cb90-e333-c13a-cb1a-70bd93111e57">
      <Execution id="0578fef2-fb02-4f66-b6ab-4aa7809320fc" />
      <TestMethod codeBase="C:/Users/Ben/Documents/School/Spring 12/Team15/Project Starfighter/Project Starfighter Test/bin/Debug/Project Starfighter Test.DLL" adapterTypeName="Microsoft.VisualStudio.TestTools.TestTypes.Unit.UnitTestAdapter, Microsoft.VisualStudio.QualityTools.Tips.UnitTest.Adapter, Version=10.0.0.0, Culture=neutral, PublicKeyToken=b03f5f7f11d50a3a" className="Project_Starfighter_Test.ShipMovements, Project Starfighter Test, Version=1.0.0.0, Culture=neutral, PublicKeyToken=null" name="ShipMovingUp_Test" />
    </UnitTest>
    <UnitTest name="Frame_Test" storage="c:\users\ben\documents\school\spring 12\team15\project starfighter\project starfighter test\bin\debug\project starfighter test.dll" id="4e28cde3-2288-16fe-42bd-9acfc8da8ab8">
      <Execution id="91e3efff-0ee9-4bd8-8c11-b49425da3c73" />
      <TestMethod codeBase="C:/Users/Ben/Documents/School/Spring 12/Team15/Project Starfighter/Project Starfighter Test/bin/Debug/Project Starfighter Test.DLL" adapterTypeName="Microsoft.VisualStudio.TestTools.TestTypes.Unit.UnitTestAdapter, Microsoft.VisualStudio.QualityTools.Tips.UnitTest.Adapter, Version=10.0.0.0, Culture=neutral, PublicKeyToken=b03f5f7f11d50a3a" className="Project_Starfighter_Test.AnimatedSprite_Test, Project Starfighter Test, Version=1.0.0.0, Culture=neutral, PublicKeyToken=null" name="Frame_Test" />
    </UnitTest>
    <UnitTest name="AccelRate_Test" storage="c:\users\ben\documents\school\spring 12\team15\project starfighter\project starfighter test\bin\debug\project starfighter test.dll" id="9400351a-0176-9c1e-51e1-975e9aa5fcab">
      <Execution id="d0e7f0f9-cdf5-42c0-8448-fb9de19a51a8" />
      <TestMethod codeBase="C:/Users/Ben/Documents/School/Spring 12/Team15/Project Starfighter/Project Starfighter Test/bin/Debug/Project Starfighter Test.DLL" adapterTypeName="Microsoft.VisualStudio.TestTools.TestTypes.Unit.UnitTestAdapter, Microsoft.VisualStudio.QualityTools.Tips.UnitTest.Adapter, Version=10.0.0.0, Culture=neutral, PublicKeyToken=b03f5f7f11d50a3a" className="Project_Starfighter_Test.Player_Test, Project Starfighter Test, Version=1.0.0.0, Culture=neutral, PublicKeyToken=null" name="AccelRate_Test" />
    </UnitTest>
    <UnitTest name="FrameLength_Test" storage="c:\users\ben\documents\school\spring 12\team15\project starfighter\project starfighter test\bin\debug\project starfighter test.dll" id="35329af0-07a5-033a-84c4-7cc0b89d3ef6">
      <Execution id="6c6d939c-381c-4e73-af78-a24b4e7722f9" />
      <TestMethod codeBase="C:/Users/Ben/Documents/School/Spring 12/Team15/Project Starfighter/Project Starfighter Test/bin/Debug/Project Starfighter Test.DLL" adapterTypeName="Microsoft.VisualStudio.TestTools.TestTypes.Unit.UnitTestAdapter, Microsoft.VisualStudio.QualityTools.Tips.UnitTest.Adapter, Version=10.0.0.0, Culture=neutral, PublicKeyToken=b03f5f7f11d50a3a" className="Project_Starfighter_Test.AnimatedSprite_Test, Project Starfighter Test, Version=1.0.0.0, Culture=neutral, PublicKeyToken=null" name="FrameLength_Test" />
    </UnitTest>
    <UnitTest name="ScrollRate_Test" storage="c:\users\ben\documents\school\spring 12\team15\project starfighter\project starfighter test\bin\debug\project starfighter test.dll" id="62798b4c-6487-1c18-a52f-27bcf86f3077">
      <Execution id="2ea0349d-909c-47d3-9505-75631c0e85dc" />
      <TestMethod codeBase="C:/Users/Ben/Documents/School/Spring 12/Team15/Project Starfighter/Project Starfighter Test/bin/Debug/Project Starfighter Test.DLL" adapterTypeName="Microsoft.VisualStudio.TestTools.TestTypes.Unit.UnitTestAdapter, Microsoft.VisualStudio.QualityTools.Tips.UnitTest.Adapter, Version=10.0.0.0, Culture=neutral, PublicKeyToken=b03f5f7f11d50a3a" className="Project_Starfighter_Test.Player_Test, Project Starfighter Test, Version=1.0.0.0, Culture=neutral, PublicKeyToken=null" name="ScrollRate_Test" />
    </UnitTest>
    <UnitTest name="XPosition_Test" storage="c:\users\ben\documents\school\spring 12\team15\project starfighter\project starfighter test\bin\debug\project starfighter test.dll" id="8418000c-0d68-bb60-a56c-50e4bb8c38bc">
      <Execution id="82c4d259-f320-4a37-880a-a6336fbd653a" />
      <TestMethod codeBase="C:/Users/Ben/Documents/School/Spring 12/Team15/Project Starfighter/Project Starfighter Test/bin/Debug/Project Starfighter Test.DLL" adapterTypeName="Microsoft.VisualStudio.TestTools.TestTypes.Unit.UnitTestAdapter, Microsoft.VisualStudio.QualityTools.Tips.UnitTest.Adapter, Version=10.0.0.0, Culture=neutral, PublicKeyToken=b03f5f7f11d50a3a" className="Project_Starfighter_Test.AnimatedSprite_Test, Project Starfighter Test, Version=1.0.0.0, Culture=neutral, PublicKeyToken=null" name="XPosition_Test" />
    </UnitTest>
    <UnitTest name="BackgroundFileHeight_Test" storage="c:\users\ben\documents\school\spring 12\team15\project starfighter\project starfighter test\bin\debug\project starfighter test.dll" id="0fa67a85-ae25-69c2-5a09-b8b613f54f76">
      <Execution id="472c70ac-7311-451c-abb1-24f5b01b6a09" />
      <TestMethod codeBase="C:/Users/Ben/Documents/School/Spring 12/Team15/Project Starfighter/Project Starfighter Test/bin/Debug/Project Starfighter Test.DLL" adapterTypeName="Microsoft.VisualStudio.TestTools.TestTypes.Unit.UnitTestAdapter, Microsoft.VisualStudio.QualityTools.Tips.UnitTest.Adapter, Version=10.0.0.0, Culture=neutral, PublicKeyToken=b03f5f7f11d50a3a" className="Project_Starfighter_Test.Background_Test, Project Starfighter Test, Version=1.0.0.0, Culture=neutral, PublicKeyToken=null" name="BackgroundFileHeight_Test" />
    </UnitTest>
    <UnitTest name="Ammo_Update_Test" storage="c:\users\ben\documents\school\spring 12\team15\project starfighter\project starfighter test\bin\debug\project starfighter test.dll" id="fa854480-66b4-f42e-a091-7810fa16d859">
      <Execution id="6d9e20fd-3389-413d-8a24-007e61ec4579" />
      <TestMethod codeBase="C:/Users/Ben/Documents/School/Spring 12/Team15/Project Starfighter/Project Starfighter Test/bin/Debug/Project Starfighter Test.DLL" adapterTypeName="Microsoft.VisualStudio.TestTools.TestTypes.Unit.UnitTestAdapter, Microsoft.VisualStudio.QualityTools.Tips.UnitTest.Adapter, Version=10.0.0.0, Culture=neutral, PublicKeyToken=b03f5f7f11d50a3a" className="Project_Starfighter_Test.Ammo_Test, Project Starfighter Test, Version=1.0.0.0, Culture=neutral, PublicKeyToken=null" name="Ammo_Update_Test" />
    </UnitTest>
    <UnitTest name="BackgroundWidth_Test" storage="c:\users\ben\documents\school\spring 12\team15\project starfighter\project starfighter test\bin\debug\project starfighter test.dll" id="f8117bbb-c7e5-e9b5-d0ec-69ac4f2ec7f3">
      <Execution id="cd620e17-5462-41f4-9837-5a927b89353d" />
      <TestMethod codeBase="C:/Users/Ben/Documents/School/Spring 12/Team15/Project Starfighter/Project Starfighter Test/bin/Debug/Project Starfighter Test.DLL" adapterTypeName="Microsoft.VisualStudio.TestTools.TestTypes.Unit.UnitTestAdapter, Microsoft.VisualStudio.QualityTools.Tips.UnitTest.Adapter, Version=10.0.0.0, Culture=neutral, PublicKeyToken=b03f5f7f11d50a3a" className="Project_Starfighter_Test.Background_Test, Project Starfighter Test, Version=1.0.0.0, Culture=neutral, PublicKeyToken=null" name="BackgroundWidth_Test" />
    </UnitTest>
    <UnitTest name="BoundingBox_Test" storage="c:\users\ben\documents\school\spring 12\team15\project starfighter\project starfighter test\bin\debug\project starfighter test.dll" id="976f7abd-3a44-9389-443e-407970b6257c">
      <Execution id="2be39d38-06e3-4459-b991-b06e4fc41183" />
      <TestMethod codeBase="C:/Users/Ben/Documents/School/Spring 12/Team15/Project Starfighter/Project Starfighter Test/bin/Debug/Project Starfighter Test.DLL" adapterTypeName="Microsoft.VisualStudio.TestTools.TestTypes.Unit.UnitTestAdapter, Microsoft.VisualStudio.QualityTools.Tips.UnitTest.Adapter, Version=10.0.0.0, Culture=neutral, PublicKeyToken=b03f5f7f11d50a3a" className="Project_Starfighter_Test.Player_Test, Project Starfighter Test, Version=1.0.0.0, Culture=neutral, PublicKeyToken=null" name="BoundingBox_Test" />
    </UnitTest>
    <UnitTest name="YPosition_Test" storage="c:\users\ben\documents\school\spring 12\team15\project starfighter\project starfighter test\bin\debug\project starfighter test.dll" id="c4203e4f-b59e-0d54-085a-1ab34f49edd9">
      <Execution id="04a7fb13-7815-4d02-a356-7ad9605def20" />
      <TestMethod codeBase="C:/Users/Ben/Documents/School/Spring 12/Team15/Project Starfighter/Project Starfighter Test/bin/Debug/Project Starfighter Test.DLL" adapterTypeName="Microsoft.VisualStudio.TestTools.TestTypes.Unit.UnitTestAdapter, Microsoft.VisualStudio.QualityTools.Tips.UnitTest.Adapter, Version=10.0.0.0, Culture=neutral, PublicKeyToken=b03f5f7f11d50a3a" className="Project_Starfighter_Test.Player_Test, Project Starfighter Test, Version=1.0.0.0, Culture=neutral, PublicKeyToken=null" name="YPosition_Test" />
    </UnitTest>
    <UnitTest name="XPosition_Test" storage="c:\users\ben\documents\school\spring 12\team15\project starfighter\project starfighter test\bin\debug\project starfighter test.dll" id="23b15399-36ff-4c54-84a2-1c78b3074b3e">
      <Execution id="de036d8c-c716-49e5-a3d0-7576980e67d1" />
      <TestMethod codeBase="C:/Users/Ben/Documents/School/Spring 12/Team15/Project Starfighter/Project Starfighter Test/bin/Debug/Project Starfighter Test.DLL" adapterTypeName="Microsoft.VisualStudio.TestTools.TestTypes.Unit.UnitTestAdapter, Microsoft.VisualStudio.QualityTools.Tips.UnitTest.Adapter, Version=10.0.0.0, Culture=neutral, PublicKeyToken=b03f5f7f11d50a3a" className="Project_Starfighter_Test.Ammo_Test, Project Starfighter Test, Version=1.0.0.0, Culture=neutral, PublicKeyToken=null" name="XPosition_Test" />
    </UnitTest>
    <UnitTest name="Update_Test" storage="c:\users\ben\documents\school\spring 12\team15\project starfighter\project starfighter test\bin\debug\project starfighter test.dll" id="1a398b36-5750-e38c-43d2-347c54381fe9">
      <Execution id="308f5939-3fe1-4d36-a1e7-ba0de989ec1e" />
      <TestMethod codeBase="C:/Users/Ben/Documents/School/Spring 12/Team15/Project Starfighter/Project Starfighter Test/bin/Debug/Project Starfighter Test.DLL" adapterTypeName="Microsoft.VisualStudio.TestTools.TestTypes.Unit.UnitTestAdapter, Microsoft.VisualStudio.QualityTools.Tips.UnitTest.Adapter, Version=10.0.0.0, Culture=neutral, PublicKeyToken=b03f5f7f11d50a3a" className="Project_Starfighter_Test.AnimatedSprite_Test, Project Starfighter Test, Version=1.0.0.0, Culture=neutral, PublicKeyToken=null" name="Update_Test" />
    </UnitTest>
    <UnitTest name="TestScreen" storage="c:\users\ben\documents\school\spring 12\team15\project starfighter\project starfighter test\bin\debug\project starfighter test.dll" id="a691e6b4-e492-6f43-4f53-2977f4327922">
      <Execution id="713c01de-34e4-4f88-9fe8-e9b6662e069e" />
      <TestMethod codeBase="C:/Users/Ben/Documents/School/Spring 12/Team15/Project Starfighter/Project Starfighter Test/bin/Debug/Project Starfighter Test.DLL" adapterTypeName="Microsoft.VisualStudio.TestTools.TestTypes.Unit.UnitTestAdapter, Microsoft.VisualStudio.QualityTools.Tips.UnitTest.Adapter, Version=10.0.0.0, Culture=neutral, PublicKeyToken=b03f5f7f11d50a3a" className="Project_Starfighter_Test.InstructionsScreen_Test, Project Starfighter Test, Version=1.0.0.0, Culture=neutral, PublicKeyToken=null" name="TestScreen" />
    </UnitTest>
    <UnitTest name="BackgroundOffset_Test" storage="c:\users\ben\documents\school\spring 12\team15\project starfighter\project starfighter test\bin\debug\project starfighter test.dll" id="afdaa493-65bf-f260-c382-6723d3f0a59d">
      <Execution id="0d9c32a2-c679-4ff0-8a34-cb21a28e9344" />
      <TestMethod codeBase="C:/Users/Ben/Documents/School/Spring 12/Team15/Project Starfighter/Project Starfighter Test/bin/Debug/Project Starfighter Test.DLL" adapterTypeName="Microsoft.VisualStudio.TestTools.TestTypes.Unit.UnitTestAdapter, Microsoft.VisualStudio.QualityTools.Tips.UnitTest.Adapter, Version=10.0.0.0, Culture=neutral, PublicKeyToken=b03f5f7f11d50a3a" className="Project_Starfighter_Test.Background_Test, Project Starfighter Test, Version=1.0.0.0, Culture=neutral, PublicKeyToken=null" name="BackgroundOffset_Test" />
    </UnitTest>
    <UnitTest name="Update_Test" storage="c:\users\ben\documents\school\spring 12\team15\project starfighter\project starfighter test\bin\debug\project starfighter test.dll" id="22c222ce-44b6-8dcd-bd1f-08a79cdcc566">
      <Execution id="577aad3b-2ef7-4fdd-81ed-78cc8d79099b" />
      <TestMethod codeBase="C:/Users/Ben/Documents/School/Spring 12/Team15/Project Starfighter/Project Starfighter Test/bin/Debug/Project Starfighter Test.DLL" adapterTypeName="Microsoft.VisualStudio.TestTools.TestTypes.Unit.UnitTestAdapter, Microsoft.VisualStudio.QualityTools.Tips.UnitTest.Adapter, Version=10.0.0.0, Culture=neutral, PublicKeyToken=b03f5f7f11d50a3a" className="Project_Starfighter_Test.Player_Test, Project Starfighter Test, Version=1.0.0.0, Culture=neutral, PublicKeyToken=null" name="Update_Test" />
    </UnitTest>
    <UnitTest name="BackgroundHeight_Test" storage="c:\users\ben\documents\school\spring 12\team15\project starfighter\project starfighter test\bin\debug\project starfighter test.dll" id="ef2e5a6d-8764-ea3a-2b11-a77da1492a16">
      <Execution id="93492172-bd82-4449-8a4b-4f9b98ad9740" />
      <TestMethod codeBase="C:/Users/Ben/Documents/School/Spring 12/Team15/Project Starfighter/Project Starfighter Test/bin/Debug/Project Starfighter Test.DLL" adapterTypeName="Microsoft.VisualStudio.TestTools.TestTypes.Unit.UnitTestAdapter, Microsoft.VisualStudio.QualityTools.Tips.UnitTest.Adapter, Version=10.0.0.0, Culture=neutral, PublicKeyToken=b03f5f7f11d50a3a" className="Project_Starfighter_Test.Background_Test, Project Starfighter Test, Version=1.0.0.0, Culture=neutral, PublicKeyToken=null" name="BackgroundHeight_Test" />
    </UnitTest>
    <UnitTest name="firedXPosition_Test" storage="c:\users\ben\documents\school\spring 12\team15\project starfighter\project starfighter test\bin\debug\project starfighter test.dll" id="a8cce3cc-1f6a-62e7-ba0d-5e20ad7a8d10">
      <Execution id="2cf8571f-33c4-4f6e-9d27-4c586a3f80d1" />
      <TestMethod codeBase="C:/Users/Ben/Documents/School/Spring 12/Team15/Project Starfighter/Project Starfighter Test/bin/Debug/Project Starfighter Test.DLL" adapterTypeName="Microsoft.VisualStudio.TestTools.TestTypes.Unit.UnitTestAdapter, Microsoft.VisualStudio.QualityTools.Tips.UnitTest.Adapter, Version=10.0.0.0, Culture=neutral, PublicKeyToken=b03f5f7f11d50a3a" className="Project_Starfighter_Test.Ammo_Test, Project Starfighter Test, Version=1.0.0.0, Culture=neutral, PublicKeyToken=null" name="firedXPosition_Test" />
    </UnitTest>
    <UnitTest name="YPosition_Test" storage="c:\users\ben\documents\school\spring 12\team15\project starfighter\project starfighter test\bin\debug\project starfighter test.dll" id="6ac281c6-5261-f907-da1b-259c563f3a56">
      <Execution id="61547009-05be-43d9-a8c4-0ea0b5506564" />
      <TestMethod codeBase="C:/Users/Ben/Documents/School/Spring 12/Team15/Project Starfighter/Project Starfighter Test/bin/Debug/Project Starfighter Test.DLL" adapterTypeName="Microsoft.VisualStudio.TestTools.TestTypes.Unit.UnitTestAdapter, Microsoft.VisualStudio.QualityTools.Tips.UnitTest.Adapter, Version=10.0.0.0, Culture=neutral, PublicKeyToken=b03f5f7f11d50a3a" className="Project_Starfighter_Test.AnimatedSprite_Test, Project Starfighter Test, Version=1.0.0.0, Culture=neutral, PublicKeyToken=null" name="YPosition_Test" />
    </UnitTest>
    <UnitTest name="firedYPosition_Test" storage="c:\users\ben\documents\school\spring 12\team15\project starfighter\project starfighter test\bin\debug\project starfighter test.dll" id="08faea89-f632-3b4a-0340-2058f8f4c634">
      <Execution id="5b5a430e-a026-4da7-a31f-3d32fd474bce" />
      <TestMethod codeBase="C:/Users/Ben/Documents/School/Spring 12/Team15/Project Starfighter/Project Starfighter Test/bin/Debug/Project Starfighter Test.DLL" adapterTypeName="Microsoft.VisualStudio.TestTools.TestTypes.Unit.UnitTestAdapter, Microsoft.VisualStudio.QualityTools.Tips.UnitTest.Adapter, Version=10.0.0.0, Culture=neutral, PublicKeyToken=b03f5f7f11d50a3a" className="Project_Starfighter_Test.Ammo_Test, Project Starfighter Test, Version=1.0.0.0, Culture=neutral, PublicKeyToken=null" name="firedYPosition_Test" />
    </UnitTest>
    <UnitTest name="XPosition_Test" storage="c:\users\ben\documents\school\spring 12\team15\project starfighter\project starfighter test\bin\debug\project starfighter test.dll" id="bcb441b9-e647-9f40-49e6-fd9d18cfc62b">
      <Execution id="c520e0b9-2e01-4378-bf84-cf277e46d582" />
      <TestMethod codeBase="C:/Users/Ben/Documents/School/Spring 12/Team15/Project Starfighter/Project Starfighter Test/bin/Debug/Project Starfighter Test.DLL" adapterTypeName="Microsoft.VisualStudio.TestTools.TestTypes.Unit.UnitTestAdapter, Microsoft.VisualStudio.QualityTools.Tips.UnitTest.Adapter, Version=10.0.0.0, Culture=neutral, PublicKeyToken=b03f5f7f11d50a3a" className="Project_Starfighter_Test.Player_Test, Project Starfighter Test, Version=1.0.0.0, Culture=neutral, PublicKeyToken=null" name="XPosition_Test" />
    </UnitTest>
    <UnitTest name="BoundingBox_Test" storage="c:\users\ben\documents\school\spring 12\team15\project starfighter\project starfighter test\bin\debug\project starfighter test.dll" id="87122438-a45a-e865-0f8f-8ad5d29f0080">
      <Execution id="e498cdf0-effd-44c6-b386-693db0625283" />
      <TestMethod codeBase="C:/Users/Ben/Documents/School/Spring 12/Team15/Project Starfighter/Project Starfighter Test/bin/Debug/Project Starfighter Test.DLL" adapterTypeName="Microsoft.VisualStudio.TestTools.TestTypes.Unit.UnitTestAdapter, Microsoft.VisualStudio.QualityTools.Tips.UnitTest.Adapter, Version=10.0.0.0, Culture=neutral, PublicKeyToken=b03f5f7f11d50a3a" className="Project_Starfighter_Test.Ammo_Test, Project Starfighter Test, Version=1.0.0.0, Culture=neutral, PublicKeyToken=null" name="BoundingBox_Test" />
    </UnitTest>
  </TestDefinitions>
  <TestLists>
    <TestList name="Results Not in a List" id="8c84fa94-04c1-424b-9868-57a2d4851a1d" />
    <TestList name="All Loaded Results" id="19431567-8539-422a-85d7-44ee4e166bda" />
  </TestLists>
  <TestEntries>
    <TestEntry testId="05440f39-53b0-99ca-f3bb-be1fb1d2de03" executionId="2d2e03a6-2377-4219-83c4-f3852456d7b7" testListId="8c84fa94-04c1-424b-9868-57a2d4851a1d" />
    <TestEntry testId="08faea89-f632-3b4a-0340-2058f8f4c634" executionId="5b5a430e-a026-4da7-a31f-3d32fd474bce" testListId="8c84fa94-04c1-424b-9868-57a2d4851a1d" />
    <TestEntry testId="0fa67a85-ae25-69c2-5a09-b8b613f54f76" executionId="472c70ac-7311-451c-abb1-24f5b01b6a09" testListId="8c84fa94-04c1-424b-9868-57a2d4851a1d" />
    <TestEntry testId="13a2b77f-a479-ee36-9305-265bae173238" executionId="ebc0b771-b4c3-4e40-848c-c5ef586af109" testListId="8c84fa94-04c1-424b-9868-57a2d4851a1d" />
    <TestEntry testId="1a398b36-5750-e38c-43d2-347c54381fe9" executionId="308f5939-3fe1-4d36-a1e7-ba0de989ec1e" testListId="8c84fa94-04c1-424b-9868-57a2d4851a1d" />
    <TestEntry testId="22c222ce-44b6-8dcd-bd1f-08a79cdcc566" executionId="577aad3b-2ef7-4fdd-81ed-78cc8d79099b" testListId="8c84fa94-04c1-424b-9868-57a2d4851a1d" />
    <TestEntry testId="23b15399-36ff-4c54-84a2-1c78b3074b3e" executionId="de036d8c-c716-49e5-a3d0-7576980e67d1" testListId="8c84fa94-04c1-424b-9868-57a2d4851a1d" />
    <TestEntry testId="35329af0-07a5-033a-84c4-7cc0b89d3ef6" executionId="6c6d939c-381c-4e73-af78-a24b4e7722f9" testListId="8c84fa94-04c1-424b-9868-57a2d4851a1d" />
    <TestEntry testId="3f091cc2-7fe8-3b03-1d8c-8f24ef9fa1c5" executionId="61af88d1-e3c4-4634-93f6-cdecc13d2e52" testListId="8c84fa94-04c1-424b-9868-57a2d4851a1d" />
    <TestEntry testId="4e28cde3-2288-16fe-42bd-9acfc8da8ab8" executionId="91e3efff-0ee9-4bd8-8c11-b49425da3c73" testListId="8c84fa94-04c1-424b-9868-57a2d4851a1d" />
    <TestEntry testId="543eb888-c955-88ac-ade4-b08205384b3c" executionId="e7da5781-0be7-42ac-adc4-44d258193649" testListId="8c84fa94-04c1-424b-9868-57a2d4851a1d" />
    <TestEntry testId="5612bdfa-8071-6785-2a45-10f6be5e8f26" executionId="ecbd0923-2f08-4851-ac33-30ca3a9ee720" testListId="8c84fa94-04c1-424b-9868-57a2d4851a1d" />
    <TestEntry testId="62798b4c-6487-1c18-a52f-27bcf86f3077" executionId="2ea0349d-909c-47d3-9505-75631c0e85dc" testListId="8c84fa94-04c1-424b-9868-57a2d4851a1d" />
    <TestEntry testId="6996e867-c2f4-dd50-8845-0ece69cbb0bd" executionId="d91bd351-1bc4-448f-82d8-695a5bc3604a" testListId="8c84fa94-04c1-424b-9868-57a2d4851a1d" />
    <TestEntry testId="6ac281c6-5261-f907-da1b-259c563f3a56" executionId="61547009-05be-43d9-a8c4-0ea0b5506564" testListId="8c84fa94-04c1-424b-9868-57a2d4851a1d" />
    <TestEntry testId="81a7cb90-e333-c13a-cb1a-70bd93111e57" executionId="0578fef2-fb02-4f66-b6ab-4aa7809320fc" testListId="8c84fa94-04c1-424b-9868-57a2d4851a1d" />
    <TestEntry testId="8418000c-0d68-bb60-a56c-50e4bb8c38bc" executionId="82c4d259-f320-4a37-880a-a6336fbd653a" testListId="8c84fa94-04c1-424b-9868-57a2d4851a1d" />
    <TestEntry testId="86647a27-2eca-c19f-dae9-e1e0f399b670" executionId="38a71d45-2dad-4a7c-a6ee-5ab0811fe5eb" testListId="8c84fa94-04c1-424b-9868-57a2d4851a1d" />
    <TestEntry testId="87122438-a45a-e865-0f8f-8ad5d29f0080" executionId="e498cdf0-effd-44c6-b386-693db0625283" testListId="8c84fa94-04c1-424b-9868-57a2d4851a1d" />
    <TestEntry testId="87ab8728-5a69-9cbf-9de5-52c1ebf86e55" executionId="931302c5-7110-4f15-bc7d-3e113309deb3" testListId="8c84fa94-04c1-424b-9868-57a2d4851a1d" />
    <TestEntry testId="9400351a-0176-9c1e-51e1-975e9aa5fcab" executionId="d0e7f0f9-cdf5-42c0-8448-fb9de19a51a8" testListId="8c84fa94-04c1-424b-9868-57a2d4851a1d" />
    <TestEntry testId="94b17937-23fa-82e6-1780-93be4fa60daa" executionId="a6b7eb6f-9c5e-4741-a006-c624d86c8f68" testListId="8c84fa94-04c1-424b-9868-57a2d4851a1d" />
    <TestEntry testId="976f7abd-3a44-9389-443e-407970b6257c" executionId="2be39d38-06e3-4459-b991-b06e4fc41183" testListId="8c84fa94-04c1-424b-9868-57a2d4851a1d" />
    <TestEntry testId="9c059ac2-daae-689d-1f4c-38c96bde6e85" executionId="a4b0fe5f-bb55-42be-884e-956d3f8eba07" testListId="8c84fa94-04c1-424b-9868-57a2d4851a1d" />
    <TestEntry testId="a691e6b4-e492-6f43-4f53-2977f4327922" executionId="713c01de-34e4-4f88-9fe8-e9b6662e069e" testListId="8c84fa94-04c1-424b-9868-57a2d4851a1d" />
    <TestEntry testId="a82fbc82-f21c-d387-9af8-11af4d5fa2e8" executionId="9fb9e085-007b-4a91-97c3-5df8bd531686" testListId="8c84fa94-04c1-424b-9868-57a2d4851a1d" />
    <TestEntry testId="a8cce3cc-1f6a-62e7-ba0d-5e20ad7a8d10" executionId="2cf8571f-33c4-4f6e-9d27-4c586a3f80d1" testListId="8c84fa94-04c1-424b-9868-57a2d4851a1d" />
    <TestEntry testId="afc71e7e-7598-1420-6126-d4cf9a40ddfe" executionId="1ee75f98-1a22-4958-a6a0-57e49887cfc2" testListId="8c84fa94-04c1-424b-9868-57a2d4851a1d" />
    <TestEntry testId="afdaa493-65bf-f260-c382-6723d3f0a59d" executionId="0d9c32a2-c679-4ff0-8a34-cb21a28e9344" testListId="8c84fa94-04c1-424b-9868-57a2d4851a1d" />
    <TestEntry testId="bcb441b9-e647-9f40-49e6-fd9d18cfc62b" executionId="c520e0b9-2e01-4378-bf84-cf277e46d582" testListId="8c84fa94-04c1-424b-9868-57a2d4851a1d" />
    <TestEntry testId="c4203e4f-b59e-0d54-085a-1ab34f49edd9" executionId="04a7fb13-7815-4d02-a356-7ad9605def20" testListId="8c84fa94-04c1-424b-9868-57a2d4851a1d" />
    <TestEntry testId="d3d77ffc-9e4b-c939-e464-607b2ace85b5" executionId="6ac79e65-54b3-42e5-b6a4-ed695edb562b" testListId="8c84fa94-04c1-424b-9868-57a2d4851a1d" />
    <TestEntry testId="ef2e5a6d-8764-ea3a-2b11-a77da1492a16" executionId="93492172-bd82-4449-8a4b-4f9b98ad9740" testListId="8c84fa94-04c1-424b-9868-57a2d4851a1d" />
    <TestEntry testId="f8117bbb-c7e5-e9b5-d0ec-69ac4f2ec7f3" executionId="cd620e17-5462-41f4-9837-5a927b89353d" testListId="8c84fa94-04c1-424b-9868-57a2d4851a1d" />
    <TestEntry testId="fa854480-66b4-f42e-a091-7810fa16d859" executionId="6d9e20fd-3389-413d-8a24-007e61ec4579" testListId="8c84fa94-04c1-424b-9868-57a2d4851a1d" />
  </TestEntries>
  <Results>
    <UnitTestResult executionId="2d2e03a6-2377-4219-83c4-f3852456d7b7" testId="05440f39-53b0-99ca-f3bb-be1fb1d2de03" testName="GetSourceRectangle_Test" computerName="BENGOODING" duration="00:00:00.3253819" startTime="2012-04-08T20:25:29.2782589-05:00" endTime="2012-04-08T20:25:30.2013117-05:00" testType="13cdc9d9-ddb5-4fa4-a97d-d965ccfc6d4b" outcome="Passed" testListId="8c84fa94-04c1-424b-9868-57a2d4851a1d" relativeResultsDirectory="2d2e03a6-2377-4219-83c4-f3852456d7b7">
    </UnitTestResult>
    <UnitTestResult executionId="5b5a430e-a026-4da7-a31f-3d32fd474bce" testId="08faea89-f632-3b4a-0340-2058f8f4c634" testName="firedYPosition_Test" computerName="BENGOODING" duration="00:00:00.0039670" startTime="2012-04-08T20:25:30.2133124-05:00" endTime="2012-04-08T20:25:30.2363137-05:00" testType="13cdc9d9-ddb5-4fa4-a97d-d965ccfc6d4b" outcome="Passed" testListId="8c84fa94-04c1-424b-9868-57a2d4851a1d" relativeResultsDirectory="5b5a430e-a026-4da7-a31f-3d32fd474bce">
    </UnitTestResult>
    <UnitTestResult executionId="472c70ac-7311-451c-abb1-24f5b01b6a09" testId="0fa67a85-ae25-69c2-5a09-b8b613f54f76" testName="BackgroundFileHeight_Test" computerName="BENGOODING" duration="00:00:00.0008761" startTime="2012-04-08T20:25:30.2403140-05:00" endTime="2012-04-08T20:25:30.2503145-05:00" testType="13cdc9d9-ddb5-4fa4-a97d-d965ccfc6d4b" outcome="Passed" testListId="8c84fa94-04c1-424b-9868-57a2d4851a1d" relativeResultsDirectory="472c70ac-7311-451c-abb1-24f5b01b6a09">
    </UnitTestResult>
    <UnitTestResult executionId="ebc0b771-b4c3-4e40-848c-c5ef586af109" testId="13a2b77f-a479-ee36-9305-265bae173238" testName="TestMethod1" computerName="BENGOODING" duration="00:00:00.0010645" startTime="2012-04-08T20:25:30.2533147-05:00" endTime="2012-04-08T20:25:30.2753160-05:00" testType="13cdc9d9-ddb5-4fa4-a97d-d965ccfc6d4b" outcome="Passed" testListId="8c84fa94-04c1-424b-9868-57a2d4851a1d" relativeResultsDirectory="ebc0b771-b4c3-4e40-848c-c5ef586af109">
    </UnitTestResult>
    <UnitTestResult executionId="308f5939-3fe1-4d36-a1e7-ba0de989ec1e" testId="1a398b36-5750-e38c-43d2-347c54381fe9" testName="Update_Test" computerName="BENGOODING" duration="00:00:00.0014196" startTime="2012-04-08T20:25:30.2813163-05:00" endTime="2012-04-08T20:25:30.2983173-05:00" testType="13cdc9d9-ddb5-4fa4-a97d-d965ccfc6d4b" outcome="Passed" testListId="8c84fa94-04c1-424b-9868-57a2d4851a1d" relativeResultsDirectory="308f5939-3fe1-4d36-a1e7-ba0de989ec1e">
    </UnitTestResult>
    <UnitTestResult executionId="577aad3b-2ef7-4fdd-81ed-78cc8d79099b" testId="22c222ce-44b6-8dcd-bd1f-08a79cdcc566" testName="Update_Test" computerName="BENGOODING" duration="00:00:00.0033942" startTime="2012-04-08T20:25:30.3013175-05:00" endTime="2012-04-08T20:25:30.3083179-05:00" testType="13cdc9d9-ddb5-4fa4-a97d-d965ccfc6d4b" outcome="Passed" testListId="8c84fa94-04c1-424b-9868-57a2d4851a1d" relativeResultsDirectory="577aad3b-2ef7-4fdd-81ed-78cc8d79099b">
    </UnitTestResult>
    <UnitTestResult executionId="de036d8c-c716-49e5-a3d0-7576980e67d1" testId="23b15399-36ff-4c54-84a2-1c78b3074b3e" testName="XPosition_Test" computerName="BENGOODING" duration="00:00:00.0033223" startTime="2012-04-08T20:25:30.3103180-05:00" endTime="2012-04-08T20:25:30.3213186-05:00" testType="13cdc9d9-ddb5-4fa4-a97d-d965ccfc6d4b" outcome="Passed" testListId="8c84fa94-04c1-424b-9868-57a2d4851a1d" relativeResultsDirectory="de036d8c-c716-49e5-a3d0-7576980e67d1">
    </UnitTestResult>
    <UnitTestResult executionId="6c6d939c-381c-4e73-af78-a24b4e7722f9" testId="35329af0-07a5-033a-84c4-7cc0b89d3ef6" testName="FrameLength_Test" computerName="BENGOODING" duration="00:00:00.0006159" startTime="2012-04-08T20:25:30.3243188-05:00" endTime="2012-04-08T20:25:30.3283190-05:00" testType="13cdc9d9-ddb5-4fa4-a97d-d965ccfc6d4b" outcome="Passed" testListId="8c84fa94-04c1-424b-9868-57a2d4851a1d" relativeResultsDirectory="6c6d939c-381c-4e73-af78-a24b4e7722f9">
    </UnitTestResult>
    <UnitTestResult executionId="61af88d1-e3c4-4634-93f6-cdecc13d2e52" testId="3f091cc2-7fe8-3b03-1d8c-8f24ef9fa1c5" testName="createdInActive_Test" computerName="BENGOODING" duration="00:00:00.0004460" startTime="2012-04-08T20:25:30.3323192-05:00" endTime="2012-04-08T20:25:30.3363195-05:00" testType="13cdc9d9-ddb5-4fa4-a97d-d965ccfc6d4b" outcome="Passed" testListId="8c84fa94-04c1-424b-9868-57a2d4851a1d" relativeResultsDirectory="61af88d1-e3c4-4634-93f6-cdecc13d2e52">
    </UnitTestResult>
    <UnitTestResult executionId="91e3efff-0ee9-4bd8-8c11-b49425da3c73" testId="4e28cde3-2288-16fe-42bd-9acfc8da8ab8" testName="Frame_Test" computerName="BENGOODING" duration="00:00:00.0003710" startTime="2012-04-08T20:25:30.3403197-05:00" endTime="2012-04-08T20:25:30.3443199-05:00" testType="13cdc9d9-ddb5-4fa4-a97d-d965ccfc6d4b" outcome="Passed" testListId="8c84fa94-04c1-424b-9868-57a2d4851a1d" relativeResultsDirectory="91e3efff-0ee9-4bd8-8c11-b49425da3c73">
    </UnitTestResult>
    <UnitTestResult executionId="e7da5781-0be7-42ac-adc4-44d258193649" testId="543eb888-c955-88ac-ade4-b08205384b3c" testName="Thrusting_Test" computerName="BENGOODING" duration="00:00:00.0005553" startTime="2012-04-08T20:25:30.3493202-05:00" endTime="2012-04-08T20:25:30.3543205-05:00" testType="13cdc9d9-ddb5-4fa4-a97d-d965ccfc6d4b" outcome="Passed" testListId="8c84fa94-04c1-424b-9868-57a2d4851a1d" relativeResultsDirectory="e7da5781-0be7-42ac-adc4-44d258193649">
    </UnitTestResult>
    <UnitTestResult executionId="ecbd0923-2f08-4851-ac33-30ca3a9ee720" testId="5612bdfa-8071-6785-2a45-10f6be5e8f26" testName="BackgroundFileWidth_Test" computerName="BENGOODING" duration="00:00:00.0035548" startTime="2012-04-08T20:25:30.3563206-05:00" endTime="2012-04-08T20:25:30.3743216-05:00" testType="13cdc9d9-ddb5-4fa4-a97d-d965ccfc6d4b" outcome="Passed" testListId="8c84fa94-04c1-424b-9868-57a2d4851a1d" relativeResultsDirectory="ecbd0923-2f08-4851-ac33-30ca3a9ee720">
    </UnitTestResult>
    <UnitTestResult executionId="2ea0349d-909c-47d3-9505-75631c0e85dc" testId="62798b4c-6487-1c18-a52f-27bcf86f3077" testName="ScrollRate_Test" computerName="BENGOODING" duration="00:00:00.0005307" startTime="2012-04-08T20:25:30.3793219-05:00" endTime="2012-04-08T20:25:30.3843222-05:00" testType="13cdc9d9-ddb5-4fa4-a97d-d965ccfc6d4b" outcome="Passed" testListId="8c84fa94-04c1-424b-9868-57a2d4851a1d" relativeResultsDirectory="2ea0349d-909c-47d3-9505-75631c0e85dc">
    </UnitTestResult>
    <UnitTestResult executionId="d91bd351-1bc4-448f-82d8-695a5bc3604a" testId="6996e867-c2f4-dd50-8845-0ece69cbb0bd" testName="TestType" computerName="BENGOODING" duration="00:00:00.1895771" startTime="2012-04-08T20:25:30.3863223-05:00" endTime="2012-04-08T20:25:30.5803334-05:00" testType="13cdc9d9-ddb5-4fa4-a97d-d965ccfc6d4b" outcome="Failed" testListId="8c84fa94-04c1-424b-9868-57a2d4851a1d" relativeResultsDirectory="d91bd351-1bc4-448f-82d8-695a5bc3604a">
      <Output>
        <ErrorInfo>
          <Message>Assert.IsInstanceOfType failed.  Expected type:&lt;Project_Starfighter.InstructionsScreen&gt;. Actual type:&lt;(null)&gt;.</Message>
          <StackTrace>   at Project_Starfighter_Test.InstructionsScreen_Test.TestType() in C:\Users\Ben\Documents\School\Spring 12\Team15\Project Starfighter\Project Starfighter Test\InstructionsScreen_Test.cs:line 48
</StackTrace>
        </ErrorInfo>
      </Output>
    </UnitTestResult>
    <UnitTestResult executionId="61547009-05be-43d9-a8c4-0ea0b5506564" testId="6ac281c6-5261-f907-da1b-259c563f3a56" testName="YPosition_Test" computerName="BENGOODING" duration="00:00:00.0005491" startTime="2012-04-08T20:25:30.5933342-05:00" endTime="2012-04-08T20:25:30.5983344-05:00" testType="13cdc9d9-ddb5-4fa4-a97d-d965ccfc6d4b" outcome="Passed" testListId="8c84fa94-04c1-424b-9868-57a2d4851a1d" relativeResultsDirectory="61547009-05be-43d9-a8c4-0ea0b5506564">
    </UnitTestResult>
    <UnitTestResult executionId="0578fef2-fb02-4f66-b6ab-4aa7809320fc" testId="81a7cb90-e333-c13a-cb1a-70bd93111e57" testName="ShipMovingUp_Test" computerName="BENGOODING" duration="00:00:00.0035887" startTime="2012-04-08T20:25:30.6033347-05:00" endTime="2012-04-08T20:25:30.6143354-05:00" testType="13cdc9d9-ddb5-4fa4-a97d-d965ccfc6d4b" outcome="Passed" testListId="8c84fa94-04c1-424b-9868-57a2d4851a1d" relativeResultsDirectory="0578fef2-fb02-4f66-b6ab-4aa7809320fc">
    </UnitTestResult>
    <UnitTestResult executionId="82c4d259-f320-4a37-880a-a6336fbd653a" testId="8418000c-0d68-bb60-a56c-50e4bb8c38bc" testName="XPosition_Test" computerName="BENGOODING" duration="00:00:00.0006246" startTime="2012-04-08T20:25:30.6173355-05:00" endTime="2012-04-08T20:25:30.6223358-05:00" testType="13cdc9d9-ddb5-4fa4-a97d-d965ccfc6d4b" outcome="Passed" testListId="8c84fa94-04c1-424b-9868-57a2d4851a1d" relativeResultsDirectory="82c4d259-f320-4a37-880a-a6336fbd653a">
    </UnitTestResult>
    <UnitTestResult executionId="38a71d45-2dad-4a7c-a6ee-5ab0811fe5eb" testId="86647a27-2eca-c19f-dae9-e1e0f399b670" testName="IsAnimating_Test" computerName="BENGOODING" duration="00:00:00.0004650" startTime="2012-04-08T20:25:30.6243359-05:00" endTime="2012-04-08T20:25:30.6303363-05:00" testType="13cdc9d9-ddb5-4fa4-a97d-d965ccfc6d4b" outcome="Passed" testListId="8c84fa94-04c1-424b-9868-57a2d4851a1d" relativeResultsDirectory="38a71d45-2dad-4a7c-a6ee-5ab0811fe5eb">
    </UnitTestResult>
    <UnitTestResult executionId="e498cdf0-effd-44c6-b386-693db0625283" testId="87122438-a45a-e865-0f8f-8ad5d29f0080" testName="BoundingBox_Test" computerName="BENGOODING" duration="00:00:00.0008381" startTime="2012-04-08T20:25:30.6323364-05:00" endTime="2012-04-08T20:25:30.6383367-05:00" testType="13cdc9d9-ddb5-4fa4-a97d-d965ccfc6d4b" outcome="Passed" testListId="8c84fa94-04c1-424b-9868-57a2d4851a1d" relativeResultsDirectory="e498cdf0-effd-44c6-b386-693db0625283">
    </UnitTestResult>
    <UnitTestResult executionId="931302c5-7110-4f15-bc7d-3e113309deb3" testId="87ab8728-5a69-9cbf-9de5-52c1ebf86e55" testName="ShipMovingLeft_Test" computerName="BENGOODING" duration="00:00:00.0041066" startTime="2012-04-08T20:25:30.6403369-05:00" endTime="2012-04-08T20:25:30.6483373-05:00" testType="13cdc9d9-ddb5-4fa4-a97d-d965ccfc6d4b" outcome="Passed" testListId="8c84fa94-04c1-424b-9868-57a2d4851a1d" relativeResultsDirectory="931302c5-7110-4f15-bc7d-3e113309deb3">
    </UnitTestResult>
    <UnitTestResult executionId="d0e7f0f9-cdf5-42c0-8448-fb9de19a51a8" testId="9400351a-0176-9c1e-51e1-975e9aa5fcab" testName="AccelRate_Test" computerName="BENGOODING" duration="00:00:00.0005753" startTime="2012-04-08T20:25:30.6533376-05:00" endTime="2012-04-08T20:25:30.6583379-05:00" testType="13cdc9d9-ddb5-4fa4-a97d-d965ccfc6d4b" outcome="Passed" testListId="8c84fa94-04c1-424b-9868-57a2d4851a1d" relativeResultsDirectory="d0e7f0f9-cdf5-42c0-8448-fb9de19a51a8">
    </UnitTestResult>
    <UnitTestResult executionId="a6b7eb6f-9c5e-4741-a006-c624d86c8f68" testId="94b17937-23fa-82e6-1780-93be4fa60daa" testName="YPosition_Test" computerName="BENGOODING" duration="00:00:00.0004111" startTime="2012-04-08T20:25:30.6663383-05:00" endTime="2012-04-08T20:25:30.6703386-05:00" testType="13cdc9d9-ddb5-4fa4-a97d-d965ccfc6d4b" outcome="Passed" testListId="8c84fa94-04c1-424b-9868-57a2d4851a1d" relativeResultsDirectory="a6b7eb6f-9c5e-4741-a006-c624d86c8f68">
    </UnitTestResult>
    <UnitTestResult executionId="2be39d38-06e3-4459-b991-b06e4fc41183" testId="976f7abd-3a44-9389-443e-407970b6257c" testName="BoundingBox_Test" computerName="BENGOODING" duration="00:00:00.0038202" startTime="2012-04-08T20:25:30.6783390-05:00" endTime="2012-04-08T20:25:30.6863395-05:00" testType="13cdc9d9-ddb5-4fa4-a97d-d965ccfc6d4b" outcome="Passed" testListId="8c84fa94-04c1-424b-9868-57a2d4851a1d" relativeResultsDirectory="2be39d38-06e3-4459-b991-b06e4fc41183">
    </UnitTestResult>
    <UnitTestResult executionId="a4b0fe5f-bb55-42be-884e-956d3f8eba07" testId="9c059ac2-daae-689d-1f4c-38c96bde6e85" testName="Facing_Test" computerName="BENGOODING" duration="00:00:00.0004958" startTime="2012-04-08T20:25:30.6903397-05:00" endTime="2012-04-08T20:25:30.6993402-05:00" testType="13cdc9d9-ddb5-4fa4-a97d-d965ccfc6d4b" outcome="Passed" testListId="8c84fa94-04c1-424b-9868-57a2d4851a1d" relativeResultsDirectory="a4b0fe5f-bb55-42be-884e-956d3f8eba07">
    </UnitTestResult>
    <UnitTestResult executionId="713c01de-34e4-4f88-9fe8-e9b6662e069e" testId="a691e6b4-e492-6f43-4f53-2977f4327922" testName="TestScreen" computerName="BENGOODING" duration="00:00:00.0108283" startTime="2012-04-08T20:25:30.7033405-05:00" endTime="2012-04-08T20:25:30.7173413-05:00" testType="13cdc9d9-ddb5-4fa4-a97d-d965ccfc6d4b" outcome="Failed" testListId="8c84fa94-04c1-424b-9868-57a2d4851a1d" relativeResultsDirectory="713c01de-34e4-4f88-9fe8-e9b6662e069e">
      <Output>
        <ErrorInfo>
          <Message>Assert.IsNotNull failed. </Message>
          <StackTrace>   at Project_Starfighter_Test.InstructionsScreen_Test.TestScreen() in C:\Users\Ben\Documents\School\Spring 12\Team15\Project Starfighter\Project Starfighter Test\InstructionsScreen_Test.cs:line 42
</StackTrace>
        </ErrorInfo>
      </Output>
    </UnitTestResult>
    <UnitTestResult executionId="9fb9e085-007b-4a91-97c3-5df8bd531686" testId="a82fbc82-f21c-d387-9af8-11af4d5fa2e8" testName="fired_Test" computerName="BENGOODING" duration="00:00:00.0009952" startTime="2012-04-08T20:25:30.7203414-05:00" endTime="2012-04-08T20:25:30.7253417-05:00" testType="13cdc9d9-ddb5-4fa4-a97d-d965ccfc6d4b" outcome="Passed" testListId="8c84fa94-04c1-424b-9868-57a2d4851a1d" relativeResultsDirectory="9fb9e085-007b-4a91-97c3-5df8bd531686">
    </UnitTestResult>
    <UnitTestResult executionId="2cf8571f-33c4-4f6e-9d27-4c586a3f80d1" testId="a8cce3cc-1f6a-62e7-ba0d-5e20ad7a8d10" testName="firedXPosition_Test" computerName="BENGOODING" duration="00:00:00.0003967" startTime="2012-04-08T20:25:30.7313421-05:00" endTime="2012-04-08T20:25:30.7383425-05:00" testType="13cdc9d9-ddb5-4fa4-a97d-d965ccfc6d4b" outcome="Passed" testListId="8c84fa94-04c1-424b-9868-57a2d4851a1d" relativeResultsDirectory="2cf8571f-33c4-4f6e-9d27-4c586a3f80d1">
    </UnitTestResult>
    <UnitTestResult executionId="1ee75f98-1a22-4958-a6a0-57e49887cfc2" testId="afc71e7e-7598-1420-6126-d4cf9a40ddfe" testName="ShipMovingDown_Test" computerName="BENGOODING" duration="00:00:00.0030780" startTime="2012-04-08T20:25:30.7403426-05:00" endTime="2012-04-08T20:25:30.7473430-05:00" testType="13cdc9d9-ddb5-4fa4-a97d-d965ccfc6d4b" outcome="Passed" testListId="8c84fa94-04c1-424b-9868-57a2d4851a1d" relativeResultsDirectory="1ee75f98-1a22-4958-a6a0-57e49887cfc2">
    </UnitTestResult>
    <UnitTestResult executionId="0d9c32a2-c679-4ff0-8a34-cb21a28e9344" testId="afdaa493-65bf-f260-c382-6723d3f0a59d" testName="BackgroundOffset_Test" computerName="BENGOODING" duration="00:00:00.0011435" startTime="2012-04-08T20:25:30.7493431-05:00" endTime="2012-04-08T20:25:30.7553434-05:00" testType="13cdc9d9-ddb5-4fa4-a97d-d965ccfc6d4b" outcome="Passed" testListId="8c84fa94-04c1-424b-9868-57a2d4851a1d" relativeResultsDirectory="0d9c32a2-c679-4ff0-8a34-cb21a28e9344">
    </UnitTestResult>
    <UnitTestResult executionId="c520e0b9-2e01-4378-bf84-cf277e46d582" testId="bcb441b9-e647-9f40-49e6-fd9d18cfc62b" testName="XPosition_Test" computerName="BENGOODING" duration="00:00:00.0004670" startTime="2012-04-08T20:25:30.7573435-05:00" endTime="2012-04-08T20:25:30.7633439-05:00" testType="13cdc9d9-ddb5-4fa4-a97d-d965ccfc6d4b" outcome="Passed" testListId="8c84fa94-04c1-424b-9868-57a2d4851a1d" relativeResultsDirectory="c520e0b9-2e01-4378-bf84-cf277e46d582">
    </UnitTestResult>
    <UnitTestResult executionId="04a7fb13-7815-4d02-a356-7ad9605def20" testId="c4203e4f-b59e-0d54-085a-1ab34f49edd9" testName="YPosition_Test" computerName="BENGOODING" duration="00:00:00.0003582" startTime="2012-04-08T20:25:30.7653440-05:00" endTime="2012-04-08T20:25:30.7713443-05:00" testType="13cdc9d9-ddb5-4fa4-a97d-d965ccfc6d4b" outcome="Passed" testListId="8c84fa94-04c1-424b-9868-57a2d4851a1d" relativeResultsDirectory="04a7fb13-7815-4d02-a356-7ad9605def20">
    </UnitTestResult>
    <UnitTestResult executionId="6ac79e65-54b3-42e5-b6a4-ed695edb562b" testId="d3d77ffc-9e4b-c939-e464-607b2ace85b5" testName="ShipMovingRight_Test" computerName="BENGOODING" duration="00:00:00.0003038" startTime="2012-04-08T20:25:30.7733445-05:00" endTime="2012-04-08T20:25:30.7813449-05:00" testType="13cdc9d9-ddb5-4fa4-a97d-d965ccfc6d4b" outcome="Passed" testListId="8c84fa94-04c1-424b-9868-57a2d4851a1d" relativeResultsDirectory="6ac79e65-54b3-42e5-b6a4-ed695edb562b">
    </UnitTestResult>
    <UnitTestResult executionId="93492172-bd82-4449-8a4b-4f9b98ad9740" testId="ef2e5a6d-8764-ea3a-2b11-a77da1492a16" testName="BackgroundHeight_Test" computerName="BENGOODING" duration="00:00:00.0004290" startTime="2012-04-08T20:25:30.7883453-05:00" endTime="2012-04-08T20:25:30.7923455-05:00" testType="13cdc9d9-ddb5-4fa4-a97d-d965ccfc6d4b" outcome="Passed" testListId="8c84fa94-04c1-424b-9868-57a2d4851a1d" relativeResultsDirectory="93492172-bd82-4449-8a4b-4f9b98ad9740">
    </UnitTestResult>
    <UnitTestResult executionId="cd620e17-5462-41f4-9837-5a927b89353d" testId="f8117bbb-c7e5-e9b5-d0ec-69ac4f2ec7f3" testName="BackgroundWidth_Test" computerName="BENGOODING" duration="00:00:00.0004614" startTime="2012-04-08T20:25:30.7943457-05:00" endTime="2012-04-08T20:25:30.8003460-05:00" testType="13cdc9d9-ddb5-4fa4-a97d-d965ccfc6d4b" outcome="Passed" testListId="8c84fa94-04c1-424b-9868-57a2d4851a1d" relativeResultsDirectory="cd620e17-5462-41f4-9837-5a927b89353d">
    </UnitTestResult>
    <UnitTestResult executionId="6d9e20fd-3389-413d-8a24-007e61ec4579" testId="fa854480-66b4-f42e-a091-7810fa16d859" testName="Ammo_Update_Test" computerName="BENGOODING" duration="00:00:00.0065780" startTime="2012-04-08T20:25:30.8073464-05:00" endTime="2012-04-08T20:25:30.8313478-05:00" testType="13cdc9d9-ddb5-4fa4-a97d-d965ccfc6d4b" outcome="Failed" testListId="8c84fa94-04c1-424b-9868-57a2d4851a1d" relativeResultsDirectory="6d9e20fd-3389-413d-8a24-007e61ec4579">
      <Output>
        <ErrorInfo>
          <Message>Assert.AreEqual failed. Expected:&lt;33&gt;. Actual:&lt;21&gt;. </Message>
          <StackTrace>   at Project_Starfighter_Test.Ammo_Test.Ammo_Update_Test() in C:\Users\Ben\Documents\School\Spring 12\Team15\Project Starfighter\Project Starfighter Test\Ammo_Test.cs:line 86
</StackTrace>
        </ErrorInfo>
      </Output>
    </UnitTestResult>
  </Results>
</TestRun>