<?xml version="1.0" encoding="UTF-8"?>
<TestRun id="364d202b-7ee8-4faf-895b-91ecd00ea741" name="Ben@BENGOODING 2012-05-01 00:24:08" runUser="BenGooding\Ben" xmlns="http://microsoft.com/schemas/VisualStudio/TeamTest/2010">
  <TestSettings name="Local" id="8938d3c6-cbd1-4798-a27b-390f29bff55a">
    <Description>These are default test settings for a local test run.</Description>
    <Deployment enabled="false" runDeploymentRoot="Ben_BENGOODING 2012-05-01 00_24_08">
      <DeploymentItem filename="C:\Users\Ben\Documents\School\Spring 12\Team15\Project Starfighter\Project Starfighter Test\Rhino.Mocks\Rhino.Mocks.dll" />
      <DeploymentItem filename="C:\Users\Ben\Documents\School\Spring 12\Team15\Project Starfighter\Project Starfighter\Project Starfighter\bin\x86\Debug\Project Starfighter.exe" />
    </Deployment>
    <Execution>
      <TestTypeSpecific />
      <AgentRule name="Execution Agents">
      </AgentRule>
    </Execution>
  </TestSettings>
  <Times creation="2012-05-01T00:24:08.2661783-05:00" queuing="2012-05-01T00:24:08.3221815-05:00" start="2012-05-01T00:24:08.5181927-05:00" finish="2012-05-01T00:24:09.2142325-05:00" />
  <ResultSummary outcome="Completed">
    <Counters total="1" executed="1" passed="1" error="0" failed="0" timeout="0" aborted="0" inconclusive="0" passedButRunAborted="0" notRunnable="0" notExecuted="0" disconnected="0" warning="0" completed="0" inProgress="0" pending="0" />
  </ResultSummary>
  <TestDefinitions>
    <UnitTest name="HandleStartScreen_Test" storage="c:\users\ben\documents\school\spring 12\team15\project starfighter\project starfighter test\bin\debug\project starfighter test.dll" id="e6c69646-595b-0ad2-87cb-e2f497a6e635">
      <Execution id="037b1dcc-c6b5-49ee-beae-f667b0737c5c" />
      <TestMethod codeBase="C:/Users/Ben/Documents/School/Spring 12/Team15/Project Starfighter/Project Starfighter Test/bin/Debug/Project Starfighter Test.DLL" adapterTypeName="Microsoft.VisualStudio.TestTools.TestTypes.Unit.UnitTestAdapter, Microsoft.VisualStudio.QualityTools.Tips.UnitTest.Adapter, Version=10.0.0.0, Culture=neutral, PublicKeyToken=b03f5f7f11d50a3a" className="Project_Starfighter_Test.Starfighter_Test, Project Starfighter Test, Version=1.0.0.0, Culture=neutral, PublicKeyToken=null" name="HandleStartScreen_Test" />
    </UnitTest>
  </TestDefinitions>
  <TestLists>
    <TestList name="Results Not in a List" id="8c84fa94-04c1-424b-9868-57a2d4851a1d" />
    <TestList name="All Loaded Results" id="19431567-8539-422a-85d7-44ee4e166bda" />
  </TestLists>
  <TestEntries>
    <TestEntry testId="e6c69646-595b-0ad2-87cb-e2f497a6e635" executionId="037b1dcc-c6b5-49ee-beae-f667b0737c5c" testListId="8c84fa94-04c1-424b-9868-57a2d4851a1d" />
  </TestEntries>
  <Results>
    <UnitTestResult executionId="037b1dcc-c6b5-49ee-beae-f667b0737c5c" testId="e6c69646-595b-0ad2-87cb-e2f497a6e635" testName="HandleStartScreen_Test" computerName="BENGOODING" duration="00:00:00.0169418" startTime="2012-05-01T00:24:08.6231987-05:00" endTime="2012-05-01T00:24:09.0932256-05:00" testType="13cdc9d9-ddb5-4fa4-a97d-d965ccfc6d4b" outcome="Passed" testListId="8c84fa94-04c1-424b-9868-57a2d4851a1d" relativeResultsDirectory="037b1dcc-c6b5-49ee-beae-f667b0737c5c">
    </UnitTestResult>
  </Results>
</TestRun>