<?xml version="1.0" encoding="UTF-8"?>
<TestRun id="1900ff7d-64b8-439d-bea0-420214591139" name="Ben@BENGOODING 2012-05-01 05:10:01" runUser="BenGooding\Ben" xmlns="http://microsoft.com/schemas/VisualStudio/TeamTest/2010">
  <TestSettings name="Local" id="8938d3c6-cbd1-4798-a27b-390f29bff55a">
    <Description>These are default test settings for a local test run.</Description>
    <Deployment enabled="false" runDeploymentRoot="Ben_BENGOODING 2012-05-01 05_10_01">
      <DeploymentItem filename="C:\Users\Ben\Documents\School\Spring 12\Team15\Project Starfighter\Project Starfighter Test\Rhino.Mocks\Rhino.Mocks.dll" />
      <DeploymentItem filename="C:\Users\Ben\Documents\School\Spring 12\Team15\Project Starfighter\Project Starfighter\Project Starfighter\bin\x86\Debug\Project Starfighter.exe" />
    </Deployment>
    <Execution>
      <TestTypeSpecific />
      <AgentRule name="Execution Agents">
      </AgentRule>
    </Execution>
  </TestSettings>
  <Times creation="2012-05-01T05:10:01.0327019-05:00" queuing="2012-05-01T05:10:01.1487085-05:00" start="2012-05-01T05:10:01.2977170-05:00" finish="2012-05-01T05:10:02.1847678-05:00" />
  <ResultSummary outcome="Completed">
    <Counters total="1" executed="1" passed="1" error="0" failed="0" timeout="0" aborted="0" inconclusive="0" passedButRunAborted="0" notRunnable="0" notExecuted="0" disconnected="0" warning="0" completed="0" inProgress="0" pending="0" />
  </ResultSummary>
  <TestDefinitions>
    <UnitTest name="UpdateScore_Test" storage="c:\users\ben\documents\school\spring 12\team15\project starfighter\project starfighter test\bin\debug\project starfighter test.dll" id="0473c3ca-d0ae-9015-9146-c87b8b88ab15">
      <Execution id="a3591fbe-c4e0-44dc-828c-51ef3f39548e" />
      <TestMethod codeBase="C:/Users/Ben/Documents/School/Spring 12/Team15/Project Starfighter/Project Starfighter Test/bin/Debug/Project Starfighter Test.DLL" adapterTypeName="Microsoft.VisualStudio.TestTools.TestTypes.Unit.UnitTestAdapter, Microsoft.VisualStudio.QualityTools.Tips.UnitTest.Adapter, Version=10.0.0.0, Culture=neutral, PublicKeyToken=b03f5f7f11d50a3a" className="Project_Starfighter_Test.VictoryScreen_Test, Project Starfighter Test, Version=1.0.0.0, Culture=neutral, PublicKeyToken=null" name="UpdateScore_Test" />
    </UnitTest>
  </TestDefinitions>
  <TestLists>
    <TestList name="Results Not in a List" id="8c84fa94-04c1-424b-9868-57a2d4851a1d" />
    <TestList name="All Loaded Results" id="19431567-8539-422a-85d7-44ee4e166bda" />
  </TestLists>
  <TestEntries>
    <TestEntry testId="0473c3ca-d0ae-9015-9146-c87b8b88ab15" executionId="a3591fbe-c4e0-44dc-828c-51ef3f39548e" testListId="8c84fa94-04c1-424b-9868-57a2d4851a1d" />
  </TestEntries>
  <Results>
    <UnitTestResult executionId="a3591fbe-c4e0-44dc-828c-51ef3f39548e" testId="0473c3ca-d0ae-9015-9146-c87b8b88ab15" testName="UpdateScore_Test" computerName="BENGOODING" duration="00:00:00.0211034" startTime="2012-05-01T05:10:01.4017230-05:00" endTime="2012-05-01T05:10:02.0017573-05:00" testType="13cdc9d9-ddb5-4fa4-a97d-d965ccfc6d4b" outcome="Passed" testListId="8c84fa94-04c1-424b-9868-57a2d4851a1d" relativeResultsDirectory="a3591fbe-c4e0-44dc-828c-51ef3f39548e">
    </UnitTestResult>
  </Results>
</TestRun>