<?xml version="1.0" encoding="UTF-8"?>
<TestRun id="451f5aa1-b82d-42e8-84fb-abd29d7f0eff" name="Ben@BENGOODING 2012-05-01 00:41:11" runUser="BenGooding\Ben" xmlns="http://microsoft.com/schemas/VisualStudio/TeamTest/2010">
  <TestSettings name="Local" id="8938d3c6-cbd1-4798-a27b-390f29bff55a">
    <Description>These are default test settings for a local test run.</Description>
    <Deployment enabled="false" runDeploymentRoot="Ben_BENGOODING 2012-05-01 00_41_11">
      <DeploymentItem filename="C:\Users\Ben\Documents\School\Spring 12\Team15\Project Starfighter\Project Starfighter Test\Rhino.Mocks\Rhino.Mocks.dll" />
      <DeploymentItem filename="C:\Users\Ben\Documents\School\Spring 12\Team15\Project Starfighter\Project Starfighter\Project Starfighter\bin\x86\Debug\Project Starfighter.exe" />
    </Deployment>
    <Execution>
      <TestTypeSpecific />
      <AgentRule name="Execution Agents">
      </AgentRule>
    </Execution>
  </TestSettings>
  <Times creation="2012-05-01T00:41:11.5681493-05:00" queuing="2012-05-01T00:41:11.6341531-05:00" start="2012-05-01T00:41:11.7611603-05:00" finish="2012-05-01T00:41:13.1952424-05:00" />
  <ResultSummary outcome="Failed">
    <Counters total="3" executed="3" error="0" failed="3" timeout="0" aborted="0" inconclusive="0" passedButRunAborted="0" notRunnable="0" notExecuted="0" disconnected="0" warning="0" passed="0" completed="0" inProgress="0" pending="0" />
  </ResultSummary>
  <TestDefinitions>
    <UnitTest name="TestMethod1" storage="c:\users\ben\documents\school\spring 12\team15\project starfighter\project starfighter test\bin\debug\project starfighter test.dll" id="798d1d5a-9213-47c4-8368-636dacb2c5c2">
      <Execution id="7332e259-a600-4770-abd9-9f7a187dffe8" />
      <TestMethod codeBase="C:/Users/Ben/Documents/School/Spring 12/Team15/Project Starfighter/Project Starfighter Test/bin/Debug/Project Starfighter Test.DLL" adapterTypeName="Microsoft.VisualStudio.TestTools.TestTypes.Unit.UnitTestAdapter, Microsoft.VisualStudio.QualityTools.Tips.UnitTest.Adapter, Version=10.0.0.0, Culture=neutral, PublicKeyToken=b03f5f7f11d50a3a" className="Project_Starfighter_Test.ActionScreen_Test, Project Starfighter Test, Version=1.0.0.0, Culture=neutral, PublicKeyToken=null" name="TestMethod1" />
    </UnitTest>
    <UnitTest name="CheckEndofWave1_Test" storage="c:\users\ben\documents\school\spring 12\team15\project starfighter\project starfighter test\bin\debug\project starfighter test.dll" id="554b502f-7bd3-cd93-5599-fcce79053ba0">
      <Execution id="a1e0cf43-2790-4a12-b449-6ce44855656e" />
      <TestMethod codeBase="C:/Users/Ben/Documents/School/Spring 12/Team15/Project Starfighter/Project Starfighter Test/bin/Debug/Project Starfighter Test.DLL" adapterTypeName="Microsoft.VisualStudio.TestTools.TestTypes.Unit.UnitTestAdapter, Microsoft.VisualStudio.QualityTools.Tips.UnitTest.Adapter, Version=10.0.0.0, Culture=neutral, PublicKeyToken=b03f5f7f11d50a3a" className="Project_Starfighter_Test.ActionScreen_Test, Project Starfighter Test, Version=1.0.0.0, Culture=neutral, PublicKeyToken=null" name="CheckEndofWave1_Test" />
    </UnitTest>
    <UnitTest name="BackgroundFileHeight_Test" storage="c:\users\ben\documents\school\spring 12\team15\project starfighter\project starfighter test\bin\debug\project starfighter test.dll" id="f20013ff-53eb-0523-1306-a65b387750a7">
      <Execution id="cfbebd09-0986-4c17-a344-290c534eefbb" />
      <TestMethod codeBase="C:/Users/Ben/Documents/School/Spring 12/Team15/Project Starfighter/Project Starfighter Test/bin/Debug/Project Starfighter Test.DLL" adapterTypeName="Microsoft.VisualStudio.TestTools.TestTypes.Unit.UnitTestAdapter, Microsoft.VisualStudio.QualityTools.Tips.UnitTest.Adapter, Version=10.0.0.0, Culture=neutral, PublicKeyToken=b03f5f7f11d50a3a" className="Project_Starfighter_Test.ActionScreen_Test, Project Starfighter Test, Version=1.0.0.0, Culture=neutral, PublicKeyToken=null" name="BackgroundFileHeight_Test" />
    </UnitTest>
  </TestDefinitions>
  <TestLists>
    <TestList name="Results Not in a List" id="8c84fa94-04c1-424b-9868-57a2d4851a1d" />
    <TestList name="All Loaded Results" id="19431567-8539-422a-85d7-44ee4e166bda" />
  </TestLists>
  <TestEntries>
    <TestEntry testId="554b502f-7bd3-cd93-5599-fcce79053ba0" executionId="a1e0cf43-2790-4a12-b449-6ce44855656e" testListId="8c84fa94-04c1-424b-9868-57a2d4851a1d" />
    <TestEntry testId="798d1d5a-9213-47c4-8368-636dacb2c5c2" executionId="7332e259-a600-4770-abd9-9f7a187dffe8" testListId="8c84fa94-04c1-424b-9868-57a2d4851a1d" />
    <TestEntry testId="f20013ff-53eb-0523-1306-a65b387750a7" executionId="cfbebd09-0986-4c17-a344-290c534eefbb" testListId="8c84fa94-04c1-424b-9868-57a2d4851a1d" />
  </TestEntries>
  <Results>
    <UnitTestResult executionId="a1e0cf43-2790-4a12-b449-6ce44855656e" testId="554b502f-7bd3-cd93-5599-fcce79053ba0" testName="CheckEndofWave1_Test" computerName="BENGOODING" duration="00:00:00.4805575" startTime="2012-05-01T00:41:11.8741668-05:00" endTime="2012-05-01T00:41:12.8812244-05:00" testType="13cdc9d9-ddb5-4fa4-a97d-d965ccfc6d4b" outcome="Failed" testListId="8c84fa94-04c1-424b-9868-57a2d4851a1d" relativeResultsDirectory="a1e0cf43-2790-4a12-b449-6ce44855656e">
      <Output>
        <ErrorInfo>
          <Message>Initialization method Project_Starfighter_Test.ActionScreen_Test.Initialize threw exception. System.MissingMethodException: System.MissingMethodException: Can't find a constructor with matching arguments ---&gt; System.MissingMethodException: Constructor on type 'SpriteBatchProxy773cb0347bdb4bf1b81fbd71ea4ebefd' not found..</Message>
          <StackTrace>    at System.RuntimeType.CreateInstanceImpl(BindingFlags bindingAttr, Binder binder, Object[] args, CultureInfo culture, Object[] activationAttributes)
   at System.Activator.CreateInstance(Type type, BindingFlags bindingAttr, Binder binder, Object[] args, CultureInfo culture, Object[] activationAttributes)
   at System.Activator.CreateInstance(Type type, Object[] args)
   at Castle.DynamicProxy.ProxyGenerator.CreateClassProxy(Type classToProxy, Type[] additionalInterfacesToProxy, ProxyGenerationOptions options, Object[] constructorArguments, IInterceptor[] interceptors)
   at Rhino.Mocks.MockRepository.MockClass(CreateMockState mockStateFactory, Type type, Type[] extras, Object[] argumentsForConstructor)
 --- End of inner exception stack trace ---
    at Rhino.Mocks.MockRepository.MockClass(CreateMockState mockStateFactory, Type type, Type[] extras, Object[] argumentsForConstructor)
   at Rhino.Mocks.MockRepository.CreateMockObject(Type type, CreateMockState factory, Type[] extras, Object[] argumentsForConstructor)
   at Rhino.Mocks.MockRepository.Stub(Type type, Object[] argumentsForConstructor)
   at Rhino.Mocks.MockRepository.&lt;&gt;c__DisplayClass1`1.&lt;GenerateStub&gt;b__0(MockRepository repo)
   at Rhino.Mocks.MockRepository.CreateMockInReplay[T](Func`2 createMock)
   at Rhino.Mocks.MockRepository.GenerateStub[T](Object[] argumentsForConstructor)
   at Project_Starfighter_Test.ActionScreen_Test.Initialize() in C:\Users\Ben\Documents\School\Spring 12\Team15\Project Starfighter\Project Starfighter Test\ActionScreen_Test.cs:line 32
</StackTrace>
        </ErrorInfo>
      </Output>
    </UnitTestResult>
    <UnitTestResult executionId="7332e259-a600-4770-abd9-9f7a187dffe8" testId="798d1d5a-9213-47c4-8368-636dacb2c5c2" testName="TestMethod1" computerName="BENGOODING" duration="00:00:00.0168843" startTime="2012-05-01T00:41:12.9012255-05:00" endTime="2012-05-01T00:41:12.9232268-05:00" testType="13cdc9d9-ddb5-4fa4-a97d-d965ccfc6d4b" outcome="Failed" testListId="8c84fa94-04c1-424b-9868-57a2d4851a1d" relativeResultsDirectory="7332e259-a600-4770-abd9-9f7a187dffe8">
      <Output>
        <ErrorInfo>
          <Message>Initialization method Project_Starfighter_Test.ActionScreen_Test.Initialize threw exception. System.MissingMethodException: System.MissingMethodException: Can't find a constructor with matching arguments ---&gt; System.MissingMethodException: Constructor on type 'SpriteBatchProxy773cb0347bdb4bf1b81fbd71ea4ebefd' not found..</Message>
          <StackTrace>    at System.RuntimeType.CreateInstanceImpl(BindingFlags bindingAttr, Binder binder, Object[] args, CultureInfo culture, Object[] activationAttributes)
   at System.Activator.CreateInstance(Type type, BindingFlags bindingAttr, Binder binder, Object[] args, CultureInfo culture, Object[] activationAttributes)
   at System.Activator.CreateInstance(Type type, Object[] args)
   at Castle.DynamicProxy.ProxyGenerator.CreateClassProxy(Type classToProxy, Type[] additionalInterfacesToProxy, ProxyGenerationOptions options, Object[] constructorArguments, IInterceptor[] interceptors)
   at Rhino.Mocks.MockRepository.MockClass(CreateMockState mockStateFactory, Type type, Type[] extras, Object[] argumentsForConstructor)
 --- End of inner exception stack trace ---
    at Rhino.Mocks.MockRepository.MockClass(CreateMockState mockStateFactory, Type type, Type[] extras, Object[] argumentsForConstructor)
   at Rhino.Mocks.MockRepository.CreateMockObject(Type type, CreateMockState factory, Type[] extras, Object[] argumentsForConstructor)
   at Rhino.Mocks.MockRepository.Stub(Type type, Object[] argumentsForConstructor)
   at Rhino.Mocks.MockRepository.&lt;&gt;c__DisplayClass1`1.&lt;GenerateStub&gt;b__0(MockRepository repo)
   at Rhino.Mocks.MockRepository.CreateMockInReplay[T](Func`2 createMock)
   at Rhino.Mocks.MockRepository.GenerateStub[T](Object[] argumentsForConstructor)
   at Project_Starfighter_Test.ActionScreen_Test.Initialize() in C:\Users\Ben\Documents\School\Spring 12\Team15\Project Starfighter\Project Starfighter Test\ActionScreen_Test.cs:line 32
</StackTrace>
        </ErrorInfo>
      </Output>
    </UnitTestResult>
    <UnitTestResult executionId="cfbebd09-0986-4c17-a344-290c534eefbb" testId="f20013ff-53eb-0523-1306-a65b387750a7" testName="BackgroundFileHeight_Test" computerName="BENGOODING" duration="00:00:00.0159712" startTime="2012-05-01T00:41:12.9392277-05:00" endTime="2012-05-01T00:41:12.9582288-05:00" testType="13cdc9d9-ddb5-4fa4-a97d-d965ccfc6d4b" outcome="Failed" testListId="8c84fa94-04c1-424b-9868-57a2d4851a1d" relativeResultsDirectory="cfbebd09-0986-4c17-a344-290c534eefbb">
      <Output>
        <ErrorInfo>
          <Message>Initialization method Project_Starfighter_Test.ActionScreen_Test.Initialize threw exception. System.MissingMethodException: System.MissingMethodException: Can't find a constructor with matching arguments ---&gt; System.MissingMethodException: Constructor on type 'SpriteBatchProxy773cb0347bdb4bf1b81fbd71ea4ebefd' not found..</Message>
          <StackTrace>    at System.RuntimeType.CreateInstanceImpl(BindingFlags bindingAttr, Binder binder, Object[] args, CultureInfo culture, Object[] activationAttributes)
   at System.Activator.CreateInstance(Type type, BindingFlags bindingAttr, Binder binder, Object[] args, CultureInfo culture, Object[] activationAttributes)
   at System.Activator.CreateInstance(Type type, Object[] args)
   at Castle.DynamicProxy.ProxyGenerator.CreateClassProxy(Type classToProxy, Type[] additionalInterfacesToProxy, ProxyGenerationOptions options, Object[] constructorArguments, IInterceptor[] interceptors)
   at Rhino.Mocks.MockRepository.MockClass(CreateMockState mockStateFactory, Type type, Type[] extras, Object[] argumentsForConstructor)
 --- End of inner exception stack trace ---
    at Rhino.Mocks.MockRepository.MockClass(CreateMockState mockStateFactory, Type type, Type[] extras, Object[] argumentsForConstructor)
   at Rhino.Mocks.MockRepository.CreateMockObject(Type type, CreateMockState factory, Type[] extras, Object[] argumentsForConstructor)
   at Rhino.Mocks.MockRepository.Stub(Type type, Object[] argumentsForConstructor)
   at Rhino.Mocks.MockRepository.&lt;&gt;c__DisplayClass1`1.&lt;GenerateStub&gt;b__0(MockRepository repo)
   at Rhino.Mocks.MockRepository.CreateMockInReplay[T](Func`2 createMock)
   at Rhino.Mocks.MockRepository.GenerateStub[T](Object[] argumentsForConstructor)
   at Project_Starfighter_Test.ActionScreen_Test.Initialize() in C:\Users\Ben\Documents\School\Spring 12\Team15\Project Starfighter\Project Starfighter Test\ActionScreen_Test.cs:line 32
</StackTrace>
        </ErrorInfo>
      </Output>
    </UnitTestResult>
  </Results>
</TestRun>