<?xml version="1.0" encoding="UTF-8"?>
<TestRun id="adbc3fe6-1ba7-4683-aae6-812f0174a3e5" name="Ben@BENGOODING 2012-04-09 20:28:45" runUser="BenGooding\Ben" xmlns="http://microsoft.com/schemas/VisualStudio/TeamTest/2010">
  <TestSettings name="Local" id="8938d3c6-cbd1-4798-a27b-390f29bff55a">
    <Description>These are default test settings for a local test run.</Description>
    <Deployment enabled="false" runDeploymentRoot="Ben_BENGOODING 2012-04-09 20_28_45">
      <DeploymentItem filename="C:\Users\Ben\Documents\School\Spring 12\Team15\Project Starfighter\Project Starfighter Test\bin\Debug\Rhino.Mocks.dll" />
      <DeploymentItem filename="C:\Users\Ben\Documents\School\Spring 12\Team15\Project Starfighter\Project Starfighter\Project StarfighterContent\obj\x86\Debug\Project StarfighterContent.dll" />
      <DeploymentItem filename="C:\Users\Ben\Documents\School\Spring 12\Team15\Project Starfighter\Project Starfighter\Project Starfighter\bin\x86\Debug\Project Starfighter.exe" />
    </Deployment>
    <Execution>
      <TestTypeSpecific />
      <AgentRule name="Execution Agents">
      </AgentRule>
    </Execution>
  </TestSettings>
  <Times creation="2012-04-09T20:28:45.4748213-05:00" queuing="2012-04-09T20:28:47.1359163-05:00" start="2012-04-09T20:28:47.2139208-05:00" finish="2012-04-09T20:28:48.9290188-05:00" />
  <ResultSummary outcome="Failed">
    <Counters total="35" executed="35" passed="32" error="0" failed="3" timeout="0" aborted="0" inconclusive="0" passedButRunAborted="0" notRunnable="0" notExecuted="0" disconnected="0" warning="0" completed="0" inProgress="0" pending="0" />
  </ResultSummary>
  <TestDefinitions>
    <UnitTest name="ShipMovingLeft_Test" storage="c:\users\ben\documents\school\spring 12\team15\project starfighter\project starfighter test\bin\debug\project starfighter test.dll" id="87ab8728-5a69-9cbf-9de5-52c1ebf86e55">
      <Execution id="1e8dbfa6-cc2c-4429-a7e0-5bc2c45a2b49" />
      <TestMethod codeBase="C:/Users/Ben/Documents/School/Spring 12/Team15/Project Starfighter/Project Starfighter Test/bin/Debug/Project Starfighter Test.DLL" adapterTypeName="Microsoft.VisualStudio.TestTools.TestTypes.Unit.UnitTestAdapter, Microsoft.VisualStudio.QualityTools.Tips.UnitTest.Adapter, Version=10.0.0.0, Culture=neutral, PublicKeyToken=b03f5f7f11d50a3a" className="Project_Starfighter_Test.ShipMovements, Project Starfighter Test, Version=1.0.0.0, Culture=neutral, PublicKeyToken=null" name="ShipMovingLeft_Test" />
    </UnitTest>
    <UnitTest name="IsAnimating_Test" storage="c:\users\ben\documents\school\spring 12\team15\project starfighter\project starfighter test\bin\debug\project starfighter test.dll" id="86647a27-2eca-c19f-dae9-e1e0f399b670">
      <Execution id="385973b0-699d-4bb5-b5e0-0fb934e82c22" />
      <TestMethod codeBase="C:/Users/Ben/Documents/School/Spring 12/Team15/Project Starfighter/Project Starfighter Test/bin/Debug/Project Starfighter Test.DLL" adapterTypeName="Microsoft.VisualStudio.TestTools.TestTypes.Unit.UnitTestAdapter, Microsoft.VisualStudio.QualityTools.Tips.UnitTest.Adapter, Version=10.0.0.0, Culture=neutral, PublicKeyToken=b03f5f7f11d50a3a" className="Project_Starfighter_Test.AnimatedSprite_Test, Project Starfighter Test, Version=1.0.0.0, Culture=neutral, PublicKeyToken=null" name="IsAnimating_Test" />
    </UnitTest>
    <UnitTest name="YPosition_Test" storage="c:\users\ben\documents\school\spring 12\team15\project starfighter\project starfighter test\bin\debug\project starfighter test.dll" id="94b17937-23fa-82e6-1780-93be4fa60daa">
      <Execution id="2eca7ac5-a56f-4840-968f-98fc14559f38" />
      <TestMethod codeBase="C:/Users/Ben/Documents/School/Spring 12/Team15/Project Starfighter/Project Starfighter Test/bin/Debug/Project Starfighter Test.DLL" adapterTypeName="Microsoft.VisualStudio.TestTools.TestTypes.Unit.UnitTestAdapter, Microsoft.VisualStudio.QualityTools.Tips.UnitTest.Adapter, Version=10.0.0.0, Culture=neutral, PublicKeyToken=b03f5f7f11d50a3a" className="Project_Starfighter_Test.Ammo_Test, Project Starfighter Test, Version=1.0.0.0, Culture=neutral, PublicKeyToken=null" name="YPosition_Test" />
    </UnitTest>
    <UnitTest name="GetSourceRectangle_Test" storage="c:\users\ben\documents\school\spring 12\team15\project starfighter\project starfighter test\bin\debug\project starfighter test.dll" id="05440f39-53b0-99ca-f3bb-be1fb1d2de03">
      <Execution id="ff9f0e9f-195b-4ae1-8548-9f439bc08aa2" />
      <TestMethod codeBase="C:/Users/Ben/Documents/School/Spring 12/Team15/Project Starfighter/Project Starfighter Test/bin/Debug/Project Starfighter Test.DLL" adapterTypeName="Microsoft.VisualStudio.TestTools.TestTypes.Unit.UnitTestAdapter, Microsoft.VisualStudio.QualityTools.Tips.UnitTest.Adapter, Version=10.0.0.0, Culture=neutral, PublicKeyToken=b03f5f7f11d50a3a" className="Project_Starfighter_Test.AnimatedSprite_Test, Project Starfighter Test, Version=1.0.0.0, Culture=neutral, PublicKeyToken=null" name="GetSourceRectangle_Test" />
    </UnitTest>
    <UnitTest name="TestType" storage="c:\users\ben\documents\school\spring 12\team15\project starfighter\project starfighter test\bin\debug\project starfighter test.dll" id="6996e867-c2f4-dd50-8845-0ece69cbb0bd">
      <Execution id="d40eb893-48ff-4452-8c43-65abfb4f37eb" />
      <TestMethod codeBase="C:/Users/Ben/Documents/School/Spring 12/Team15/Project Starfighter/Project Starfighter Test/bin/Debug/Project Starfighter Test.DLL" adapterTypeName="Microsoft.VisualStudio.TestTools.TestTypes.Unit.UnitTestAdapter, Microsoft.VisualStudio.QualityTools.Tips.UnitTest.Adapter, Version=10.0.0.0, Culture=neutral, PublicKeyToken=b03f5f7f11d50a3a" className="Project_Starfighter_Test.InstructionsScreen_Test, Project Starfighter Test, Version=1.0.0.0, Culture=neutral, PublicKeyToken=null" name="TestType" />
    </UnitTest>
    <UnitTest name="ShipMovingRight_Test" storage="c:\users\ben\documents\school\spring 12\team15\project starfighter\project starfighter test\bin\debug\project starfighter test.dll" id="d3d77ffc-9e4b-c939-e464-607b2ace85b5">
      <Execution id="e7d0e4f7-7e8a-402d-8efa-ae6e8fac556c" />
      <TestMethod codeBase="C:/Users/Ben/Documents/School/Spring 12/Team15/Project Starfighter/Project Starfighter Test/bin/Debug/Project Starfighter Test.DLL" adapterTypeName="Microsoft.VisualStudio.TestTools.TestTypes.Unit.UnitTestAdapter, Microsoft.VisualStudio.QualityTools.Tips.UnitTest.Adapter, Version=10.0.0.0, Culture=neutral, PublicKeyToken=b03f5f7f11d50a3a" className="Project_Starfighter_Test.ShipMovements, Project Starfighter Test, Version=1.0.0.0, Culture=neutral, PublicKeyToken=null" name="ShipMovingRight_Test" />
    </UnitTest>
    <UnitTest name="Thrusting_Test" storage="c:\users\ben\documents\school\spring 12\team15\project starfighter\project starfighter test\bin\debug\project starfighter test.dll" id="543eb888-c955-88ac-ade4-b08205384b3c">
      <Execution id="5c0bf7fb-c0a8-4738-a3a4-88da28c421b6" />
      <TestMethod codeBase="C:/Users/Ben/Documents/School/Spring 12/Team15/Project Starfighter/Project Starfighter Test/bin/Debug/Project Starfighter Test.DLL" adapterTypeName="Microsoft.VisualStudio.TestTools.TestTypes.Unit.UnitTestAdapter, Microsoft.VisualStudio.QualityTools.Tips.UnitTest.Adapter, Version=10.0.0.0, Culture=neutral, PublicKeyToken=b03f5f7f11d50a3a" className="Project_Starfighter_Test.Player_Test, Project Starfighter Test, Version=1.0.0.0, Culture=neutral, PublicKeyToken=null" name="Thrusting_Test" />
    </UnitTest>
    <UnitTest name="BackgroundFileWidth_Test" storage="c:\users\ben\documents\school\spring 12\team15\project starfighter\project starfighter test\bin\debug\project starfighter test.dll" id="5612bdfa-8071-6785-2a45-10f6be5e8f26">
      <Execution id="4f82d756-44ac-4c85-972c-5d0565a45fcd" />
      <TestMethod codeBase="C:/Users/Ben/Documents/School/Spring 12/Team15/Project Starfighter/Project Starfighter Test/bin/Debug/Project Starfighter Test.DLL" adapterTypeName="Microsoft.VisualStudio.TestTools.TestTypes.Unit.UnitTestAdapter, Microsoft.VisualStudio.QualityTools.Tips.UnitTest.Adapter, Version=10.0.0.0, Culture=neutral, PublicKeyToken=b03f5f7f11d50a3a" className="Project_Starfighter_Test.Background_Test, Project Starfighter Test, Version=1.0.0.0, Culture=neutral, PublicKeyToken=null" name="BackgroundFileWidth_Test" />
    </UnitTest>
    <UnitTest name="TestMethod1" storage="c:\users\ben\documents\school\spring 12\team15\project starfighter\project starfighter test\bin\debug\project starfighter test.dll" id="13a2b77f-a479-ee36-9305-265bae173238">
      <Execution id="1e3a519e-a4b5-44a0-bfe3-327782066ba4" />
      <TestMethod codeBase="C:/Users/Ben/Documents/School/Spring 12/Team15/Project Starfighter/Project Starfighter Test/bin/Debug/Project Starfighter Test.DLL" adapterTypeName="Microsoft.VisualStudio.TestTools.TestTypes.Unit.UnitTestAdapter, Microsoft.VisualStudio.QualityTools.Tips.UnitTest.Adapter, Version=10.0.0.0, Culture=neutral, PublicKeyToken=b03f5f7f11d50a3a" className="Project_Starfighter_Test.Enemy1_Test, Project Starfighter Test, Version=1.0.0.0, Culture=neutral, PublicKeyToken=null" name="TestMethod1" />
    </UnitTest>
    <UnitTest name="ShipMovingDown_Test" storage="c:\users\ben\documents\school\spring 12\team15\project starfighter\project starfighter test\bin\debug\project starfighter test.dll" id="afc71e7e-7598-1420-6126-d4cf9a40ddfe">
      <Execution id="47890496-5bb9-41d5-b307-e4c73529acf8" />
      <TestMethod codeBase="C:/Users/Ben/Documents/School/Spring 12/Team15/Project Starfighter/Project Starfighter Test/bin/Debug/Project Starfighter Test.DLL" adapterTypeName="Microsoft.VisualStudio.TestTools.TestTypes.Unit.UnitTestAdapter, Microsoft.VisualStudio.QualityTools.Tips.UnitTest.Adapter, Version=10.0.0.0, Culture=neutral, PublicKeyToken=b03f5f7f11d50a3a" className="Project_Starfighter_Test.ShipMovements, Project Starfighter Test, Version=1.0.0.0, Culture=neutral, PublicKeyToken=null" name="ShipMovingDown_Test" />
    </UnitTest>
    <UnitTest name="Facing_Test" storage="c:\users\ben\documents\school\spring 12\team15\project starfighter\project starfighter test\bin\debug\project starfighter test.dll" id="9c059ac2-daae-689d-1f4c-38c96bde6e85">
      <Execution id="5f10fb8a-9065-4242-9a25-26428547c078" />
      <TestMethod codeBase="C:/Users/Ben/Documents/School/Spring 12/Team15/Project Starfighter/Project Starfighter Test/bin/Debug/Project Starfighter Test.DLL" adapterTypeName="Microsoft.VisualStudio.TestTools.TestTypes.Unit.UnitTestAdapter, Microsoft.VisualStudio.QualityTools.Tips.UnitTest.Adapter, Version=10.0.0.0, Culture=neutral, PublicKeyToken=b03f5f7f11d50a3a" className="Project_Starfighter_Test.Player_Test, Project Starfighter Test, Version=1.0.0.0, Culture=neutral, PublicKeyToken=null" name="Facing_Test" />
    </UnitTest>
    <UnitTest name="createdInActive_Test" storage="c:\users\ben\documents\school\spring 12\team15\project starfighter\project starfighter test\bin\debug\project starfighter test.dll" id="3f091cc2-7fe8-3b03-1d8c-8f24ef9fa1c5">
      <Execution id="0d421cbc-28df-4410-9940-c68778f2128d" />
      <TestMethod codeBase="C:/Users/Ben/Documents/School/Spring 12/Team15/Project Starfighter/Project Starfighter Test/bin/Debug/Project Starfighter Test.DLL" adapterTypeName="Microsoft.VisualStudio.TestTools.TestTypes.Unit.UnitTestAdapter, Microsoft.VisualStudio.QualityTools.Tips.UnitTest.Adapter, Version=10.0.0.0, Culture=neutral, PublicKeyToken=b03f5f7f11d50a3a" className="Project_Starfighter_Test.Ammo_Test, Project Starfighter Test, Version=1.0.0.0, Culture=neutral, PublicKeyToken=null" name="createdInActive_Test" />
    </UnitTest>
    <UnitTest name="fired_Test" storage="c:\users\ben\documents\school\spring 12\team15\project starfighter\project starfighter test\bin\debug\project starfighter test.dll" id="a82fbc82-f21c-d387-9af8-11af4d5fa2e8">
      <Execution id="b7a8400f-d6b2-4dc2-90a9-d5ee67b53c1c" />
      <TestMethod codeBase="C:/Users/Ben/Documents/School/Spring 12/Team15/Project Starfighter/Project Starfighter Test/bin/Debug/Project Starfighter Test.DLL" adapterTypeName="Microsoft.VisualStudio.TestTools.TestTypes.Unit.UnitTestAdapter, Microsoft.VisualStudio.QualityTools.Tips.UnitTest.Adapter, Version=10.0.0.0, Culture=neutral, PublicKeyToken=b03f5f7f11d50a3a" className="Project_Starfighter_Test.Ammo_Test, Project Starfighter Test, Version=1.0.0.0, Culture=neutral, PublicKeyToken=null" name="fired_Test" />
    </UnitTest>
    <UnitTest name="ShipMovingUp_Test" storage="c:\users\ben\documents\school\spring 12\team15\project starfighter\project starfighter test\bin\debug\project starfighter test.dll" id="81a7cb90-e333-c13a-cb1a-70bd93111e57">
      <Execution id="24b01e12-d230-4715-a240-c1bc2514dac4" />
      <TestMethod codeBase="C:/Users/Ben/Documents/School/Spring 12/Team15/Project Starfighter/Project Starfighter Test/bin/Debug/Project Starfighter Test.DLL" adapterTypeName="Microsoft.VisualStudio.TestTools.TestTypes.Unit.UnitTestAdapter, Microsoft.VisualStudio.QualityTools.Tips.UnitTest.Adapter, Version=10.0.0.0, Culture=neutral, PublicKeyToken=b03f5f7f11d50a3a" className="Project_Starfighter_Test.ShipMovements, Project Starfighter Test, Version=1.0.0.0, Culture=neutral, PublicKeyToken=null" name="ShipMovingUp_Test" />
    </UnitTest>
    <UnitTest name="Frame_Test" storage="c:\users\ben\documents\school\spring 12\team15\project starfighter\project starfighter test\bin\debug\project starfighter test.dll" id="4e28cde3-2288-16fe-42bd-9acfc8da8ab8">
      <Execution id="2f5ae205-8de0-4e22-bb42-dadd4b932f2a" />
      <TestMethod codeBase="C:/Users/Ben/Documents/School/Spring 12/Team15/Project Starfighter/Project Starfighter Test/bin/Debug/Project Starfighter Test.DLL" adapterTypeName="Microsoft.VisualStudio.TestTools.TestTypes.Unit.UnitTestAdapter, Microsoft.VisualStudio.QualityTools.Tips.UnitTest.Adapter, Version=10.0.0.0, Culture=neutral, PublicKeyToken=b03f5f7f11d50a3a" className="Project_Starfighter_Test.AnimatedSprite_Test, Project Starfighter Test, Version=1.0.0.0, Culture=neutral, PublicKeyToken=null" name="Frame_Test" />
    </UnitTest>
    <UnitTest name="AccelRate_Test" storage="c:\users\ben\documents\school\spring 12\team15\project starfighter\project starfighter test\bin\debug\project starfighter test.dll" id="9400351a-0176-9c1e-51e1-975e9aa5fcab">
      <Execution id="781e4b4a-ae38-46e4-a71f-54d66a557454" />
      <TestMethod codeBase="C:/Users/Ben/Documents/School/Spring 12/Team15/Project Starfighter/Project Starfighter Test/bin/Debug/Project Starfighter Test.DLL" adapterTypeName="Microsoft.VisualStudio.TestTools.TestTypes.Unit.UnitTestAdapter, Microsoft.VisualStudio.QualityTools.Tips.UnitTest.Adapter, Version=10.0.0.0, Culture=neutral, PublicKeyToken=b03f5f7f11d50a3a" className="Project_Starfighter_Test.Player_Test, Project Starfighter Test, Version=1.0.0.0, Culture=neutral, PublicKeyToken=null" name="AccelRate_Test" />
    </UnitTest>
    <UnitTest name="FrameLength_Test" storage="c:\users\ben\documents\school\spring 12\team15\project starfighter\project starfighter test\bin\debug\project starfighter test.dll" id="35329af0-07a5-033a-84c4-7cc0b89d3ef6">
      <Execution id="a1f22a9a-ea96-4d1e-a826-89a7c8428b09" />
      <TestMethod codeBase="C:/Users/Ben/Documents/School/Spring 12/Team15/Project Starfighter/Project Starfighter Test/bin/Debug/Project Starfighter Test.DLL" adapterTypeName="Microsoft.VisualStudio.TestTools.TestTypes.Unit.UnitTestAdapter, Microsoft.VisualStudio.QualityTools.Tips.UnitTest.Adapter, Version=10.0.0.0, Culture=neutral, PublicKeyToken=b03f5f7f11d50a3a" className="Project_Starfighter_Test.AnimatedSprite_Test, Project Starfighter Test, Version=1.0.0.0, Culture=neutral, PublicKeyToken=null" name="FrameLength_Test" />
    </UnitTest>
    <UnitTest name="ScrollRate_Test" storage="c:\users\ben\documents\school\spring 12\team15\project starfighter\project starfighter test\bin\debug\project starfighter test.dll" id="62798b4c-6487-1c18-a52f-27bcf86f3077">
      <Execution id="66682819-3263-403f-bbc1-dae20f61080a" />
      <TestMethod codeBase="C:/Users/Ben/Documents/School/Spring 12/Team15/Project Starfighter/Project Starfighter Test/bin/Debug/Project Starfighter Test.DLL" adapterTypeName="Microsoft.VisualStudio.TestTools.TestTypes.Unit.UnitTestAdapter, Microsoft.VisualStudio.QualityTools.Tips.UnitTest.Adapter, Version=10.0.0.0, Culture=neutral, PublicKeyToken=b03f5f7f11d50a3a" className="Project_Starfighter_Test.Player_Test, Project Starfighter Test, Version=1.0.0.0, Culture=neutral, PublicKeyToken=null" name="ScrollRate_Test" />
    </UnitTest>
    <UnitTest name="XPosition_Test" storage="c:\users\ben\documents\school\spring 12\team15\project starfighter\project starfighter test\bin\debug\project starfighter test.dll" id="8418000c-0d68-bb60-a56c-50e4bb8c38bc">
      <Execution id="13eacf64-f4c0-4d55-9213-d8671af3da76" />
      <TestMethod codeBase="C:/Users/Ben/Documents/School/Spring 12/Team15/Project Starfighter/Project Starfighter Test/bin/Debug/Project Starfighter Test.DLL" adapterTypeName="Microsoft.VisualStudio.TestTools.TestTypes.Unit.UnitTestAdapter, Microsoft.VisualStudio.QualityTools.Tips.UnitTest.Adapter, Version=10.0.0.0, Culture=neutral, PublicKeyToken=b03f5f7f11d50a3a" className="Project_Starfighter_Test.AnimatedSprite_Test, Project Starfighter Test, Version=1.0.0.0, Culture=neutral, PublicKeyToken=null" name="XPosition_Test" />
    </UnitTest>
    <UnitTest name="BackgroundFileHeight_Test" storage="c:\users\ben\documents\school\spring 12\team15\project starfighter\project starfighter test\bin\debug\project starfighter test.dll" id="0fa67a85-ae25-69c2-5a09-b8b613f54f76">
      <Execution id="11fd2242-9962-4729-a72d-4a575f438676" />
      <TestMethod codeBase="C:/Users/Ben/Documents/School/Spring 12/Team15/Project Starfighter/Project Starfighter Test/bin/Debug/Project Starfighter Test.DLL" adapterTypeName="Microsoft.VisualStudio.TestTools.TestTypes.Unit.UnitTestAdapter, Microsoft.VisualStudio.QualityTools.Tips.UnitTest.Adapter, Version=10.0.0.0, Culture=neutral, PublicKeyToken=b03f5f7f11d50a3a" className="Project_Starfighter_Test.Background_Test, Project Starfighter Test, Version=1.0.0.0, Culture=neutral, PublicKeyToken=null" name="BackgroundFileHeight_Test" />
    </UnitTest>
    <UnitTest name="Ammo_Update_Test" storage="c:\users\ben\documents\school\spring 12\team15\project starfighter\project starfighter test\bin\debug\project starfighter test.dll" id="fa854480-66b4-f42e-a091-7810fa16d859">
      <Execution id="a3b7ea2e-e807-4384-b46e-6a3d9eed4518" />
      <TestMethod codeBase="C:/Users/Ben/Documents/School/Spring 12/Team15/Project Starfighter/Project Starfighter Test/bin/Debug/Project Starfighter Test.DLL" adapterTypeName="Microsoft.VisualStudio.TestTools.TestTypes.Unit.UnitTestAdapter, Microsoft.VisualStudio.QualityTools.Tips.UnitTest.Adapter, Version=10.0.0.0, Culture=neutral, PublicKeyToken=b03f5f7f11d50a3a" className="Project_Starfighter_Test.Ammo_Test, Project Starfighter Test, Version=1.0.0.0, Culture=neutral, PublicKeyToken=null" name="Ammo_Update_Test" />
    </UnitTest>
    <UnitTest name="BackgroundWidth_Test" storage="c:\users\ben\documents\school\spring 12\team15\project starfighter\project starfighter test\bin\debug\project starfighter test.dll" id="f8117bbb-c7e5-e9b5-d0ec-69ac4f2ec7f3">
      <Execution id="0e6aba44-67bc-43ec-8bb9-007c8ab822cd" />
      <TestMethod codeBase="C:/Users/Ben/Documents/School/Spring 12/Team15/Project Starfighter/Project Starfighter Test/bin/Debug/Project Starfighter Test.DLL" adapterTypeName="Microsoft.VisualStudio.TestTools.TestTypes.Unit.UnitTestAdapter, Microsoft.VisualStudio.QualityTools.Tips.UnitTest.Adapter, Version=10.0.0.0, Culture=neutral, PublicKeyToken=b03f5f7f11d50a3a" className="Project_Starfighter_Test.Background_Test, Project Starfighter Test, Version=1.0.0.0, Culture=neutral, PublicKeyToken=null" name="BackgroundWidth_Test" />
    </UnitTest>
    <UnitTest name="BoundingBox_Test" storage="c:\users\ben\documents\school\spring 12\team15\project starfighter\project starfighter test\bin\debug\project starfighter test.dll" id="976f7abd-3a44-9389-443e-407970b6257c">
      <Execution id="14ba4909-8c8f-40b6-b5d4-ac923663a7b1" />
      <TestMethod codeBase="C:/Users/Ben/Documents/School/Spring 12/Team15/Project Starfighter/Project Starfighter Test/bin/Debug/Project Starfighter Test.DLL" adapterTypeName="Microsoft.VisualStudio.TestTools.TestTypes.Unit.UnitTestAdapter, Microsoft.VisualStudio.QualityTools.Tips.UnitTest.Adapter, Version=10.0.0.0, Culture=neutral, PublicKeyToken=b03f5f7f11d50a3a" className="Project_Starfighter_Test.Player_Test, Project Starfighter Test, Version=1.0.0.0, Culture=neutral, PublicKeyToken=null" name="BoundingBox_Test" />
    </UnitTest>
    <UnitTest name="YPosition_Test" storage="c:\users\ben\documents\school\spring 12\team15\project starfighter\project starfighter test\bin\debug\project starfighter test.dll" id="c4203e4f-b59e-0d54-085a-1ab34f49edd9">
      <Execution id="4ce43331-9404-485c-bd8d-77d3a4bc0367" />
      <TestMethod codeBase="C:/Users/Ben/Documents/School/Spring 12/Team15/Project Starfighter/Project Starfighter Test/bin/Debug/Project Starfighter Test.DLL" adapterTypeName="Microsoft.VisualStudio.TestTools.TestTypes.Unit.UnitTestAdapter, Microsoft.VisualStudio.QualityTools.Tips.UnitTest.Adapter, Version=10.0.0.0, Culture=neutral, PublicKeyToken=b03f5f7f11d50a3a" className="Project_Starfighter_Test.Player_Test, Project Starfighter Test, Version=1.0.0.0, Culture=neutral, PublicKeyToken=null" name="YPosition_Test" />
    </UnitTest>
    <UnitTest name="XPosition_Test" storage="c:\users\ben\documents\school\spring 12\team15\project starfighter\project starfighter test\bin\debug\project starfighter test.dll" id="23b15399-36ff-4c54-84a2-1c78b3074b3e">
      <Execution id="8305eb0e-691f-472e-9cb9-4f06376a3184" />
      <TestMethod codeBase="C:/Users/Ben/Documents/School/Spring 12/Team15/Project Starfighter/Project Starfighter Test/bin/Debug/Project Starfighter Test.DLL" adapterTypeName="Microsoft.VisualStudio.TestTools.TestTypes.Unit.UnitTestAdapter, Microsoft.VisualStudio.QualityTools.Tips.UnitTest.Adapter, Version=10.0.0.0, Culture=neutral, PublicKeyToken=b03f5f7f11d50a3a" className="Project_Starfighter_Test.Ammo_Test, Project Starfighter Test, Version=1.0.0.0, Culture=neutral, PublicKeyToken=null" name="XPosition_Test" />
    </UnitTest>
    <UnitTest name="Update_Test" storage="c:\users\ben\documents\school\spring 12\team15\project starfighter\project starfighter test\bin\debug\project starfighter test.dll" id="1a398b36-5750-e38c-43d2-347c54381fe9">
      <Execution id="7a06e629-8915-4ea0-a155-a261fb3ff8cb" />
      <TestMethod codeBase="C:/Users/Ben/Documents/School/Spring 12/Team15/Project Starfighter/Project Starfighter Test/bin/Debug/Project Starfighter Test.DLL" adapterTypeName="Microsoft.VisualStudio.TestTools.TestTypes.Unit.UnitTestAdapter, Microsoft.VisualStudio.QualityTools.Tips.UnitTest.Adapter, Version=10.0.0.0, Culture=neutral, PublicKeyToken=b03f5f7f11d50a3a" className="Project_Starfighter_Test.AnimatedSprite_Test, Project Starfighter Test, Version=1.0.0.0, Culture=neutral, PublicKeyToken=null" name="Update_Test" />
    </UnitTest>
    <UnitTest name="TestScreen" storage="c:\users\ben\documents\school\spring 12\team15\project starfighter\project starfighter test\bin\debug\project starfighter test.dll" id="a691e6b4-e492-6f43-4f53-2977f4327922">
      <Execution id="4e04ffcb-b955-4486-8070-fca63511a5c6" />
      <TestMethod codeBase="C:/Users/Ben/Documents/School/Spring 12/Team15/Project Starfighter/Project Starfighter Test/bin/Debug/Project Starfighter Test.DLL" adapterTypeName="Microsoft.VisualStudio.TestTools.TestTypes.Unit.UnitTestAdapter, Microsoft.VisualStudio.QualityTools.Tips.UnitTest.Adapter, Version=10.0.0.0, Culture=neutral, PublicKeyToken=b03f5f7f11d50a3a" className="Project_Starfighter_Test.InstructionsScreen_Test, Project Starfighter Test, Version=1.0.0.0, Culture=neutral, PublicKeyToken=null" name="TestScreen" />
    </UnitTest>
    <UnitTest name="BackgroundOffset_Test" storage="c:\users\ben\documents\school\spring 12\team15\project starfighter\project starfighter test\bin\debug\project starfighter test.dll" id="afdaa493-65bf-f260-c382-6723d3f0a59d">
      <Execution id="97ee22fb-a811-4c25-b456-a0afbfa6a6ff" />
      <TestMethod codeBase="C:/Users/Ben/Documents/School/Spring 12/Team15/Project Starfighter/Project Starfighter Test/bin/Debug/Project Starfighter Test.DLL" adapterTypeName="Microsoft.VisualStudio.TestTools.TestTypes.Unit.UnitTestAdapter, Microsoft.VisualStudio.QualityTools.Tips.UnitTest.Adapter, Version=10.0.0.0, Culture=neutral, PublicKeyToken=b03f5f7f11d50a3a" className="Project_Starfighter_Test.Background_Test, Project Starfighter Test, Version=1.0.0.0, Culture=neutral, PublicKeyToken=null" name="BackgroundOffset_Test" />
    </UnitTest>
    <UnitTest name="Update_Test" storage="c:\users\ben\documents\school\spring 12\team15\project starfighter\project starfighter test\bin\debug\project starfighter test.dll" id="22c222ce-44b6-8dcd-bd1f-08a79cdcc566">
      <Execution id="03922735-2649-4674-962c-d54bca8d7e58" />
      <TestMethod codeBase="C:/Users/Ben/Documents/School/Spring 12/Team15/Project Starfighter/Project Starfighter Test/bin/Debug/Project Starfighter Test.DLL" adapterTypeName="Microsoft.VisualStudio.TestTools.TestTypes.Unit.UnitTestAdapter, Microsoft.VisualStudio.QualityTools.Tips.UnitTest.Adapter, Version=10.0.0.0, Culture=neutral, PublicKeyToken=b03f5f7f11d50a3a" className="Project_Starfighter_Test.Player_Test, Project Starfighter Test, Version=1.0.0.0, Culture=neutral, PublicKeyToken=null" name="Update_Test" />
    </UnitTest>
    <UnitTest name="BackgroundHeight_Test" storage="c:\users\ben\documents\school\spring 12\team15\project starfighter\project starfighter test\bin\debug\project starfighter test.dll" id="ef2e5a6d-8764-ea3a-2b11-a77da1492a16">
      <Execution id="d3f35839-af91-4c0a-8df6-c71353e38cc7" />
      <TestMethod codeBase="C:/Users/Ben/Documents/School/Spring 12/Team15/Project Starfighter/Project Starfighter Test/bin/Debug/Project Starfighter Test.DLL" adapterTypeName="Microsoft.VisualStudio.TestTools.TestTypes.Unit.UnitTestAdapter, Microsoft.VisualStudio.QualityTools.Tips.UnitTest.Adapter, Version=10.0.0.0, Culture=neutral, PublicKeyToken=b03f5f7f11d50a3a" className="Project_Starfighter_Test.Background_Test, Project Starfighter Test, Version=1.0.0.0, Culture=neutral, PublicKeyToken=null" name="BackgroundHeight_Test" />
    </UnitTest>
    <UnitTest name="firedXPosition_Test" storage="c:\users\ben\documents\school\spring 12\team15\project starfighter\project starfighter test\bin\debug\project starfighter test.dll" id="a8cce3cc-1f6a-62e7-ba0d-5e20ad7a8d10">
      <Execution id="446fb69d-aa45-472f-ae28-b32340760fa5" />
      <TestMethod codeBase="C:/Users/Ben/Documents/School/Spring 12/Team15/Project Starfighter/Project Starfighter Test/bin/Debug/Project Starfighter Test.DLL" adapterTypeName="Microsoft.VisualStudio.TestTools.TestTypes.Unit.UnitTestAdapter, Microsoft.VisualStudio.QualityTools.Tips.UnitTest.Adapter, Version=10.0.0.0, Culture=neutral, PublicKeyToken=b03f5f7f11d50a3a" className="Project_Starfighter_Test.Ammo_Test, Project Starfighter Test, Version=1.0.0.0, Culture=neutral, PublicKeyToken=null" name="firedXPosition_Test" />
    </UnitTest>
    <UnitTest name="YPosition_Test" storage="c:\users\ben\documents\school\spring 12\team15\project starfighter\project starfighter test\bin\debug\project starfighter test.dll" id="6ac281c6-5261-f907-da1b-259c563f3a56">
      <Execution id="85a8a32b-611c-40aa-840f-9054a97bcf2e" />
      <TestMethod codeBase="C:/Users/Ben/Documents/School/Spring 12/Team15/Project Starfighter/Project Starfighter Test/bin/Debug/Project Starfighter Test.DLL" adapterTypeName="Microsoft.VisualStudio.TestTools.TestTypes.Unit.UnitTestAdapter, Microsoft.VisualStudio.QualityTools.Tips.UnitTest.Adapter, Version=10.0.0.0, Culture=neutral, PublicKeyToken=b03f5f7f11d50a3a" className="Project_Starfighter_Test.AnimatedSprite_Test, Project Starfighter Test, Version=1.0.0.0, Culture=neutral, PublicKeyToken=null" name="YPosition_Test" />
    </UnitTest>
    <UnitTest name="firedYPosition_Test" storage="c:\users\ben\documents\school\spring 12\team15\project starfighter\project starfighter test\bin\debug\project starfighter test.dll" id="08faea89-f632-3b4a-0340-2058f8f4c634">
      <Execution id="c9a1cd8d-d39a-47f0-b40f-98a061447d8b" />
      <TestMethod codeBase="C:/Users/Ben/Documents/School/Spring 12/Team15/Project Starfighter/Project Starfighter Test/bin/Debug/Project Starfighter Test.DLL" adapterTypeName="Microsoft.VisualStudio.TestTools.TestTypes.Unit.UnitTestAdapter, Microsoft.VisualStudio.QualityTools.Tips.UnitTest.Adapter, Version=10.0.0.0, Culture=neutral, PublicKeyToken=b03f5f7f11d50a3a" className="Project_Starfighter_Test.Ammo_Test, Project Starfighter Test, Version=1.0.0.0, Culture=neutral, PublicKeyToken=null" name="firedYPosition_Test" />
    </UnitTest>
    <UnitTest name="XPosition_Test" storage="c:\users\ben\documents\school\spring 12\team15\project starfighter\project starfighter test\bin\debug\project starfighter test.dll" id="bcb441b9-e647-9f40-49e6-fd9d18cfc62b">
      <Execution id="a04a216e-e4ed-4aa0-973d-bc68324d71f6" />
      <TestMethod codeBase="C:/Users/Ben/Documents/School/Spring 12/Team15/Project Starfighter/Project Starfighter Test/bin/Debug/Project Starfighter Test.DLL" adapterTypeName="Microsoft.VisualStudio.TestTools.TestTypes.Unit.UnitTestAdapter, Microsoft.VisualStudio.QualityTools.Tips.UnitTest.Adapter, Version=10.0.0.0, Culture=neutral, PublicKeyToken=b03f5f7f11d50a3a" className="Project_Starfighter_Test.Player_Test, Project Starfighter Test, Version=1.0.0.0, Culture=neutral, PublicKeyToken=null" name="XPosition_Test" />
    </UnitTest>
    <UnitTest name="BoundingBox_Test" storage="c:\users\ben\documents\school\spring 12\team15\project starfighter\project starfighter test\bin\debug\project starfighter test.dll" id="87122438-a45a-e865-0f8f-8ad5d29f0080">
      <Execution id="677c6452-ca2a-4786-8dfc-00dafbca4e97" />
      <TestMethod codeBase="C:/Users/Ben/Documents/School/Spring 12/Team15/Project Starfighter/Project Starfighter Test/bin/Debug/Project Starfighter Test.DLL" adapterTypeName="Microsoft.VisualStudio.TestTools.TestTypes.Unit.UnitTestAdapter, Microsoft.VisualStudio.QualityTools.Tips.UnitTest.Adapter, Version=10.0.0.0, Culture=neutral, PublicKeyToken=b03f5f7f11d50a3a" className="Project_Starfighter_Test.Ammo_Test, Project Starfighter Test, Version=1.0.0.0, Culture=neutral, PublicKeyToken=null" name="BoundingBox_Test" />
    </UnitTest>
  </TestDefinitions>
  <TestLists>
    <TestList name="Results Not in a List" id="8c84fa94-04c1-424b-9868-57a2d4851a1d" />
    <TestList name="All Loaded Results" id="19431567-8539-422a-85d7-44ee4e166bda" />
  </TestLists>
  <TestEntries>
    <TestEntry testId="05440f39-53b0-99ca-f3bb-be1fb1d2de03" executionId="ff9f0e9f-195b-4ae1-8548-9f439bc08aa2" testListId="8c84fa94-04c1-424b-9868-57a2d4851a1d" />
    <TestEntry testId="08faea89-f632-3b4a-0340-2058f8f4c634" executionId="c9a1cd8d-d39a-47f0-b40f-98a061447d8b" testListId="8c84fa94-04c1-424b-9868-57a2d4851a1d" />
    <TestEntry testId="0fa67a85-ae25-69c2-5a09-b8b613f54f76" executionId="11fd2242-9962-4729-a72d-4a575f438676" testListId="8c84fa94-04c1-424b-9868-57a2d4851a1d" />
    <TestEntry testId="13a2b77f-a479-ee36-9305-265bae173238" executionId="1e3a519e-a4b5-44a0-bfe3-327782066ba4" testListId="8c84fa94-04c1-424b-9868-57a2d4851a1d" />
    <TestEntry testId="1a398b36-5750-e38c-43d2-347c54381fe9" executionId="7a06e629-8915-4ea0-a155-a261fb3ff8cb" testListId="8c84fa94-04c1-424b-9868-57a2d4851a1d" />
    <TestEntry testId="22c222ce-44b6-8dcd-bd1f-08a79cdcc566" executionId="03922735-2649-4674-962c-d54bca8d7e58" testListId="8c84fa94-04c1-424b-9868-57a2d4851a1d" />
    <TestEntry testId="23b15399-36ff-4c54-84a2-1c78b3074b3e" executionId="8305eb0e-691f-472e-9cb9-4f06376a3184" testListId="8c84fa94-04c1-424b-9868-57a2d4851a1d" />
    <TestEntry testId="35329af0-07a5-033a-84c4-7cc0b89d3ef6" executionId="a1f22a9a-ea96-4d1e-a826-89a7c8428b09" testListId="8c84fa94-04c1-424b-9868-57a2d4851a1d" />
    <TestEntry testId="3f091cc2-7fe8-3b03-1d8c-8f24ef9fa1c5" executionId="0d421cbc-28df-4410-9940-c68778f2128d" testListId="8c84fa94-04c1-424b-9868-57a2d4851a1d" />
    <TestEntry testId="4e28cde3-2288-16fe-42bd-9acfc8da8ab8" executionId="2f5ae205-8de0-4e22-bb42-dadd4b932f2a" testListId="8c84fa94-04c1-424b-9868-57a2d4851a1d" />
    <TestEntry testId="543eb888-c955-88ac-ade4-b08205384b3c" executionId="5c0bf7fb-c0a8-4738-a3a4-88da28c421b6" testListId="8c84fa94-04c1-424b-9868-57a2d4851a1d" />
    <TestEntry testId="5612bdfa-8071-6785-2a45-10f6be5e8f26" executionId="4f82d756-44ac-4c85-972c-5d0565a45fcd" testListId="8c84fa94-04c1-424b-9868-57a2d4851a1d" />
    <TestEntry testId="62798b4c-6487-1c18-a52f-27bcf86f3077" executionId="66682819-3263-403f-bbc1-dae20f61080a" testListId="8c84fa94-04c1-424b-9868-57a2d4851a1d" />
    <TestEntry testId="6996e867-c2f4-dd50-8845-0ece69cbb0bd" executionId="d40eb893-48ff-4452-8c43-65abfb4f37eb" testListId="8c84fa94-04c1-424b-9868-57a2d4851a1d" />
    <TestEntry testId="6ac281c6-5261-f907-da1b-259c563f3a56" executionId="85a8a32b-611c-40aa-840f-9054a97bcf2e" testListId="8c84fa94-04c1-424b-9868-57a2d4851a1d" />
    <TestEntry testId="81a7cb90-e333-c13a-cb1a-70bd93111e57" executionId="24b01e12-d230-4715-a240-c1bc2514dac4" testListId="8c84fa94-04c1-424b-9868-57a2d4851a1d" />
    <TestEntry testId="8418000c-0d68-bb60-a56c-50e4bb8c38bc" executionId="13eacf64-f4c0-4d55-9213-d8671af3da76" testListId="8c84fa94-04c1-424b-9868-57a2d4851a1d" />
    <TestEntry testId="86647a27-2eca-c19f-dae9-e1e0f399b670" executionId="385973b0-699d-4bb5-b5e0-0fb934e82c22" testListId="8c84fa94-04c1-424b-9868-57a2d4851a1d" />
    <TestEntry testId="87122438-a45a-e865-0f8f-8ad5d29f0080" executionId="677c6452-ca2a-4786-8dfc-00dafbca4e97" testListId="8c84fa94-04c1-424b-9868-57a2d4851a1d" />
    <TestEntry testId="87ab8728-5a69-9cbf-9de5-52c1ebf86e55" executionId="1e8dbfa6-cc2c-4429-a7e0-5bc2c45a2b49" testListId="8c84fa94-04c1-424b-9868-57a2d4851a1d" />
    <TestEntry testId="9400351a-0176-9c1e-51e1-975e9aa5fcab" executionId="781e4b4a-ae38-46e4-a71f-54d66a557454" testListId="8c84fa94-04c1-424b-9868-57a2d4851a1d" />
    <TestEntry testId="94b17937-23fa-82e6-1780-93be4fa60daa" executionId="2eca7ac5-a56f-4840-968f-98fc14559f38" testListId="8c84fa94-04c1-424b-9868-57a2d4851a1d" />
    <TestEntry testId="976f7abd-3a44-9389-443e-407970b6257c" executionId="14ba4909-8c8f-40b6-b5d4-ac923663a7b1" testListId="8c84fa94-04c1-424b-9868-57a2d4851a1d" />
    <TestEntry testId="9c059ac2-daae-689d-1f4c-38c96bde6e85" executionId="5f10fb8a-9065-4242-9a25-26428547c078" testListId="8c84fa94-04c1-424b-9868-57a2d4851a1d" />
    <TestEntry testId="a691e6b4-e492-6f43-4f53-2977f4327922" executionId="4e04ffcb-b955-4486-8070-fca63511a5c6" testListId="8c84fa94-04c1-424b-9868-57a2d4851a1d" />
    <TestEntry testId="a82fbc82-f21c-d387-9af8-11af4d5fa2e8" executionId="b7a8400f-d6b2-4dc2-90a9-d5ee67b53c1c" testListId="8c84fa94-04c1-424b-9868-57a2d4851a1d" />
    <TestEntry testId="a8cce3cc-1f6a-62e7-ba0d-5e20ad7a8d10" executionId="446fb69d-aa45-472f-ae28-b32340760fa5" testListId="8c84fa94-04c1-424b-9868-57a2d4851a1d" />
    <TestEntry testId="afc71e7e-7598-1420-6126-d4cf9a40ddfe" executionId="47890496-5bb9-41d5-b307-e4c73529acf8" testListId="8c84fa94-04c1-424b-9868-57a2d4851a1d" />
    <TestEntry testId="afdaa493-65bf-f260-c382-6723d3f0a59d" executionId="97ee22fb-a811-4c25-b456-a0afbfa6a6ff" testListId="8c84fa94-04c1-424b-9868-57a2d4851a1d" />
    <TestEntry testId="bcb441b9-e647-9f40-49e6-fd9d18cfc62b" executionId="a04a216e-e4ed-4aa0-973d-bc68324d71f6" testListId="8c84fa94-04c1-424b-9868-57a2d4851a1d" />
    <TestEntry testId="c4203e4f-b59e-0d54-085a-1ab34f49edd9" executionId="4ce43331-9404-485c-bd8d-77d3a4bc0367" testListId="8c84fa94-04c1-424b-9868-57a2d4851a1d" />
    <TestEntry testId="d3d77ffc-9e4b-c939-e464-607b2ace85b5" executionId="e7d0e4f7-7e8a-402d-8efa-ae6e8fac556c" testListId="8c84fa94-04c1-424b-9868-57a2d4851a1d" />
    <TestEntry testId="ef2e5a6d-8764-ea3a-2b11-a77da1492a16" executionId="d3f35839-af91-4c0a-8df6-c71353e38cc7" testListId="8c84fa94-04c1-424b-9868-57a2d4851a1d" />
    <TestEntry testId="f8117bbb-c7e5-e9b5-d0ec-69ac4f2ec7f3" executionId="0e6aba44-67bc-43ec-8bb9-007c8ab822cd" testListId="8c84fa94-04c1-424b-9868-57a2d4851a1d" />
    <TestEntry testId="fa854480-66b4-f42e-a091-7810fa16d859" executionId="a3b7ea2e-e807-4384-b46e-6a3d9eed4518" testListId="8c84fa94-04c1-424b-9868-57a2d4851a1d" />
  </TestEntries>
  <Results>
    <UnitTestResult executionId="ff9f0e9f-195b-4ae1-8548-9f439bc08aa2" testId="05440f39-53b0-99ca-f3bb-be1fb1d2de03" testName="GetSourceRectangle_Test" computerName="BENGOODING" duration="00:00:00.4076296" startTime="2012-04-09T20:28:47.2469226-05:00" endTime="2012-04-09T20:28:48.1179725-05:00" testType="13cdc9d9-ddb5-4fa4-a97d-d965ccfc6d4b" outcome="Passed" testListId="8c84fa94-04c1-424b-9868-57a2d4851a1d" relativeResultsDirectory="ff9f0e9f-195b-4ae1-8548-9f439bc08aa2">
    </UnitTestResult>
    <UnitTestResult executionId="c9a1cd8d-d39a-47f0-b40f-98a061447d8b" testId="08faea89-f632-3b4a-0340-2058f8f4c634" testName="firedYPosition_Test" computerName="BENGOODING" duration="00:00:00.0072950" startTime="2012-04-09T20:28:48.1319733-05:00" endTime="2012-04-09T20:28:48.1459741-05:00" testType="13cdc9d9-ddb5-4fa4-a97d-d965ccfc6d4b" outcome="Passed" testListId="8c84fa94-04c1-424b-9868-57a2d4851a1d" relativeResultsDirectory="c9a1cd8d-d39a-47f0-b40f-98a061447d8b">
    </UnitTestResult>
    <UnitTestResult executionId="11fd2242-9962-4729-a72d-4a575f438676" testId="0fa67a85-ae25-69c2-5a09-b8b613f54f76" testName="BackgroundFileHeight_Test" computerName="BENGOODING" duration="00:00:00.0018025" startTime="2012-04-09T20:28:48.1479742-05:00" endTime="2012-04-09T20:28:48.1639751-05:00" testType="13cdc9d9-ddb5-4fa4-a97d-d965ccfc6d4b" outcome="Passed" testListId="8c84fa94-04c1-424b-9868-57a2d4851a1d" relativeResultsDirectory="11fd2242-9962-4729-a72d-4a575f438676">
    </UnitTestResult>
    <UnitTestResult executionId="1e3a519e-a4b5-44a0-bfe3-327782066ba4" testId="13a2b77f-a479-ee36-9305-265bae173238" testName="TestMethod1" computerName="BENGOODING" duration="00:00:00.0001688" startTime="2012-04-09T20:28:48.1649751-05:00" endTime="2012-04-09T20:28:48.1749757-05:00" testType="13cdc9d9-ddb5-4fa4-a97d-d965ccfc6d4b" outcome="Passed" testListId="8c84fa94-04c1-424b-9868-57a2d4851a1d" relativeResultsDirectory="1e3a519e-a4b5-44a0-bfe3-327782066ba4">
    </UnitTestResult>
    <UnitTestResult executionId="7a06e629-8915-4ea0-a155-a261fb3ff8cb" testId="1a398b36-5750-e38c-43d2-347c54381fe9" testName="Update_Test" computerName="BENGOODING" duration="00:00:00.0034527" startTime="2012-04-09T20:28:48.2109778-05:00" endTime="2012-04-09T20:28:48.2729813-05:00" testType="13cdc9d9-ddb5-4fa4-a97d-d965ccfc6d4b" outcome="Passed" testListId="8c84fa94-04c1-424b-9868-57a2d4851a1d" relativeResultsDirectory="7a06e629-8915-4ea0-a155-a261fb3ff8cb">
    </UnitTestResult>
    <UnitTestResult executionId="03922735-2649-4674-962c-d54bca8d7e58" testId="22c222ce-44b6-8dcd-bd1f-08a79cdcc566" testName="Update_Test" computerName="BENGOODING" duration="00:00:00.0012220" startTime="2012-04-09T20:28:48.2789817-05:00" endTime="2012-04-09T20:28:48.2839820-05:00" testType="13cdc9d9-ddb5-4fa4-a97d-d965ccfc6d4b" outcome="Passed" testListId="8c84fa94-04c1-424b-9868-57a2d4851a1d" relativeResultsDirectory="03922735-2649-4674-962c-d54bca8d7e58">
    </UnitTestResult>
    <UnitTestResult executionId="8305eb0e-691f-472e-9cb9-4f06376a3184" testId="23b15399-36ff-4c54-84a2-1c78b3074b3e" testName="XPosition_Test" computerName="BENGOODING" duration="00:00:00.0003823" startTime="2012-04-09T20:28:48.2879822-05:00" endTime="2012-04-09T20:28:48.2939825-05:00" testType="13cdc9d9-ddb5-4fa4-a97d-d965ccfc6d4b" outcome="Passed" testListId="8c84fa94-04c1-424b-9868-57a2d4851a1d" relativeResultsDirectory="8305eb0e-691f-472e-9cb9-4f06376a3184">
    </UnitTestResult>
    <UnitTestResult executionId="a1f22a9a-ea96-4d1e-a826-89a7c8428b09" testId="35329af0-07a5-033a-84c4-7cc0b89d3ef6" testName="FrameLength_Test" computerName="BENGOODING" duration="00:00:00.0006148" startTime="2012-04-09T20:28:48.2989828-05:00" endTime="2012-04-09T20:28:48.3029830-05:00" testType="13cdc9d9-ddb5-4fa4-a97d-d965ccfc6d4b" outcome="Passed" testListId="8c84fa94-04c1-424b-9868-57a2d4851a1d" relativeResultsDirectory="a1f22a9a-ea96-4d1e-a826-89a7c8428b09">
    </UnitTestResult>
    <UnitTestResult executionId="0d421cbc-28df-4410-9940-c68778f2128d" testId="3f091cc2-7fe8-3b03-1d8c-8f24ef9fa1c5" testName="createdInActive_Test" computerName="BENGOODING" duration="00:00:00.0004532" startTime="2012-04-09T20:28:48.3089834-05:00" endTime="2012-04-09T20:28:48.3129836-05:00" testType="13cdc9d9-ddb5-4fa4-a97d-d965ccfc6d4b" outcome="Passed" testListId="8c84fa94-04c1-424b-9868-57a2d4851a1d" relativeResultsDirectory="0d421cbc-28df-4410-9940-c68778f2128d">
    </UnitTestResult>
    <UnitTestResult executionId="2f5ae205-8de0-4e22-bb42-dadd4b932f2a" testId="4e28cde3-2288-16fe-42bd-9acfc8da8ab8" testName="Frame_Test" computerName="BENGOODING" duration="00:00:00.0003782" startTime="2012-04-09T20:28:48.3179839-05:00" endTime="2012-04-09T20:28:48.3219841-05:00" testType="13cdc9d9-ddb5-4fa4-a97d-d965ccfc6d4b" outcome="Passed" testListId="8c84fa94-04c1-424b-9868-57a2d4851a1d" relativeResultsDirectory="2f5ae205-8de0-4e22-bb42-dadd4b932f2a">
    </UnitTestResult>
    <UnitTestResult executionId="5c0bf7fb-c0a8-4738-a3a4-88da28c421b6" testId="543eb888-c955-88ac-ade4-b08205384b3c" testName="Thrusting_Test" computerName="BENGOODING" duration="00:00:00.0004629" startTime="2012-04-09T20:28:48.3269844-05:00" endTime="2012-04-09T20:28:48.3319847-05:00" testType="13cdc9d9-ddb5-4fa4-a97d-d965ccfc6d4b" outcome="Passed" testListId="8c84fa94-04c1-424b-9868-57a2d4851a1d" relativeResultsDirectory="5c0bf7fb-c0a8-4738-a3a4-88da28c421b6">
    </UnitTestResult>
    <UnitTestResult executionId="4f82d756-44ac-4c85-972c-5d0565a45fcd" testId="5612bdfa-8071-6785-2a45-10f6be5e8f26" testName="BackgroundFileWidth_Test" computerName="BENGOODING" duration="00:00:00.0004542" startTime="2012-04-09T20:28:48.3359849-05:00" endTime="2012-04-09T20:28:48.3409852-05:00" testType="13cdc9d9-ddb5-4fa4-a97d-d965ccfc6d4b" outcome="Passed" testListId="8c84fa94-04c1-424b-9868-57a2d4851a1d" relativeResultsDirectory="4f82d756-44ac-4c85-972c-5d0565a45fcd">
    </UnitTestResult>
    <UnitTestResult executionId="66682819-3263-403f-bbc1-dae20f61080a" testId="62798b4c-6487-1c18-a52f-27bcf86f3077" testName="ScrollRate_Test" computerName="BENGOODING" duration="00:00:00.0005312" startTime="2012-04-09T20:28:48.3459855-05:00" endTime="2012-04-09T20:28:48.3509858-05:00" testType="13cdc9d9-ddb5-4fa4-a97d-d965ccfc6d4b" outcome="Passed" testListId="8c84fa94-04c1-424b-9868-57a2d4851a1d" relativeResultsDirectory="66682819-3263-403f-bbc1-dae20f61080a">
    </UnitTestResult>
    <UnitTestResult executionId="d40eb893-48ff-4452-8c43-65abfb4f37eb" testId="6996e867-c2f4-dd50-8845-0ece69cbb0bd" testName="TestType" computerName="BENGOODING" duration="00:00:00.1475047" startTime="2012-04-09T20:28:48.3569861-05:00" endTime="2012-04-09T20:28:48.5089948-05:00" testType="13cdc9d9-ddb5-4fa4-a97d-d965ccfc6d4b" outcome="Failed" testListId="8c84fa94-04c1-424b-9868-57a2d4851a1d" relativeResultsDirectory="d40eb893-48ff-4452-8c43-65abfb4f37eb">
      <Output>
        <ErrorInfo>
          <Message>Assert.IsInstanceOfType failed.  Expected type:&lt;Project_Starfighter.InstructionsScreen&gt;. Actual type:&lt;(null)&gt;.</Message>
          <StackTrace>   at Project_Starfighter_Test.InstructionsScreen_Test.TestType() in C:\Users\Ben\Documents\School\Spring 12\Team15\Project Starfighter\Project Starfighter Test\InstructionsScreen_Test.cs:line 48
</StackTrace>
        </ErrorInfo>
      </Output>
    </UnitTestResult>
    <UnitTestResult executionId="85a8a32b-611c-40aa-840f-9054a97bcf2e" testId="6ac281c6-5261-f907-da1b-259c563f3a56" testName="YPosition_Test" computerName="BENGOODING" duration="00:00:00.0005466" startTime="2012-04-09T20:28:48.5219956-05:00" endTime="2012-04-09T20:28:48.5289960-05:00" testType="13cdc9d9-ddb5-4fa4-a97d-d965ccfc6d4b" outcome="Passed" testListId="8c84fa94-04c1-424b-9868-57a2d4851a1d" relativeResultsDirectory="85a8a32b-611c-40aa-840f-9054a97bcf2e">
    </UnitTestResult>
    <UnitTestResult executionId="24b01e12-d230-4715-a240-c1bc2514dac4" testId="81a7cb90-e333-c13a-cb1a-70bd93111e57" testName="ShipMovingUp_Test" computerName="BENGOODING" duration="00:00:00.0035261" startTime="2012-04-09T20:28:48.5349963-05:00" endTime="2012-04-09T20:28:48.5419967-05:00" testType="13cdc9d9-ddb5-4fa4-a97d-d965ccfc6d4b" outcome="Passed" testListId="8c84fa94-04c1-424b-9868-57a2d4851a1d" relativeResultsDirectory="24b01e12-d230-4715-a240-c1bc2514dac4">
    </UnitTestResult>
    <UnitTestResult executionId="13eacf64-f4c0-4d55-9213-d8671af3da76" testId="8418000c-0d68-bb60-a56c-50e4bb8c38bc" testName="XPosition_Test" computerName="BENGOODING" duration="00:00:00.0009156" startTime="2012-04-09T20:28:48.5449969-05:00" endTime="2012-04-09T20:28:48.5509972-05:00" testType="13cdc9d9-ddb5-4fa4-a97d-d965ccfc6d4b" outcome="Passed" testListId="8c84fa94-04c1-424b-9868-57a2d4851a1d" relativeResultsDirectory="13eacf64-f4c0-4d55-9213-d8671af3da76">
    </UnitTestResult>
    <UnitTestResult executionId="385973b0-699d-4bb5-b5e0-0fb934e82c22" testId="86647a27-2eca-c19f-dae9-e1e0f399b670" testName="IsAnimating_Test" computerName="BENGOODING" duration="00:00:00.0014237" startTime="2012-04-09T20:28:48.5559975-05:00" endTime="2012-04-09T20:28:48.5619979-05:00" testType="13cdc9d9-ddb5-4fa4-a97d-d965ccfc6d4b" outcome="Passed" testListId="8c84fa94-04c1-424b-9868-57a2d4851a1d" relativeResultsDirectory="385973b0-699d-4bb5-b5e0-0fb934e82c22">
    </UnitTestResult>
    <UnitTestResult executionId="677c6452-ca2a-4786-8dfc-00dafbca4e97" testId="87122438-a45a-e865-0f8f-8ad5d29f0080" testName="BoundingBox_Test" computerName="BENGOODING" duration="00:00:00.0007811" startTime="2012-04-09T20:28:48.5679982-05:00" endTime="2012-04-09T20:28:48.5719984-05:00" testType="13cdc9d9-ddb5-4fa4-a97d-d965ccfc6d4b" outcome="Passed" testListId="8c84fa94-04c1-424b-9868-57a2d4851a1d" relativeResultsDirectory="677c6452-ca2a-4786-8dfc-00dafbca4e97">
    </UnitTestResult>
    <UnitTestResult executionId="1e8dbfa6-cc2c-4429-a7e0-5bc2c45a2b49" testId="87ab8728-5a69-9cbf-9de5-52c1ebf86e55" testName="ShipMovingLeft_Test" computerName="BENGOODING" duration="00:00:00.0006482" startTime="2012-04-09T20:28:48.5779988-05:00" endTime="2012-04-09T20:28:48.5819990-05:00" testType="13cdc9d9-ddb5-4fa4-a97d-d965ccfc6d4b" outcome="Passed" testListId="8c84fa94-04c1-424b-9868-57a2d4851a1d" relativeResultsDirectory="1e8dbfa6-cc2c-4429-a7e0-5bc2c45a2b49">
    </UnitTestResult>
    <UnitTestResult executionId="781e4b4a-ae38-46e4-a71f-54d66a557454" testId="9400351a-0176-9c1e-51e1-975e9aa5fcab" testName="AccelRate_Test" computerName="BENGOODING" duration="00:00:00.0006857" startTime="2012-04-09T20:28:48.5869993-05:00" endTime="2012-04-09T20:28:48.5949997-05:00" testType="13cdc9d9-ddb5-4fa4-a97d-d965ccfc6d4b" outcome="Passed" testListId="8c84fa94-04c1-424b-9868-57a2d4851a1d" relativeResultsDirectory="781e4b4a-ae38-46e4-a71f-54d66a557454">
    </UnitTestResult>
    <UnitTestResult executionId="2eca7ac5-a56f-4840-968f-98fc14559f38" testId="94b17937-23fa-82e6-1780-93be4fa60daa" testName="YPosition_Test" computerName="BENGOODING" duration="00:00:00.0020397" startTime="2012-04-09T20:28:48.5969999-05:00" endTime="2012-04-09T20:28:48.6040003-05:00" testType="13cdc9d9-ddb5-4fa4-a97d-d965ccfc6d4b" outcome="Passed" testListId="8c84fa94-04c1-424b-9868-57a2d4851a1d" relativeResultsDirectory="2eca7ac5-a56f-4840-968f-98fc14559f38">
    </UnitTestResult>
    <UnitTestResult executionId="14ba4909-8c8f-40b6-b5d4-ac923663a7b1" testId="976f7abd-3a44-9389-443e-407970b6257c" testName="BoundingBox_Test" computerName="BENGOODING" duration="00:00:00.0017558" startTime="2012-04-09T20:28:48.6060004-05:00" endTime="2012-04-09T20:28:48.6130008-05:00" testType="13cdc9d9-ddb5-4fa4-a97d-d965ccfc6d4b" outcome="Passed" testListId="8c84fa94-04c1-424b-9868-57a2d4851a1d" relativeResultsDirectory="14ba4909-8c8f-40b6-b5d4-ac923663a7b1">
    </UnitTestResult>
    <UnitTestResult executionId="5f10fb8a-9065-4242-9a25-26428547c078" testId="9c059ac2-daae-689d-1f4c-38c96bde6e85" testName="Facing_Test" computerName="BENGOODING" duration="00:00:00.0007811" startTime="2012-04-09T20:28:48.6160009-05:00" endTime="2012-04-09T20:28:48.6200012-05:00" testType="13cdc9d9-ddb5-4fa4-a97d-d965ccfc6d4b" outcome="Passed" testListId="8c84fa94-04c1-424b-9868-57a2d4851a1d" relativeResultsDirectory="5f10fb8a-9065-4242-9a25-26428547c078">
    </UnitTestResult>
    <UnitTestResult executionId="4e04ffcb-b955-4486-8070-fca63511a5c6" testId="a691e6b4-e492-6f43-4f53-2977f4327922" testName="TestScreen" computerName="BENGOODING" duration="00:00:00.0091001" startTime="2012-04-09T20:28:48.6220013-05:00" endTime="2012-04-09T20:28:48.6360021-05:00" testType="13cdc9d9-ddb5-4fa4-a97d-d965ccfc6d4b" outcome="Failed" testListId="8c84fa94-04c1-424b-9868-57a2d4851a1d" relativeResultsDirectory="4e04ffcb-b955-4486-8070-fca63511a5c6">
      <Output>
        <ErrorInfo>
          <Message>Assert.IsNotNull failed. </Message>
          <StackTrace>   at Project_Starfighter_Test.InstructionsScreen_Test.TestScreen() in C:\Users\Ben\Documents\School\Spring 12\Team15\Project Starfighter\Project Starfighter Test\InstructionsScreen_Test.cs:line 42
</StackTrace>
        </ErrorInfo>
      </Output>
    </UnitTestResult>
    <UnitTestResult executionId="b7a8400f-d6b2-4dc2-90a9-d5ee67b53c1c" testId="a82fbc82-f21c-d387-9af8-11af4d5fa2e8" testName="fired_Test" computerName="BENGOODING" duration="00:00:00.0065893" startTime="2012-04-09T20:28:48.6380022-05:00" endTime="2012-04-09T20:28:48.6480028-05:00" testType="13cdc9d9-ddb5-4fa4-a97d-d965ccfc6d4b" outcome="Passed" testListId="8c84fa94-04c1-424b-9868-57a2d4851a1d" relativeResultsDirectory="b7a8400f-d6b2-4dc2-90a9-d5ee67b53c1c">
    </UnitTestResult>
    <UnitTestResult executionId="446fb69d-aa45-472f-ae28-b32340760fa5" testId="a8cce3cc-1f6a-62e7-ba0d-5e20ad7a8d10" testName="firedXPosition_Test" computerName="BENGOODING" duration="00:00:00.0004106" startTime="2012-04-09T20:28:48.6580033-05:00" endTime="2012-04-09T20:28:48.6630036-05:00" testType="13cdc9d9-ddb5-4fa4-a97d-d965ccfc6d4b" outcome="Passed" testListId="8c84fa94-04c1-424b-9868-57a2d4851a1d" relativeResultsDirectory="446fb69d-aa45-472f-ae28-b32340760fa5">
    </UnitTestResult>
    <UnitTestResult executionId="47890496-5bb9-41d5-b307-e4c73529acf8" testId="afc71e7e-7598-1420-6126-d4cf9a40ddfe" testName="ShipMovingDown_Test" computerName="BENGOODING" duration="00:00:00.0003320" startTime="2012-04-09T20:28:48.6660038-05:00" endTime="2012-04-09T20:28:48.6710041-05:00" testType="13cdc9d9-ddb5-4fa4-a97d-d965ccfc6d4b" outcome="Passed" testListId="8c84fa94-04c1-424b-9868-57a2d4851a1d" relativeResultsDirectory="47890496-5bb9-41d5-b307-e4c73529acf8">
    </UnitTestResult>
    <UnitTestResult executionId="97ee22fb-a811-4c25-b456-a0afbfa6a6ff" testId="afdaa493-65bf-f260-c382-6723d3f0a59d" testName="BackgroundOffset_Test" computerName="BENGOODING" duration="00:00:00.0005255" startTime="2012-04-09T20:28:48.6770044-05:00" endTime="2012-04-09T20:28:48.6810047-05:00" testType="13cdc9d9-ddb5-4fa4-a97d-d965ccfc6d4b" outcome="Passed" testListId="8c84fa94-04c1-424b-9868-57a2d4851a1d" relativeResultsDirectory="97ee22fb-a811-4c25-b456-a0afbfa6a6ff">
    </UnitTestResult>
    <UnitTestResult executionId="a04a216e-e4ed-4aa0-973d-bc68324d71f6" testId="bcb441b9-e647-9f40-49e6-fd9d18cfc62b" testName="XPosition_Test" computerName="BENGOODING" duration="00:00:00.0004732" startTime="2012-04-09T20:28:48.6860049-05:00" endTime="2012-04-09T20:28:48.6900052-05:00" testType="13cdc9d9-ddb5-4fa4-a97d-d965ccfc6d4b" outcome="Passed" testListId="8c84fa94-04c1-424b-9868-57a2d4851a1d" relativeResultsDirectory="a04a216e-e4ed-4aa0-973d-bc68324d71f6">
    </UnitTestResult>
    <UnitTestResult executionId="4ce43331-9404-485c-bd8d-77d3a4bc0367" testId="c4203e4f-b59e-0d54-085a-1ab34f49edd9" testName="YPosition_Test" computerName="BENGOODING" duration="00:00:00.0003690" startTime="2012-04-09T20:28:48.6950055-05:00" endTime="2012-04-09T20:28:48.7000057-05:00" testType="13cdc9d9-ddb5-4fa4-a97d-d965ccfc6d4b" outcome="Passed" testListId="8c84fa94-04c1-424b-9868-57a2d4851a1d" relativeResultsDirectory="4ce43331-9404-485c-bd8d-77d3a4bc0367">
    </UnitTestResult>
    <UnitTestResult executionId="e7d0e4f7-7e8a-402d-8efa-ae6e8fac556c" testId="d3d77ffc-9e4b-c939-e464-607b2ace85b5" testName="ShipMovingRight_Test" computerName="BENGOODING" duration="00:00:00.0003947" startTime="2012-04-09T20:28:48.7070062-05:00" endTime="2012-04-09T20:28:48.7120064-05:00" testType="13cdc9d9-ddb5-4fa4-a97d-d965ccfc6d4b" outcome="Passed" testListId="8c84fa94-04c1-424b-9868-57a2d4851a1d" relativeResultsDirectory="e7d0e4f7-7e8a-402d-8efa-ae6e8fac556c">
    </UnitTestResult>
    <UnitTestResult executionId="d3f35839-af91-4c0a-8df6-c71353e38cc7" testId="ef2e5a6d-8764-ea3a-2b11-a77da1492a16" testName="BackgroundHeight_Test" computerName="BENGOODING" duration="00:00:00.0004254" startTime="2012-04-09T20:28:48.7160067-05:00" endTime="2012-04-09T20:28:48.7210070-05:00" testType="13cdc9d9-ddb5-4fa4-a97d-d965ccfc6d4b" outcome="Passed" testListId="8c84fa94-04c1-424b-9868-57a2d4851a1d" relativeResultsDirectory="d3f35839-af91-4c0a-8df6-c71353e38cc7">
    </UnitTestResult>
    <UnitTestResult executionId="0e6aba44-67bc-43ec-8bb9-007c8ab822cd" testId="f8117bbb-c7e5-e9b5-d0ec-69ac4f2ec7f3" testName="BackgroundWidth_Test" computerName="BENGOODING" duration="00:00:00.0005035" startTime="2012-04-09T20:28:48.7230071-05:00" endTime="2012-04-09T20:28:48.7310075-05:00" testType="13cdc9d9-ddb5-4fa4-a97d-d965ccfc6d4b" outcome="Passed" testListId="8c84fa94-04c1-424b-9868-57a2d4851a1d" relativeResultsDirectory="0e6aba44-67bc-43ec-8bb9-007c8ab822cd">
    </UnitTestResult>
    <UnitTestResult executionId="a3b7ea2e-e807-4384-b46e-6a3d9eed4518" testId="fa854480-66b4-f42e-a091-7810fa16d859" testName="Ammo_Update_Test" computerName="BENGOODING" duration="00:00:00.0025370" startTime="2012-04-09T20:28:48.7330076-05:00" endTime="2012-04-09T20:28:48.7410081-05:00" testType="13cdc9d9-ddb5-4fa4-a97d-d965ccfc6d4b" outcome="Failed" testListId="8c84fa94-04c1-424b-9868-57a2d4851a1d" relativeResultsDirectory="a3b7ea2e-e807-4384-b46e-6a3d9eed4518">
      <Output>
        <ErrorInfo>
          <Message>Assert.AreEqual failed. Expected:&lt;33&gt;. Actual:&lt;21&gt;. </Message>
          <StackTrace>   at Project_Starfighter_Test.Ammo_Test.Ammo_Update_Test() in C:\Users\Ben\Documents\School\Spring 12\Team15\Project Starfighter\Project Starfighter Test\Ammo_Test.cs:line 86
</StackTrace>
        </ErrorInfo>
      </Output>
    </UnitTestResult>
  </Results>
</TestRun>