<?xml version="1.0" encoding="UTF-8"?>
<TestRun id="98200b16-4c70-4951-a987-b6fa7c2f2449" name="Ben@BENGOODING 2012-05-01 05:09:26" runUser="BenGooding\Ben" xmlns="http://microsoft.com/schemas/VisualStudio/TeamTest/2010">
  <TestSettings name="Local" id="8938d3c6-cbd1-4798-a27b-390f29bff55a">
    <Description>These are default test settings for a local test run.</Description>
    <Deployment enabled="false" runDeploymentRoot="Ben_BENGOODING 2012-05-01 05_09_26">
      <DeploymentItem filename="C:\Users\Ben\Documents\School\Spring 12\Team15\Project Starfighter\Project Starfighter Test\Rhino.Mocks\Rhino.Mocks.dll" />
      <DeploymentItem filename="C:\Users\Ben\Documents\School\Spring 12\Team15\Project Starfighter\Project Starfighter\Project Starfighter\bin\x86\Debug\Project Starfighter.exe" />
    </Deployment>
    <Execution>
      <TestTypeSpecific />
      <AgentRule name="Execution Agents">
      </AgentRule>
    </Execution>
  </TestSettings>
  <Times creation="2012-05-01T05:09:26.4907262-05:00" queuing="2012-05-01T05:09:26.6467351-05:00" start="2012-05-01T05:09:26.7487410-05:00" finish="2012-05-01T05:09:28.0138133-05:00" />
  <ResultSummary outcome="Failed">
    <Counters total="1" executed="1" error="0" failed="1" timeout="0" aborted="0" inconclusive="0" passedButRunAborted="0" notRunnable="0" notExecuted="0" disconnected="0" warning="0" passed="0" completed="0" inProgress="0" pending="0" />
  </ResultSummary>
  <TestDefinitions>
    <UnitTest name="UpdateScore_Test" storage="c:\users\ben\documents\school\spring 12\team15\project starfighter\project starfighter test\bin\debug\project starfighter test.dll" id="0473c3ca-d0ae-9015-9146-c87b8b88ab15">
      <Execution id="05b0c512-7357-470f-9599-12f6637ca35d" />
      <TestMethod codeBase="C:/Users/Ben/Documents/School/Spring 12/Team15/Project Starfighter/Project Starfighter Test/bin/Debug/Project Starfighter Test.DLL" adapterTypeName="Microsoft.VisualStudio.TestTools.TestTypes.Unit.UnitTestAdapter, Microsoft.VisualStudio.QualityTools.Tips.UnitTest.Adapter, Version=10.0.0.0, Culture=neutral, PublicKeyToken=b03f5f7f11d50a3a" className="Project_Starfighter_Test.VictoryScreen_Test, Project Starfighter Test, Version=1.0.0.0, Culture=neutral, PublicKeyToken=null" name="UpdateScore_Test" />
    </UnitTest>
  </TestDefinitions>
  <TestLists>
    <TestList name="Results Not in a List" id="8c84fa94-04c1-424b-9868-57a2d4851a1d" />
    <TestList name="All Loaded Results" id="19431567-8539-422a-85d7-44ee4e166bda" />
  </TestLists>
  <TestEntries>
    <TestEntry testId="0473c3ca-d0ae-9015-9146-c87b8b88ab15" executionId="05b0c512-7357-470f-9599-12f6637ca35d" testListId="8c84fa94-04c1-424b-9868-57a2d4851a1d" />
  </TestEntries>
  <Results>
    <UnitTestResult executionId="05b0c512-7357-470f-9599-12f6637ca35d" testId="0473c3ca-d0ae-9015-9146-c87b8b88ab15" testName="UpdateScore_Test" computerName="BENGOODING" duration="00:00:00.4306157" startTime="2012-05-01T05:09:26.9537527-05:00" endTime="2012-05-01T05:09:27.8838059-05:00" testType="13cdc9d9-ddb5-4fa4-a97d-d965ccfc6d4b" outcome="Failed" testListId="8c84fa94-04c1-424b-9868-57a2d4851a1d" relativeResultsDirectory="05b0c512-7357-470f-9599-12f6637ca35d">
      <Output>
        <ErrorInfo>
          <Message>Initialization method Project_Starfighter_Test.VictoryScreen_Test.Initialize threw exception. System.NullReferenceException: System.NullReferenceException: Object reference not set to an instance of an object..</Message>
          <StackTrace>    at Project_Starfighter.MenuComponent.MeasureMenu() in C:\Users\Ben\Documents\School\Spring 12\Team15\Project Starfighter\Project Starfighter\Project Starfighter\MenuComponent.cs:line 80
   at Project_Starfighter.MenuComponent..ctor(Game game, SpriteBatch spriteBatch, SpriteFont spriteFont, String[] menuItems) in C:\Users\Ben\Documents\School\Spring 12\Team15\Project Starfighter\Project Starfighter\Project Starfighter\MenuComponent.cs:line 68
   at Project_Starfighter.VictoryScreen..ctor(Game game, SpriteBatch spriteBatch, SpriteFont spriteFont, Texture2D image) in C:\Users\Ben\Documents\School\Spring 12\Team15\Project Starfighter\Project Starfighter\Project Starfighter\VictoryScreen.cs:line 41
   at Project_Starfighter_Test.VictoryScreen_Test.Initialize() in C:\Users\Ben\Documents\School\Spring 12\Team15\Project Starfighter\Project Starfighter Test\VictoryScreen_Test.cs:line 31
</StackTrace>
        </ErrorInfo>
      </Output>
    </UnitTestResult>
  </Results>
</TestRun>