<?xml version="1.0" encoding="UTF-8"?>
<TestRun id="c4b8467d-8dca-451f-962e-529cdf2878c8" name="Ben@BENGOODING 2012-04-18 14:02:27" runUser="BenGooding\Ben" xmlns="http://microsoft.com/schemas/VisualStudio/TeamTest/2010">
  <TestSettings name="Local" id="8938d3c6-cbd1-4798-a27b-390f29bff55a">
    <Description>These are default test settings for a local test run.</Description>
    <Deployment enabled="false" runDeploymentRoot="Ben_BENGOODING 2012-04-18 14_02_27">
      <DeploymentItem filename="C:\Users\Ben\Documents\School\Spring 12\Team15\Project Starfighter\Project Starfighter\Project Starfighter\bin\x86\Debug\Project Starfighter.exe" />
    </Deployment>
    <Execution>
      <TestTypeSpecific />
      <AgentRule name="Execution Agents">
      </AgentRule>
    </Execution>
  </TestSettings>
  <Times creation="2012-04-18T14:02:27.5684124-05:00" queuing="2012-04-18T14:02:27.7556128-05:00" start="2012-04-18T14:02:27.8180129-05:00" finish="2012-04-18T14:02:28.3016137-05:00" />
  <ResultSummary outcome="Completed">
    <Counters total="2" executed="2" passed="2" error="0" failed="0" timeout="0" aborted="0" inconclusive="0" passedButRunAborted="0" notRunnable="0" notExecuted="0" disconnected="0" warning="0" completed="0" inProgress="0" pending="0" />
  </ResultSummary>
  <TestDefinitions>
    <UnitTest name="Deactivate_Test" storage="c:\users\ben\documents\school\spring 12\team15\project starfighter\project starfighter test\bin\debug\project starfighter test.dll" id="26f97d93-21e2-c2d6-ae82-40330b00154f">
      <Execution id="02620cee-6457-4636-9927-cf5b7c7a5fe9" />
      <TestMethod codeBase="C:/Users/Ben/Documents/School/Spring 12/Team15/Project Starfighter/Project Starfighter Test/bin/Debug/Project Starfighter Test.DLL" adapterTypeName="Microsoft.VisualStudio.TestTools.TestTypes.Unit.UnitTestAdapter, Microsoft.VisualStudio.QualityTools.Tips.UnitTest.Adapter, Version=10.0.0.0, Culture=neutral, PublicKeyToken=b03f5f7f11d50a3a" className="Project_Starfighter_Test.Enemy2_Test, Project Starfighter Test, Version=1.0.0.0, Culture=neutral, PublicKeyToken=null" name="Deactivate_Test" />
    </UnitTest>
    <UnitTest name="IsActive_Test" storage="c:\users\ben\documents\school\spring 12\team15\project starfighter\project starfighter test\bin\debug\project starfighter test.dll" id="adb3dc2e-288c-7551-7345-feed9c13ce01">
      <Execution id="d28f5c07-3558-4567-abdd-01275983eb53" />
      <TestMethod codeBase="C:/Users/Ben/Documents/School/Spring 12/Team15/Project Starfighter/Project Starfighter Test/bin/Debug/Project Starfighter Test.DLL" adapterTypeName="Microsoft.VisualStudio.TestTools.TestTypes.Unit.UnitTestAdapter, Microsoft.VisualStudio.QualityTools.Tips.UnitTest.Adapter, Version=10.0.0.0, Culture=neutral, PublicKeyToken=b03f5f7f11d50a3a" className="Project_Starfighter_Test.Enemy2_Test, Project Starfighter Test, Version=1.0.0.0, Culture=neutral, PublicKeyToken=null" name="IsActive_Test" />
    </UnitTest>
  </TestDefinitions>
  <TestLists>
    <TestList name="Results Not in a List" id="8c84fa94-04c1-424b-9868-57a2d4851a1d" />
    <TestList name="All Loaded Results" id="19431567-8539-422a-85d7-44ee4e166bda" />
  </TestLists>
  <TestEntries>
    <TestEntry testId="26f97d93-21e2-c2d6-ae82-40330b00154f" executionId="02620cee-6457-4636-9927-cf5b7c7a5fe9" testListId="8c84fa94-04c1-424b-9868-57a2d4851a1d" />
    <TestEntry testId="adb3dc2e-288c-7551-7345-feed9c13ce01" executionId="d28f5c07-3558-4567-abdd-01275983eb53" testListId="8c84fa94-04c1-424b-9868-57a2d4851a1d" />
  </TestEntries>
  <Results>
    <UnitTestResult executionId="02620cee-6457-4636-9927-cf5b7c7a5fe9" testId="26f97d93-21e2-c2d6-ae82-40330b00154f" testName="Deactivate_Test" computerName="BENGOODING" duration="00:00:00.0214883" startTime="2012-04-18T14:02:27.9272131-05:00" endTime="2012-04-18T14:02:28.2704137-05:00" testType="13cdc9d9-ddb5-4fa4-a97d-d965ccfc6d4b" outcome="Passed" testListId="8c84fa94-04c1-424b-9868-57a2d4851a1d" relativeResultsDirectory="02620cee-6457-4636-9927-cf5b7c7a5fe9">
    </UnitTestResult>
    <UnitTestResult executionId="d28f5c07-3558-4567-abdd-01275983eb53" testId="adb3dc2e-288c-7551-7345-feed9c13ce01" testName="IsActive_Test" computerName="BENGOODING" duration="00:00:00.0002663" startTime="2012-04-18T14:02:28.2704137-05:00" endTime="2012-04-18T14:02:28.2704137-05:00" testType="13cdc9d9-ddb5-4fa4-a97d-d965ccfc6d4b" outcome="Passed" testListId="8c84fa94-04c1-424b-9868-57a2d4851a1d" relativeResultsDirectory="d28f5c07-3558-4567-abdd-01275983eb53">
    </UnitTestResult>
  </Results>
</TestRun>