<?xml version="1.0" encoding="UTF-8"?>
<TestRun id="122a5481-d5fa-40a2-babb-22bcb05a4e18" name="Ben@BENGOODING 2012-04-18 13:43:42" runUser="BenGooding\Ben" xmlns="http://microsoft.com/schemas/VisualStudio/TeamTest/2010">
  <TestSettings name="Local" id="8938d3c6-cbd1-4798-a27b-390f29bff55a">
    <Description>These are default test settings for a local test run.</Description>
    <Deployment enabled="false" runDeploymentRoot="Ben_BENGOODING 2012-04-18 13_43_42">
      <DeploymentItem filename="C:\Users\Ben\Documents\School\Spring 12\Team15\Project Starfighter\Project Starfighter\Project Starfighter\bin\x86\Debug\Project Starfighter.exe" />
    </Deployment>
    <Execution>
      <TestTypeSpecific />
      <AgentRule name="Execution Agents">
      </AgentRule>
    </Execution>
  </TestSettings>
  <Times creation="2012-04-18T13:43:42.8668133-05:00" queuing="2012-04-18T13:43:43.0072135-05:00" start="2012-04-18T13:43:43.0540136-05:00" finish="2012-04-18T13:43:44.0212153-05:00" />
  <ResultSummary outcome="Failed">
    <Counters total="3" executed="3" error="0" failed="3" timeout="0" aborted="0" inconclusive="0" passedButRunAborted="0" notRunnable="0" notExecuted="0" disconnected="0" warning="0" passed="0" completed="0" inProgress="0" pending="0" />
  </ResultSummary>
  <TestDefinitions>
    <UnitTest name="HandleActionScreen_Test" storage="c:\users\ben\documents\school\spring 12\team15\project starfighter\project starfighter test\bin\debug\project starfighter test.dll" id="cf3104af-12eb-afd7-c3c5-6b833e146551">
      <Execution id="fd30df80-3381-453b-9e2d-34db30668761" />
      <TestMethod codeBase="C:/Users/Ben/Documents/School/Spring 12/Team15/Project Starfighter/Project Starfighter Test/bin/Debug/Project Starfighter Test.DLL" adapterTypeName="Microsoft.VisualStudio.TestTools.TestTypes.Unit.UnitTestAdapter, Microsoft.VisualStudio.QualityTools.Tips.UnitTest.Adapter, Version=10.0.0.0, Culture=neutral, PublicKeyToken=b03f5f7f11d50a3a" className="Project_Starfighter_Test.Starfighter_Test, Project Starfighter Test, Version=1.0.0.0, Culture=neutral, PublicKeyToken=null" name="HandleActionScreen_Test" />
    </UnitTest>
    <UnitTest name="Test_Load" storage="c:\users\ben\documents\school\spring 12\team15\project starfighter\project starfighter test\bin\debug\project starfighter test.dll" id="613929a0-eef6-02e0-7b2f-4947c95929bb">
      <Execution id="32cd8c83-49a2-4973-82ef-5fab185be0ad" />
      <TestMethod codeBase="C:/Users/Ben/Documents/School/Spring 12/Team15/Project Starfighter/Project Starfighter Test/bin/Debug/Project Starfighter Test.DLL" adapterTypeName="Microsoft.VisualStudio.TestTools.TestTypes.Unit.UnitTestAdapter, Microsoft.VisualStudio.QualityTools.Tips.UnitTest.Adapter, Version=10.0.0.0, Culture=neutral, PublicKeyToken=b03f5f7f11d50a3a" className="Project_Starfighter_Test.Starfighter_Test, Project Starfighter Test, Version=1.0.0.0, Culture=neutral, PublicKeyToken=null" name="Test_Load" />
    </UnitTest>
    <UnitTest name="HandleStartScreen_Test" storage="c:\users\ben\documents\school\spring 12\team15\project starfighter\project starfighter test\bin\debug\project starfighter test.dll" id="e6c69646-595b-0ad2-87cb-e2f497a6e635">
      <Execution id="34fb9b66-615b-4595-9b87-e286734d33bb" />
      <TestMethod codeBase="C:/Users/Ben/Documents/School/Spring 12/Team15/Project Starfighter/Project Starfighter Test/bin/Debug/Project Starfighter Test.DLL" adapterTypeName="Microsoft.VisualStudio.TestTools.TestTypes.Unit.UnitTestAdapter, Microsoft.VisualStudio.QualityTools.Tips.UnitTest.Adapter, Version=10.0.0.0, Culture=neutral, PublicKeyToken=b03f5f7f11d50a3a" className="Project_Starfighter_Test.Starfighter_Test, Project Starfighter Test, Version=1.0.0.0, Culture=neutral, PublicKeyToken=null" name="HandleStartScreen_Test" />
    </UnitTest>
  </TestDefinitions>
  <TestLists>
    <TestList name="Results Not in a List" id="8c84fa94-04c1-424b-9868-57a2d4851a1d" />
    <TestList name="All Loaded Results" id="19431567-8539-422a-85d7-44ee4e166bda" />
  </TestLists>
  <TestEntries>
    <TestEntry testId="613929a0-eef6-02e0-7b2f-4947c95929bb" executionId="32cd8c83-49a2-4973-82ef-5fab185be0ad" testListId="8c84fa94-04c1-424b-9868-57a2d4851a1d" />
    <TestEntry testId="cf3104af-12eb-afd7-c3c5-6b833e146551" executionId="fd30df80-3381-453b-9e2d-34db30668761" testListId="8c84fa94-04c1-424b-9868-57a2d4851a1d" />
    <TestEntry testId="e6c69646-595b-0ad2-87cb-e2f497a6e635" executionId="34fb9b66-615b-4595-9b87-e286734d33bb" testListId="8c84fa94-04c1-424b-9868-57a2d4851a1d" />
  </TestEntries>
  <Results>
    <UnitTestResult executionId="32cd8c83-49a2-4973-82ef-5fab185be0ad" testId="613929a0-eef6-02e0-7b2f-4947c95929bb" testName="Test_Load" computerName="BENGOODING" duration="00:00:00.0716569" startTime="2012-04-18T13:43:43.1164137-05:00" endTime="2012-04-18T13:43:43.7560148-05:00" testType="13cdc9d9-ddb5-4fa4-a97d-d965ccfc6d4b" outcome="Failed" testListId="8c84fa94-04c1-424b-9868-57a2d4851a1d" relativeResultsDirectory="32cd8c83-49a2-4973-82ef-5fab185be0ad">
      <Output>
        <Exception>Exception has been thrown by the target of an invocation.</Exception>
        <ErrorInfo>
          <Message>Unable to create instance of class Project_Starfighter_Test.Starfighter_Test. Error: Microsoft.VisualStudio.TestTools.UnitTesting.AssertFailedException: Assert.IsTrue failed. .</Message>
          <StackTrace>   at Project_Starfighter_Test.Starfighter_Test.HandleActionScreen_Test() in C:\Users\Ben\Documents\School\Spring 12\Team15\Project Starfighter\Project Starfighter Test\Starfighter_Test.cs:line 86
   at Project_Starfighter_Test.Starfighter_Test..ctor() in C:\Users\Ben\Documents\School\Spring 12\Team15\Project Starfighter\Project Starfighter Test\Starfighter_Test.cs:line 19
</StackTrace>
        </ErrorInfo>
      </Output>
    </UnitTestResult>
    <UnitTestResult executionId="fd30df80-3381-453b-9e2d-34db30668761" testId="cf3104af-12eb-afd7-c3c5-6b833e146551" testName="HandleActionScreen_Test" computerName="BENGOODING" duration="00:00:00.0114288" startTime="2012-04-18T13:43:43.7716149-05:00" endTime="2012-04-18T13:43:43.8028149-05:00" testType="13cdc9d9-ddb5-4fa4-a97d-d965ccfc6d4b" outcome="Failed" testListId="8c84fa94-04c1-424b-9868-57a2d4851a1d" relativeResultsDirectory="fd30df80-3381-453b-9e2d-34db30668761">
      <Output>
        <Exception>Exception has been thrown by the target of an invocation.</Exception>
        <ErrorInfo>
          <Message>Unable to create instance of class Project_Starfighter_Test.Starfighter_Test. Error: Microsoft.VisualStudio.TestTools.UnitTesting.AssertFailedException: Assert.IsTrue failed. .</Message>
          <StackTrace>   at Project_Starfighter_Test.Starfighter_Test.HandleActionScreen_Test() in C:\Users\Ben\Documents\School\Spring 12\Team15\Project Starfighter\Project Starfighter Test\Starfighter_Test.cs:line 86
   at Project_Starfighter_Test.Starfighter_Test..ctor() in C:\Users\Ben\Documents\School\Spring 12\Team15\Project Starfighter\Project Starfighter Test\Starfighter_Test.cs:line 19
</StackTrace>
        </ErrorInfo>
      </Output>
    </UnitTestResult>
    <UnitTestResult executionId="34fb9b66-615b-4595-9b87-e286734d33bb" testId="e6c69646-595b-0ad2-87cb-e2f497a6e635" testName="HandleStartScreen_Test" computerName="BENGOODING" duration="00:00:00.0121474" startTime="2012-04-18T13:43:43.8028149-05:00" endTime="2012-04-18T13:43:43.8340150-05:00" testType="13cdc9d9-ddb5-4fa4-a97d-d965ccfc6d4b" outcome="Failed" testListId="8c84fa94-04c1-424b-9868-57a2d4851a1d" relativeResultsDirectory="34fb9b66-615b-4595-9b87-e286734d33bb">
      <Output>
        <Exception>Exception has been thrown by the target of an invocation.</Exception>
        <ErrorInfo>
          <Message>Unable to create instance of class Project_Starfighter_Test.Starfighter_Test. Error: Microsoft.VisualStudio.TestTools.UnitTesting.AssertFailedException: Assert.IsTrue failed. .</Message>
          <StackTrace>   at Project_Starfighter_Test.Starfighter_Test.HandleActionScreen_Test() in C:\Users\Ben\Documents\School\Spring 12\Team15\Project Starfighter\Project Starfighter Test\Starfighter_Test.cs:line 86
   at Project_Starfighter_Test.Starfighter_Test..ctor() in C:\Users\Ben\Documents\School\Spring 12\Team15\Project Starfighter\Project Starfighter Test\Starfighter_Test.cs:line 19
</StackTrace>
        </ErrorInfo>
      </Output>
    </UnitTestResult>
  </Results>
</TestRun>