<?xml version="1.0" encoding="UTF-8"?>
<TestRun id="f4153c9e-5596-4da9-8530-9cfd7894ce3e" name="Gerald@DILBERT-PC 2012-03-06 00:30:39" runUser="Dilbert-PC\Gerald" xmlns="http://microsoft.com/schemas/VisualStudio/TeamTest/2010">
  <TestSettings name="Local" id="8938d3c6-cbd1-4798-a27b-390f29bff55a">
    <Description>These are default test settings for a local test run.</Description>
    <Deployment enabled="false" runDeploymentRoot="Gerald_DILBERT-PC 2012-03-06 00_30_39">
      <DeploymentItem filename="C:\Users\Gerald\workspace\CSCE3513\Team15\Team15\Project Starfighter\Project Starfighter Test\bin\Debug\Rhino.Mocks.dll" />
      <DeploymentItem filename="C:\Users\Gerald\workspace\CSCE3513\Team15\Team15\Project Starfighter\Project Starfighter\Project Starfighter\bin\x86\Debug\Project Starfighter.exe" />
    </Deployment>
    <Execution>
      <TestTypeSpecific />
      <AgentRule name="Execution Agents">
      </AgentRule>
    </Execution>
  </TestSettings>
  <Times creation="2012-03-06T00:30:39.5136273-06:00" queuing="2012-03-06T00:30:39.5376286-06:00" start="2012-03-06T00:30:39.5456291-06:00" finish="2012-03-06T00:30:40.0006551-06:00" />
  <ResultSummary outcome="Failed">
    <Counters total="25" executed="25" passed="23" error="0" failed="2" timeout="0" aborted="0" inconclusive="0" passedButRunAborted="0" notRunnable="0" notExecuted="0" disconnected="0" warning="0" completed="0" inProgress="0" pending="0" />
  </ResultSummary>
  <TestDefinitions>
    <UnitTest name="BoundingBox_Test" storage="c:\users\gerald\workspace\csce3513\team15\team15\project starfighter\project starfighter test\bin\debug\project starfighter test.dll" id="976f7abd-3a44-9389-443e-407970b6257c">
      <Execution id="c3ca4341-e9cb-4265-aeae-b88cd2068841" />
      <TestMethod codeBase="C:\Users\Gerald\workspace\CSCE3513\Team15\Team15\Project Starfighter\Project Starfighter Test\bin\Debug\Project Starfighter Test.dll" adapterTypeName="Microsoft.VisualStudio.TestTools.TestTypes.Unit.UnitTestAdapter, Microsoft.VisualStudio.QualityTools.Tips.UnitTest.Adapter, Version=10.0.0.0, Culture=neutral, PublicKeyToken=b03f5f7f11d50a3a" className="Project_Starfighter_Test.Player_Test, Project Starfighter Test" name="BoundingBox_Test" />
    </UnitTest>
    <UnitTest name="Thrusting_Test" storage="c:\users\gerald\workspace\csce3513\team15\team15\project starfighter\project starfighter test\bin\debug\project starfighter test.dll" id="543eb888-c955-88ac-ade4-b08205384b3c">
      <Execution id="7e709b3a-4360-43b0-a9a7-833e94c498a4" />
      <TestMethod codeBase="C:\Users\Gerald\workspace\CSCE3513\Team15\Team15\Project Starfighter\Project Starfighter Test\bin\Debug\Project Starfighter Test.dll" adapterTypeName="Microsoft.VisualStudio.TestTools.TestTypes.Unit.UnitTestAdapter, Microsoft.VisualStudio.QualityTools.Tips.UnitTest.Adapter, Version=10.0.0.0, Culture=neutral, PublicKeyToken=b03f5f7f11d50a3a" className="Project_Starfighter_Test.Player_Test, Project Starfighter Test" name="Thrusting_Test" />
    </UnitTest>
    <UnitTest name="Facing_Test" storage="c:\users\gerald\workspace\csce3513\team15\team15\project starfighter\project starfighter test\bin\debug\project starfighter test.dll" id="9c059ac2-daae-689d-1f4c-38c96bde6e85">
      <Execution id="b753e6c9-5691-46cf-96e1-874eebd40b2f" />
      <TestMethod codeBase="C:\Users\Gerald\workspace\CSCE3513\Team15\Team15\Project Starfighter\Project Starfighter Test\bin\Debug\Project Starfighter Test.dll" adapterTypeName="Microsoft.VisualStudio.TestTools.TestTypes.Unit.UnitTestAdapter, Microsoft.VisualStudio.QualityTools.Tips.UnitTest.Adapter, Version=10.0.0.0, Culture=neutral, PublicKeyToken=b03f5f7f11d50a3a" className="Project_Starfighter_Test.Player_Test, Project Starfighter Test" name="Facing_Test" />
    </UnitTest>
    <UnitTest name="BackgroundOffset_Test" storage="c:\users\gerald\workspace\csce3513\team15\team15\project starfighter\project starfighter test\bin\debug\project starfighter test.dll" id="afdaa493-65bf-f260-c382-6723d3f0a59d">
      <Execution id="6eb0d07a-b63d-4a75-b115-357781521696" />
      <TestMethod codeBase="C:\Users\Gerald\workspace\CSCE3513\Team15\Team15\Project Starfighter\Project Starfighter Test\bin\Debug\Project Starfighter Test.dll" adapterTypeName="Microsoft.VisualStudio.TestTools.TestTypes.Unit.UnitTestAdapter, Microsoft.VisualStudio.QualityTools.Tips.UnitTest.Adapter, Version=10.0.0.0, Culture=neutral, PublicKeyToken=b03f5f7f11d50a3a" className="Project_Starfighter_Test.Background_Test, Project Starfighter Test" name="BackgroundOffset_Test" />
    </UnitTest>
    <UnitTest name="YPosition_Test" storage="c:\users\gerald\workspace\csce3513\team15\team15\project starfighter\project starfighter test\bin\debug\project starfighter test.dll" id="6ac281c6-5261-f907-da1b-259c563f3a56">
      <Execution id="597bb099-dbfa-4ad7-828a-1e4242a49deb" />
      <TestMethod codeBase="C:\Users\Gerald\workspace\CSCE3513\Team15\Team15\Project Starfighter\Project Starfighter Test\bin\Debug\Project Starfighter Test.dll" adapterTypeName="Microsoft.VisualStudio.TestTools.TestTypes.Unit.UnitTestAdapter, Microsoft.VisualStudio.QualityTools.Tips.UnitTest.Adapter, Version=10.0.0.0, Culture=neutral, PublicKeyToken=b03f5f7f11d50a3a" className="Project_Starfighter_Test.AnimatedSprite_Test, Project Starfighter Test" name="YPosition_Test" />
    </UnitTest>
    <UnitTest name="TestScreen" storage="c:\users\gerald\workspace\csce3513\team15\team15\project starfighter\project starfighter test\bin\debug\project starfighter test.dll" id="a691e6b4-e492-6f43-4f53-2977f4327922">
      <Execution id="b260f7fa-5c36-4d5c-821c-18c2b646315a" />
      <TestMethod codeBase="C:\Users\Gerald\workspace\CSCE3513\Team15\Team15\Project Starfighter\Project Starfighter Test\bin\Debug\Project Starfighter Test.dll" adapterTypeName="Microsoft.VisualStudio.TestTools.TestTypes.Unit.UnitTestAdapter, Microsoft.VisualStudio.QualityTools.Tips.UnitTest.Adapter, Version=10.0.0.0, Culture=neutral, PublicKeyToken=b03f5f7f11d50a3a" className="Project_Starfighter_Test.InstructionsScreen_Test, Project Starfighter Test" name="TestScreen" />
    </UnitTest>
    <UnitTest name="GetSourceRectangle_Test" storage="c:\users\gerald\workspace\csce3513\team15\team15\project starfighter\project starfighter test\bin\debug\project starfighter test.dll" id="05440f39-53b0-99ca-f3bb-be1fb1d2de03">
      <Execution id="62d47e71-ac12-438d-bbd8-ecacd5c649a5" />
      <TestMethod codeBase="C:\Users\Gerald\workspace\CSCE3513\Team15\Team15\Project Starfighter\Project Starfighter Test\bin\Debug\Project Starfighter Test.dll" adapterTypeName="Microsoft.VisualStudio.TestTools.TestTypes.Unit.UnitTestAdapter, Microsoft.VisualStudio.QualityTools.Tips.UnitTest.Adapter, Version=10.0.0.0, Culture=neutral, PublicKeyToken=b03f5f7f11d50a3a" className="Project_Starfighter_Test.AnimatedSprite_Test, Project Starfighter Test" name="GetSourceRectangle_Test" />
    </UnitTest>
    <UnitTest name="XPosition_Test" storage="c:\users\gerald\workspace\csce3513\team15\team15\project starfighter\project starfighter test\bin\debug\project starfighter test.dll" id="8418000c-0d68-bb60-a56c-50e4bb8c38bc">
      <Execution id="3bbdb4ae-d1b9-4041-bdc5-d1ccef1b1ad3" />
      <TestMethod codeBase="C:\Users\Gerald\workspace\CSCE3513\Team15\Team15\Project Starfighter\Project Starfighter Test\bin\Debug\Project Starfighter Test.dll" adapterTypeName="Microsoft.VisualStudio.TestTools.TestTypes.Unit.UnitTestAdapter, Microsoft.VisualStudio.QualityTools.Tips.UnitTest.Adapter, Version=10.0.0.0, Culture=neutral, PublicKeyToken=b03f5f7f11d50a3a" className="Project_Starfighter_Test.AnimatedSprite_Test, Project Starfighter Test" name="XPosition_Test" />
    </UnitTest>
    <UnitTest name="BackgroundFileWidth_Test" storage="c:\users\gerald\workspace\csce3513\team15\team15\project starfighter\project starfighter test\bin\debug\project starfighter test.dll" id="5612bdfa-8071-6785-2a45-10f6be5e8f26">
      <Execution id="b266a86b-0fc9-4dd0-80a3-a6869dfcee17" />
      <TestMethod codeBase="C:\Users\Gerald\workspace\CSCE3513\Team15\Team15\Project Starfighter\Project Starfighter Test\bin\Debug\Project Starfighter Test.dll" adapterTypeName="Microsoft.VisualStudio.TestTools.TestTypes.Unit.UnitTestAdapter, Microsoft.VisualStudio.QualityTools.Tips.UnitTest.Adapter, Version=10.0.0.0, Culture=neutral, PublicKeyToken=b03f5f7f11d50a3a" className="Project_Starfighter_Test.Background_Test, Project Starfighter Test" name="BackgroundFileWidth_Test" />
    </UnitTest>
    <UnitTest name="HandleActionScreen_Test" storage="c:\users\gerald\workspace\csce3513\team15\team15\project starfighter\project starfighter test\bin\debug\project starfighter test.dll" id="cf3104af-12eb-afd7-c3c5-6b833e146551">
      <Execution id="a1d10dbd-b2ff-42d6-8722-a3fc49a5f26a" />
      <TestMethod codeBase="C:\Users\Gerald\workspace\CSCE3513\Team15\Team15\Project Starfighter\Project Starfighter Test\bin\Debug\Project Starfighter Test.dll" adapterTypeName="Microsoft.VisualStudio.TestTools.TestTypes.Unit.UnitTestAdapter, Microsoft.VisualStudio.QualityTools.Tips.UnitTest.Adapter, Version=10.0.0.0, Culture=neutral, PublicKeyToken=b03f5f7f11d50a3a" className="Project_Starfighter_Test.Starfighter_Test, Project Starfighter Test" name="HandleActionScreen_Test" />
    </UnitTest>
    <UnitTest name="BackgroundWidth_Test" storage="c:\users\gerald\workspace\csce3513\team15\team15\project starfighter\project starfighter test\bin\debug\project starfighter test.dll" id="f8117bbb-c7e5-e9b5-d0ec-69ac4f2ec7f3">
      <Execution id="7ce15ca5-84bc-40e8-9fb0-e4d1f6c776a5" />
      <TestMethod codeBase="C:\Users\Gerald\workspace\CSCE3513\Team15\Team15\Project Starfighter\Project Starfighter Test\bin\Debug\Project Starfighter Test.dll" adapterTypeName="Microsoft.VisualStudio.TestTools.TestTypes.Unit.UnitTestAdapter, Microsoft.VisualStudio.QualityTools.Tips.UnitTest.Adapter, Version=10.0.0.0, Culture=neutral, PublicKeyToken=b03f5f7f11d50a3a" className="Project_Starfighter_Test.Background_Test, Project Starfighter Test" name="BackgroundWidth_Test" />
    </UnitTest>
    <UnitTest name="Test_Load" storage="c:\users\gerald\workspace\csce3513\team15\team15\project starfighter\project starfighter test\bin\debug\project starfighter test.dll" id="613929a0-eef6-02e0-7b2f-4947c95929bb">
      <Execution id="f904d49b-f5e2-4d23-8e2d-0477d552d735" />
      <TestMethod codeBase="C:\Users\Gerald\workspace\CSCE3513\Team15\Team15\Project Starfighter\Project Starfighter Test\bin\Debug\Project Starfighter Test.dll" adapterTypeName="Microsoft.VisualStudio.TestTools.TestTypes.Unit.UnitTestAdapter, Microsoft.VisualStudio.QualityTools.Tips.UnitTest.Adapter, Version=10.0.0.0, Culture=neutral, PublicKeyToken=b03f5f7f11d50a3a" className="Project_Starfighter_Test.Starfighter_Test, Project Starfighter Test" name="Test_Load" />
    </UnitTest>
    <UnitTest name="Frame_Test" storage="c:\users\gerald\workspace\csce3513\team15\team15\project starfighter\project starfighter test\bin\debug\project starfighter test.dll" id="4e28cde3-2288-16fe-42bd-9acfc8da8ab8">
      <Execution id="33eb8985-c1e7-439f-9702-a8b4a3826a7a" />
      <TestMethod codeBase="C:\Users\Gerald\workspace\CSCE3513\Team15\Team15\Project Starfighter\Project Starfighter Test\bin\Debug\Project Starfighter Test.dll" adapterTypeName="Microsoft.VisualStudio.TestTools.TestTypes.Unit.UnitTestAdapter, Microsoft.VisualStudio.QualityTools.Tips.UnitTest.Adapter, Version=10.0.0.0, Culture=neutral, PublicKeyToken=b03f5f7f11d50a3a" className="Project_Starfighter_Test.AnimatedSprite_Test, Project Starfighter Test" name="Frame_Test" />
    </UnitTest>
    <UnitTest name="Update_Test" storage="c:\users\gerald\workspace\csce3513\team15\team15\project starfighter\project starfighter test\bin\debug\project starfighter test.dll" id="22c222ce-44b6-8dcd-bd1f-08a79cdcc566">
      <Execution id="beca8a8d-6b35-4189-b368-1bf9842edaec" />
      <TestMethod codeBase="C:\Users\Gerald\workspace\CSCE3513\Team15\Team15\Project Starfighter\Project Starfighter Test\bin\Debug\Project Starfighter Test.dll" adapterTypeName="Microsoft.VisualStudio.TestTools.TestTypes.Unit.UnitTestAdapter, Microsoft.VisualStudio.QualityTools.Tips.UnitTest.Adapter, Version=10.0.0.0, Culture=neutral, PublicKeyToken=b03f5f7f11d50a3a" className="Project_Starfighter_Test.Player_Test, Project Starfighter Test" name="Update_Test" />
    </UnitTest>
    <UnitTest name="BackgroundHeight_Test" storage="c:\users\gerald\workspace\csce3513\team15\team15\project starfighter\project starfighter test\bin\debug\project starfighter test.dll" id="ef2e5a6d-8764-ea3a-2b11-a77da1492a16">
      <Execution id="fde33c10-b4f4-42ed-bc1b-8f8fa6722b3b" />
      <TestMethod codeBase="C:\Users\Gerald\workspace\CSCE3513\Team15\Team15\Project Starfighter\Project Starfighter Test\bin\Debug\Project Starfighter Test.dll" adapterTypeName="Microsoft.VisualStudio.TestTools.TestTypes.Unit.UnitTestAdapter, Microsoft.VisualStudio.QualityTools.Tips.UnitTest.Adapter, Version=10.0.0.0, Culture=neutral, PublicKeyToken=b03f5f7f11d50a3a" className="Project_Starfighter_Test.Background_Test, Project Starfighter Test" name="BackgroundHeight_Test" />
    </UnitTest>
    <UnitTest name="BackgroundFileHeight_Test" storage="c:\users\gerald\workspace\csce3513\team15\team15\project starfighter\project starfighter test\bin\debug\project starfighter test.dll" id="0fa67a85-ae25-69c2-5a09-b8b613f54f76">
      <Execution id="d4956db8-0a41-4e50-ace8-f23e0d308036" />
      <TestMethod codeBase="C:\Users\Gerald\workspace\CSCE3513\Team15\Team15\Project Starfighter\Project Starfighter Test\bin\Debug\Project Starfighter Test.dll" adapterTypeName="Microsoft.VisualStudio.TestTools.TestTypes.Unit.UnitTestAdapter, Microsoft.VisualStudio.QualityTools.Tips.UnitTest.Adapter, Version=10.0.0.0, Culture=neutral, PublicKeyToken=b03f5f7f11d50a3a" className="Project_Starfighter_Test.Background_Test, Project Starfighter Test" name="BackgroundFileHeight_Test" />
    </UnitTest>
    <UnitTest name="XPosition_Test" storage="c:\users\gerald\workspace\csce3513\team15\team15\project starfighter\project starfighter test\bin\debug\project starfighter test.dll" id="bcb441b9-e647-9f40-49e6-fd9d18cfc62b">
      <Execution id="6dea72b3-b22c-4967-a11c-1717db9817b7" />
      <TestMethod codeBase="C:\Users\Gerald\workspace\CSCE3513\Team15\Team15\Project Starfighter\Project Starfighter Test\bin\Debug\Project Starfighter Test.dll" adapterTypeName="Microsoft.VisualStudio.TestTools.TestTypes.Unit.UnitTestAdapter, Microsoft.VisualStudio.QualityTools.Tips.UnitTest.Adapter, Version=10.0.0.0, Culture=neutral, PublicKeyToken=b03f5f7f11d50a3a" className="Project_Starfighter_Test.Player_Test, Project Starfighter Test" name="XPosition_Test" />
    </UnitTest>
    <UnitTest name="IsAnimating_Test" storage="c:\users\gerald\workspace\csce3513\team15\team15\project starfighter\project starfighter test\bin\debug\project starfighter test.dll" id="86647a27-2eca-c19f-dae9-e1e0f399b670">
      <Execution id="060fb35a-11db-46c4-922f-ec91596bf344" />
      <TestMethod codeBase="C:\Users\Gerald\workspace\CSCE3513\Team15\Team15\Project Starfighter\Project Starfighter Test\bin\Debug\Project Starfighter Test.dll" adapterTypeName="Microsoft.VisualStudio.TestTools.TestTypes.Unit.UnitTestAdapter, Microsoft.VisualStudio.QualityTools.Tips.UnitTest.Adapter, Version=10.0.0.0, Culture=neutral, PublicKeyToken=b03f5f7f11d50a3a" className="Project_Starfighter_Test.AnimatedSprite_Test, Project Starfighter Test" name="IsAnimating_Test" />
    </UnitTest>
    <UnitTest name="TestType" storage="c:\users\gerald\workspace\csce3513\team15\team15\project starfighter\project starfighter test\bin\debug\project starfighter test.dll" id="6996e867-c2f4-dd50-8845-0ece69cbb0bd">
      <Execution id="e78f79d7-4bce-4e27-84d0-bc8b2c4606e1" />
      <TestMethod codeBase="C:\Users\Gerald\workspace\CSCE3513\Team15\Team15\Project Starfighter\Project Starfighter Test\bin\Debug\Project Starfighter Test.dll" adapterTypeName="Microsoft.VisualStudio.TestTools.TestTypes.Unit.UnitTestAdapter, Microsoft.VisualStudio.QualityTools.Tips.UnitTest.Adapter, Version=10.0.0.0, Culture=neutral, PublicKeyToken=b03f5f7f11d50a3a" className="Project_Starfighter_Test.InstructionsScreen_Test, Project Starfighter Test" name="TestType" />
    </UnitTest>
    <UnitTest name="YPosition_Test" storage="c:\users\gerald\workspace\csce3513\team15\team15\project starfighter\project starfighter test\bin\debug\project starfighter test.dll" id="c4203e4f-b59e-0d54-085a-1ab34f49edd9">
      <Execution id="97875a51-5deb-4de3-9425-0e6a1fc1050e" />
      <TestMethod codeBase="C:\Users\Gerald\workspace\CSCE3513\Team15\Team15\Project Starfighter\Project Starfighter Test\bin\Debug\Project Starfighter Test.dll" adapterTypeName="Microsoft.VisualStudio.TestTools.TestTypes.Unit.UnitTestAdapter, Microsoft.VisualStudio.QualityTools.Tips.UnitTest.Adapter, Version=10.0.0.0, Culture=neutral, PublicKeyToken=b03f5f7f11d50a3a" className="Project_Starfighter_Test.Player_Test, Project Starfighter Test" name="YPosition_Test" />
    </UnitTest>
    <UnitTest name="ScrollRate_Test" storage="c:\users\gerald\workspace\csce3513\team15\team15\project starfighter\project starfighter test\bin\debug\project starfighter test.dll" id="62798b4c-6487-1c18-a52f-27bcf86f3077">
      <Execution id="312deb72-063b-4e77-a49b-42ab146fbe32" />
      <TestMethod codeBase="C:\Users\Gerald\workspace\CSCE3513\Team15\Team15\Project Starfighter\Project Starfighter Test\bin\Debug\Project Starfighter Test.dll" adapterTypeName="Microsoft.VisualStudio.TestTools.TestTypes.Unit.UnitTestAdapter, Microsoft.VisualStudio.QualityTools.Tips.UnitTest.Adapter, Version=10.0.0.0, Culture=neutral, PublicKeyToken=b03f5f7f11d50a3a" className="Project_Starfighter_Test.Player_Test, Project Starfighter Test" name="ScrollRate_Test" />
    </UnitTest>
    <UnitTest name="HandleStartScreen_Test" storage="c:\users\gerald\workspace\csce3513\team15\team15\project starfighter\project starfighter test\bin\debug\project starfighter test.dll" id="e6c69646-595b-0ad2-87cb-e2f497a6e635">
      <Execution id="ebe95ed6-2b6b-4b3a-8c98-b4be34f277c4" />
      <TestMethod codeBase="C:\Users\Gerald\workspace\CSCE3513\Team15\Team15\Project Starfighter\Project Starfighter Test\bin\Debug\Project Starfighter Test.dll" adapterTypeName="Microsoft.VisualStudio.TestTools.TestTypes.Unit.UnitTestAdapter, Microsoft.VisualStudio.QualityTools.Tips.UnitTest.Adapter, Version=10.0.0.0, Culture=neutral, PublicKeyToken=b03f5f7f11d50a3a" className="Project_Starfighter_Test.Starfighter_Test, Project Starfighter Test" name="HandleStartScreen_Test" />
    </UnitTest>
    <UnitTest name="Update_Test" storage="c:\users\gerald\workspace\csce3513\team15\team15\project starfighter\project starfighter test\bin\debug\project starfighter test.dll" id="1a398b36-5750-e38c-43d2-347c54381fe9">
      <Execution id="2cf562ed-e487-45b7-a6c7-c599f2a49218" />
      <TestMethod codeBase="C:\Users\Gerald\workspace\CSCE3513\Team15\Team15\Project Starfighter\Project Starfighter Test\bin\Debug\Project Starfighter Test.dll" adapterTypeName="Microsoft.VisualStudio.TestTools.TestTypes.Unit.UnitTestAdapter, Microsoft.VisualStudio.QualityTools.Tips.UnitTest.Adapter, Version=10.0.0.0, Culture=neutral, PublicKeyToken=b03f5f7f11d50a3a" className="Project_Starfighter_Test.AnimatedSprite_Test, Project Starfighter Test" name="Update_Test" />
    </UnitTest>
    <UnitTest name="FrameLength_Test" storage="c:\users\gerald\workspace\csce3513\team15\team15\project starfighter\project starfighter test\bin\debug\project starfighter test.dll" id="35329af0-07a5-033a-84c4-7cc0b89d3ef6">
      <Execution id="d0d3a196-6613-4ea5-808e-5f82f8acdd4c" />
      <TestMethod codeBase="C:\Users\Gerald\workspace\CSCE3513\Team15\Team15\Project Starfighter\Project Starfighter Test\bin\Debug\Project Starfighter Test.dll" adapterTypeName="Microsoft.VisualStudio.TestTools.TestTypes.Unit.UnitTestAdapter, Microsoft.VisualStudio.QualityTools.Tips.UnitTest.Adapter, Version=10.0.0.0, Culture=neutral, PublicKeyToken=b03f5f7f11d50a3a" className="Project_Starfighter_Test.AnimatedSprite_Test, Project Starfighter Test" name="FrameLength_Test" />
    </UnitTest>
    <UnitTest name="AccelRate_Test" storage="c:\users\gerald\workspace\csce3513\team15\team15\project starfighter\project starfighter test\bin\debug\project starfighter test.dll" id="9400351a-0176-9c1e-51e1-975e9aa5fcab">
      <Execution id="8950b7b3-4ac5-458f-a3be-df8c24d5369e" />
      <TestMethod codeBase="C:\Users\Gerald\workspace\CSCE3513\Team15\Team15\Project Starfighter\Project Starfighter Test\bin\Debug\Project Starfighter Test.dll" adapterTypeName="Microsoft.VisualStudio.TestTools.TestTypes.Unit.UnitTestAdapter, Microsoft.VisualStudio.QualityTools.Tips.UnitTest.Adapter, Version=10.0.0.0, Culture=neutral, PublicKeyToken=b03f5f7f11d50a3a" className="Project_Starfighter_Test.Player_Test, Project Starfighter Test" name="AccelRate_Test" />
    </UnitTest>
  </TestDefinitions>
  <TestLists>
    <TestList name="Results Not in a List" id="8c84fa94-04c1-424b-9868-57a2d4851a1d" />
    <TestList name="All Loaded Results" id="19431567-8539-422a-85d7-44ee4e166bda" />
  </TestLists>
  <TestEntries>
    <TestEntry testId="05440f39-53b0-99ca-f3bb-be1fb1d2de03" executionId="62d47e71-ac12-438d-bbd8-ecacd5c649a5" testListId="8c84fa94-04c1-424b-9868-57a2d4851a1d" />
    <TestEntry testId="0fa67a85-ae25-69c2-5a09-b8b613f54f76" executionId="d4956db8-0a41-4e50-ace8-f23e0d308036" testListId="8c84fa94-04c1-424b-9868-57a2d4851a1d" />
    <TestEntry testId="1a398b36-5750-e38c-43d2-347c54381fe9" executionId="2cf562ed-e487-45b7-a6c7-c599f2a49218" testListId="8c84fa94-04c1-424b-9868-57a2d4851a1d" />
    <TestEntry testId="22c222ce-44b6-8dcd-bd1f-08a79cdcc566" executionId="beca8a8d-6b35-4189-b368-1bf9842edaec" testListId="8c84fa94-04c1-424b-9868-57a2d4851a1d" />
    <TestEntry testId="35329af0-07a5-033a-84c4-7cc0b89d3ef6" executionId="d0d3a196-6613-4ea5-808e-5f82f8acdd4c" testListId="8c84fa94-04c1-424b-9868-57a2d4851a1d" />
    <TestEntry testId="4e28cde3-2288-16fe-42bd-9acfc8da8ab8" executionId="33eb8985-c1e7-439f-9702-a8b4a3826a7a" testListId="8c84fa94-04c1-424b-9868-57a2d4851a1d" />
    <TestEntry testId="543eb888-c955-88ac-ade4-b08205384b3c" executionId="7e709b3a-4360-43b0-a9a7-833e94c498a4" testListId="8c84fa94-04c1-424b-9868-57a2d4851a1d" />
    <TestEntry testId="5612bdfa-8071-6785-2a45-10f6be5e8f26" executionId="b266a86b-0fc9-4dd0-80a3-a6869dfcee17" testListId="8c84fa94-04c1-424b-9868-57a2d4851a1d" />
    <TestEntry testId="613929a0-eef6-02e0-7b2f-4947c95929bb" executionId="f904d49b-f5e2-4d23-8e2d-0477d552d735" testListId="8c84fa94-04c1-424b-9868-57a2d4851a1d" />
    <TestEntry testId="62798b4c-6487-1c18-a52f-27bcf86f3077" executionId="312deb72-063b-4e77-a49b-42ab146fbe32" testListId="8c84fa94-04c1-424b-9868-57a2d4851a1d" />
    <TestEntry testId="6996e867-c2f4-dd50-8845-0ece69cbb0bd" executionId="e78f79d7-4bce-4e27-84d0-bc8b2c4606e1" testListId="8c84fa94-04c1-424b-9868-57a2d4851a1d" />
    <TestEntry testId="6ac281c6-5261-f907-da1b-259c563f3a56" executionId="597bb099-dbfa-4ad7-828a-1e4242a49deb" testListId="8c84fa94-04c1-424b-9868-57a2d4851a1d" />
    <TestEntry testId="8418000c-0d68-bb60-a56c-50e4bb8c38bc" executionId="3bbdb4ae-d1b9-4041-bdc5-d1ccef1b1ad3" testListId="8c84fa94-04c1-424b-9868-57a2d4851a1d" />
    <TestEntry testId="86647a27-2eca-c19f-dae9-e1e0f399b670" executionId="060fb35a-11db-46c4-922f-ec91596bf344" testListId="8c84fa94-04c1-424b-9868-57a2d4851a1d" />
    <TestEntry testId="9400351a-0176-9c1e-51e1-975e9aa5fcab" executionId="8950b7b3-4ac5-458f-a3be-df8c24d5369e" testListId="8c84fa94-04c1-424b-9868-57a2d4851a1d" />
    <TestEntry testId="976f7abd-3a44-9389-443e-407970b6257c" executionId="c3ca4341-e9cb-4265-aeae-b88cd2068841" testListId="8c84fa94-04c1-424b-9868-57a2d4851a1d" />
    <TestEntry testId="9c059ac2-daae-689d-1f4c-38c96bde6e85" executionId="b753e6c9-5691-46cf-96e1-874eebd40b2f" testListId="8c84fa94-04c1-424b-9868-57a2d4851a1d" />
    <TestEntry testId="a691e6b4-e492-6f43-4f53-2977f4327922" executionId="b260f7fa-5c36-4d5c-821c-18c2b646315a" testListId="8c84fa94-04c1-424b-9868-57a2d4851a1d" />
    <TestEntry testId="afdaa493-65bf-f260-c382-6723d3f0a59d" executionId="6eb0d07a-b63d-4a75-b115-357781521696" testListId="8c84fa94-04c1-424b-9868-57a2d4851a1d" />
    <TestEntry testId="bcb441b9-e647-9f40-49e6-fd9d18cfc62b" executionId="6dea72b3-b22c-4967-a11c-1717db9817b7" testListId="8c84fa94-04c1-424b-9868-57a2d4851a1d" />
    <TestEntry testId="c4203e4f-b59e-0d54-085a-1ab34f49edd9" executionId="97875a51-5deb-4de3-9425-0e6a1fc1050e" testListId="8c84fa94-04c1-424b-9868-57a2d4851a1d" />
    <TestEntry testId="cf3104af-12eb-afd7-c3c5-6b833e146551" executionId="a1d10dbd-b2ff-42d6-8722-a3fc49a5f26a" testListId="8c84fa94-04c1-424b-9868-57a2d4851a1d" />
    <TestEntry testId="e6c69646-595b-0ad2-87cb-e2f497a6e635" executionId="ebe95ed6-2b6b-4b3a-8c98-b4be34f277c4" testListId="8c84fa94-04c1-424b-9868-57a2d4851a1d" />
    <TestEntry testId="ef2e5a6d-8764-ea3a-2b11-a77da1492a16" executionId="fde33c10-b4f4-42ed-bc1b-8f8fa6722b3b" testListId="8c84fa94-04c1-424b-9868-57a2d4851a1d" />
    <TestEntry testId="f8117bbb-c7e5-e9b5-d0ec-69ac4f2ec7f3" executionId="7ce15ca5-84bc-40e8-9fb0-e4d1f6c776a5" testListId="8c84fa94-04c1-424b-9868-57a2d4851a1d" />
  </TestEntries>
  <Results>
    <UnitTestResult executionId="62d47e71-ac12-438d-bbd8-ecacd5c649a5" testId="05440f39-53b0-99ca-f3bb-be1fb1d2de03" testName="GetSourceRectangle_Test" computerName="DILBERT-PC" duration="00:00:00.1278555" startTime="2012-03-06T00:30:39.5486293-06:00" endTime="2012-03-06T00:30:39.8436461-06:00" testType="13cdc9d9-ddb5-4fa4-a97d-d965ccfc6d4b" outcome="Passed" testListId="8c84fa94-04c1-424b-9868-57a2d4851a1d" relativeResultsDirectory="62d47e71-ac12-438d-bbd8-ecacd5c649a5">
    </UnitTestResult>
    <UnitTestResult executionId="d4956db8-0a41-4e50-ace8-f23e0d308036" testId="0fa67a85-ae25-69c2-5a09-b8b613f54f76" testName="BackgroundFileHeight_Test" computerName="DILBERT-PC" duration="00:00:00.0005360" startTime="2012-03-06T00:30:39.8446462-06:00" endTime="2012-03-06T00:30:39.8496465-06:00" testType="13cdc9d9-ddb5-4fa4-a97d-d965ccfc6d4b" outcome="Passed" testListId="8c84fa94-04c1-424b-9868-57a2d4851a1d" relativeResultsDirectory="d4956db8-0a41-4e50-ace8-f23e0d308036">
    </UnitTestResult>
    <UnitTestResult executionId="2cf562ed-e487-45b7-a6c7-c599f2a49218" testId="1a398b36-5750-e38c-43d2-347c54381fe9" testName="Update_Test" computerName="DILBERT-PC" duration="00:00:00.0010702" startTime="2012-03-06T00:30:39.8496465-06:00" endTime="2012-03-06T00:30:39.8546468-06:00" testType="13cdc9d9-ddb5-4fa4-a97d-d965ccfc6d4b" outcome="Passed" testListId="8c84fa94-04c1-424b-9868-57a2d4851a1d" relativeResultsDirectory="2cf562ed-e487-45b7-a6c7-c599f2a49218">
    </UnitTestResult>
    <UnitTestResult executionId="beca8a8d-6b35-4189-b368-1bf9842edaec" testId="22c222ce-44b6-8dcd-bd1f-08a79cdcc566" testName="Update_Test" computerName="DILBERT-PC" duration="00:00:00.0008778" startTime="2012-03-06T00:30:39.8546468-06:00" endTime="2012-03-06T00:30:39.8596471-06:00" testType="13cdc9d9-ddb5-4fa4-a97d-d965ccfc6d4b" outcome="Passed" testListId="8c84fa94-04c1-424b-9868-57a2d4851a1d" relativeResultsDirectory="beca8a8d-6b35-4189-b368-1bf9842edaec">
    </UnitTestResult>
    <UnitTestResult executionId="d0d3a196-6613-4ea5-808e-5f82f8acdd4c" testId="35329af0-07a5-033a-84c4-7cc0b89d3ef6" testName="FrameLength_Test" computerName="DILBERT-PC" duration="00:00:00.0003819" startTime="2012-03-06T00:30:39.8596471-06:00" endTime="2012-03-06T00:30:39.8636473-06:00" testType="13cdc9d9-ddb5-4fa4-a97d-d965ccfc6d4b" outcome="Passed" testListId="8c84fa94-04c1-424b-9868-57a2d4851a1d" relativeResultsDirectory="d0d3a196-6613-4ea5-808e-5f82f8acdd4c">
    </UnitTestResult>
    <UnitTestResult executionId="33eb8985-c1e7-439f-9702-a8b4a3826a7a" testId="4e28cde3-2288-16fe-42bd-9acfc8da8ab8" testName="Frame_Test" computerName="DILBERT-PC" duration="00:00:00.0002742" startTime="2012-03-06T00:30:39.8646473-06:00" endTime="2012-03-06T00:30:39.8676475-06:00" testType="13cdc9d9-ddb5-4fa4-a97d-d965ccfc6d4b" outcome="Passed" testListId="8c84fa94-04c1-424b-9868-57a2d4851a1d" relativeResultsDirectory="33eb8985-c1e7-439f-9702-a8b4a3826a7a">
    </UnitTestResult>
    <UnitTestResult executionId="7e709b3a-4360-43b0-a9a7-833e94c498a4" testId="543eb888-c955-88ac-ade4-b08205384b3c" testName="Thrusting_Test" computerName="DILBERT-PC" duration="00:00:00.0003287" startTime="2012-03-06T00:30:39.8686476-06:00" endTime="2012-03-06T00:30:39.8716477-06:00" testType="13cdc9d9-ddb5-4fa4-a97d-d965ccfc6d4b" outcome="Passed" testListId="8c84fa94-04c1-424b-9868-57a2d4851a1d" relativeResultsDirectory="7e709b3a-4360-43b0-a9a7-833e94c498a4">
    </UnitTestResult>
    <UnitTestResult executionId="b266a86b-0fc9-4dd0-80a3-a6869dfcee17" testId="5612bdfa-8071-6785-2a45-10f6be5e8f26" testName="BackgroundFileWidth_Test" computerName="DILBERT-PC" duration="00:00:00.0002742" startTime="2012-03-06T00:30:39.8726478-06:00" endTime="2012-03-06T00:30:39.8756480-06:00" testType="13cdc9d9-ddb5-4fa4-a97d-d965ccfc6d4b" outcome="Passed" testListId="8c84fa94-04c1-424b-9868-57a2d4851a1d" relativeResultsDirectory="b266a86b-0fc9-4dd0-80a3-a6869dfcee17">
    </UnitTestResult>
    <UnitTestResult executionId="f904d49b-f5e2-4d23-8e2d-0477d552d735" testId="613929a0-eef6-02e0-7b2f-4947c95929bb" testName="Test_Load" computerName="DILBERT-PC" duration="00:00:00.0002551" startTime="2012-03-06T00:30:39.8766480-06:00" endTime="2012-03-06T00:30:39.8806483-06:00" testType="13cdc9d9-ddb5-4fa4-a97d-d965ccfc6d4b" outcome="Passed" testListId="8c84fa94-04c1-424b-9868-57a2d4851a1d" relativeResultsDirectory="f904d49b-f5e2-4d23-8e2d-0477d552d735">
    </UnitTestResult>
    <UnitTestResult executionId="312deb72-063b-4e77-a49b-42ab146fbe32" testId="62798b4c-6487-1c18-a52f-27bcf86f3077" testName="ScrollRate_Test" computerName="DILBERT-PC" duration="00:00:00.0003567" startTime="2012-03-06T00:30:39.8806483-06:00" endTime="2012-03-06T00:30:39.8846485-06:00" testType="13cdc9d9-ddb5-4fa4-a97d-d965ccfc6d4b" outcome="Passed" testListId="8c84fa94-04c1-424b-9868-57a2d4851a1d" relativeResultsDirectory="312deb72-063b-4e77-a49b-42ab146fbe32">
    </UnitTestResult>
    <UnitTestResult executionId="e78f79d7-4bce-4e27-84d0-bc8b2c4606e1" testId="6996e867-c2f4-dd50-8845-0ece69cbb0bd" testName="TestType" computerName="DILBERT-PC" duration="00:00:00.0228025" startTime="2012-03-06T00:30:39.8856485-06:00" endTime="2012-03-06T00:30:39.9116500-06:00" testType="13cdc9d9-ddb5-4fa4-a97d-d965ccfc6d4b" outcome="Failed" testListId="8c84fa94-04c1-424b-9868-57a2d4851a1d" relativeResultsDirectory="e78f79d7-4bce-4e27-84d0-bc8b2c4606e1">
      <Output>
        <ErrorInfo>
          <Message>Assert.IsInstanceOfType failed.  Expected type:&lt;Project_Starfighter.InstructionsScreen&gt;. Actual type:&lt;(null)&gt;.</Message>
          <StackTrace>   at Project_Starfighter_Test.InstructionsScreen_Test.TestType() in C:\Users\Gerald\workspace\CSCE3513\Team15\Team15\Project Starfighter\Project Starfighter Test\InstructionsScreen_Test.cs:line 45
</StackTrace>
        </ErrorInfo>
      </Output>
    </UnitTestResult>
    <UnitTestResult executionId="597bb099-dbfa-4ad7-828a-1e4242a49deb" testId="6ac281c6-5261-f907-da1b-259c563f3a56" testName="YPosition_Test" computerName="DILBERT-PC" duration="00:00:00.0003768" startTime="2012-03-06T00:30:39.9126501-06:00" endTime="2012-03-06T00:30:39.9156503-06:00" testType="13cdc9d9-ddb5-4fa4-a97d-d965ccfc6d4b" outcome="Passed" testListId="8c84fa94-04c1-424b-9868-57a2d4851a1d" relativeResultsDirectory="597bb099-dbfa-4ad7-828a-1e4242a49deb">
    </UnitTestResult>
    <UnitTestResult executionId="3bbdb4ae-d1b9-4041-bdc5-d1ccef1b1ad3" testId="8418000c-0d68-bb60-a56c-50e4bb8c38bc" testName="XPosition_Test" computerName="DILBERT-PC" duration="00:00:00.0003580" startTime="2012-03-06T00:30:39.9166503-06:00" endTime="2012-03-06T00:30:39.9206505-06:00" testType="13cdc9d9-ddb5-4fa4-a97d-d965ccfc6d4b" outcome="Passed" testListId="8c84fa94-04c1-424b-9868-57a2d4851a1d" relativeResultsDirectory="3bbdb4ae-d1b9-4041-bdc5-d1ccef1b1ad3">
    </UnitTestResult>
    <UnitTestResult executionId="060fb35a-11db-46c4-922f-ec91596bf344" testId="86647a27-2eca-c19f-dae9-e1e0f399b670" testName="IsAnimating_Test" computerName="DILBERT-PC" duration="00:00:00.0002965" startTime="2012-03-06T00:30:39.9216506-06:00" endTime="2012-03-06T00:30:39.9246508-06:00" testType="13cdc9d9-ddb5-4fa4-a97d-d965ccfc6d4b" outcome="Passed" testListId="8c84fa94-04c1-424b-9868-57a2d4851a1d" relativeResultsDirectory="060fb35a-11db-46c4-922f-ec91596bf344">
    </UnitTestResult>
    <UnitTestResult executionId="8950b7b3-4ac5-458f-a3be-df8c24d5369e" testId="9400351a-0176-9c1e-51e1-975e9aa5fcab" testName="AccelRate_Test" computerName="DILBERT-PC" duration="00:00:00.0003430" startTime="2012-03-06T00:30:39.9256508-06:00" endTime="2012-03-06T00:30:39.9286510-06:00" testType="13cdc9d9-ddb5-4fa4-a97d-d965ccfc6d4b" outcome="Passed" testListId="8c84fa94-04c1-424b-9868-57a2d4851a1d" relativeResultsDirectory="8950b7b3-4ac5-458f-a3be-df8c24d5369e">
    </UnitTestResult>
    <UnitTestResult executionId="c3ca4341-e9cb-4265-aeae-b88cd2068841" testId="976f7abd-3a44-9389-443e-407970b6257c" testName="BoundingBox_Test" computerName="DILBERT-PC" duration="00:00:00.0006577" startTime="2012-03-06T00:30:39.9296511-06:00" endTime="2012-03-06T00:30:39.9346513-06:00" testType="13cdc9d9-ddb5-4fa4-a97d-d965ccfc6d4b" outcome="Passed" testListId="8c84fa94-04c1-424b-9868-57a2d4851a1d" relativeResultsDirectory="c3ca4341-e9cb-4265-aeae-b88cd2068841">
    </UnitTestResult>
    <UnitTestResult executionId="b753e6c9-5691-46cf-96e1-874eebd40b2f" testId="9c059ac2-daae-689d-1f4c-38c96bde6e85" testName="Facing_Test" computerName="DILBERT-PC" duration="00:00:00.0003503" startTime="2012-03-06T00:30:39.9346513-06:00" endTime="2012-03-06T00:30:39.9386516-06:00" testType="13cdc9d9-ddb5-4fa4-a97d-d965ccfc6d4b" outcome="Passed" testListId="8c84fa94-04c1-424b-9868-57a2d4851a1d" relativeResultsDirectory="b753e6c9-5691-46cf-96e1-874eebd40b2f">
    </UnitTestResult>
    <UnitTestResult executionId="b260f7fa-5c36-4d5c-821c-18c2b646315a" testId="a691e6b4-e492-6f43-4f53-2977f4327922" testName="TestScreen" computerName="DILBERT-PC" duration="00:00:00.0061793" startTime="2012-03-06T00:30:39.9396516-06:00" endTime="2012-03-06T00:30:39.9486522-06:00" testType="13cdc9d9-ddb5-4fa4-a97d-d965ccfc6d4b" outcome="Failed" testListId="8c84fa94-04c1-424b-9868-57a2d4851a1d" relativeResultsDirectory="b260f7fa-5c36-4d5c-821c-18c2b646315a">
      <Output>
        <ErrorInfo>
          <Message>Assert.IsNotNull failed. </Message>
          <StackTrace>   at Project_Starfighter_Test.InstructionsScreen_Test.TestScreen() in C:\Users\Gerald\workspace\CSCE3513\Team15\Team15\Project Starfighter\Project Starfighter Test\InstructionsScreen_Test.cs:line 39
</StackTrace>
        </ErrorInfo>
      </Output>
    </UnitTestResult>
    <UnitTestResult executionId="6eb0d07a-b63d-4a75-b115-357781521696" testId="afdaa493-65bf-f260-c382-6723d3f0a59d" testName="BackgroundOffset_Test" computerName="DILBERT-PC" duration="00:00:00.0003854" startTime="2012-03-06T00:30:39.9506523-06:00" endTime="2012-03-06T00:30:39.9536524-06:00" testType="13cdc9d9-ddb5-4fa4-a97d-d965ccfc6d4b" outcome="Passed" testListId="8c84fa94-04c1-424b-9868-57a2d4851a1d" relativeResultsDirectory="6eb0d07a-b63d-4a75-b115-357781521696">
    </UnitTestResult>
    <UnitTestResult executionId="6dea72b3-b22c-4967-a11c-1717db9817b7" testId="bcb441b9-e647-9f40-49e6-fd9d18cfc62b" testName="XPosition_Test" computerName="DILBERT-PC" duration="00:00:00.0003306" startTime="2012-03-06T00:30:39.9546525-06:00" endTime="2012-03-06T00:30:39.9586527-06:00" testType="13cdc9d9-ddb5-4fa4-a97d-d965ccfc6d4b" outcome="Passed" testListId="8c84fa94-04c1-424b-9868-57a2d4851a1d" relativeResultsDirectory="6dea72b3-b22c-4967-a11c-1717db9817b7">
    </UnitTestResult>
    <UnitTestResult executionId="97875a51-5deb-4de3-9425-0e6a1fc1050e" testId="c4203e4f-b59e-0d54-085a-1ab34f49edd9" testName="YPosition_Test" computerName="DILBERT-PC" duration="00:00:00.0003280" startTime="2012-03-06T00:30:39.9586527-06:00" endTime="2012-03-06T00:30:39.9626530-06:00" testType="13cdc9d9-ddb5-4fa4-a97d-d965ccfc6d4b" outcome="Passed" testListId="8c84fa94-04c1-424b-9868-57a2d4851a1d" relativeResultsDirectory="97875a51-5deb-4de3-9425-0e6a1fc1050e">
    </UnitTestResult>
    <UnitTestResult executionId="a1d10dbd-b2ff-42d6-8722-a3fc49a5f26a" testId="cf3104af-12eb-afd7-c3c5-6b833e146551" testName="HandleActionScreen_Test" computerName="DILBERT-PC" duration="00:00:00.0000856" startTime="2012-03-06T00:30:39.9636530-06:00" endTime="2012-03-06T00:30:39.9666532-06:00" testType="13cdc9d9-ddb5-4fa4-a97d-d965ccfc6d4b" outcome="Passed" testListId="8c84fa94-04c1-424b-9868-57a2d4851a1d" relativeResultsDirectory="a1d10dbd-b2ff-42d6-8722-a3fc49a5f26a">
    </UnitTestResult>
    <UnitTestResult executionId="ebe95ed6-2b6b-4b3a-8c98-b4be34f277c4" testId="e6c69646-595b-0ad2-87cb-e2f497a6e635" testName="HandleStartScreen_Test" computerName="DILBERT-PC" duration="00:00:00.0000742" startTime="2012-03-06T00:30:39.9676532-06:00" endTime="2012-03-06T00:30:39.9706534-06:00" testType="13cdc9d9-ddb5-4fa4-a97d-d965ccfc6d4b" outcome="Passed" testListId="8c84fa94-04c1-424b-9868-57a2d4851a1d" relativeResultsDirectory="ebe95ed6-2b6b-4b3a-8c98-b4be34f277c4">
    </UnitTestResult>
    <UnitTestResult executionId="fde33c10-b4f4-42ed-bc1b-8f8fa6722b3b" testId="ef2e5a6d-8764-ea3a-2b11-a77da1492a16" testName="BackgroundHeight_Test" computerName="DILBERT-PC" duration="00:00:00.0002952" startTime="2012-03-06T00:30:39.9716535-06:00" endTime="2012-03-06T00:30:39.9746536-06:00" testType="13cdc9d9-ddb5-4fa4-a97d-d965ccfc6d4b" outcome="Passed" testListId="8c84fa94-04c1-424b-9868-57a2d4851a1d" relativeResultsDirectory="fde33c10-b4f4-42ed-bc1b-8f8fa6722b3b">
    </UnitTestResult>
    <UnitTestResult executionId="7ce15ca5-84bc-40e8-9fb0-e4d1f6c776a5" testId="f8117bbb-c7e5-e9b5-d0ec-69ac4f2ec7f3" testName="BackgroundWidth_Test" computerName="DILBERT-PC" duration="00:00:00.0003299" startTime="2012-03-06T00:30:39.9756537-06:00" endTime="2012-03-06T00:30:39.9786539-06:00" testType="13cdc9d9-ddb5-4fa4-a97d-d965ccfc6d4b" outcome="Passed" testListId="8c84fa94-04c1-424b-9868-57a2d4851a1d" relativeResultsDirectory="7ce15ca5-84bc-40e8-9fb0-e4d1f6c776a5">
    </UnitTestResult>
  </Results>
</TestRun>