<?xml version="1.0" encoding="UTF-8"?>
<TestRun id="f64d555f-6bbb-45e0-932c-952671807571" name="Gerald@DILBERT-PC 2012-03-05 21:05:22" runUser="Dilbert-PC\Gerald" xmlns="http://microsoft.com/schemas/VisualStudio/TeamTest/2010">
  <TestSettings name="Local" id="8938d3c6-cbd1-4798-a27b-390f29bff55a">
    <Description>These are default test settings for a local test run.</Description>
    <Deployment enabled="false" runDeploymentRoot="Gerald_DILBERT-PC 2012-03-05 21_05_22">
      <DeploymentItem filename="C:\Users\Gerald\workspace\CSCE3513\Team15\Team15\Project Starfighter\Project Starfighter Test\bin\Debug\Rhino.Mocks.dll" />
      <DeploymentItem filename="C:\Users\Gerald\workspace\CSCE3513\Team15\Team15\Project Starfighter\Project Starfighter\Project Starfighter\bin\x86\Debug\Project Starfighter.exe" />
    </Deployment>
    <Execution>
      <TestTypeSpecific />
      <AgentRule name="Execution Agents">
      </AgentRule>
    </Execution>
  </TestSettings>
  <Times creation="2012-03-05T21:05:22.1921168-06:00" queuing="2012-03-05T21:05:22.2141180-06:00" start="2012-03-05T21:05:22.2281188-06:00" finish="2012-03-05T21:05:22.4071291-06:00" />
  <ResultSummary outcome="Error">
    <Counters total="2" executed="2" error="2" failed="0" timeout="0" aborted="0" inconclusive="0" passedButRunAborted="0" notRunnable="0" notExecuted="0" disconnected="0" warning="0" passed="0" completed="0" inProgress="0" pending="0" />
  </ResultSummary>
  <TestDefinitions>
    <UnitTest name="TestText" storage="c:\users\gerald\workspace\csce3513\team15\team15\project starfighter\project starfighter test\bin\debug\project starfighter test.dll" id="9297cff2-77d8-2d67-31cf-7a99c311a5ff">
      <Execution id="d22eee11-a01d-48fa-8915-9f2a6644a473" />
      <TestMethod codeBase="C:\Users\Gerald\workspace\CSCE3513\Team15\Team15\Project Starfighter\Project Starfighter Test\bin\Debug\Project Starfighter Test.dll" adapterTypeName="Microsoft.VisualStudio.TestTools.TestTypes.Unit.UnitTestAdapter, Microsoft.VisualStudio.QualityTools.Tips.UnitTest.Adapter, Version=10.0.0.0, Culture=neutral, PublicKeyToken=b03f5f7f11d50a3a" className="Project_Starfighter_Test.InstructionsScreen_Test, Project Starfighter Test" name="TestText" />
    </UnitTest>
    <UnitTest name="TestScreen" storage="c:\users\gerald\workspace\csce3513\team15\team15\project starfighter\project starfighter test\bin\debug\project starfighter test.dll" id="a691e6b4-e492-6f43-4f53-2977f4327922">
      <Execution id="54ddb8ae-a516-4b68-afbd-01fabb2b998d" />
      <TestMethod codeBase="C:\Users\Gerald\workspace\CSCE3513\Team15\Team15\Project Starfighter\Project Starfighter Test\bin\Debug\Project Starfighter Test.dll" adapterTypeName="Microsoft.VisualStudio.TestTools.TestTypes.Unit.UnitTestAdapter, Microsoft.VisualStudio.QualityTools.Tips.UnitTest.Adapter, Version=10.0.0.0, Culture=neutral, PublicKeyToken=b03f5f7f11d50a3a" className="Project_Starfighter_Test.InstructionsScreen_Test, Project Starfighter Test" name="TestScreen" />
    </UnitTest>
  </TestDefinitions>
  <TestLists>
    <TestList name="Results Not in a List" id="8c84fa94-04c1-424b-9868-57a2d4851a1d" />
    <TestList name="All Loaded Results" id="19431567-8539-422a-85d7-44ee4e166bda" />
  </TestLists>
  <TestEntries>
    <TestEntry testId="9297cff2-77d8-2d67-31cf-7a99c311a5ff" executionId="d22eee11-a01d-48fa-8915-9f2a6644a473" testListId="8c84fa94-04c1-424b-9868-57a2d4851a1d" />
    <TestEntry testId="a691e6b4-e492-6f43-4f53-2977f4327922" executionId="54ddb8ae-a516-4b68-afbd-01fabb2b998d" testListId="8c84fa94-04c1-424b-9868-57a2d4851a1d" />
  </TestEntries>
  <Results>
    <UnitTestResult executionId="d22eee11-a01d-48fa-8915-9f2a6644a473" testId="9297cff2-77d8-2d67-31cf-7a99c311a5ff" testName="TestText" computerName="DILBERT-PC" startTime="2012-03-05T21:05:22.2241186-06:00" endTime="2012-03-05T21:05:22.3891280-06:00" testType="13cdc9d9-ddb5-4fa4-a97d-d965ccfc6d4b" testListId="8c84fa94-04c1-424b-9868-57a2d4851a1d" relativeResultsDirectory="d22eee11-a01d-48fa-8915-9f2a6644a473">
      <Output>
        <ErrorInfo>
          <Message>Method Project_Starfighter_Test.InstructionsScreen_Test.TestText does not exist.</Message>
        </ErrorInfo>
      </Output>
    </UnitTestResult>
    <UnitTestResult executionId="54ddb8ae-a516-4b68-afbd-01fabb2b998d" testId="a691e6b4-e492-6f43-4f53-2977f4327922" testName="TestScreen" computerName="DILBERT-PC" startTime="2012-03-05T21:05:22.3901281-06:00" endTime="2012-03-05T21:05:22.3941283-06:00" testType="13cdc9d9-ddb5-4fa4-a97d-d965ccfc6d4b" testListId="8c84fa94-04c1-424b-9868-57a2d4851a1d" relativeResultsDirectory="54ddb8ae-a516-4b68-afbd-01fabb2b998d">
      <Output>
        <ErrorInfo>
          <Message>Method Project_Starfighter_Test.InstructionsScreen_Test.TestScreen does not exist.</Message>
        </ErrorInfo>
      </Output>
    </UnitTestResult>
  </Results>
</TestRun>