<?xml version="1.0" encoding="UTF-8"?>
<TestRun id="18423b06-5fef-4303-9d53-50a8bcb95e04" name="Gerald@DILBERT-PC 2012-03-05 22:47:46" runUser="Dilbert-PC\Gerald" xmlns="http://microsoft.com/schemas/VisualStudio/TeamTest/2010">
  <TestSettings name="Local" id="8938d3c6-cbd1-4798-a27b-390f29bff55a">
    <Description>These are default test settings for a local test run.</Description>
    <Deployment enabled="false" runDeploymentRoot="Gerald_DILBERT-PC 2012-03-05 22_47_46">
      <DeploymentItem filename="C:\Users\Gerald\workspace\CSCE3513\Team15\Team15\Project Starfighter\Project Starfighter Test\bin\Debug\Rhino.Mocks.dll" />
      <DeploymentItem filename="C:\Users\Gerald\workspace\CSCE3513\Team15\Team15\Project Starfighter\Project Starfighter\Project Starfighter\bin\x86\Debug\Project Starfighter.exe" />
    </Deployment>
    <Execution>
      <TestTypeSpecific />
      <AgentRule name="Execution Agents">
      </AgentRule>
    </Execution>
  </TestSettings>
  <Times creation="2012-03-05T22:47:46.8825730-06:00" queuing="2012-03-05T22:47:46.9085745-06:00" start="2012-03-05T22:47:46.9125747-06:00" finish="2012-03-05T22:47:47.1705894-06:00" />
  <ResultSummary outcome="Failed">
    <Counters total="2" executed="2" passed="1" error="0" failed="1" timeout="0" aborted="0" inconclusive="0" passedButRunAborted="0" notRunnable="0" notExecuted="0" disconnected="0" warning="0" completed="0" inProgress="0" pending="0" />
  </ResultSummary>
  <TestDefinitions>
    <UnitTest name="TestText" storage="c:\users\gerald\workspace\csce3513\team15\team15\project starfighter\project starfighter test\bin\debug\project starfighter test.dll" id="9297cff2-77d8-2d67-31cf-7a99c311a5ff">
      <Execution id="46ab4a1b-9818-40fb-8a0a-a86e13e7608d" />
      <TestMethod codeBase="C:\Users\Gerald\workspace\CSCE3513\Team15\Team15\Project Starfighter\Project Starfighter Test\bin\Debug\Project Starfighter Test.dll" adapterTypeName="Microsoft.VisualStudio.TestTools.TestTypes.Unit.UnitTestAdapter, Microsoft.VisualStudio.QualityTools.Tips.UnitTest.Adapter, Version=10.0.0.0, Culture=neutral, PublicKeyToken=b03f5f7f11d50a3a" className="Project_Starfighter_Test.InstructionsScreen_Test, Project Starfighter Test" name="TestText" />
    </UnitTest>
    <UnitTest name="TestScreen" storage="c:\users\gerald\workspace\csce3513\team15\team15\project starfighter\project starfighter test\bin\debug\project starfighter test.dll" id="a691e6b4-e492-6f43-4f53-2977f4327922">
      <Execution id="8a702f98-182c-4ff2-b838-80b1fdf86f82" />
      <TestMethod codeBase="C:\Users\Gerald\workspace\CSCE3513\Team15\Team15\Project Starfighter\Project Starfighter Test\bin\Debug\Project Starfighter Test.dll" adapterTypeName="Microsoft.VisualStudio.TestTools.TestTypes.Unit.UnitTestAdapter, Microsoft.VisualStudio.QualityTools.Tips.UnitTest.Adapter, Version=10.0.0.0, Culture=neutral, PublicKeyToken=b03f5f7f11d50a3a" className="Project_Starfighter_Test.InstructionsScreen_Test, Project Starfighter Test" name="TestScreen" />
    </UnitTest>
  </TestDefinitions>
  <TestLists>
    <TestList name="Results Not in a List" id="8c84fa94-04c1-424b-9868-57a2d4851a1d" />
    <TestList name="All Loaded Results" id="19431567-8539-422a-85d7-44ee4e166bda" />
  </TestLists>
  <TestEntries>
    <TestEntry testId="9297cff2-77d8-2d67-31cf-7a99c311a5ff" executionId="46ab4a1b-9818-40fb-8a0a-a86e13e7608d" testListId="8c84fa94-04c1-424b-9868-57a2d4851a1d" />
    <TestEntry testId="a691e6b4-e492-6f43-4f53-2977f4327922" executionId="8a702f98-182c-4ff2-b838-80b1fdf86f82" testListId="8c84fa94-04c1-424b-9868-57a2d4851a1d" />
  </TestEntries>
  <Results>
    <UnitTestResult executionId="46ab4a1b-9818-40fb-8a0a-a86e13e7608d" testId="9297cff2-77d8-2d67-31cf-7a99c311a5ff" testName="TestText" computerName="DILBERT-PC" duration="00:00:00.0101599" startTime="2012-03-05T22:47:46.9145748-06:00" endTime="2012-03-05T22:47:47.0915849-06:00" testType="13cdc9d9-ddb5-4fa4-a97d-d965ccfc6d4b" outcome="Passed" testListId="8c84fa94-04c1-424b-9868-57a2d4851a1d" relativeResultsDirectory="46ab4a1b-9818-40fb-8a0a-a86e13e7608d">
    </UnitTestResult>
    <UnitTestResult executionId="8a702f98-182c-4ff2-b838-80b1fdf86f82" testId="a691e6b4-e492-6f43-4f53-2977f4327922" testName="TestScreen" computerName="DILBERT-PC" duration="00:00:00.0599960" startTime="2012-03-05T22:47:47.0925850-06:00" endTime="2012-03-05T22:47:47.1555886-06:00" testType="13cdc9d9-ddb5-4fa4-a97d-d965ccfc6d4b" outcome="Failed" testListId="8c84fa94-04c1-424b-9868-57a2d4851a1d" relativeResultsDirectory="8a702f98-182c-4ff2-b838-80b1fdf86f82">
      <Output>
        <ErrorInfo>
          <Message>Assert.IsNotNull failed. </Message>
          <StackTrace>   at Project_Starfighter_Test.InstructionsScreen_Test.TestScreen() in C:\Users\Gerald\workspace\CSCE3513\Team15\Team15\Project Starfighter\Project Starfighter Test\InstructionsScreen_Test.cs:line 24
</StackTrace>
        </ErrorInfo>
      </Output>
    </UnitTestResult>
  </Results>
</TestRun>