<?xml version="1.0" encoding="UTF-8"?>
<TestRun id="0dba000e-8fdc-45e2-ae94-d8fc095e9ad7" name="Gerald@DILBERT-PC 2012-03-05 19:53:06" runUser="Dilbert-PC\Gerald" xmlns="http://microsoft.com/schemas/VisualStudio/TeamTest/2010">
  <TestSettings name="Local" id="8938d3c6-cbd1-4798-a27b-390f29bff55a">
    <Description>These are default test settings for a local test run.</Description>
    <Deployment enabled="false" runDeploymentRoot="Gerald_DILBERT-PC 2012-03-05 19_53_06">
      <DeploymentItem filename="C:\Users\Gerald\workspace\CSCE3513\Team15\Team15\Project Starfighter\Project Starfighter Test\bin\Debug\Rhino.Mocks.dll" />
      <DeploymentItem filename="C:\Users\Gerald\workspace\CSCE3513\Team15\Team15\Project Starfighter\Project Starfighter\Project Starfighter\bin\x86\Debug\Project Starfighter.exe" />
    </Deployment>
    <Execution>
      <TestTypeSpecific />
      <AgentRule name="Execution Agents">
      </AgentRule>
    </Execution>
  </TestSettings>
  <Times creation="2012-03-05T19:53:06.9411546-06:00" queuing="2012-03-05T19:53:08.2642303-06:00" start="2012-03-05T19:53:08.3692363-06:00" finish="2012-03-05T19:53:09.5453036-06:00" />
  <ResultSummary outcome="Completed">
    <Counters total="23" executed="23" passed="23" error="0" failed="0" timeout="0" aborted="0" inconclusive="0" passedButRunAborted="0" notRunnable="0" notExecuted="0" disconnected="0" warning="0" completed="0" inProgress="0" pending="0" />
  </ResultSummary>
  <TestDefinitions>
    <UnitTest name="BoundingBox_Test" storage="c:\users\gerald\workspace\csce3513\team15\team15\project starfighter\project starfighter test\bin\debug\project starfighter test.dll" id="976f7abd-3a44-9389-443e-407970b6257c">
      <Execution id="a357899c-b312-4a29-aa5e-44c560b88a08" />
      <TestMethod codeBase="C:\Users\Gerald\workspace\CSCE3513\Team15\Team15\Project Starfighter\Project Starfighter Test\bin\Debug\Project Starfighter Test.dll" adapterTypeName="Microsoft.VisualStudio.TestTools.TestTypes.Unit.UnitTestAdapter, Microsoft.VisualStudio.QualityTools.Tips.UnitTest.Adapter, Version=10.0.0.0, Culture=neutral, PublicKeyToken=b03f5f7f11d50a3a" className="Project_Starfighter_Test.Player_Test, Project Starfighter Test" name="BoundingBox_Test" />
    </UnitTest>
    <UnitTest name="Thrusting_Test" storage="c:\users\gerald\workspace\csce3513\team15\team15\project starfighter\project starfighter test\bin\debug\project starfighter test.dll" id="543eb888-c955-88ac-ade4-b08205384b3c">
      <Execution id="42a4bb4d-70cd-41ce-8494-91f8e7c1798f" />
      <TestMethod codeBase="C:\Users\Gerald\workspace\CSCE3513\Team15\Team15\Project Starfighter\Project Starfighter Test\bin\Debug\Project Starfighter Test.dll" adapterTypeName="Microsoft.VisualStudio.TestTools.TestTypes.Unit.UnitTestAdapter, Microsoft.VisualStudio.QualityTools.Tips.UnitTest.Adapter, Version=10.0.0.0, Culture=neutral, PublicKeyToken=b03f5f7f11d50a3a" className="Project_Starfighter_Test.Player_Test, Project Starfighter Test" name="Thrusting_Test" />
    </UnitTest>
    <UnitTest name="Facing_Test" storage="c:\users\gerald\workspace\csce3513\team15\team15\project starfighter\project starfighter test\bin\debug\project starfighter test.dll" id="9c059ac2-daae-689d-1f4c-38c96bde6e85">
      <Execution id="73db1bea-ff9d-4e8a-a870-31c9d65f5588" />
      <TestMethod codeBase="C:\Users\Gerald\workspace\CSCE3513\Team15\Team15\Project Starfighter\Project Starfighter Test\bin\Debug\Project Starfighter Test.dll" adapterTypeName="Microsoft.VisualStudio.TestTools.TestTypes.Unit.UnitTestAdapter, Microsoft.VisualStudio.QualityTools.Tips.UnitTest.Adapter, Version=10.0.0.0, Culture=neutral, PublicKeyToken=b03f5f7f11d50a3a" className="Project_Starfighter_Test.Player_Test, Project Starfighter Test" name="Facing_Test" />
    </UnitTest>
    <UnitTest name="HandleActionScreen_Test" storage="c:\users\gerald\workspace\csce3513\team15\team15\project starfighter\project starfighter test\bin\debug\project starfighter test.dll" id="cf3104af-12eb-afd7-c3c5-6b833e146551">
      <Execution id="1f5125a5-4173-4885-8d56-8d379864a548" />
      <TestMethod codeBase="C:\Users\Gerald\workspace\CSCE3513\Team15\Team15\Project Starfighter\Project Starfighter Test\bin\Debug\Project Starfighter Test.dll" adapterTypeName="Microsoft.VisualStudio.TestTools.TestTypes.Unit.UnitTestAdapter, Microsoft.VisualStudio.QualityTools.Tips.UnitTest.Adapter, Version=10.0.0.0, Culture=neutral, PublicKeyToken=b03f5f7f11d50a3a" className="Project_Starfighter_Test.Starfighter_Test, Project Starfighter Test" name="HandleActionScreen_Test" />
    </UnitTest>
    <UnitTest name="YPosition_Test" storage="c:\users\gerald\workspace\csce3513\team15\team15\project starfighter\project starfighter test\bin\debug\project starfighter test.dll" id="6ac281c6-5261-f907-da1b-259c563f3a56">
      <Execution id="1e2569ee-3882-41e5-bd03-fde366307cd8" />
      <TestMethod codeBase="C:\Users\Gerald\workspace\CSCE3513\Team15\Team15\Project Starfighter\Project Starfighter Test\bin\Debug\Project Starfighter Test.dll" adapterTypeName="Microsoft.VisualStudio.TestTools.TestTypes.Unit.UnitTestAdapter, Microsoft.VisualStudio.QualityTools.Tips.UnitTest.Adapter, Version=10.0.0.0, Culture=neutral, PublicKeyToken=b03f5f7f11d50a3a" className="Project_Starfighter_Test.AnimatedSprite_Test, Project Starfighter Test" name="YPosition_Test" />
    </UnitTest>
    <UnitTest name="BackgroundOffset_Test" storage="c:\users\gerald\workspace\csce3513\team15\team15\project starfighter\project starfighter test\bin\debug\project starfighter test.dll" id="afdaa493-65bf-f260-c382-6723d3f0a59d">
      <Execution id="49733940-586b-4858-aa12-f6ae8a95bea0" />
      <TestMethod codeBase="C:\Users\Gerald\workspace\CSCE3513\Team15\Team15\Project Starfighter\Project Starfighter Test\bin\Debug\Project Starfighter Test.dll" adapterTypeName="Microsoft.VisualStudio.TestTools.TestTypes.Unit.UnitTestAdapter, Microsoft.VisualStudio.QualityTools.Tips.UnitTest.Adapter, Version=10.0.0.0, Culture=neutral, PublicKeyToken=b03f5f7f11d50a3a" className="Project_Starfighter_Test.Background_Test, Project Starfighter Test" name="BackgroundOffset_Test" />
    </UnitTest>
    <UnitTest name="GetSourceRectangle_Test" storage="c:\users\gerald\workspace\csce3513\team15\team15\project starfighter\project starfighter test\bin\debug\project starfighter test.dll" id="05440f39-53b0-99ca-f3bb-be1fb1d2de03">
      <Execution id="6bcddb1b-5b09-4b42-b285-71aaae77c51a" />
      <TestMethod codeBase="C:\Users\Gerald\workspace\CSCE3513\Team15\Team15\Project Starfighter\Project Starfighter Test\bin\Debug\Project Starfighter Test.dll" adapterTypeName="Microsoft.VisualStudio.TestTools.TestTypes.Unit.UnitTestAdapter, Microsoft.VisualStudio.QualityTools.Tips.UnitTest.Adapter, Version=10.0.0.0, Culture=neutral, PublicKeyToken=b03f5f7f11d50a3a" className="Project_Starfighter_Test.AnimatedSprite_Test, Project Starfighter Test" name="GetSourceRectangle_Test" />
    </UnitTest>
    <UnitTest name="XPosition_Test" storage="c:\users\gerald\workspace\csce3513\team15\team15\project starfighter\project starfighter test\bin\debug\project starfighter test.dll" id="8418000c-0d68-bb60-a56c-50e4bb8c38bc">
      <Execution id="9301d518-6376-4fc2-a89e-3bca895ace16" />
      <TestMethod codeBase="C:\Users\Gerald\workspace\CSCE3513\Team15\Team15\Project Starfighter\Project Starfighter Test\bin\Debug\Project Starfighter Test.dll" adapterTypeName="Microsoft.VisualStudio.TestTools.TestTypes.Unit.UnitTestAdapter, Microsoft.VisualStudio.QualityTools.Tips.UnitTest.Adapter, Version=10.0.0.0, Culture=neutral, PublicKeyToken=b03f5f7f11d50a3a" className="Project_Starfighter_Test.AnimatedSprite_Test, Project Starfighter Test" name="XPosition_Test" />
    </UnitTest>
    <UnitTest name="BackgroundFileWidth_Test" storage="c:\users\gerald\workspace\csce3513\team15\team15\project starfighter\project starfighter test\bin\debug\project starfighter test.dll" id="5612bdfa-8071-6785-2a45-10f6be5e8f26">
      <Execution id="9aa87748-8c5e-48c6-8e5b-fef413900eaf" />
      <TestMethod codeBase="C:\Users\Gerald\workspace\CSCE3513\Team15\Team15\Project Starfighter\Project Starfighter Test\bin\Debug\Project Starfighter Test.dll" adapterTypeName="Microsoft.VisualStudio.TestTools.TestTypes.Unit.UnitTestAdapter, Microsoft.VisualStudio.QualityTools.Tips.UnitTest.Adapter, Version=10.0.0.0, Culture=neutral, PublicKeyToken=b03f5f7f11d50a3a" className="Project_Starfighter_Test.Background_Test, Project Starfighter Test" name="BackgroundFileWidth_Test" />
    </UnitTest>
    <UnitTest name="BackgroundHeight_Test" storage="c:\users\gerald\workspace\csce3513\team15\team15\project starfighter\project starfighter test\bin\debug\project starfighter test.dll" id="ef2e5a6d-8764-ea3a-2b11-a77da1492a16">
      <Execution id="364d2e35-3c3e-4cdb-9013-3a22435bf0ea" />
      <TestMethod codeBase="C:\Users\Gerald\workspace\CSCE3513\Team15\Team15\Project Starfighter\Project Starfighter Test\bin\Debug\Project Starfighter Test.dll" adapterTypeName="Microsoft.VisualStudio.TestTools.TestTypes.Unit.UnitTestAdapter, Microsoft.VisualStudio.QualityTools.Tips.UnitTest.Adapter, Version=10.0.0.0, Culture=neutral, PublicKeyToken=b03f5f7f11d50a3a" className="Project_Starfighter_Test.Background_Test, Project Starfighter Test" name="BackgroundHeight_Test" />
    </UnitTest>
    <UnitTest name="BackgroundWidth_Test" storage="c:\users\gerald\workspace\csce3513\team15\team15\project starfighter\project starfighter test\bin\debug\project starfighter test.dll" id="f8117bbb-c7e5-e9b5-d0ec-69ac4f2ec7f3">
      <Execution id="bb9a3b64-36e2-4071-bc5b-294e6f17014d" />
      <TestMethod codeBase="C:\Users\Gerald\workspace\CSCE3513\Team15\Team15\Project Starfighter\Project Starfighter Test\bin\Debug\Project Starfighter Test.dll" adapterTypeName="Microsoft.VisualStudio.TestTools.TestTypes.Unit.UnitTestAdapter, Microsoft.VisualStudio.QualityTools.Tips.UnitTest.Adapter, Version=10.0.0.0, Culture=neutral, PublicKeyToken=b03f5f7f11d50a3a" className="Project_Starfighter_Test.Background_Test, Project Starfighter Test" name="BackgroundWidth_Test" />
    </UnitTest>
    <UnitTest name="Test_Load" storage="c:\users\gerald\workspace\csce3513\team15\team15\project starfighter\project starfighter test\bin\debug\project starfighter test.dll" id="613929a0-eef6-02e0-7b2f-4947c95929bb">
      <Execution id="99eb0143-008d-42f4-81f4-ba0462c780b4" />
      <TestMethod codeBase="C:\Users\Gerald\workspace\CSCE3513\Team15\Team15\Project Starfighter\Project Starfighter Test\bin\Debug\Project Starfighter Test.dll" adapterTypeName="Microsoft.VisualStudio.TestTools.TestTypes.Unit.UnitTestAdapter, Microsoft.VisualStudio.QualityTools.Tips.UnitTest.Adapter, Version=10.0.0.0, Culture=neutral, PublicKeyToken=b03f5f7f11d50a3a" className="Project_Starfighter_Test.Starfighter_Test, Project Starfighter Test" name="Test_Load" />
    </UnitTest>
    <UnitTest name="Frame_Test" storage="c:\users\gerald\workspace\csce3513\team15\team15\project starfighter\project starfighter test\bin\debug\project starfighter test.dll" id="4e28cde3-2288-16fe-42bd-9acfc8da8ab8">
      <Execution id="378b4f31-7813-4eb1-95ad-dc5ad444ab81" />
      <TestMethod codeBase="C:\Users\Gerald\workspace\CSCE3513\Team15\Team15\Project Starfighter\Project Starfighter Test\bin\Debug\Project Starfighter Test.dll" adapterTypeName="Microsoft.VisualStudio.TestTools.TestTypes.Unit.UnitTestAdapter, Microsoft.VisualStudio.QualityTools.Tips.UnitTest.Adapter, Version=10.0.0.0, Culture=neutral, PublicKeyToken=b03f5f7f11d50a3a" className="Project_Starfighter_Test.AnimatedSprite_Test, Project Starfighter Test" name="Frame_Test" />
    </UnitTest>
    <UnitTest name="Update_Test" storage="c:\users\gerald\workspace\csce3513\team15\team15\project starfighter\project starfighter test\bin\debug\project starfighter test.dll" id="22c222ce-44b6-8dcd-bd1f-08a79cdcc566">
      <Execution id="28bd1a06-5c69-4436-a847-33dd26122503" />
      <TestMethod codeBase="C:\Users\Gerald\workspace\CSCE3513\Team15\Team15\Project Starfighter\Project Starfighter Test\bin\Debug\Project Starfighter Test.dll" adapterTypeName="Microsoft.VisualStudio.TestTools.TestTypes.Unit.UnitTestAdapter, Microsoft.VisualStudio.QualityTools.Tips.UnitTest.Adapter, Version=10.0.0.0, Culture=neutral, PublicKeyToken=b03f5f7f11d50a3a" className="Project_Starfighter_Test.Player_Test, Project Starfighter Test" name="Update_Test" />
    </UnitTest>
    <UnitTest name="BackgroundFileHeight_Test" storage="c:\users\gerald\workspace\csce3513\team15\team15\project starfighter\project starfighter test\bin\debug\project starfighter test.dll" id="0fa67a85-ae25-69c2-5a09-b8b613f54f76">
      <Execution id="b4a2f05a-de56-4440-8b8b-447cf25f727b" />
      <TestMethod codeBase="C:\Users\Gerald\workspace\CSCE3513\Team15\Team15\Project Starfighter\Project Starfighter Test\bin\Debug\Project Starfighter Test.dll" adapterTypeName="Microsoft.VisualStudio.TestTools.TestTypes.Unit.UnitTestAdapter, Microsoft.VisualStudio.QualityTools.Tips.UnitTest.Adapter, Version=10.0.0.0, Culture=neutral, PublicKeyToken=b03f5f7f11d50a3a" className="Project_Starfighter_Test.Background_Test, Project Starfighter Test" name="BackgroundFileHeight_Test" />
    </UnitTest>
    <UnitTest name="XPosition_Test" storage="c:\users\gerald\workspace\csce3513\team15\team15\project starfighter\project starfighter test\bin\debug\project starfighter test.dll" id="bcb441b9-e647-9f40-49e6-fd9d18cfc62b">
      <Execution id="aae5046a-7bbc-403b-b68b-9005d571f38c" />
      <TestMethod codeBase="C:\Users\Gerald\workspace\CSCE3513\Team15\Team15\Project Starfighter\Project Starfighter Test\bin\Debug\Project Starfighter Test.dll" adapterTypeName="Microsoft.VisualStudio.TestTools.TestTypes.Unit.UnitTestAdapter, Microsoft.VisualStudio.QualityTools.Tips.UnitTest.Adapter, Version=10.0.0.0, Culture=neutral, PublicKeyToken=b03f5f7f11d50a3a" className="Project_Starfighter_Test.Player_Test, Project Starfighter Test" name="XPosition_Test" />
    </UnitTest>
    <UnitTest name="IsAnimating_Test" storage="c:\users\gerald\workspace\csce3513\team15\team15\project starfighter\project starfighter test\bin\debug\project starfighter test.dll" id="86647a27-2eca-c19f-dae9-e1e0f399b670">
      <Execution id="f14fffc9-74cf-4969-b3d5-df141a17d3d0" />
      <TestMethod codeBase="C:\Users\Gerald\workspace\CSCE3513\Team15\Team15\Project Starfighter\Project Starfighter Test\bin\Debug\Project Starfighter Test.dll" adapterTypeName="Microsoft.VisualStudio.TestTools.TestTypes.Unit.UnitTestAdapter, Microsoft.VisualStudio.QualityTools.Tips.UnitTest.Adapter, Version=10.0.0.0, Culture=neutral, PublicKeyToken=b03f5f7f11d50a3a" className="Project_Starfighter_Test.AnimatedSprite_Test, Project Starfighter Test" name="IsAnimating_Test" />
    </UnitTest>
    <UnitTest name="AccelRate_Test" storage="c:\users\gerald\workspace\csce3513\team15\team15\project starfighter\project starfighter test\bin\debug\project starfighter test.dll" id="9400351a-0176-9c1e-51e1-975e9aa5fcab">
      <Execution id="375df1ac-6df2-4f68-8ccb-ee300bc98cf1" />
      <TestMethod codeBase="C:\Users\Gerald\workspace\CSCE3513\Team15\Team15\Project Starfighter\Project Starfighter Test\bin\Debug\Project Starfighter Test.dll" adapterTypeName="Microsoft.VisualStudio.TestTools.TestTypes.Unit.UnitTestAdapter, Microsoft.VisualStudio.QualityTools.Tips.UnitTest.Adapter, Version=10.0.0.0, Culture=neutral, PublicKeyToken=b03f5f7f11d50a3a" className="Project_Starfighter_Test.Player_Test, Project Starfighter Test" name="AccelRate_Test" />
    </UnitTest>
    <UnitTest name="YPosition_Test" storage="c:\users\gerald\workspace\csce3513\team15\team15\project starfighter\project starfighter test\bin\debug\project starfighter test.dll" id="c4203e4f-b59e-0d54-085a-1ab34f49edd9">
      <Execution id="a322c21e-cb96-46b6-b2a1-b083d8351262" />
      <TestMethod codeBase="C:\Users\Gerald\workspace\CSCE3513\Team15\Team15\Project Starfighter\Project Starfighter Test\bin\Debug\Project Starfighter Test.dll" adapterTypeName="Microsoft.VisualStudio.TestTools.TestTypes.Unit.UnitTestAdapter, Microsoft.VisualStudio.QualityTools.Tips.UnitTest.Adapter, Version=10.0.0.0, Culture=neutral, PublicKeyToken=b03f5f7f11d50a3a" className="Project_Starfighter_Test.Player_Test, Project Starfighter Test" name="YPosition_Test" />
    </UnitTest>
    <UnitTest name="ScrollRate_Test" storage="c:\users\gerald\workspace\csce3513\team15\team15\project starfighter\project starfighter test\bin\debug\project starfighter test.dll" id="62798b4c-6487-1c18-a52f-27bcf86f3077">
      <Execution id="8c64a301-0428-4a39-9e4d-767a16c17be8" />
      <TestMethod codeBase="C:\Users\Gerald\workspace\CSCE3513\Team15\Team15\Project Starfighter\Project Starfighter Test\bin\Debug\Project Starfighter Test.dll" adapterTypeName="Microsoft.VisualStudio.TestTools.TestTypes.Unit.UnitTestAdapter, Microsoft.VisualStudio.QualityTools.Tips.UnitTest.Adapter, Version=10.0.0.0, Culture=neutral, PublicKeyToken=b03f5f7f11d50a3a" className="Project_Starfighter_Test.Player_Test, Project Starfighter Test" name="ScrollRate_Test" />
    </UnitTest>
    <UnitTest name="HandleStartScreen_Test" storage="c:\users\gerald\workspace\csce3513\team15\team15\project starfighter\project starfighter test\bin\debug\project starfighter test.dll" id="e6c69646-595b-0ad2-87cb-e2f497a6e635">
      <Execution id="b05e39c7-2130-4e65-808b-81d3212302c9" />
      <TestMethod codeBase="C:\Users\Gerald\workspace\CSCE3513\Team15\Team15\Project Starfighter\Project Starfighter Test\bin\Debug\Project Starfighter Test.dll" adapterTypeName="Microsoft.VisualStudio.TestTools.TestTypes.Unit.UnitTestAdapter, Microsoft.VisualStudio.QualityTools.Tips.UnitTest.Adapter, Version=10.0.0.0, Culture=neutral, PublicKeyToken=b03f5f7f11d50a3a" className="Project_Starfighter_Test.Starfighter_Test, Project Starfighter Test" name="HandleStartScreen_Test" />
    </UnitTest>
    <UnitTest name="Update_Test" storage="c:\users\gerald\workspace\csce3513\team15\team15\project starfighter\project starfighter test\bin\debug\project starfighter test.dll" id="1a398b36-5750-e38c-43d2-347c54381fe9">
      <Execution id="bf5b636a-b968-4643-9b75-f5b326d4e19e" />
      <TestMethod codeBase="C:\Users\Gerald\workspace\CSCE3513\Team15\Team15\Project Starfighter\Project Starfighter Test\bin\Debug\Project Starfighter Test.dll" adapterTypeName="Microsoft.VisualStudio.TestTools.TestTypes.Unit.UnitTestAdapter, Microsoft.VisualStudio.QualityTools.Tips.UnitTest.Adapter, Version=10.0.0.0, Culture=neutral, PublicKeyToken=b03f5f7f11d50a3a" className="Project_Starfighter_Test.AnimatedSprite_Test, Project Starfighter Test" name="Update_Test" />
    </UnitTest>
    <UnitTest name="FrameLength_Test" storage="c:\users\gerald\workspace\csce3513\team15\team15\project starfighter\project starfighter test\bin\debug\project starfighter test.dll" id="35329af0-07a5-033a-84c4-7cc0b89d3ef6">
      <Execution id="e98e39a0-8738-461d-94d7-ddc893afe309" />
      <TestMethod codeBase="C:\Users\Gerald\workspace\CSCE3513\Team15\Team15\Project Starfighter\Project Starfighter Test\bin\Debug\Project Starfighter Test.dll" adapterTypeName="Microsoft.VisualStudio.TestTools.TestTypes.Unit.UnitTestAdapter, Microsoft.VisualStudio.QualityTools.Tips.UnitTest.Adapter, Version=10.0.0.0, Culture=neutral, PublicKeyToken=b03f5f7f11d50a3a" className="Project_Starfighter_Test.AnimatedSprite_Test, Project Starfighter Test" name="FrameLength_Test" />
    </UnitTest>
  </TestDefinitions>
  <TestLists>
    <TestList name="Results Not in a List" id="8c84fa94-04c1-424b-9868-57a2d4851a1d" />
    <TestList name="All Loaded Results" id="19431567-8539-422a-85d7-44ee4e166bda" />
  </TestLists>
  <TestEntries>
    <TestEntry testId="05440f39-53b0-99ca-f3bb-be1fb1d2de03" executionId="6bcddb1b-5b09-4b42-b285-71aaae77c51a" testListId="8c84fa94-04c1-424b-9868-57a2d4851a1d" />
    <TestEntry testId="0fa67a85-ae25-69c2-5a09-b8b613f54f76" executionId="b4a2f05a-de56-4440-8b8b-447cf25f727b" testListId="8c84fa94-04c1-424b-9868-57a2d4851a1d" />
    <TestEntry testId="1a398b36-5750-e38c-43d2-347c54381fe9" executionId="bf5b636a-b968-4643-9b75-f5b326d4e19e" testListId="8c84fa94-04c1-424b-9868-57a2d4851a1d" />
    <TestEntry testId="22c222ce-44b6-8dcd-bd1f-08a79cdcc566" executionId="28bd1a06-5c69-4436-a847-33dd26122503" testListId="8c84fa94-04c1-424b-9868-57a2d4851a1d" />
    <TestEntry testId="35329af0-07a5-033a-84c4-7cc0b89d3ef6" executionId="e98e39a0-8738-461d-94d7-ddc893afe309" testListId="8c84fa94-04c1-424b-9868-57a2d4851a1d" />
    <TestEntry testId="4e28cde3-2288-16fe-42bd-9acfc8da8ab8" executionId="378b4f31-7813-4eb1-95ad-dc5ad444ab81" testListId="8c84fa94-04c1-424b-9868-57a2d4851a1d" />
    <TestEntry testId="543eb888-c955-88ac-ade4-b08205384b3c" executionId="42a4bb4d-70cd-41ce-8494-91f8e7c1798f" testListId="8c84fa94-04c1-424b-9868-57a2d4851a1d" />
    <TestEntry testId="5612bdfa-8071-6785-2a45-10f6be5e8f26" executionId="9aa87748-8c5e-48c6-8e5b-fef413900eaf" testListId="8c84fa94-04c1-424b-9868-57a2d4851a1d" />
    <TestEntry testId="613929a0-eef6-02e0-7b2f-4947c95929bb" executionId="99eb0143-008d-42f4-81f4-ba0462c780b4" testListId="8c84fa94-04c1-424b-9868-57a2d4851a1d" />
    <TestEntry testId="62798b4c-6487-1c18-a52f-27bcf86f3077" executionId="8c64a301-0428-4a39-9e4d-767a16c17be8" testListId="8c84fa94-04c1-424b-9868-57a2d4851a1d" />
    <TestEntry testId="6ac281c6-5261-f907-da1b-259c563f3a56" executionId="1e2569ee-3882-41e5-bd03-fde366307cd8" testListId="8c84fa94-04c1-424b-9868-57a2d4851a1d" />
    <TestEntry testId="8418000c-0d68-bb60-a56c-50e4bb8c38bc" executionId="9301d518-6376-4fc2-a89e-3bca895ace16" testListId="8c84fa94-04c1-424b-9868-57a2d4851a1d" />
    <TestEntry testId="86647a27-2eca-c19f-dae9-e1e0f399b670" executionId="f14fffc9-74cf-4969-b3d5-df141a17d3d0" testListId="8c84fa94-04c1-424b-9868-57a2d4851a1d" />
    <TestEntry testId="9400351a-0176-9c1e-51e1-975e9aa5fcab" executionId="375df1ac-6df2-4f68-8ccb-ee300bc98cf1" testListId="8c84fa94-04c1-424b-9868-57a2d4851a1d" />
    <TestEntry testId="976f7abd-3a44-9389-443e-407970b6257c" executionId="a357899c-b312-4a29-aa5e-44c560b88a08" testListId="8c84fa94-04c1-424b-9868-57a2d4851a1d" />
    <TestEntry testId="9c059ac2-daae-689d-1f4c-38c96bde6e85" executionId="73db1bea-ff9d-4e8a-a870-31c9d65f5588" testListId="8c84fa94-04c1-424b-9868-57a2d4851a1d" />
    <TestEntry testId="afdaa493-65bf-f260-c382-6723d3f0a59d" executionId="49733940-586b-4858-aa12-f6ae8a95bea0" testListId="8c84fa94-04c1-424b-9868-57a2d4851a1d" />
    <TestEntry testId="bcb441b9-e647-9f40-49e6-fd9d18cfc62b" executionId="aae5046a-7bbc-403b-b68b-9005d571f38c" testListId="8c84fa94-04c1-424b-9868-57a2d4851a1d" />
    <TestEntry testId="c4203e4f-b59e-0d54-085a-1ab34f49edd9" executionId="a322c21e-cb96-46b6-b2a1-b083d8351262" testListId="8c84fa94-04c1-424b-9868-57a2d4851a1d" />
    <TestEntry testId="cf3104af-12eb-afd7-c3c5-6b833e146551" executionId="1f5125a5-4173-4885-8d56-8d379864a548" testListId="8c84fa94-04c1-424b-9868-57a2d4851a1d" />
    <TestEntry testId="e6c69646-595b-0ad2-87cb-e2f497a6e635" executionId="b05e39c7-2130-4e65-808b-81d3212302c9" testListId="8c84fa94-04c1-424b-9868-57a2d4851a1d" />
    <TestEntry testId="ef2e5a6d-8764-ea3a-2b11-a77da1492a16" executionId="364d2e35-3c3e-4cdb-9013-3a22435bf0ea" testListId="8c84fa94-04c1-424b-9868-57a2d4851a1d" />
    <TestEntry testId="f8117bbb-c7e5-e9b5-d0ec-69ac4f2ec7f3" executionId="bb9a3b64-36e2-4071-bc5b-294e6f17014d" testListId="8c84fa94-04c1-424b-9868-57a2d4851a1d" />
  </TestEntries>
  <Results>
    <UnitTestResult executionId="6bcddb1b-5b09-4b42-b285-71aaae77c51a" testId="05440f39-53b0-99ca-f3bb-be1fb1d2de03" testName="GetSourceRectangle_Test" computerName="DILBERT-PC" duration="00:00:00.3178903" startTime="2012-03-05T19:53:08.4142389-06:00" endTime="2012-03-05T19:53:09.3232909-06:00" testType="13cdc9d9-ddb5-4fa4-a97d-d965ccfc6d4b" outcome="Passed" testListId="8c84fa94-04c1-424b-9868-57a2d4851a1d" relativeResultsDirectory="6bcddb1b-5b09-4b42-b285-71aaae77c51a">
    </UnitTestResult>
    <UnitTestResult executionId="b4a2f05a-de56-4440-8b8b-447cf25f727b" testId="0fa67a85-ae25-69c2-5a09-b8b613f54f76" testName="BackgroundFileHeight_Test" computerName="DILBERT-PC" duration="00:00:00.0004720" startTime="2012-03-05T19:53:09.3242909-06:00" endTime="2012-03-05T19:53:09.3282911-06:00" testType="13cdc9d9-ddb5-4fa4-a97d-d965ccfc6d4b" outcome="Passed" testListId="8c84fa94-04c1-424b-9868-57a2d4851a1d" relativeResultsDirectory="b4a2f05a-de56-4440-8b8b-447cf25f727b">
    </UnitTestResult>
    <UnitTestResult executionId="bf5b636a-b968-4643-9b75-f5b326d4e19e" testId="1a398b36-5750-e38c-43d2-347c54381fe9" testName="Update_Test" computerName="DILBERT-PC" duration="00:00:00.0012492" startTime="2012-03-05T19:53:09.3292912-06:00" endTime="2012-03-05T19:53:09.3332914-06:00" testType="13cdc9d9-ddb5-4fa4-a97d-d965ccfc6d4b" outcome="Passed" testListId="8c84fa94-04c1-424b-9868-57a2d4851a1d" relativeResultsDirectory="bf5b636a-b968-4643-9b75-f5b326d4e19e">
    </UnitTestResult>
    <UnitTestResult executionId="28bd1a06-5c69-4436-a847-33dd26122503" testId="22c222ce-44b6-8dcd-bd1f-08a79cdcc566" testName="Update_Test" computerName="DILBERT-PC" duration="00:00:00.0641079" startTime="2012-03-05T19:53:09.3342915-06:00" endTime="2012-03-05T19:53:09.4022954-06:00" testType="13cdc9d9-ddb5-4fa4-a97d-d965ccfc6d4b" outcome="Passed" testListId="8c84fa94-04c1-424b-9868-57a2d4851a1d" relativeResultsDirectory="28bd1a06-5c69-4436-a847-33dd26122503">
    </UnitTestResult>
    <UnitTestResult executionId="e98e39a0-8738-461d-94d7-ddc893afe309" testId="35329af0-07a5-033a-84c4-7cc0b89d3ef6" testName="FrameLength_Test" computerName="DILBERT-PC" duration="00:00:00.0004249" startTime="2012-03-05T19:53:09.4032954-06:00" endTime="2012-03-05T19:53:09.4072957-06:00" testType="13cdc9d9-ddb5-4fa4-a97d-d965ccfc6d4b" outcome="Passed" testListId="8c84fa94-04c1-424b-9868-57a2d4851a1d" relativeResultsDirectory="e98e39a0-8738-461d-94d7-ddc893afe309">
    </UnitTestResult>
    <UnitTestResult executionId="378b4f31-7813-4eb1-95ad-dc5ad444ab81" testId="4e28cde3-2288-16fe-42bd-9acfc8da8ab8" testName="Frame_Test" computerName="DILBERT-PC" duration="00:00:00.0003268" startTime="2012-03-05T19:53:09.4082957-06:00" endTime="2012-03-05T19:53:09.4122959-06:00" testType="13cdc9d9-ddb5-4fa4-a97d-d965ccfc6d4b" outcome="Passed" testListId="8c84fa94-04c1-424b-9868-57a2d4851a1d" relativeResultsDirectory="378b4f31-7813-4eb1-95ad-dc5ad444ab81">
    </UnitTestResult>
    <UnitTestResult executionId="42a4bb4d-70cd-41ce-8494-91f8e7c1798f" testId="543eb888-c955-88ac-ade4-b08205384b3c" testName="Thrusting_Test" computerName="DILBERT-PC" duration="00:00:00.0058433" startTime="2012-03-05T19:53:09.4132960-06:00" endTime="2012-03-05T19:53:09.4222965-06:00" testType="13cdc9d9-ddb5-4fa4-a97d-d965ccfc6d4b" outcome="Passed" testListId="8c84fa94-04c1-424b-9868-57a2d4851a1d" relativeResultsDirectory="42a4bb4d-70cd-41ce-8494-91f8e7c1798f">
    </UnitTestResult>
    <UnitTestResult executionId="9aa87748-8c5e-48c6-8e5b-fef413900eaf" testId="5612bdfa-8071-6785-2a45-10f6be5e8f26" testName="BackgroundFileWidth_Test" computerName="DILBERT-PC" duration="00:00:00.0003188" startTime="2012-03-05T19:53:09.4232966-06:00" endTime="2012-03-05T19:53:09.4272968-06:00" testType="13cdc9d9-ddb5-4fa4-a97d-d965ccfc6d4b" outcome="Passed" testListId="8c84fa94-04c1-424b-9868-57a2d4851a1d" relativeResultsDirectory="9aa87748-8c5e-48c6-8e5b-fef413900eaf">
    </UnitTestResult>
    <UnitTestResult executionId="99eb0143-008d-42f4-81f4-ba0462c780b4" testId="613929a0-eef6-02e0-7b2f-4947c95929bb" testName="Test_Load" computerName="DILBERT-PC" duration="00:00:00.0002538" startTime="2012-03-05T19:53:09.4282969-06:00" endTime="2012-03-05T19:53:09.4312970-06:00" testType="13cdc9d9-ddb5-4fa4-a97d-d965ccfc6d4b" outcome="Passed" testListId="8c84fa94-04c1-424b-9868-57a2d4851a1d" relativeResultsDirectory="99eb0143-008d-42f4-81f4-ba0462c780b4">
    </UnitTestResult>
    <UnitTestResult executionId="8c64a301-0428-4a39-9e4d-767a16c17be8" testId="62798b4c-6487-1c18-a52f-27bcf86f3077" testName="ScrollRate_Test" computerName="DILBERT-PC" duration="00:00:00.0051814" startTime="2012-03-05T19:53:09.4322971-06:00" endTime="2012-03-05T19:53:09.4412976-06:00" testType="13cdc9d9-ddb5-4fa4-a97d-d965ccfc6d4b" outcome="Passed" testListId="8c84fa94-04c1-424b-9868-57a2d4851a1d" relativeResultsDirectory="8c64a301-0428-4a39-9e4d-767a16c17be8">
    </UnitTestResult>
    <UnitTestResult executionId="1e2569ee-3882-41e5-bd03-fde366307cd8" testId="6ac281c6-5261-f907-da1b-259c563f3a56" testName="YPosition_Test" computerName="DILBERT-PC" duration="00:00:00.0003615" startTime="2012-03-05T19:53:09.4412976-06:00" endTime="2012-03-05T19:53:09.4452978-06:00" testType="13cdc9d9-ddb5-4fa4-a97d-d965ccfc6d4b" outcome="Passed" testListId="8c84fa94-04c1-424b-9868-57a2d4851a1d" relativeResultsDirectory="1e2569ee-3882-41e5-bd03-fde366307cd8">
    </UnitTestResult>
    <UnitTestResult executionId="9301d518-6376-4fc2-a89e-3bca895ace16" testId="8418000c-0d68-bb60-a56c-50e4bb8c38bc" testName="XPosition_Test" computerName="DILBERT-PC" duration="00:00:00.0003624" startTime="2012-03-05T19:53:09.4462979-06:00" endTime="2012-03-05T19:53:09.4492981-06:00" testType="13cdc9d9-ddb5-4fa4-a97d-d965ccfc6d4b" outcome="Passed" testListId="8c84fa94-04c1-424b-9868-57a2d4851a1d" relativeResultsDirectory="9301d518-6376-4fc2-a89e-3bca895ace16">
    </UnitTestResult>
    <UnitTestResult executionId="f14fffc9-74cf-4969-b3d5-df141a17d3d0" testId="86647a27-2eca-c19f-dae9-e1e0f399b670" testName="IsAnimating_Test" computerName="DILBERT-PC" duration="00:00:00.0002771" startTime="2012-03-05T19:53:09.4502981-06:00" endTime="2012-03-05T19:53:09.4532983-06:00" testType="13cdc9d9-ddb5-4fa4-a97d-d965ccfc6d4b" outcome="Passed" testListId="8c84fa94-04c1-424b-9868-57a2d4851a1d" relativeResultsDirectory="f14fffc9-74cf-4969-b3d5-df141a17d3d0">
    </UnitTestResult>
    <UnitTestResult executionId="375df1ac-6df2-4f68-8ccb-ee300bc98cf1" testId="9400351a-0176-9c1e-51e1-975e9aa5fcab" testName="AccelRate_Test" computerName="DILBERT-PC" duration="00:00:00.0051429" startTime="2012-03-05T19:53:09.4542983-06:00" endTime="2012-03-05T19:53:09.4622988-06:00" testType="13cdc9d9-ddb5-4fa4-a97d-d965ccfc6d4b" outcome="Passed" testListId="8c84fa94-04c1-424b-9868-57a2d4851a1d" relativeResultsDirectory="375df1ac-6df2-4f68-8ccb-ee300bc98cf1">
    </UnitTestResult>
    <UnitTestResult executionId="a357899c-b312-4a29-aa5e-44c560b88a08" testId="976f7abd-3a44-9389-443e-407970b6257c" testName="BoundingBox_Test" computerName="DILBERT-PC" duration="00:00:00.0055432" startTime="2012-03-05T19:53:09.4642989-06:00" endTime="2012-03-05T19:53:09.4732994-06:00" testType="13cdc9d9-ddb5-4fa4-a97d-d965ccfc6d4b" outcome="Passed" testListId="8c84fa94-04c1-424b-9868-57a2d4851a1d" relativeResultsDirectory="a357899c-b312-4a29-aa5e-44c560b88a08">
    </UnitTestResult>
    <UnitTestResult executionId="73db1bea-ff9d-4e8a-a870-31c9d65f5588" testId="9c059ac2-daae-689d-1f4c-38c96bde6e85" testName="Facing_Test" computerName="DILBERT-PC" duration="00:00:00.0056028" startTime="2012-03-05T19:53:09.4742995-06:00" endTime="2012-03-05T19:53:09.4833000-06:00" testType="13cdc9d9-ddb5-4fa4-a97d-d965ccfc6d4b" outcome="Passed" testListId="8c84fa94-04c1-424b-9868-57a2d4851a1d" relativeResultsDirectory="73db1bea-ff9d-4e8a-a870-31c9d65f5588">
    </UnitTestResult>
    <UnitTestResult executionId="49733940-586b-4858-aa12-f6ae8a95bea0" testId="afdaa493-65bf-f260-c382-6723d3f0a59d" testName="BackgroundOffset_Test" computerName="DILBERT-PC" duration="00:00:00.0003538" startTime="2012-03-05T19:53:09.4853001-06:00" endTime="2012-03-05T19:53:09.4893004-06:00" testType="13cdc9d9-ddb5-4fa4-a97d-d965ccfc6d4b" outcome="Passed" testListId="8c84fa94-04c1-424b-9868-57a2d4851a1d" relativeResultsDirectory="49733940-586b-4858-aa12-f6ae8a95bea0">
    </UnitTestResult>
    <UnitTestResult executionId="aae5046a-7bbc-403b-b68b-9005d571f38c" testId="bcb441b9-e647-9f40-49e6-fd9d18cfc62b" testName="XPosition_Test" computerName="DILBERT-PC" duration="00:00:00.0052808" startTime="2012-03-05T19:53:09.4893004-06:00" endTime="2012-03-05T19:53:09.4983009-06:00" testType="13cdc9d9-ddb5-4fa4-a97d-d965ccfc6d4b" outcome="Passed" testListId="8c84fa94-04c1-424b-9868-57a2d4851a1d" relativeResultsDirectory="aae5046a-7bbc-403b-b68b-9005d571f38c">
    </UnitTestResult>
    <UnitTestResult executionId="a322c21e-cb96-46b6-b2a1-b083d8351262" testId="c4203e4f-b59e-0d54-085a-1ab34f49edd9" testName="YPosition_Test" computerName="DILBERT-PC" duration="00:00:00.0051260" startTime="2012-03-05T19:53:09.4993009-06:00" endTime="2012-03-05T19:53:09.5073014-06:00" testType="13cdc9d9-ddb5-4fa4-a97d-d965ccfc6d4b" outcome="Passed" testListId="8c84fa94-04c1-424b-9868-57a2d4851a1d" relativeResultsDirectory="a322c21e-cb96-46b6-b2a1-b083d8351262">
    </UnitTestResult>
    <UnitTestResult executionId="1f5125a5-4173-4885-8d56-8d379864a548" testId="cf3104af-12eb-afd7-c3c5-6b833e146551" testName="HandleActionScreen_Test" computerName="DILBERT-PC" duration="00:00:00.0000729" startTime="2012-03-05T19:53:09.5083014-06:00" endTime="2012-03-05T19:53:09.5113016-06:00" testType="13cdc9d9-ddb5-4fa4-a97d-d965ccfc6d4b" outcome="Passed" testListId="8c84fa94-04c1-424b-9868-57a2d4851a1d" relativeResultsDirectory="1f5125a5-4173-4885-8d56-8d379864a548">
    </UnitTestResult>
    <UnitTestResult executionId="b05e39c7-2130-4e65-808b-81d3212302c9" testId="e6c69646-595b-0ad2-87cb-e2f497a6e635" testName="HandleStartScreen_Test" computerName="DILBERT-PC" duration="00:00:00.0000703" startTime="2012-03-05T19:53:09.5123017-06:00" endTime="2012-03-05T19:53:09.5153018-06:00" testType="13cdc9d9-ddb5-4fa4-a97d-d965ccfc6d4b" outcome="Passed" testListId="8c84fa94-04c1-424b-9868-57a2d4851a1d" relativeResultsDirectory="b05e39c7-2130-4e65-808b-81d3212302c9">
    </UnitTestResult>
    <UnitTestResult executionId="364d2e35-3c3e-4cdb-9013-3a22435bf0ea" testId="ef2e5a6d-8764-ea3a-2b11-a77da1492a16" testName="BackgroundHeight_Test" computerName="DILBERT-PC" duration="00:00:00.0003363" startTime="2012-03-05T19:53:09.5163019-06:00" endTime="2012-03-05T19:53:09.5193021-06:00" testType="13cdc9d9-ddb5-4fa4-a97d-d965ccfc6d4b" outcome="Passed" testListId="8c84fa94-04c1-424b-9868-57a2d4851a1d" relativeResultsDirectory="364d2e35-3c3e-4cdb-9013-3a22435bf0ea">
    </UnitTestResult>
    <UnitTestResult executionId="bb9a3b64-36e2-4071-bc5b-294e6f17014d" testId="f8117bbb-c7e5-e9b5-d0ec-69ac4f2ec7f3" testName="BackgroundWidth_Test" computerName="DILBERT-PC" duration="00:00:00.0002592" startTime="2012-03-05T19:53:09.5203021-06:00" endTime="2012-03-05T19:53:09.5233023-06:00" testType="13cdc9d9-ddb5-4fa4-a97d-d965ccfc6d4b" outcome="Passed" testListId="8c84fa94-04c1-424b-9868-57a2d4851a1d" relativeResultsDirectory="bb9a3b64-36e2-4071-bc5b-294e6f17014d">
    </UnitTestResult>
  </Results>
</TestRun>