<?xml version="1.0" encoding="UTF-8"?>
<TestRun id="73a3b915-c91e-4b99-ba13-84987d95d03b" name="Goveia's@A2-PC 2012-02-15 19:59:06" runUser="A2-PC\Goveia's" xmlns="http://microsoft.com/schemas/VisualStudio/TeamTest/2010">
  <TestSettings name="Local" id="8938d3c6-cbd1-4798-a27b-390f29bff55a">
    <Description>These are default test settings for a local test run.</Description>
    <Deployment enabled="false" runDeploymentRoot="Goveia's_A2-PC 2012-02-15 19_59_06">
      <DeploymentItem filename="C:\Users\Goveia's\Team15\Project Starfighter\Project Starfighter\Project Starfighter\Project Starfighter\bin\x86\Debug\Project Starfighter.exe" />
      <DeploymentItem filename="C:\Program Files (x86)\RhinoMocks\Rhino.Mocks.dll" />
    </Deployment>
    <Execution>
      <TestTypeSpecific />
      <AgentRule name="Execution Agents">
      </AgentRule>
    </Execution>
  </TestSettings>
  <Times creation="2012-02-15T19:59:06.1252092-06:00" queuing="2012-02-15T19:59:07.5002120-06:00" start="2012-02-15T19:59:07.6502122-06:00" finish="2012-02-15T19:59:10.5302162-06:00" />
  <ResultSummary outcome="Completed">
    <Counters total="13" executed="13" passed="13" error="0" failed="0" timeout="0" aborted="0" inconclusive="0" passedButRunAborted="0" notRunnable="0" notExecuted="0" disconnected="0" warning="0" completed="0" inProgress="0" pending="0" />
  </ResultSummary>
  <TestDefinitions>
    <UnitTest name="BoundingBox_Test" storage="c:\users\goveia's\team15\project starfighter\project starfighter\project starfighter test\bin\debug\project starfighter test.dll" id="976f7abd-3a44-9389-443e-407970b6257c">
      <Execution id="77201a82-f2d8-4629-aa3b-01597126f4b1" />
      <TestMethod codeBase="C:/Users/Goveia's/Team15/Project Starfighter/Project Starfighter/Project Starfighter Test/bin/Debug/Project Starfighter Test.DLL" adapterTypeName="Microsoft.VisualStudio.TestTools.TestTypes.Unit.UnitTestAdapter, Microsoft.VisualStudio.QualityTools.Tips.UnitTest.Adapter, Version=10.0.0.0, Culture=neutral, PublicKeyToken=b03f5f7f11d50a3a" className="Project_Starfighter_Test.Player_Test, Project Starfighter Test, Version=1.0.0.0, Culture=neutral, PublicKeyToken=null" name="BoundingBox_Test" />
    </UnitTest>
    <UnitTest name="Thrusting_Test" storage="c:\users\goveia's\team15\project starfighter\project starfighter\project starfighter test\bin\debug\project starfighter test.dll" id="543eb888-c955-88ac-ade4-b08205384b3c">
      <Execution id="9f17b303-8fdd-4bc1-9eeb-0ce5111e06e8" />
      <TestMethod codeBase="C:/Users/Goveia's/Team15/Project Starfighter/Project Starfighter/Project Starfighter Test/bin/Debug/Project Starfighter Test.DLL" adapterTypeName="Microsoft.VisualStudio.TestTools.TestTypes.Unit.UnitTestAdapter, Microsoft.VisualStudio.QualityTools.Tips.UnitTest.Adapter, Version=10.0.0.0, Culture=neutral, PublicKeyToken=b03f5f7f11d50a3a" className="Project_Starfighter_Test.Player_Test, Project Starfighter Test, Version=1.0.0.0, Culture=neutral, PublicKeyToken=null" name="Thrusting_Test" />
    </UnitTest>
    <UnitTest name="Facing_Test" storage="c:\users\goveia's\team15\project starfighter\project starfighter\project starfighter test\bin\debug\project starfighter test.dll" id="9c059ac2-daae-689d-1f4c-38c96bde6e85">
      <Execution id="c99feafe-057b-4bc2-ad7c-28dbfd224af7" />
      <TestMethod codeBase="C:/Users/Goveia's/Team15/Project Starfighter/Project Starfighter/Project Starfighter Test/bin/Debug/Project Starfighter Test.DLL" adapterTypeName="Microsoft.VisualStudio.TestTools.TestTypes.Unit.UnitTestAdapter, Microsoft.VisualStudio.QualityTools.Tips.UnitTest.Adapter, Version=10.0.0.0, Culture=neutral, PublicKeyToken=b03f5f7f11d50a3a" className="Project_Starfighter_Test.Player_Test, Project Starfighter Test, Version=1.0.0.0, Culture=neutral, PublicKeyToken=null" name="Facing_Test" />
    </UnitTest>
    <UnitTest name="BackgroundHeight_Test" storage="c:\users\goveia's\team15\project starfighter\project starfighter\project starfighter test\bin\debug\project starfighter test.dll" id="ef2e5a6d-8764-ea3a-2b11-a77da1492a16">
      <Execution id="b45f50bc-a786-4575-9207-be7f300eab8c" />
      <TestMethod codeBase="C:/Users/Goveia's/Team15/Project Starfighter/Project Starfighter/Project Starfighter Test/bin/Debug/Project Starfighter Test.DLL" adapterTypeName="Microsoft.VisualStudio.TestTools.TestTypes.Unit.UnitTestAdapter, Microsoft.VisualStudio.QualityTools.Tips.UnitTest.Adapter, Version=10.0.0.0, Culture=neutral, PublicKeyToken=b03f5f7f11d50a3a" className="Project_Starfighter_Test.Background_Test, Project Starfighter Test, Version=1.0.0.0, Culture=neutral, PublicKeyToken=null" name="BackgroundHeight_Test" />
    </UnitTest>
    <UnitTest name="BackgroundOffset_Test" storage="c:\users\goveia's\team15\project starfighter\project starfighter\project starfighter test\bin\debug\project starfighter test.dll" id="afdaa493-65bf-f260-c382-6723d3f0a59d">
      <Execution id="9a434196-1acb-4925-b66c-c6c74a80ce85" />
      <TestMethod codeBase="C:/Users/Goveia's/Team15/Project Starfighter/Project Starfighter/Project Starfighter Test/bin/Debug/Project Starfighter Test.DLL" adapterTypeName="Microsoft.VisualStudio.TestTools.TestTypes.Unit.UnitTestAdapter, Microsoft.VisualStudio.QualityTools.Tips.UnitTest.Adapter, Version=10.0.0.0, Culture=neutral, PublicKeyToken=b03f5f7f11d50a3a" className="Project_Starfighter_Test.Background_Test, Project Starfighter Test, Version=1.0.0.0, Culture=neutral, PublicKeyToken=null" name="BackgroundOffset_Test" />
    </UnitTest>
    <UnitTest name="BackgroundFileWidth_Test" storage="c:\users\goveia's\team15\project starfighter\project starfighter\project starfighter test\bin\debug\project starfighter test.dll" id="5612bdfa-8071-6785-2a45-10f6be5e8f26">
      <Execution id="6f9aaa8f-ff7a-4a88-86b4-81f68e1039f9" />
      <TestMethod codeBase="C:/Users/Goveia's/Team15/Project Starfighter/Project Starfighter/Project Starfighter Test/bin/Debug/Project Starfighter Test.DLL" adapterTypeName="Microsoft.VisualStudio.TestTools.TestTypes.Unit.UnitTestAdapter, Microsoft.VisualStudio.QualityTools.Tips.UnitTest.Adapter, Version=10.0.0.0, Culture=neutral, PublicKeyToken=b03f5f7f11d50a3a" className="Project_Starfighter_Test.Background_Test, Project Starfighter Test, Version=1.0.0.0, Culture=neutral, PublicKeyToken=null" name="BackgroundFileWidth_Test" />
    </UnitTest>
    <UnitTest name="BackgroundWidth_Test" storage="c:\users\goveia's\team15\project starfighter\project starfighter\project starfighter test\bin\debug\project starfighter test.dll" id="f8117bbb-c7e5-e9b5-d0ec-69ac4f2ec7f3">
      <Execution id="96c9b841-1446-4195-a1c5-535d269bb78e" />
      <TestMethod codeBase="C:/Users/Goveia's/Team15/Project Starfighter/Project Starfighter/Project Starfighter Test/bin/Debug/Project Starfighter Test.DLL" adapterTypeName="Microsoft.VisualStudio.TestTools.TestTypes.Unit.UnitTestAdapter, Microsoft.VisualStudio.QualityTools.Tips.UnitTest.Adapter, Version=10.0.0.0, Culture=neutral, PublicKeyToken=b03f5f7f11d50a3a" className="Project_Starfighter_Test.Background_Test, Project Starfighter Test, Version=1.0.0.0, Culture=neutral, PublicKeyToken=null" name="BackgroundWidth_Test" />
    </UnitTest>
    <UnitTest name="Update_Test" storage="c:\users\goveia's\team15\project starfighter\project starfighter\project starfighter test\bin\debug\project starfighter test.dll" id="22c222ce-44b6-8dcd-bd1f-08a79cdcc566">
      <Execution id="1a46cffe-bfd1-4311-883f-67b0dbbbc363" />
      <TestMethod codeBase="C:/Users/Goveia's/Team15/Project Starfighter/Project Starfighter/Project Starfighter Test/bin/Debug/Project Starfighter Test.DLL" adapterTypeName="Microsoft.VisualStudio.TestTools.TestTypes.Unit.UnitTestAdapter, Microsoft.VisualStudio.QualityTools.Tips.UnitTest.Adapter, Version=10.0.0.0, Culture=neutral, PublicKeyToken=b03f5f7f11d50a3a" className="Project_Starfighter_Test.Player_Test, Project Starfighter Test, Version=1.0.0.0, Culture=neutral, PublicKeyToken=null" name="Update_Test" />
    </UnitTest>
    <UnitTest name="ScrollRate_Test" storage="c:\users\goveia's\team15\project starfighter\project starfighter\project starfighter test\bin\debug\project starfighter test.dll" id="62798b4c-6487-1c18-a52f-27bcf86f3077">
      <Execution id="568a59cc-fa62-490a-9696-7835005b6b6f" />
      <TestMethod codeBase="C:/Users/Goveia's/Team15/Project Starfighter/Project Starfighter/Project Starfighter Test/bin/Debug/Project Starfighter Test.DLL" adapterTypeName="Microsoft.VisualStudio.TestTools.TestTypes.Unit.UnitTestAdapter, Microsoft.VisualStudio.QualityTools.Tips.UnitTest.Adapter, Version=10.0.0.0, Culture=neutral, PublicKeyToken=b03f5f7f11d50a3a" className="Project_Starfighter_Test.Player_Test, Project Starfighter Test, Version=1.0.0.0, Culture=neutral, PublicKeyToken=null" name="ScrollRate_Test" />
    </UnitTest>
    <UnitTest name="XPosition_Test" storage="c:\users\goveia's\team15\project starfighter\project starfighter\project starfighter test\bin\debug\project starfighter test.dll" id="bcb441b9-e647-9f40-49e6-fd9d18cfc62b">
      <Execution id="f29a3e78-fdc8-4308-b7bc-b7eb4ac390d2" />
      <TestMethod codeBase="C:/Users/Goveia's/Team15/Project Starfighter/Project Starfighter/Project Starfighter Test/bin/Debug/Project Starfighter Test.DLL" adapterTypeName="Microsoft.VisualStudio.TestTools.TestTypes.Unit.UnitTestAdapter, Microsoft.VisualStudio.QualityTools.Tips.UnitTest.Adapter, Version=10.0.0.0, Culture=neutral, PublicKeyToken=b03f5f7f11d50a3a" className="Project_Starfighter_Test.Player_Test, Project Starfighter Test, Version=1.0.0.0, Culture=neutral, PublicKeyToken=null" name="XPosition_Test" />
    </UnitTest>
    <UnitTest name="AccelRate_Test" storage="c:\users\goveia's\team15\project starfighter\project starfighter\project starfighter test\bin\debug\project starfighter test.dll" id="9400351a-0176-9c1e-51e1-975e9aa5fcab">
      <Execution id="d6b4c18d-dea2-4ab2-92e3-66b679c02120" />
      <TestMethod codeBase="C:/Users/Goveia's/Team15/Project Starfighter/Project Starfighter/Project Starfighter Test/bin/Debug/Project Starfighter Test.DLL" adapterTypeName="Microsoft.VisualStudio.TestTools.TestTypes.Unit.UnitTestAdapter, Microsoft.VisualStudio.QualityTools.Tips.UnitTest.Adapter, Version=10.0.0.0, Culture=neutral, PublicKeyToken=b03f5f7f11d50a3a" className="Project_Starfighter_Test.Player_Test, Project Starfighter Test, Version=1.0.0.0, Culture=neutral, PublicKeyToken=null" name="AccelRate_Test" />
    </UnitTest>
    <UnitTest name="YPosition_Test" storage="c:\users\goveia's\team15\project starfighter\project starfighter\project starfighter test\bin\debug\project starfighter test.dll" id="c4203e4f-b59e-0d54-085a-1ab34f49edd9">
      <Execution id="d1d7eedd-7804-4bdf-9564-546cfc00f813" />
      <TestMethod codeBase="C:/Users/Goveia's/Team15/Project Starfighter/Project Starfighter/Project Starfighter Test/bin/Debug/Project Starfighter Test.DLL" adapterTypeName="Microsoft.VisualStudio.TestTools.TestTypes.Unit.UnitTestAdapter, Microsoft.VisualStudio.QualityTools.Tips.UnitTest.Adapter, Version=10.0.0.0, Culture=neutral, PublicKeyToken=b03f5f7f11d50a3a" className="Project_Starfighter_Test.Player_Test, Project Starfighter Test, Version=1.0.0.0, Culture=neutral, PublicKeyToken=null" name="YPosition_Test" />
    </UnitTest>
    <UnitTest name="BackgroundFileHeight_Test" storage="c:\users\goveia's\team15\project starfighter\project starfighter\project starfighter test\bin\debug\project starfighter test.dll" id="0fa67a85-ae25-69c2-5a09-b8b613f54f76">
      <Execution id="0f17fce3-dc3c-446e-979a-0fc7f284dbc1" />
      <TestMethod codeBase="C:/Users/Goveia's/Team15/Project Starfighter/Project Starfighter/Project Starfighter Test/bin/Debug/Project Starfighter Test.DLL" adapterTypeName="Microsoft.VisualStudio.TestTools.TestTypes.Unit.UnitTestAdapter, Microsoft.VisualStudio.QualityTools.Tips.UnitTest.Adapter, Version=10.0.0.0, Culture=neutral, PublicKeyToken=b03f5f7f11d50a3a" className="Project_Starfighter_Test.Background_Test, Project Starfighter Test, Version=1.0.0.0, Culture=neutral, PublicKeyToken=null" name="BackgroundFileHeight_Test" />
    </UnitTest>
  </TestDefinitions>
  <TestLists>
    <TestList name="Results Not in a List" id="8c84fa94-04c1-424b-9868-57a2d4851a1d" />
    <TestList name="All Loaded Results" id="19431567-8539-422a-85d7-44ee4e166bda" />
  </TestLists>
  <TestEntries>
    <TestEntry testId="afdaa493-65bf-f260-c382-6723d3f0a59d" executionId="9a434196-1acb-4925-b66c-c6c74a80ce85" testListId="8c84fa94-04c1-424b-9868-57a2d4851a1d" />
    <TestEntry testId="f8117bbb-c7e5-e9b5-d0ec-69ac4f2ec7f3" executionId="96c9b841-1446-4195-a1c5-535d269bb78e" testListId="8c84fa94-04c1-424b-9868-57a2d4851a1d" />
    <TestEntry testId="ef2e5a6d-8764-ea3a-2b11-a77da1492a16" executionId="b45f50bc-a786-4575-9207-be7f300eab8c" testListId="8c84fa94-04c1-424b-9868-57a2d4851a1d" />
    <TestEntry testId="5612bdfa-8071-6785-2a45-10f6be5e8f26" executionId="6f9aaa8f-ff7a-4a88-86b4-81f68e1039f9" testListId="8c84fa94-04c1-424b-9868-57a2d4851a1d" />
    <TestEntry testId="0fa67a85-ae25-69c2-5a09-b8b613f54f76" executionId="0f17fce3-dc3c-446e-979a-0fc7f284dbc1" testListId="8c84fa94-04c1-424b-9868-57a2d4851a1d" />
    <TestEntry testId="bcb441b9-e647-9f40-49e6-fd9d18cfc62b" executionId="f29a3e78-fdc8-4308-b7bc-b7eb4ac390d2" testListId="8c84fa94-04c1-424b-9868-57a2d4851a1d" />
    <TestEntry testId="c4203e4f-b59e-0d54-085a-1ab34f49edd9" executionId="d1d7eedd-7804-4bdf-9564-546cfc00f813" testListId="8c84fa94-04c1-424b-9868-57a2d4851a1d" />
    <TestEntry testId="9c059ac2-daae-689d-1f4c-38c96bde6e85" executionId="c99feafe-057b-4bc2-ad7c-28dbfd224af7" testListId="8c84fa94-04c1-424b-9868-57a2d4851a1d" />
    <TestEntry testId="543eb888-c955-88ac-ade4-b08205384b3c" executionId="9f17b303-8fdd-4bc1-9eeb-0ce5111e06e8" testListId="8c84fa94-04c1-424b-9868-57a2d4851a1d" />
    <TestEntry testId="62798b4c-6487-1c18-a52f-27bcf86f3077" executionId="568a59cc-fa62-490a-9696-7835005b6b6f" testListId="8c84fa94-04c1-424b-9868-57a2d4851a1d" />
    <TestEntry testId="9400351a-0176-9c1e-51e1-975e9aa5fcab" executionId="d6b4c18d-dea2-4ab2-92e3-66b679c02120" testListId="8c84fa94-04c1-424b-9868-57a2d4851a1d" />
    <TestEntry testId="976f7abd-3a44-9389-443e-407970b6257c" executionId="77201a82-f2d8-4629-aa3b-01597126f4b1" testListId="8c84fa94-04c1-424b-9868-57a2d4851a1d" />
    <TestEntry testId="22c222ce-44b6-8dcd-bd1f-08a79cdcc566" executionId="1a46cffe-bfd1-4311-883f-67b0dbbbc363" testListId="8c84fa94-04c1-424b-9868-57a2d4851a1d" />
  </TestEntries>
  <Results>
    <UnitTestResult executionId="9a434196-1acb-4925-b66c-c6c74a80ce85" testId="afdaa493-65bf-f260-c382-6723d3f0a59d" testName="BackgroundOffset_Test" computerName="A2-PC" duration="00:00:00.0288526" startTime="2012-02-15T19:59:07.7302123-06:00" endTime="2012-02-15T19:59:09.6102149-06:00" testType="13cdc9d9-ddb5-4fa4-a97d-d965ccfc6d4b" outcome="Passed" testListId="8c84fa94-04c1-424b-9868-57a2d4851a1d" relativeResultsDirectory="9a434196-1acb-4925-b66c-c6c74a80ce85">
    </UnitTestResult>
    <UnitTestResult executionId="96c9b841-1446-4195-a1c5-535d269bb78e" testId="f8117bbb-c7e5-e9b5-d0ec-69ac4f2ec7f3" testName="BackgroundWidth_Test" computerName="A2-PC" duration="00:00:00.0004681" startTime="2012-02-15T19:59:09.6302150-06:00" endTime="2012-02-15T19:59:09.6402150-06:00" testType="13cdc9d9-ddb5-4fa4-a97d-d965ccfc6d4b" outcome="Passed" testListId="8c84fa94-04c1-424b-9868-57a2d4851a1d" relativeResultsDirectory="96c9b841-1446-4195-a1c5-535d269bb78e">
    </UnitTestResult>
    <UnitTestResult executionId="b45f50bc-a786-4575-9207-be7f300eab8c" testId="ef2e5a6d-8764-ea3a-2b11-a77da1492a16" testName="BackgroundHeight_Test" computerName="A2-PC" duration="00:00:00.0004542" startTime="2012-02-15T19:59:09.6502150-06:00" endTime="2012-02-15T19:59:09.6602150-06:00" testType="13cdc9d9-ddb5-4fa4-a97d-d965ccfc6d4b" outcome="Passed" testListId="8c84fa94-04c1-424b-9868-57a2d4851a1d" relativeResultsDirectory="b45f50bc-a786-4575-9207-be7f300eab8c">
    </UnitTestResult>
    <UnitTestResult executionId="6f9aaa8f-ff7a-4a88-86b4-81f68e1039f9" testId="5612bdfa-8071-6785-2a45-10f6be5e8f26" testName="BackgroundFileWidth_Test" computerName="A2-PC" duration="00:00:00.0004523" startTime="2012-02-15T19:59:09.6702150-06:00" endTime="2012-02-15T19:59:09.6802150-06:00" testType="13cdc9d9-ddb5-4fa4-a97d-d965ccfc6d4b" outcome="Passed" testListId="8c84fa94-04c1-424b-9868-57a2d4851a1d" relativeResultsDirectory="6f9aaa8f-ff7a-4a88-86b4-81f68e1039f9">
    </UnitTestResult>
    <UnitTestResult executionId="0f17fce3-dc3c-446e-979a-0fc7f284dbc1" testId="0fa67a85-ae25-69c2-5a09-b8b613f54f76" testName="BackgroundFileHeight_Test" computerName="A2-PC" duration="00:00:00.0004499" startTime="2012-02-15T19:59:09.6902150-06:00" endTime="2012-02-15T19:59:09.7002150-06:00" testType="13cdc9d9-ddb5-4fa4-a97d-d965ccfc6d4b" outcome="Passed" testListId="8c84fa94-04c1-424b-9868-57a2d4851a1d" relativeResultsDirectory="0f17fce3-dc3c-446e-979a-0fc7f284dbc1">
    </UnitTestResult>
    <UnitTestResult executionId="f29a3e78-fdc8-4308-b7bc-b7eb4ac390d2" testId="bcb441b9-e647-9f40-49e6-fd9d18cfc62b" testName="XPosition_Test" computerName="A2-PC" duration="00:00:00.4574067" startTime="2012-02-15T19:59:09.7102151-06:00" endTime="2012-02-15T19:59:10.1802157-06:00" testType="13cdc9d9-ddb5-4fa4-a97d-d965ccfc6d4b" outcome="Passed" testListId="8c84fa94-04c1-424b-9868-57a2d4851a1d" relativeResultsDirectory="f29a3e78-fdc8-4308-b7bc-b7eb4ac390d2">
    </UnitTestResult>
    <UnitTestResult executionId="d1d7eedd-7804-4bdf-9564-546cfc00f813" testId="c4203e4f-b59e-0d54-085a-1ab34f49edd9" testName="YPosition_Test" computerName="A2-PC" duration="00:00:00.0096160" startTime="2012-02-15T19:59:10.1902157-06:00" endTime="2012-02-15T19:59:10.2102158-06:00" testType="13cdc9d9-ddb5-4fa4-a97d-d965ccfc6d4b" outcome="Passed" testListId="8c84fa94-04c1-424b-9868-57a2d4851a1d" relativeResultsDirectory="d1d7eedd-7804-4bdf-9564-546cfc00f813">
    </UnitTestResult>
    <UnitTestResult executionId="c99feafe-057b-4bc2-ad7c-28dbfd224af7" testId="9c059ac2-daae-689d-1f4c-38c96bde6e85" testName="Facing_Test" computerName="A2-PC" duration="00:00:00.0074940" startTime="2012-02-15T19:59:10.2202158-06:00" endTime="2012-02-15T19:59:10.2302158-06:00" testType="13cdc9d9-ddb5-4fa4-a97d-d965ccfc6d4b" outcome="Passed" testListId="8c84fa94-04c1-424b-9868-57a2d4851a1d" relativeResultsDirectory="c99feafe-057b-4bc2-ad7c-28dbfd224af7">
    </UnitTestResult>
    <UnitTestResult executionId="9f17b303-8fdd-4bc1-9eeb-0ce5111e06e8" testId="543eb888-c955-88ac-ade4-b08205384b3c" testName="Thrusting_Test" computerName="A2-PC" duration="00:00:00.0094712" startTime="2012-02-15T19:59:10.2502158-06:00" endTime="2012-02-15T19:59:10.2702158-06:00" testType="13cdc9d9-ddb5-4fa4-a97d-d965ccfc6d4b" outcome="Passed" testListId="8c84fa94-04c1-424b-9868-57a2d4851a1d" relativeResultsDirectory="9f17b303-8fdd-4bc1-9eeb-0ce5111e06e8">
    </UnitTestResult>
    <UnitTestResult executionId="568a59cc-fa62-490a-9696-7835005b6b6f" testId="62798b4c-6487-1c18-a52f-27bcf86f3077" testName="ScrollRate_Test" computerName="A2-PC" duration="00:00:00.0081383" startTime="2012-02-15T19:59:10.2802159-06:00" endTime="2012-02-15T19:59:10.3002159-06:00" testType="13cdc9d9-ddb5-4fa4-a97d-d965ccfc6d4b" outcome="Passed" testListId="8c84fa94-04c1-424b-9868-57a2d4851a1d" relativeResultsDirectory="568a59cc-fa62-490a-9696-7835005b6b6f">
    </UnitTestResult>
    <UnitTestResult executionId="d6b4c18d-dea2-4ab2-92e3-66b679c02120" testId="9400351a-0176-9c1e-51e1-975e9aa5fcab" testName="AccelRate_Test" computerName="A2-PC" duration="00:00:00.0076735" startTime="2012-02-15T19:59:10.3102159-06:00" endTime="2012-02-15T19:59:10.3202159-06:00" testType="13cdc9d9-ddb5-4fa4-a97d-d965ccfc6d4b" outcome="Passed" testListId="8c84fa94-04c1-424b-9868-57a2d4851a1d" relativeResultsDirectory="d6b4c18d-dea2-4ab2-92e3-66b679c02120">
    </UnitTestResult>
    <UnitTestResult executionId="77201a82-f2d8-4629-aa3b-01597126f4b1" testId="976f7abd-3a44-9389-443e-407970b6257c" testName="BoundingBox_Test" computerName="A2-PC" duration="00:00:00.0099832" startTime="2012-02-15T19:59:10.3402159-06:00" endTime="2012-02-15T19:59:10.3602160-06:00" testType="13cdc9d9-ddb5-4fa4-a97d-d965ccfc6d4b" outcome="Passed" testListId="8c84fa94-04c1-424b-9868-57a2d4851a1d" relativeResultsDirectory="77201a82-f2d8-4629-aa3b-01597126f4b1">
    </UnitTestResult>
    <UnitTestResult executionId="1a46cffe-bfd1-4311-883f-67b0dbbbc363" testId="22c222ce-44b6-8dcd-bd1f-08a79cdcc566" testName="Update_Test" computerName="A2-PC" duration="00:00:00.0081730" startTime="2012-02-15T19:59:10.3802160-06:00" endTime="2012-02-15T19:59:10.3902160-06:00" testType="13cdc9d9-ddb5-4fa4-a97d-d965ccfc6d4b" outcome="Passed" testListId="8c84fa94-04c1-424b-9868-57a2d4851a1d" relativeResultsDirectory="1a46cffe-bfd1-4311-883f-67b0dbbbc363">
    </UnitTestResult>
  </Results>
</TestRun>