<?xml version="1.0" encoding="UTF-8"?>
<TestRun id="56717bb0-c8f8-4e41-8140-a14f34f68b84" name="Goveia's@A2-PC 2012-04-28 09:11:17" runUser="A2-PC\Goveia's" xmlns="http://microsoft.com/schemas/VisualStudio/TeamTest/2010">
  <TestSettings name="Local" id="8938d3c6-cbd1-4798-a27b-390f29bff55a">
    <Description>These are default test settings for a local test run.</Description>
    <Deployment enabled="false" runDeploymentRoot="Goveia's_A2-PC 2012-04-28 09_11_17">
      <DeploymentItem filename="C:\Users\Goveia's\SoftEngv2\Team15\Team15\Project Starfighter\Project Starfighter\Project Starfighter\bin\x86\Debug\Project Starfighter.exe" />
    </Deployment>
    <Execution>
      <TestTypeSpecific />
      <AgentRule name="Execution Agents">
      </AgentRule>
    </Execution>
  </TestSettings>
  <Times creation="2012-04-28T09:11:17.4818000-05:00" queuing="2012-04-28T09:11:20.1032384-05:00" start="2012-04-28T09:11:20.2904387-05:00" finish="2012-04-28T09:11:22.5056426-05:00" />
  <ResultSummary outcome="Failed">
    <Counters total="53" executed="53" passed="38" error="0" failed="15" timeout="0" aborted="0" inconclusive="0" passedButRunAborted="0" notRunnable="0" notExecuted="0" disconnected="0" warning="0" completed="0" inProgress="0" pending="0" />
  </ResultSummary>
  <TestDefinitions>
    <UnitTest name="ShipMovingLeft_Test" storage="c:\users\goveia's\softengv2\team15\team15\project starfighter\project starfighter test\bin\debug\project starfighter test.dll" id="87ab8728-5a69-9cbf-9de5-52c1ebf86e55">
      <Execution id="9b2e4fc0-390b-4c25-aedc-af14776eafbd" />
      <TestMethod codeBase="C:/Users/Goveia's/SoftEngv2/Team15/Team15/Project Starfighter/Project Starfighter Test/bin/Debug/Project Starfighter Test.DLL" adapterTypeName="Microsoft.VisualStudio.TestTools.TestTypes.Unit.UnitTestAdapter, Microsoft.VisualStudio.QualityTools.Tips.UnitTest.Adapter, Version=10.0.0.0, Culture=neutral, PublicKeyToken=b03f5f7f11d50a3a" className="Project_Starfighter_Test.ShipMovements, Project Starfighter Test, Version=1.0.0.0, Culture=neutral, PublicKeyToken=null" name="ShipMovingLeft_Test" />
    </UnitTest>
    <UnitTest name="IsAnimating_Test" storage="c:\users\goveia's\softengv2\team15\team15\project starfighter\project starfighter test\bin\debug\project starfighter test.dll" id="86647a27-2eca-c19f-dae9-e1e0f399b670">
      <Execution id="6340e9cf-f9f6-42a3-b176-9f3553e293b6" />
      <TestMethod codeBase="C:/Users/Goveia's/SoftEngv2/Team15/Team15/Project Starfighter/Project Starfighter Test/bin/Debug/Project Starfighter Test.DLL" adapterTypeName="Microsoft.VisualStudio.TestTools.TestTypes.Unit.UnitTestAdapter, Microsoft.VisualStudio.QualityTools.Tips.UnitTest.Adapter, Version=10.0.0.0, Culture=neutral, PublicKeyToken=b03f5f7f11d50a3a" className="Project_Starfighter_Test.AnimatedSprite_Test, Project Starfighter Test, Version=1.0.0.0, Culture=neutral, PublicKeyToken=null" name="IsAnimating_Test" />
    </UnitTest>
    <UnitTest name="X_Test" storage="c:\users\goveia's\softengv2\team15\team15\project starfighter\project starfighter test\bin\debug\project starfighter test.dll" id="2b394d8a-5087-3990-d96e-c85bd5872ef5">
      <Execution id="a4255eb6-d252-4c51-addb-4f0092cbdddd" />
      <TestMethod codeBase="C:/Users/Goveia's/SoftEngv2/Team15/Team15/Project Starfighter/Project Starfighter Test/bin/Debug/Project Starfighter Test.DLL" adapterTypeName="Microsoft.VisualStudio.TestTools.TestTypes.Unit.UnitTestAdapter, Microsoft.VisualStudio.QualityTools.Tips.UnitTest.Adapter, Version=10.0.0.0, Culture=neutral, PublicKeyToken=b03f5f7f11d50a3a" className="Project_Starfighter_Test.Boss_Test, Project Starfighter Test, Version=1.0.0.0, Culture=neutral, PublicKeyToken=null" name="X_Test" />
    </UnitTest>
    <UnitTest name="XPosition_Test" storage="c:\users\goveia's\softengv2\team15\team15\project starfighter\project starfighter test\bin\debug\project starfighter test.dll" id="8418000c-0d68-bb60-a56c-50e4bb8c38bc">
      <Execution id="72123955-6d01-4982-9394-924a7ffd96cb" />
      <TestMethod codeBase="C:/Users/Goveia's/SoftEngv2/Team15/Team15/Project Starfighter/Project Starfighter Test/bin/Debug/Project Starfighter Test.DLL" adapterTypeName="Microsoft.VisualStudio.TestTools.TestTypes.Unit.UnitTestAdapter, Microsoft.VisualStudio.QualityTools.Tips.UnitTest.Adapter, Version=10.0.0.0, Culture=neutral, PublicKeyToken=b03f5f7f11d50a3a" className="Project_Starfighter_Test.AnimatedSprite_Test, Project Starfighter Test, Version=1.0.0.0, Culture=neutral, PublicKeyToken=null" name="XPosition_Test" />
    </UnitTest>
    <UnitTest name="GetSourceRectangle_Test" storage="c:\users\goveia's\softengv2\team15\team15\project starfighter\project starfighter test\bin\debug\project starfighter test.dll" id="05440f39-53b0-99ca-f3bb-be1fb1d2de03">
      <Execution id="b5a2387c-c626-4b5c-a7f6-c72458e7c270" />
      <TestMethod codeBase="C:/Users/Goveia's/SoftEngv2/Team15/Team15/Project Starfighter/Project Starfighter Test/bin/Debug/Project Starfighter Test.DLL" adapterTypeName="Microsoft.VisualStudio.TestTools.TestTypes.Unit.UnitTestAdapter, Microsoft.VisualStudio.QualityTools.Tips.UnitTest.Adapter, Version=10.0.0.0, Culture=neutral, PublicKeyToken=b03f5f7f11d50a3a" className="Project_Starfighter_Test.AnimatedSprite_Test, Project Starfighter Test, Version=1.0.0.0, Culture=neutral, PublicKeyToken=null" name="GetSourceRectangle_Test" />
    </UnitTest>
    <UnitTest name="IsActive_Test" storage="c:\users\goveia's\softengv2\team15\team15\project starfighter\project starfighter test\bin\debug\project starfighter test.dll" id="9b91a301-8a69-7e73-5767-9fea32ed0d55">
      <Execution id="54ecd609-8e73-480c-bf12-384b3121dedf" />
      <TestMethod codeBase="C:/Users/Goveia's/SoftEngv2/Team15/Team15/Project Starfighter/Project Starfighter Test/bin/Debug/Project Starfighter Test.DLL" adapterTypeName="Microsoft.VisualStudio.TestTools.TestTypes.Unit.UnitTestAdapter, Microsoft.VisualStudio.QualityTools.Tips.UnitTest.Adapter, Version=10.0.0.0, Culture=neutral, PublicKeyToken=b03f5f7f11d50a3a" className="Project_Starfighter_Test.Boss_Test, Project Starfighter Test, Version=1.0.0.0, Culture=neutral, PublicKeyToken=null" name="IsActive_Test" />
    </UnitTest>
    <UnitTest name="DeactivateTest" storage="c:\users\goveia's\softengv2\team15\team15\project starfighter\project starfighter test\bin\debug\project starfighter test.dll" id="34d5f7ab-b689-81c7-2492-81a9a64b82a7">
      <Execution id="cdb8e78a-9b00-4395-a89e-ed1f160f0565" />
      <TestMethod codeBase="C:/Users/Goveia's/SoftEngv2/Team15/Team15/Project Starfighter/Project Starfighter Test/bin/Debug/Project Starfighter Test.DLL" adapterTypeName="Microsoft.VisualStudio.TestTools.TestTypes.Unit.UnitTestAdapter, Microsoft.VisualStudio.QualityTools.Tips.UnitTest.Adapter, Version=10.0.0.0, Culture=neutral, PublicKeyToken=b03f5f7f11d50a3a" className="Project_Starfighter_Test.Enemy1_Test, Project Starfighter Test, Version=1.0.0.0, Culture=neutral, PublicKeyToken=null" name="DeactivateTest" />
    </UnitTest>
    <UnitTest name="TestType" storage="c:\users\goveia's\softengv2\team15\team15\project starfighter\project starfighter test\bin\debug\project starfighter test.dll" id="6996e867-c2f4-dd50-8845-0ece69cbb0bd">
      <Execution id="107fdb41-d6fb-47f7-8a0b-5d6a84f24a5f" />
      <TestMethod codeBase="C:/Users/Goveia's/SoftEngv2/Team15/Team15/Project Starfighter/Project Starfighter Test/bin/Debug/Project Starfighter Test.DLL" adapterTypeName="Microsoft.VisualStudio.TestTools.TestTypes.Unit.UnitTestAdapter, Microsoft.VisualStudio.QualityTools.Tips.UnitTest.Adapter, Version=10.0.0.0, Culture=neutral, PublicKeyToken=b03f5f7f11d50a3a" className="Project_Starfighter_Test.InstructionsScreen_Test, Project Starfighter Test, Version=1.0.0.0, Culture=neutral, PublicKeyToken=null" name="TestType" />
    </UnitTest>
    <UnitTest name="ShipMovingRight_Test" storage="c:\users\goveia's\softengv2\team15\team15\project starfighter\project starfighter test\bin\debug\project starfighter test.dll" id="d3d77ffc-9e4b-c939-e464-607b2ace85b5">
      <Execution id="25b54177-b01f-42b3-b6a5-e1b9d8a28bda" />
      <TestMethod codeBase="C:/Users/Goveia's/SoftEngv2/Team15/Team15/Project Starfighter/Project Starfighter Test/bin/Debug/Project Starfighter Test.DLL" adapterTypeName="Microsoft.VisualStudio.TestTools.TestTypes.Unit.UnitTestAdapter, Microsoft.VisualStudio.QualityTools.Tips.UnitTest.Adapter, Version=10.0.0.0, Culture=neutral, PublicKeyToken=b03f5f7f11d50a3a" className="Project_Starfighter_Test.ShipMovements, Project Starfighter Test, Version=1.0.0.0, Culture=neutral, PublicKeyToken=null" name="ShipMovingRight_Test" />
    </UnitTest>
    <UnitTest name="XTest" storage="c:\users\goveia's\softengv2\team15\team15\project starfighter\project starfighter test\bin\debug\project starfighter test.dll" id="71ed7679-be7f-4fa0-886d-79c8519f9269">
      <Execution id="28b2d4b8-907d-439e-8f93-0c7a689a13df" />
      <TestMethod codeBase="C:/Users/Goveia's/SoftEngv2/Team15/Team15/Project Starfighter/Project Starfighter Test/bin/Debug/Project Starfighter Test.DLL" adapterTypeName="Microsoft.VisualStudio.TestTools.TestTypes.Unit.UnitTestAdapter, Microsoft.VisualStudio.QualityTools.Tips.UnitTest.Adapter, Version=10.0.0.0, Culture=neutral, PublicKeyToken=b03f5f7f11d50a3a" className="Project_Starfighter_Test.Enemy1_Test, Project Starfighter Test, Version=1.0.0.0, Culture=neutral, PublicKeyToken=null" name="XTest" />
    </UnitTest>
    <UnitTest name="BackgroundHeight_Test" storage="c:\users\goveia's\softengv2\team15\team15\project starfighter\project starfighter test\bin\debug\project starfighter test.dll" id="ef2e5a6d-8764-ea3a-2b11-a77da1492a16">
      <Execution id="cf7f3d11-64df-4838-a371-8c55e2eba1a5" />
      <TestMethod codeBase="C:/Users/Goveia's/SoftEngv2/Team15/Team15/Project Starfighter/Project Starfighter Test/bin/Debug/Project Starfighter Test.DLL" adapterTypeName="Microsoft.VisualStudio.TestTools.TestTypes.Unit.UnitTestAdapter, Microsoft.VisualStudio.QualityTools.Tips.UnitTest.Adapter, Version=10.0.0.0, Culture=neutral, PublicKeyToken=b03f5f7f11d50a3a" className="Project_Starfighter_Test.Background_Test, Project Starfighter Test, Version=1.0.0.0, Culture=neutral, PublicKeyToken=null" name="BackgroundHeight_Test" />
    </UnitTest>
    <UnitTest name="YTest" storage="c:\users\goveia's\softengv2\team15\team15\project starfighter\project starfighter test\bin\debug\project starfighter test.dll" id="50912a0f-9e9d-3f4f-f589-6ee993790bab">
      <Execution id="772313a0-d39e-4cad-af2f-a32ee30bcb5e" />
      <TestMethod codeBase="C:/Users/Goveia's/SoftEngv2/Team15/Team15/Project Starfighter/Project Starfighter Test/bin/Debug/Project Starfighter Test.DLL" adapterTypeName="Microsoft.VisualStudio.TestTools.TestTypes.Unit.UnitTestAdapter, Microsoft.VisualStudio.QualityTools.Tips.UnitTest.Adapter, Version=10.0.0.0, Culture=neutral, PublicKeyToken=b03f5f7f11d50a3a" className="Project_Starfighter_Test.Enemy1_Test, Project Starfighter Test, Version=1.0.0.0, Culture=neutral, PublicKeyToken=null" name="YTest" />
    </UnitTest>
    <UnitTest name="YPosition_Test" storage="c:\users\goveia's\softengv2\team15\team15\project starfighter\project starfighter test\bin\debug\project starfighter test.dll" id="6ac281c6-5261-f907-da1b-259c563f3a56">
      <Execution id="0eaa6560-5e08-4496-bb2c-e6361c8edbcc" />
      <TestMethod codeBase="C:/Users/Goveia's/SoftEngv2/Team15/Team15/Project Starfighter/Project Starfighter Test/bin/Debug/Project Starfighter Test.DLL" adapterTypeName="Microsoft.VisualStudio.TestTools.TestTypes.Unit.UnitTestAdapter, Microsoft.VisualStudio.QualityTools.Tips.UnitTest.Adapter, Version=10.0.0.0, Culture=neutral, PublicKeyToken=b03f5f7f11d50a3a" className="Project_Starfighter_Test.AnimatedSprite_Test, Project Starfighter Test, Version=1.0.0.0, Culture=neutral, PublicKeyToken=null" name="YPosition_Test" />
    </UnitTest>
    <UnitTest name="ShipMovingUp_Test" storage="c:\users\goveia's\softengv2\team15\team15\project starfighter\project starfighter test\bin\debug\project starfighter test.dll" id="81a7cb90-e333-c13a-cb1a-70bd93111e57">
      <Execution id="e5074f49-1ffd-4c1f-bee7-8763805a8627" />
      <TestMethod codeBase="C:/Users/Goveia's/SoftEngv2/Team15/Team15/Project Starfighter/Project Starfighter Test/bin/Debug/Project Starfighter Test.DLL" adapterTypeName="Microsoft.VisualStudio.TestTools.TestTypes.Unit.UnitTestAdapter, Microsoft.VisualStudio.QualityTools.Tips.UnitTest.Adapter, Version=10.0.0.0, Culture=neutral, PublicKeyToken=b03f5f7f11d50a3a" className="Project_Starfighter_Test.ShipMovements, Project Starfighter Test, Version=1.0.0.0, Culture=neutral, PublicKeyToken=null" name="ShipMovingUp_Test" />
    </UnitTest>
    <UnitTest name="MovementTest" storage="c:\users\goveia's\softengv2\team15\team15\project starfighter\project starfighter test\bin\debug\project starfighter test.dll" id="73acfa6d-8615-f37d-a037-a3345e8e8591">
      <Execution id="7e51163e-7e84-4a02-a4b1-93176355b62a" />
      <TestMethod codeBase="C:/Users/Goveia's/SoftEngv2/Team15/Team15/Project Starfighter/Project Starfighter Test/bin/Debug/Project Starfighter Test.DLL" adapterTypeName="Microsoft.VisualStudio.TestTools.TestTypes.Unit.UnitTestAdapter, Microsoft.VisualStudio.QualityTools.Tips.UnitTest.Adapter, Version=10.0.0.0, Culture=neutral, PublicKeyToken=b03f5f7f11d50a3a" className="Project_Starfighter_Test.Enemy1_Test, Project Starfighter Test, Version=1.0.0.0, Culture=neutral, PublicKeyToken=null" name="MovementTest" />
    </UnitTest>
    <UnitTest name="IsActive_Test" storage="c:\users\goveia's\softengv2\team15\team15\project starfighter\project starfighter test\bin\debug\project starfighter test.dll" id="adb3dc2e-288c-7551-7345-feed9c13ce01">
      <Execution id="37e97bc5-b312-49df-8a31-fec5de2d22ac" />
      <TestMethod codeBase="C:/Users/Goveia's/SoftEngv2/Team15/Team15/Project Starfighter/Project Starfighter Test/bin/Debug/Project Starfighter Test.DLL" adapterTypeName="Microsoft.VisualStudio.TestTools.TestTypes.Unit.UnitTestAdapter, Microsoft.VisualStudio.QualityTools.Tips.UnitTest.Adapter, Version=10.0.0.0, Culture=neutral, PublicKeyToken=b03f5f7f11d50a3a" className="Project_Starfighter_Test.Enemy2_Test, Project Starfighter Test, Version=1.0.0.0, Culture=neutral, PublicKeyToken=null" name="IsActive_Test" />
    </UnitTest>
    <UnitTest name="ShipMovingDown_Test" storage="c:\users\goveia's\softengv2\team15\team15\project starfighter\project starfighter test\bin\debug\project starfighter test.dll" id="afc71e7e-7598-1420-6126-d4cf9a40ddfe">
      <Execution id="d2c42ca8-e445-4592-906f-137a9e87e7fa" />
      <TestMethod codeBase="C:/Users/Goveia's/SoftEngv2/Team15/Team15/Project Starfighter/Project Starfighter Test/bin/Debug/Project Starfighter Test.DLL" adapterTypeName="Microsoft.VisualStudio.TestTools.TestTypes.Unit.UnitTestAdapter, Microsoft.VisualStudio.QualityTools.Tips.UnitTest.Adapter, Version=10.0.0.0, Culture=neutral, PublicKeyToken=b03f5f7f11d50a3a" className="Project_Starfighter_Test.ShipMovements, Project Starfighter Test, Version=1.0.0.0, Culture=neutral, PublicKeyToken=null" name="ShipMovingDown_Test" />
    </UnitTest>
    <UnitTest name="createdInActive_Test" storage="c:\users\goveia's\softengv2\team15\team15\project starfighter\project starfighter test\bin\debug\project starfighter test.dll" id="3f091cc2-7fe8-3b03-1d8c-8f24ef9fa1c5">
      <Execution id="0a069be8-06c9-4bfb-9491-ad20e2d6f5ab" />
      <TestMethod codeBase="C:/Users/Goveia's/SoftEngv2/Team15/Team15/Project Starfighter/Project Starfighter Test/bin/Debug/Project Starfighter Test.DLL" adapterTypeName="Microsoft.VisualStudio.TestTools.TestTypes.Unit.UnitTestAdapter, Microsoft.VisualStudio.QualityTools.Tips.UnitTest.Adapter, Version=10.0.0.0, Culture=neutral, PublicKeyToken=b03f5f7f11d50a3a" className="Project_Starfighter_Test.Ammo_Test, Project Starfighter Test, Version=1.0.0.0, Culture=neutral, PublicKeyToken=null" name="createdInActive_Test" />
    </UnitTest>
    <UnitTest name="fired_Test" storage="c:\users\goveia's\softengv2\team15\team15\project starfighter\project starfighter test\bin\debug\project starfighter test.dll" id="a82fbc82-f21c-d387-9af8-11af4d5fa2e8">
      <Execution id="d892686d-0fc1-4c59-882d-7f2ab21c40d7" />
      <TestMethod codeBase="C:/Users/Goveia's/SoftEngv2/Team15/Team15/Project Starfighter/Project Starfighter Test/bin/Debug/Project Starfighter Test.DLL" adapterTypeName="Microsoft.VisualStudio.TestTools.TestTypes.Unit.UnitTestAdapter, Microsoft.VisualStudio.QualityTools.Tips.UnitTest.Adapter, Version=10.0.0.0, Culture=neutral, PublicKeyToken=b03f5f7f11d50a3a" className="Project_Starfighter_Test.Ammo_Test, Project Starfighter Test, Version=1.0.0.0, Culture=neutral, PublicKeyToken=null" name="fired_Test" />
    </UnitTest>
    <UnitTest name="firedYPosition_Test" storage="c:\users\goveia's\softengv2\team15\team15\project starfighter\project starfighter test\bin\debug\project starfighter test.dll" id="08faea89-f632-3b4a-0340-2058f8f4c634">
      <Execution id="0ad8b11f-c776-4389-b13a-45dd690a675b" />
      <TestMethod codeBase="C:/Users/Goveia's/SoftEngv2/Team15/Team15/Project Starfighter/Project Starfighter Test/bin/Debug/Project Starfighter Test.DLL" adapterTypeName="Microsoft.VisualStudio.TestTools.TestTypes.Unit.UnitTestAdapter, Microsoft.VisualStudio.QualityTools.Tips.UnitTest.Adapter, Version=10.0.0.0, Culture=neutral, PublicKeyToken=b03f5f7f11d50a3a" className="Project_Starfighter_Test.Ammo_Test, Project Starfighter Test, Version=1.0.0.0, Culture=neutral, PublicKeyToken=null" name="firedYPosition_Test" />
    </UnitTest>
    <UnitTest name="Frame_Test" storage="c:\users\goveia's\softengv2\team15\team15\project starfighter\project starfighter test\bin\debug\project starfighter test.dll" id="4e28cde3-2288-16fe-42bd-9acfc8da8ab8">
      <Execution id="b11d8107-93c0-4222-9c7c-120bd1a347c6" />
      <TestMethod codeBase="C:/Users/Goveia's/SoftEngv2/Team15/Team15/Project Starfighter/Project Starfighter Test/bin/Debug/Project Starfighter Test.DLL" adapterTypeName="Microsoft.VisualStudio.TestTools.TestTypes.Unit.UnitTestAdapter, Microsoft.VisualStudio.QualityTools.Tips.UnitTest.Adapter, Version=10.0.0.0, Culture=neutral, PublicKeyToken=b03f5f7f11d50a3a" className="Project_Starfighter_Test.AnimatedSprite_Test, Project Starfighter Test, Version=1.0.0.0, Culture=neutral, PublicKeyToken=null" name="Frame_Test" />
    </UnitTest>
    <UnitTest name="GetDrawY_Test" storage="c:\users\goveia's\softengv2\team15\team15\project starfighter\project starfighter test\bin\debug\project starfighter test.dll" id="137ff0f0-c48e-ae2c-9c50-339692fe23db">
      <Execution id="2e481d2b-dae7-4626-b4b7-da299903279f" />
      <TestMethod codeBase="C:/Users/Goveia's/SoftEngv2/Team15/Team15/Project Starfighter/Project Starfighter Test/bin/Debug/Project Starfighter Test.DLL" adapterTypeName="Microsoft.VisualStudio.TestTools.TestTypes.Unit.UnitTestAdapter, Microsoft.VisualStudio.QualityTools.Tips.UnitTest.Adapter, Version=10.0.0.0, Culture=neutral, PublicKeyToken=b03f5f7f11d50a3a" className="Project_Starfighter_Test.Enemy2_Test, Project Starfighter Test, Version=1.0.0.0, Culture=neutral, PublicKeyToken=null" name="GetDrawY_Test" />
    </UnitTest>
    <UnitTest name="IsActiveTest" storage="c:\users\goveia's\softengv2\team15\team15\project starfighter\project starfighter test\bin\debug\project starfighter test.dll" id="976f743d-1be0-a08f-1f4e-d39f335712d0">
      <Execution id="34ba30cb-0a1f-49e5-9847-69364e5e8438" />
      <TestMethod codeBase="C:/Users/Goveia's/SoftEngv2/Team15/Team15/Project Starfighter/Project Starfighter Test/bin/Debug/Project Starfighter Test.DLL" adapterTypeName="Microsoft.VisualStudio.TestTools.TestTypes.Unit.UnitTestAdapter, Microsoft.VisualStudio.QualityTools.Tips.UnitTest.Adapter, Version=10.0.0.0, Culture=neutral, PublicKeyToken=b03f5f7f11d50a3a" className="Project_Starfighter_Test.Enemy1_Test, Project Starfighter Test, Version=1.0.0.0, Culture=neutral, PublicKeyToken=null" name="IsActiveTest" />
    </UnitTest>
    <UnitTest name="Generate_Test" storage="c:\users\goveia's\softengv2\team15\team15\project starfighter\project starfighter test\bin\debug\project starfighter test.dll" id="1ab86b7f-d6e8-ff55-c9af-90a5c7ac9684">
      <Execution id="a4dc12cc-e461-45c0-8145-7edfa589b91a" />
      <TestMethod codeBase="C:/Users/Goveia's/SoftEngv2/Team15/Team15/Project Starfighter/Project Starfighter Test/bin/Debug/Project Starfighter Test.DLL" adapterTypeName="Microsoft.VisualStudio.TestTools.TestTypes.Unit.UnitTestAdapter, Microsoft.VisualStudio.QualityTools.Tips.UnitTest.Adapter, Version=10.0.0.0, Culture=neutral, PublicKeyToken=b03f5f7f11d50a3a" className="Project_Starfighter_Test.Enemy2_Test, Project Starfighter Test, Version=1.0.0.0, Culture=neutral, PublicKeyToken=null" name="Generate_Test" />
    </UnitTest>
    <UnitTest name="FrameLength_Test" storage="c:\users\goveia's\softengv2\team15\team15\project starfighter\project starfighter test\bin\debug\project starfighter test.dll" id="35329af0-07a5-033a-84c4-7cc0b89d3ef6">
      <Execution id="d30e3356-b79a-42ee-9570-9ed7f8c2fe47" />
      <TestMethod codeBase="C:/Users/Goveia's/SoftEngv2/Team15/Team15/Project Starfighter/Project Starfighter Test/bin/Debug/Project Starfighter Test.DLL" adapterTypeName="Microsoft.VisualStudio.TestTools.TestTypes.Unit.UnitTestAdapter, Microsoft.VisualStudio.QualityTools.Tips.UnitTest.Adapter, Version=10.0.0.0, Culture=neutral, PublicKeyToken=b03f5f7f11d50a3a" className="Project_Starfighter_Test.AnimatedSprite_Test, Project Starfighter Test, Version=1.0.0.0, Culture=neutral, PublicKeyToken=null" name="FrameLength_Test" />
    </UnitTest>
    <UnitTest name="Y_Test" storage="c:\users\goveia's\softengv2\team15\team15\project starfighter\project starfighter test\bin\debug\project starfighter test.dll" id="5423ac5c-37bd-fcb4-ee60-cb0917f22273">
      <Execution id="56eb5a9f-ace5-43e3-9ed4-9c5a11a016e9" />
      <TestMethod codeBase="C:/Users/Goveia's/SoftEngv2/Team15/Team15/Project Starfighter/Project Starfighter Test/bin/Debug/Project Starfighter Test.DLL" adapterTypeName="Microsoft.VisualStudio.TestTools.TestTypes.Unit.UnitTestAdapter, Microsoft.VisualStudio.QualityTools.Tips.UnitTest.Adapter, Version=10.0.0.0, Culture=neutral, PublicKeyToken=b03f5f7f11d50a3a" className="Project_Starfighter_Test.Boss_Test, Project Starfighter Test, Version=1.0.0.0, Culture=neutral, PublicKeyToken=null" name="Y_Test" />
    </UnitTest>
    <UnitTest name="BoundingBox_Test" storage="c:\users\goveia's\softengv2\team15\team15\project starfighter\project starfighter test\bin\debug\project starfighter test.dll" id="e56363e1-d19a-6366-a5f6-5f51276349e4">
      <Execution id="bc2d3eb4-e7b7-44b7-ba7b-a9b5d8b0ec8a" />
      <TestMethod codeBase="C:/Users/Goveia's/SoftEngv2/Team15/Team15/Project Starfighter/Project Starfighter Test/bin/Debug/Project Starfighter Test.DLL" adapterTypeName="Microsoft.VisualStudio.TestTools.TestTypes.Unit.UnitTestAdapter, Microsoft.VisualStudio.QualityTools.Tips.UnitTest.Adapter, Version=10.0.0.0, Culture=neutral, PublicKeyToken=b03f5f7f11d50a3a" className="Project_Starfighter_Test.Enemy2_Test, Project Starfighter Test, Version=1.0.0.0, Culture=neutral, PublicKeyToken=null" name="BoundingBox_Test" />
    </UnitTest>
    <UnitTest name="Generate_Test" storage="c:\users\goveia's\softengv2\team15\team15\project starfighter\project starfighter test\bin\debug\project starfighter test.dll" id="f99eae18-bf7d-a14b-0f9b-ab88f2bfb015">
      <Execution id="ea766a7e-3c14-44d9-8871-e495e9a87abd" />
      <TestMethod codeBase="C:/Users/Goveia's/SoftEngv2/Team15/Team15/Project Starfighter/Project Starfighter Test/bin/Debug/Project Starfighter Test.DLL" adapterTypeName="Microsoft.VisualStudio.TestTools.TestTypes.Unit.UnitTestAdapter, Microsoft.VisualStudio.QualityTools.Tips.UnitTest.Adapter, Version=10.0.0.0, Culture=neutral, PublicKeyToken=b03f5f7f11d50a3a" className="Project_Starfighter_Test.Boss_Test, Project Starfighter Test, Version=1.0.0.0, Culture=neutral, PublicKeyToken=null" name="Generate_Test" />
    </UnitTest>
    <UnitTest name="BackgroundFileHeight_Test" storage="c:\users\goveia's\softengv2\team15\team15\project starfighter\project starfighter test\bin\debug\project starfighter test.dll" id="0fa67a85-ae25-69c2-5a09-b8b613f54f76">
      <Execution id="9c98e2cd-1e7d-499b-9b03-65c6311dbd09" />
      <TestMethod codeBase="C:/Users/Goveia's/SoftEngv2/Team15/Team15/Project Starfighter/Project Starfighter Test/bin/Debug/Project Starfighter Test.DLL" adapterTypeName="Microsoft.VisualStudio.TestTools.TestTypes.Unit.UnitTestAdapter, Microsoft.VisualStudio.QualityTools.Tips.UnitTest.Adapter, Version=10.0.0.0, Culture=neutral, PublicKeyToken=b03f5f7f11d50a3a" className="Project_Starfighter_Test.Background_Test, Project Starfighter Test, Version=1.0.0.0, Culture=neutral, PublicKeyToken=null" name="BackgroundFileHeight_Test" />
    </UnitTest>
    <UnitTest name="GenerateTest" storage="c:\users\goveia's\softengv2\team15\team15\project starfighter\project starfighter test\bin\debug\project starfighter test.dll" id="ee617f51-abad-95f2-0b6d-9f6514e1c00e">
      <Execution id="771487ee-65ad-4f6e-809a-885393a85d9b" />
      <TestMethod codeBase="C:/Users/Goveia's/SoftEngv2/Team15/Team15/Project Starfighter/Project Starfighter Test/bin/Debug/Project Starfighter Test.DLL" adapterTypeName="Microsoft.VisualStudio.TestTools.TestTypes.Unit.UnitTestAdapter, Microsoft.VisualStudio.QualityTools.Tips.UnitTest.Adapter, Version=10.0.0.0, Culture=neutral, PublicKeyToken=b03f5f7f11d50a3a" className="Project_Starfighter_Test.Enemy1_Test, Project Starfighter Test, Version=1.0.0.0, Culture=neutral, PublicKeyToken=null" name="GenerateTest" />
    </UnitTest>
    <UnitTest name="Deactivate_Test" storage="c:\users\goveia's\softengv2\team15\team15\project starfighter\project starfighter test\bin\debug\project starfighter test.dll" id="26f97d93-21e2-c2d6-ae82-40330b00154f">
      <Execution id="c90693d6-6ae3-4c21-b5b5-78d6361d875b" />
      <TestMethod codeBase="C:/Users/Goveia's/SoftEngv2/Team15/Team15/Project Starfighter/Project Starfighter Test/bin/Debug/Project Starfighter Test.DLL" adapterTypeName="Microsoft.VisualStudio.TestTools.TestTypes.Unit.UnitTestAdapter, Microsoft.VisualStudio.QualityTools.Tips.UnitTest.Adapter, Version=10.0.0.0, Culture=neutral, PublicKeyToken=b03f5f7f11d50a3a" className="Project_Starfighter_Test.Enemy2_Test, Project Starfighter Test, Version=1.0.0.0, Culture=neutral, PublicKeyToken=null" name="Deactivate_Test" />
    </UnitTest>
    <UnitTest name="XPosition_Test" storage="c:\users\goveia's\softengv2\team15\team15\project starfighter\project starfighter test\bin\debug\project starfighter test.dll" id="bcb441b9-e647-9f40-49e6-fd9d18cfc62b">
      <Execution id="49964e87-21d3-4b99-b46e-9a4c131f29bc" />
      <TestMethod codeBase="C:/Users/Goveia's/SoftEngv2/Team15/Team15/Project Starfighter/Project Starfighter Test/bin/Debug/Project Starfighter Test.DLL" adapterTypeName="Microsoft.VisualStudio.TestTools.TestTypes.Unit.UnitTestAdapter, Microsoft.VisualStudio.QualityTools.Tips.UnitTest.Adapter, Version=10.0.0.0, Culture=neutral, PublicKeyToken=b03f5f7f11d50a3a" className="Project_Starfighter_Test.Player_Test, Project Starfighter Test, Version=1.0.0.0, Culture=neutral, PublicKeyToken=null" name="XPosition_Test" />
    </UnitTest>
    <UnitTest name="BoundingBox_Test" storage="c:\users\goveia's\softengv2\team15\team15\project starfighter\project starfighter test\bin\debug\project starfighter test.dll" id="976f7abd-3a44-9389-443e-407970b6257c">
      <Execution id="7394c0f6-f383-4757-8a40-3fc8bff55673" />
      <TestMethod codeBase="C:/Users/Goveia's/SoftEngv2/Team15/Team15/Project Starfighter/Project Starfighter Test/bin/Debug/Project Starfighter Test.DLL" adapterTypeName="Microsoft.VisualStudio.TestTools.TestTypes.Unit.UnitTestAdapter, Microsoft.VisualStudio.QualityTools.Tips.UnitTest.Adapter, Version=10.0.0.0, Culture=neutral, PublicKeyToken=b03f5f7f11d50a3a" className="Project_Starfighter_Test.Player_Test, Project Starfighter Test, Version=1.0.0.0, Culture=neutral, PublicKeyToken=null" name="BoundingBox_Test" />
    </UnitTest>
    <UnitTest name="BoundingBox_Test" storage="c:\users\goveia's\softengv2\team15\team15\project starfighter\project starfighter test\bin\debug\project starfighter test.dll" id="c663d8a2-d875-270c-a046-788be1943dd5">
      <Execution id="6771b197-de3d-4ba0-b241-e0905c24eba6" />
      <TestMethod codeBase="C:/Users/Goveia's/SoftEngv2/Team15/Team15/Project Starfighter/Project Starfighter Test/bin/Debug/Project Starfighter Test.DLL" adapterTypeName="Microsoft.VisualStudio.TestTools.TestTypes.Unit.UnitTestAdapter, Microsoft.VisualStudio.QualityTools.Tips.UnitTest.Adapter, Version=10.0.0.0, Culture=neutral, PublicKeyToken=b03f5f7f11d50a3a" className="Project_Starfighter_Test.Boss_Test, Project Starfighter Test, Version=1.0.0.0, Culture=neutral, PublicKeyToken=null" name="BoundingBox_Test" />
    </UnitTest>
    <UnitTest name="XPosition_Test" storage="c:\users\goveia's\softengv2\team15\team15\project starfighter\project starfighter test\bin\debug\project starfighter test.dll" id="23b15399-36ff-4c54-84a2-1c78b3074b3e">
      <Execution id="29085b78-ff58-4d4f-b5b2-9d26af76812d" />
      <TestMethod codeBase="C:/Users/Goveia's/SoftEngv2/Team15/Team15/Project Starfighter/Project Starfighter Test/bin/Debug/Project Starfighter Test.DLL" adapterTypeName="Microsoft.VisualStudio.TestTools.TestTypes.Unit.UnitTestAdapter, Microsoft.VisualStudio.QualityTools.Tips.UnitTest.Adapter, Version=10.0.0.0, Culture=neutral, PublicKeyToken=b03f5f7f11d50a3a" className="Project_Starfighter_Test.Ammo_Test, Project Starfighter Test, Version=1.0.0.0, Culture=neutral, PublicKeyToken=null" name="XPosition_Test" />
    </UnitTest>
    <UnitTest name="GetDrawY_Test" storage="c:\users\goveia's\softengv2\team15\team15\project starfighter\project starfighter test\bin\debug\project starfighter test.dll" id="f379f5e1-3ebb-2a4a-3cb8-1a0d4d1f2d5c">
      <Execution id="88a3894d-6641-4ba0-8a1b-90ef66871aa0" />
      <TestMethod codeBase="C:/Users/Goveia's/SoftEngv2/Team15/Team15/Project Starfighter/Project Starfighter Test/bin/Debug/Project Starfighter Test.DLL" adapterTypeName="Microsoft.VisualStudio.TestTools.TestTypes.Unit.UnitTestAdapter, Microsoft.VisualStudio.QualityTools.Tips.UnitTest.Adapter, Version=10.0.0.0, Culture=neutral, PublicKeyToken=b03f5f7f11d50a3a" className="Project_Starfighter_Test.Boss_Test, Project Starfighter Test, Version=1.0.0.0, Culture=neutral, PublicKeyToken=null" name="GetDrawY_Test" />
    </UnitTest>
    <UnitTest name="Update_Test" storage="c:\users\goveia's\softengv2\team15\team15\project starfighter\project starfighter test\bin\debug\project starfighter test.dll" id="1a398b36-5750-e38c-43d2-347c54381fe9">
      <Execution id="c114f082-68d0-4e5c-a8c8-e6fb2eaf56b5" />
      <TestMethod codeBase="C:/Users/Goveia's/SoftEngv2/Team15/Team15/Project Starfighter/Project Starfighter Test/bin/Debug/Project Starfighter Test.DLL" adapterTypeName="Microsoft.VisualStudio.TestTools.TestTypes.Unit.UnitTestAdapter, Microsoft.VisualStudio.QualityTools.Tips.UnitTest.Adapter, Version=10.0.0.0, Culture=neutral, PublicKeyToken=b03f5f7f11d50a3a" className="Project_Starfighter_Test.AnimatedSprite_Test, Project Starfighter Test, Version=1.0.0.0, Culture=neutral, PublicKeyToken=null" name="Update_Test" />
    </UnitTest>
    <UnitTest name="TestScreen" storage="c:\users\goveia's\softengv2\team15\team15\project starfighter\project starfighter test\bin\debug\project starfighter test.dll" id="a691e6b4-e492-6f43-4f53-2977f4327922">
      <Execution id="a9fdfd9f-335c-44a1-92c3-850d26c06a06" />
      <TestMethod codeBase="C:/Users/Goveia's/SoftEngv2/Team15/Team15/Project Starfighter/Project Starfighter Test/bin/Debug/Project Starfighter Test.DLL" adapterTypeName="Microsoft.VisualStudio.TestTools.TestTypes.Unit.UnitTestAdapter, Microsoft.VisualStudio.QualityTools.Tips.UnitTest.Adapter, Version=10.0.0.0, Culture=neutral, PublicKeyToken=b03f5f7f11d50a3a" className="Project_Starfighter_Test.InstructionsScreen_Test, Project Starfighter Test, Version=1.0.0.0, Culture=neutral, PublicKeyToken=null" name="TestScreen" />
    </UnitTest>
    <UnitTest name="BackgroundWidth_Test" storage="c:\users\goveia's\softengv2\team15\team15\project starfighter\project starfighter test\bin\debug\project starfighter test.dll" id="f8117bbb-c7e5-e9b5-d0ec-69ac4f2ec7f3">
      <Execution id="84bc064d-6681-47a1-ae73-3e1897a43638" />
      <TestMethod codeBase="C:/Users/Goveia's/SoftEngv2/Team15/Team15/Project Starfighter/Project Starfighter Test/bin/Debug/Project Starfighter Test.DLL" adapterTypeName="Microsoft.VisualStudio.TestTools.TestTypes.Unit.UnitTestAdapter, Microsoft.VisualStudio.QualityTools.Tips.UnitTest.Adapter, Version=10.0.0.0, Culture=neutral, PublicKeyToken=b03f5f7f11d50a3a" className="Project_Starfighter_Test.Background_Test, Project Starfighter Test, Version=1.0.0.0, Culture=neutral, PublicKeyToken=null" name="BackgroundWidth_Test" />
    </UnitTest>
    <UnitTest name="OffsetTest" storage="c:\users\goveia's\softengv2\team15\team15\project starfighter\project starfighter test\bin\debug\project starfighter test.dll" id="8255c5c7-b923-f6c7-a837-2cdeaa55c206">
      <Execution id="f3015fe1-a476-47b8-8ba4-b7a8141c7be1" />
      <TestMethod codeBase="C:/Users/Goveia's/SoftEngv2/Team15/Team15/Project Starfighter/Project Starfighter Test/bin/Debug/Project Starfighter Test.DLL" adapterTypeName="Microsoft.VisualStudio.TestTools.TestTypes.Unit.UnitTestAdapter, Microsoft.VisualStudio.QualityTools.Tips.UnitTest.Adapter, Version=10.0.0.0, Culture=neutral, PublicKeyToken=b03f5f7f11d50a3a" className="Project_Starfighter_Test.Enemy1_Test, Project Starfighter Test, Version=1.0.0.0, Culture=neutral, PublicKeyToken=null" name="OffsetTest" />
    </UnitTest>
    <UnitTest name="BackgroundOffset_Test" storage="c:\users\goveia's\softengv2\team15\team15\project starfighter\project starfighter test\bin\debug\project starfighter test.dll" id="afdaa493-65bf-f260-c382-6723d3f0a59d">
      <Execution id="15382f5f-f413-44d6-88f7-2e982c09feff" />
      <TestMethod codeBase="C:/Users/Goveia's/SoftEngv2/Team15/Team15/Project Starfighter/Project Starfighter Test/bin/Debug/Project Starfighter Test.DLL" adapterTypeName="Microsoft.VisualStudio.TestTools.TestTypes.Unit.UnitTestAdapter, Microsoft.VisualStudio.QualityTools.Tips.UnitTest.Adapter, Version=10.0.0.0, Culture=neutral, PublicKeyToken=b03f5f7f11d50a3a" className="Project_Starfighter_Test.Background_Test, Project Starfighter Test, Version=1.0.0.0, Culture=neutral, PublicKeyToken=null" name="BackgroundOffset_Test" />
    </UnitTest>
    <UnitTest name="HandleStartScreen_Test" storage="c:\users\goveia's\softengv2\team15\team15\project starfighter\project starfighter test\bin\debug\project starfighter test.dll" id="e6c69646-595b-0ad2-87cb-e2f497a6e635">
      <Execution id="2bd77032-8f37-4687-8f94-8ec7d89c99b0" />
      <TestMethod codeBase="C:/Users/Goveia's/SoftEngv2/Team15/Team15/Project Starfighter/Project Starfighter Test/bin/Debug/Project Starfighter Test.DLL" adapterTypeName="Microsoft.VisualStudio.TestTools.TestTypes.Unit.UnitTestAdapter, Microsoft.VisualStudio.QualityTools.Tips.UnitTest.Adapter, Version=10.0.0.0, Culture=neutral, PublicKeyToken=b03f5f7f11d50a3a" className="Project_Starfighter_Test.Starfighter_Test, Project Starfighter Test, Version=1.0.0.0, Culture=neutral, PublicKeyToken=null" name="HandleStartScreen_Test" />
    </UnitTest>
    <UnitTest name="HandleActionScreen_Test" storage="c:\users\goveia's\softengv2\team15\team15\project starfighter\project starfighter test\bin\debug\project starfighter test.dll" id="cf3104af-12eb-afd7-c3c5-6b833e146551">
      <Execution id="5dbf4b6c-baed-4824-ba4e-8ac1f29a8197" />
      <TestMethod codeBase="C:/Users/Goveia's/SoftEngv2/Team15/Team15/Project Starfighter/Project Starfighter Test/bin/Debug/Project Starfighter Test.DLL" adapterTypeName="Microsoft.VisualStudio.TestTools.TestTypes.Unit.UnitTestAdapter, Microsoft.VisualStudio.QualityTools.Tips.UnitTest.Adapter, Version=10.0.0.0, Culture=neutral, PublicKeyToken=b03f5f7f11d50a3a" className="Project_Starfighter_Test.Starfighter_Test, Project Starfighter Test, Version=1.0.0.0, Culture=neutral, PublicKeyToken=null" name="HandleActionScreen_Test" />
    </UnitTest>
    <UnitTest name="firedXPosition_Test" storage="c:\users\goveia's\softengv2\team15\team15\project starfighter\project starfighter test\bin\debug\project starfighter test.dll" id="a8cce3cc-1f6a-62e7-ba0d-5e20ad7a8d10">
      <Execution id="aa020bb9-a531-4780-a3bf-3da4f3a142ae" />
      <TestMethod codeBase="C:/Users/Goveia's/SoftEngv2/Team15/Team15/Project Starfighter/Project Starfighter Test/bin/Debug/Project Starfighter Test.DLL" adapterTypeName="Microsoft.VisualStudio.TestTools.TestTypes.Unit.UnitTestAdapter, Microsoft.VisualStudio.QualityTools.Tips.UnitTest.Adapter, Version=10.0.0.0, Culture=neutral, PublicKeyToken=b03f5f7f11d50a3a" className="Project_Starfighter_Test.Ammo_Test, Project Starfighter Test, Version=1.0.0.0, Culture=neutral, PublicKeyToken=null" name="firedXPosition_Test" />
    </UnitTest>
    <UnitTest name="Deactivate_Test" storage="c:\users\goveia's\softengv2\team15\team15\project starfighter\project starfighter test\bin\debug\project starfighter test.dll" id="f9c86435-2c2c-4ee8-f7ab-13a6017e17b4">
      <Execution id="a1c102a2-b00f-4626-beec-703d427a39b4" />
      <TestMethod codeBase="C:/Users/Goveia's/SoftEngv2/Team15/Team15/Project Starfighter/Project Starfighter Test/bin/Debug/Project Starfighter Test.DLL" adapterTypeName="Microsoft.VisualStudio.TestTools.TestTypes.Unit.UnitTestAdapter, Microsoft.VisualStudio.QualityTools.Tips.UnitTest.Adapter, Version=10.0.0.0, Culture=neutral, PublicKeyToken=b03f5f7f11d50a3a" className="Project_Starfighter_Test.Boss_Test, Project Starfighter Test, Version=1.0.0.0, Culture=neutral, PublicKeyToken=null" name="Deactivate_Test" />
    </UnitTest>
    <UnitTest name="YPosition_Test" storage="c:\users\goveia's\softengv2\team15\team15\project starfighter\project starfighter test\bin\debug\project starfighter test.dll" id="c4203e4f-b59e-0d54-085a-1ab34f49edd9">
      <Execution id="4b1fe3c1-2e6d-45f8-9d83-05b768e29773" />
      <TestMethod codeBase="C:/Users/Goveia's/SoftEngv2/Team15/Team15/Project Starfighter/Project Starfighter Test/bin/Debug/Project Starfighter Test.DLL" adapterTypeName="Microsoft.VisualStudio.TestTools.TestTypes.Unit.UnitTestAdapter, Microsoft.VisualStudio.QualityTools.Tips.UnitTest.Adapter, Version=10.0.0.0, Culture=neutral, PublicKeyToken=b03f5f7f11d50a3a" className="Project_Starfighter_Test.Player_Test, Project Starfighter Test, Version=1.0.0.0, Culture=neutral, PublicKeyToken=null" name="YPosition_Test" />
    </UnitTest>
    <UnitTest name="Test_Load" storage="c:\users\goveia's\softengv2\team15\team15\project starfighter\project starfighter test\bin\debug\project starfighter test.dll" id="613929a0-eef6-02e0-7b2f-4947c95929bb">
      <Execution id="2aec3144-605c-4dcb-9536-167238183ed2" />
      <TestMethod codeBase="C:/Users/Goveia's/SoftEngv2/Team15/Team15/Project Starfighter/Project Starfighter Test/bin/Debug/Project Starfighter Test.DLL" adapterTypeName="Microsoft.VisualStudio.TestTools.TestTypes.Unit.UnitTestAdapter, Microsoft.VisualStudio.QualityTools.Tips.UnitTest.Adapter, Version=10.0.0.0, Culture=neutral, PublicKeyToken=b03f5f7f11d50a3a" className="Project_Starfighter_Test.Starfighter_Test, Project Starfighter Test, Version=1.0.0.0, Culture=neutral, PublicKeyToken=null" name="Test_Load" />
    </UnitTest>
    <UnitTest name="BackgroundFileWidth_Test" storage="c:\users\goveia's\softengv2\team15\team15\project starfighter\project starfighter test\bin\debug\project starfighter test.dll" id="5612bdfa-8071-6785-2a45-10f6be5e8f26">
      <Execution id="884ea74c-51f6-4d32-801e-10dd7ce67ac6" />
      <TestMethod codeBase="C:/Users/Goveia's/SoftEngv2/Team15/Team15/Project Starfighter/Project Starfighter Test/bin/Debug/Project Starfighter Test.DLL" adapterTypeName="Microsoft.VisualStudio.TestTools.TestTypes.Unit.UnitTestAdapter, Microsoft.VisualStudio.QualityTools.Tips.UnitTest.Adapter, Version=10.0.0.0, Culture=neutral, PublicKeyToken=b03f5f7f11d50a3a" className="Project_Starfighter_Test.Background_Test, Project Starfighter Test, Version=1.0.0.0, Culture=neutral, PublicKeyToken=null" name="BackgroundFileWidth_Test" />
    </UnitTest>
    <UnitTest name="YPosition_Test" storage="c:\users\goveia's\softengv2\team15\team15\project starfighter\project starfighter test\bin\debug\project starfighter test.dll" id="94b17937-23fa-82e6-1780-93be4fa60daa">
      <Execution id="f0c7b31b-d28b-4d54-922c-eb28de704bf5" />
      <TestMethod codeBase="C:/Users/Goveia's/SoftEngv2/Team15/Team15/Project Starfighter/Project Starfighter Test/bin/Debug/Project Starfighter Test.DLL" adapterTypeName="Microsoft.VisualStudio.TestTools.TestTypes.Unit.UnitTestAdapter, Microsoft.VisualStudio.QualityTools.Tips.UnitTest.Adapter, Version=10.0.0.0, Culture=neutral, PublicKeyToken=b03f5f7f11d50a3a" className="Project_Starfighter_Test.Ammo_Test, Project Starfighter Test, Version=1.0.0.0, Culture=neutral, PublicKeyToken=null" name="YPosition_Test" />
    </UnitTest>
    <UnitTest name="X_Test" storage="c:\users\goveia's\softengv2\team15\team15\project starfighter\project starfighter test\bin\debug\project starfighter test.dll" id="dd02e2ac-bc0e-09bb-5110-fb532a33e922">
      <Execution id="b432cb7f-b660-49c5-91f6-e639d0c36b5c" />
      <TestMethod codeBase="C:/Users/Goveia's/SoftEngv2/Team15/Team15/Project Starfighter/Project Starfighter Test/bin/Debug/Project Starfighter Test.DLL" adapterTypeName="Microsoft.VisualStudio.TestTools.TestTypes.Unit.UnitTestAdapter, Microsoft.VisualStudio.QualityTools.Tips.UnitTest.Adapter, Version=10.0.0.0, Culture=neutral, PublicKeyToken=b03f5f7f11d50a3a" className="Project_Starfighter_Test.Enemy2_Test, Project Starfighter Test, Version=1.0.0.0, Culture=neutral, PublicKeyToken=null" name="X_Test" />
    </UnitTest>
    <UnitTest name="Y_Test" storage="c:\users\goveia's\softengv2\team15\team15\project starfighter\project starfighter test\bin\debug\project starfighter test.dll" id="cff8e602-7882-87e4-f575-752499e6e8e0">
      <Execution id="b390370f-9a4b-44ca-9796-f7d8a509449b" />
      <TestMethod codeBase="C:/Users/Goveia's/SoftEngv2/Team15/Team15/Project Starfighter/Project Starfighter Test/bin/Debug/Project Starfighter Test.DLL" adapterTypeName="Microsoft.VisualStudio.TestTools.TestTypes.Unit.UnitTestAdapter, Microsoft.VisualStudio.QualityTools.Tips.UnitTest.Adapter, Version=10.0.0.0, Culture=neutral, PublicKeyToken=b03f5f7f11d50a3a" className="Project_Starfighter_Test.Enemy2_Test, Project Starfighter Test, Version=1.0.0.0, Culture=neutral, PublicKeyToken=null" name="Y_Test" />
    </UnitTest>
    <UnitTest name="UpdateTest" storage="c:\users\goveia's\softengv2\team15\team15\project starfighter\project starfighter test\bin\debug\project starfighter test.dll" id="9ced8d3e-a83a-8173-9e76-fa9c85057fce">
      <Execution id="dcf9d7be-7c37-4290-97a8-67679e89c23c" />
      <TestMethod codeBase="C:/Users/Goveia's/SoftEngv2/Team15/Team15/Project Starfighter/Project Starfighter Test/bin/Debug/Project Starfighter Test.DLL" adapterTypeName="Microsoft.VisualStudio.TestTools.TestTypes.Unit.UnitTestAdapter, Microsoft.VisualStudio.QualityTools.Tips.UnitTest.Adapter, Version=10.0.0.0, Culture=neutral, PublicKeyToken=b03f5f7f11d50a3a" className="Project_Starfighter_Test.Enemy1_Test, Project Starfighter Test, Version=1.0.0.0, Culture=neutral, PublicKeyToken=null" name="UpdateTest" />
    </UnitTest>
    <UnitTest name="BoundingBox_Test" storage="c:\users\goveia's\softengv2\team15\team15\project starfighter\project starfighter test\bin\debug\project starfighter test.dll" id="87122438-a45a-e865-0f8f-8ad5d29f0080">
      <Execution id="8c9d01b9-bbb8-4a78-a4d6-d279e2af6696" />
      <TestMethod codeBase="C:/Users/Goveia's/SoftEngv2/Team15/Team15/Project Starfighter/Project Starfighter Test/bin/Debug/Project Starfighter Test.DLL" adapterTypeName="Microsoft.VisualStudio.TestTools.TestTypes.Unit.UnitTestAdapter, Microsoft.VisualStudio.QualityTools.Tips.UnitTest.Adapter, Version=10.0.0.0, Culture=neutral, PublicKeyToken=b03f5f7f11d50a3a" className="Project_Starfighter_Test.Ammo_Test, Project Starfighter Test, Version=1.0.0.0, Culture=neutral, PublicKeyToken=null" name="BoundingBox_Test" />
    </UnitTest>
  </TestDefinitions>
  <TestLists>
    <TestList name="Results Not in a List" id="8c84fa94-04c1-424b-9868-57a2d4851a1d" />
    <TestList name="All Loaded Results" id="19431567-8539-422a-85d7-44ee4e166bda" />
  </TestLists>
  <TestEntries>
    <TestEntry testId="05440f39-53b0-99ca-f3bb-be1fb1d2de03" executionId="b5a2387c-c626-4b5c-a7f6-c72458e7c270" testListId="8c84fa94-04c1-424b-9868-57a2d4851a1d" />
    <TestEntry testId="08faea89-f632-3b4a-0340-2058f8f4c634" executionId="0ad8b11f-c776-4389-b13a-45dd690a675b" testListId="8c84fa94-04c1-424b-9868-57a2d4851a1d" />
    <TestEntry testId="0fa67a85-ae25-69c2-5a09-b8b613f54f76" executionId="9c98e2cd-1e7d-499b-9b03-65c6311dbd09" testListId="8c84fa94-04c1-424b-9868-57a2d4851a1d" />
    <TestEntry testId="137ff0f0-c48e-ae2c-9c50-339692fe23db" executionId="2e481d2b-dae7-4626-b4b7-da299903279f" testListId="8c84fa94-04c1-424b-9868-57a2d4851a1d" />
    <TestEntry testId="1a398b36-5750-e38c-43d2-347c54381fe9" executionId="c114f082-68d0-4e5c-a8c8-e6fb2eaf56b5" testListId="8c84fa94-04c1-424b-9868-57a2d4851a1d" />
    <TestEntry testId="1ab86b7f-d6e8-ff55-c9af-90a5c7ac9684" executionId="a4dc12cc-e461-45c0-8145-7edfa589b91a" testListId="8c84fa94-04c1-424b-9868-57a2d4851a1d" />
    <TestEntry testId="23b15399-36ff-4c54-84a2-1c78b3074b3e" executionId="29085b78-ff58-4d4f-b5b2-9d26af76812d" testListId="8c84fa94-04c1-424b-9868-57a2d4851a1d" />
    <TestEntry testId="26f97d93-21e2-c2d6-ae82-40330b00154f" executionId="c90693d6-6ae3-4c21-b5b5-78d6361d875b" testListId="8c84fa94-04c1-424b-9868-57a2d4851a1d" />
    <TestEntry testId="2b394d8a-5087-3990-d96e-c85bd5872ef5" executionId="a4255eb6-d252-4c51-addb-4f0092cbdddd" testListId="8c84fa94-04c1-424b-9868-57a2d4851a1d" />
    <TestEntry testId="34d5f7ab-b689-81c7-2492-81a9a64b82a7" executionId="cdb8e78a-9b00-4395-a89e-ed1f160f0565" testListId="8c84fa94-04c1-424b-9868-57a2d4851a1d" />
    <TestEntry testId="35329af0-07a5-033a-84c4-7cc0b89d3ef6" executionId="d30e3356-b79a-42ee-9570-9ed7f8c2fe47" testListId="8c84fa94-04c1-424b-9868-57a2d4851a1d" />
    <TestEntry testId="3f091cc2-7fe8-3b03-1d8c-8f24ef9fa1c5" executionId="0a069be8-06c9-4bfb-9491-ad20e2d6f5ab" testListId="8c84fa94-04c1-424b-9868-57a2d4851a1d" />
    <TestEntry testId="4e28cde3-2288-16fe-42bd-9acfc8da8ab8" executionId="b11d8107-93c0-4222-9c7c-120bd1a347c6" testListId="8c84fa94-04c1-424b-9868-57a2d4851a1d" />
    <TestEntry testId="50912a0f-9e9d-3f4f-f589-6ee993790bab" executionId="772313a0-d39e-4cad-af2f-a32ee30bcb5e" testListId="8c84fa94-04c1-424b-9868-57a2d4851a1d" />
    <TestEntry testId="5423ac5c-37bd-fcb4-ee60-cb0917f22273" executionId="56eb5a9f-ace5-43e3-9ed4-9c5a11a016e9" testListId="8c84fa94-04c1-424b-9868-57a2d4851a1d" />
    <TestEntry testId="5612bdfa-8071-6785-2a45-10f6be5e8f26" executionId="884ea74c-51f6-4d32-801e-10dd7ce67ac6" testListId="8c84fa94-04c1-424b-9868-57a2d4851a1d" />
    <TestEntry testId="613929a0-eef6-02e0-7b2f-4947c95929bb" executionId="2aec3144-605c-4dcb-9536-167238183ed2" testListId="8c84fa94-04c1-424b-9868-57a2d4851a1d" />
    <TestEntry testId="6996e867-c2f4-dd50-8845-0ece69cbb0bd" executionId="107fdb41-d6fb-47f7-8a0b-5d6a84f24a5f" testListId="8c84fa94-04c1-424b-9868-57a2d4851a1d" />
    <TestEntry testId="6ac281c6-5261-f907-da1b-259c563f3a56" executionId="0eaa6560-5e08-4496-bb2c-e6361c8edbcc" testListId="8c84fa94-04c1-424b-9868-57a2d4851a1d" />
    <TestEntry testId="71ed7679-be7f-4fa0-886d-79c8519f9269" executionId="28b2d4b8-907d-439e-8f93-0c7a689a13df" testListId="8c84fa94-04c1-424b-9868-57a2d4851a1d" />
    <TestEntry testId="73acfa6d-8615-f37d-a037-a3345e8e8591" executionId="7e51163e-7e84-4a02-a4b1-93176355b62a" testListId="8c84fa94-04c1-424b-9868-57a2d4851a1d" />
    <TestEntry testId="81a7cb90-e333-c13a-cb1a-70bd93111e57" executionId="e5074f49-1ffd-4c1f-bee7-8763805a8627" testListId="8c84fa94-04c1-424b-9868-57a2d4851a1d" />
    <TestEntry testId="8255c5c7-b923-f6c7-a837-2cdeaa55c206" executionId="f3015fe1-a476-47b8-8ba4-b7a8141c7be1" testListId="8c84fa94-04c1-424b-9868-57a2d4851a1d" />
    <TestEntry testId="8418000c-0d68-bb60-a56c-50e4bb8c38bc" executionId="72123955-6d01-4982-9394-924a7ffd96cb" testListId="8c84fa94-04c1-424b-9868-57a2d4851a1d" />
    <TestEntry testId="86647a27-2eca-c19f-dae9-e1e0f399b670" executionId="6340e9cf-f9f6-42a3-b176-9f3553e293b6" testListId="8c84fa94-04c1-424b-9868-57a2d4851a1d" />
    <TestEntry testId="87122438-a45a-e865-0f8f-8ad5d29f0080" executionId="8c9d01b9-bbb8-4a78-a4d6-d279e2af6696" testListId="8c84fa94-04c1-424b-9868-57a2d4851a1d" />
    <TestEntry testId="87ab8728-5a69-9cbf-9de5-52c1ebf86e55" executionId="9b2e4fc0-390b-4c25-aedc-af14776eafbd" testListId="8c84fa94-04c1-424b-9868-57a2d4851a1d" />
    <TestEntry testId="94b17937-23fa-82e6-1780-93be4fa60daa" executionId="f0c7b31b-d28b-4d54-922c-eb28de704bf5" testListId="8c84fa94-04c1-424b-9868-57a2d4851a1d" />
    <TestEntry testId="976f743d-1be0-a08f-1f4e-d39f335712d0" executionId="34ba30cb-0a1f-49e5-9847-69364e5e8438" testListId="8c84fa94-04c1-424b-9868-57a2d4851a1d" />
    <TestEntry testId="976f7abd-3a44-9389-443e-407970b6257c" executionId="7394c0f6-f383-4757-8a40-3fc8bff55673" testListId="8c84fa94-04c1-424b-9868-57a2d4851a1d" />
    <TestEntry testId="9b91a301-8a69-7e73-5767-9fea32ed0d55" executionId="54ecd609-8e73-480c-bf12-384b3121dedf" testListId="8c84fa94-04c1-424b-9868-57a2d4851a1d" />
    <TestEntry testId="9ced8d3e-a83a-8173-9e76-fa9c85057fce" executionId="dcf9d7be-7c37-4290-97a8-67679e89c23c" testListId="8c84fa94-04c1-424b-9868-57a2d4851a1d" />
    <TestEntry testId="a691e6b4-e492-6f43-4f53-2977f4327922" executionId="a9fdfd9f-335c-44a1-92c3-850d26c06a06" testListId="8c84fa94-04c1-424b-9868-57a2d4851a1d" />
    <TestEntry testId="a82fbc82-f21c-d387-9af8-11af4d5fa2e8" executionId="d892686d-0fc1-4c59-882d-7f2ab21c40d7" testListId="8c84fa94-04c1-424b-9868-57a2d4851a1d" />
    <TestEntry testId="a8cce3cc-1f6a-62e7-ba0d-5e20ad7a8d10" executionId="aa020bb9-a531-4780-a3bf-3da4f3a142ae" testListId="8c84fa94-04c1-424b-9868-57a2d4851a1d" />
    <TestEntry testId="adb3dc2e-288c-7551-7345-feed9c13ce01" executionId="37e97bc5-b312-49df-8a31-fec5de2d22ac" testListId="8c84fa94-04c1-424b-9868-57a2d4851a1d" />
    <TestEntry testId="afc71e7e-7598-1420-6126-d4cf9a40ddfe" executionId="d2c42ca8-e445-4592-906f-137a9e87e7fa" testListId="8c84fa94-04c1-424b-9868-57a2d4851a1d" />
    <TestEntry testId="afdaa493-65bf-f260-c382-6723d3f0a59d" executionId="15382f5f-f413-44d6-88f7-2e982c09feff" testListId="8c84fa94-04c1-424b-9868-57a2d4851a1d" />
    <TestEntry testId="bcb441b9-e647-9f40-49e6-fd9d18cfc62b" executionId="49964e87-21d3-4b99-b46e-9a4c131f29bc" testListId="8c84fa94-04c1-424b-9868-57a2d4851a1d" />
    <TestEntry testId="c4203e4f-b59e-0d54-085a-1ab34f49edd9" executionId="4b1fe3c1-2e6d-45f8-9d83-05b768e29773" testListId="8c84fa94-04c1-424b-9868-57a2d4851a1d" />
    <TestEntry testId="c663d8a2-d875-270c-a046-788be1943dd5" executionId="6771b197-de3d-4ba0-b241-e0905c24eba6" testListId="8c84fa94-04c1-424b-9868-57a2d4851a1d" />
    <TestEntry testId="cf3104af-12eb-afd7-c3c5-6b833e146551" executionId="5dbf4b6c-baed-4824-ba4e-8ac1f29a8197" testListId="8c84fa94-04c1-424b-9868-57a2d4851a1d" />
    <TestEntry testId="cff8e602-7882-87e4-f575-752499e6e8e0" executionId="b390370f-9a4b-44ca-9796-f7d8a509449b" testListId="8c84fa94-04c1-424b-9868-57a2d4851a1d" />
    <TestEntry testId="d3d77ffc-9e4b-c939-e464-607b2ace85b5" executionId="25b54177-b01f-42b3-b6a5-e1b9d8a28bda" testListId="8c84fa94-04c1-424b-9868-57a2d4851a1d" />
    <TestEntry testId="dd02e2ac-bc0e-09bb-5110-fb532a33e922" executionId="b432cb7f-b660-49c5-91f6-e639d0c36b5c" testListId="8c84fa94-04c1-424b-9868-57a2d4851a1d" />
    <TestEntry testId="e56363e1-d19a-6366-a5f6-5f51276349e4" executionId="bc2d3eb4-e7b7-44b7-ba7b-a9b5d8b0ec8a" testListId="8c84fa94-04c1-424b-9868-57a2d4851a1d" />
    <TestEntry testId="e6c69646-595b-0ad2-87cb-e2f497a6e635" executionId="2bd77032-8f37-4687-8f94-8ec7d89c99b0" testListId="8c84fa94-04c1-424b-9868-57a2d4851a1d" />
    <TestEntry testId="ee617f51-abad-95f2-0b6d-9f6514e1c00e" executionId="771487ee-65ad-4f6e-809a-885393a85d9b" testListId="8c84fa94-04c1-424b-9868-57a2d4851a1d" />
    <TestEntry testId="ef2e5a6d-8764-ea3a-2b11-a77da1492a16" executionId="cf7f3d11-64df-4838-a371-8c55e2eba1a5" testListId="8c84fa94-04c1-424b-9868-57a2d4851a1d" />
    <TestEntry testId="f379f5e1-3ebb-2a4a-3cb8-1a0d4d1f2d5c" executionId="88a3894d-6641-4ba0-8a1b-90ef66871aa0" testListId="8c84fa94-04c1-424b-9868-57a2d4851a1d" />
    <TestEntry testId="f8117bbb-c7e5-e9b5-d0ec-69ac4f2ec7f3" executionId="84bc064d-6681-47a1-ae73-3e1897a43638" testListId="8c84fa94-04c1-424b-9868-57a2d4851a1d" />
    <TestEntry testId="f99eae18-bf7d-a14b-0f9b-ab88f2bfb015" executionId="ea766a7e-3c14-44d9-8871-e495e9a87abd" testListId="8c84fa94-04c1-424b-9868-57a2d4851a1d" />
    <TestEntry testId="f9c86435-2c2c-4ee8-f7ab-13a6017e17b4" executionId="a1c102a2-b00f-4626-beec-703d427a39b4" testListId="8c84fa94-04c1-424b-9868-57a2d4851a1d" />
  </TestEntries>
  <Results>
    <UnitTestResult executionId="b5a2387c-c626-4b5c-a7f6-c72458e7c270" testId="05440f39-53b0-99ca-f3bb-be1fb1d2de03" testName="GetSourceRectangle_Test" computerName="A2-PC" duration="00:00:00.0846677" startTime="2012-04-28T09:11:20.3996389-05:00" endTime="2012-04-28T09:11:21.3512406-05:00" testType="13cdc9d9-ddb5-4fa4-a97d-d965ccfc6d4b" outcome="Passed" testListId="8c84fa94-04c1-424b-9868-57a2d4851a1d" relativeResultsDirectory="b5a2387c-c626-4b5c-a7f6-c72458e7c270">
    </UnitTestResult>
    <UnitTestResult executionId="0ad8b11f-c776-4389-b13a-45dd690a675b" testId="08faea89-f632-3b4a-0340-2058f8f4c634" testName="firedYPosition_Test" computerName="A2-PC" duration="00:00:00.0019276" startTime="2012-04-28T09:11:21.3512406-05:00" endTime="2012-04-28T09:11:21.3668406-05:00" testType="13cdc9d9-ddb5-4fa4-a97d-d965ccfc6d4b" outcome="Passed" testListId="8c84fa94-04c1-424b-9868-57a2d4851a1d" relativeResultsDirectory="0ad8b11f-c776-4389-b13a-45dd690a675b">
    </UnitTestResult>
    <UnitTestResult executionId="9c98e2cd-1e7d-499b-9b03-65c6311dbd09" testId="0fa67a85-ae25-69c2-5a09-b8b613f54f76" testName="BackgroundFileHeight_Test" computerName="A2-PC" duration="00:00:00.0007352" startTime="2012-04-28T09:11:21.3668406-05:00" endTime="2012-04-28T09:11:21.3824406-05:00" testType="13cdc9d9-ddb5-4fa4-a97d-d965ccfc6d4b" outcome="Passed" testListId="8c84fa94-04c1-424b-9868-57a2d4851a1d" relativeResultsDirectory="9c98e2cd-1e7d-499b-9b03-65c6311dbd09">
    </UnitTestResult>
    <UnitTestResult executionId="2e481d2b-dae7-4626-b4b7-da299903279f" testId="137ff0f0-c48e-ae2c-9c50-339692fe23db" testName="GetDrawY_Test" computerName="A2-PC" duration="00:00:00.0194380" startTime="2012-04-28T09:11:21.3824406-05:00" endTime="2012-04-28T09:11:21.3980407-05:00" testType="13cdc9d9-ddb5-4fa4-a97d-d965ccfc6d4b" outcome="Passed" testListId="8c84fa94-04c1-424b-9868-57a2d4851a1d" relativeResultsDirectory="2e481d2b-dae7-4626-b4b7-da299903279f">
    </UnitTestResult>
    <UnitTestResult executionId="c114f082-68d0-4e5c-a8c8-e6fb2eaf56b5" testId="1a398b36-5750-e38c-43d2-347c54381fe9" testName="Update_Test" computerName="A2-PC" duration="00:00:00.0007477" startTime="2012-04-28T09:11:21.4136407-05:00" endTime="2012-04-28T09:11:21.4136407-05:00" testType="13cdc9d9-ddb5-4fa4-a97d-d965ccfc6d4b" outcome="Passed" testListId="8c84fa94-04c1-424b-9868-57a2d4851a1d" relativeResultsDirectory="c114f082-68d0-4e5c-a8c8-e6fb2eaf56b5">
    </UnitTestResult>
    <UnitTestResult executionId="a4dc12cc-e461-45c0-8145-7edfa589b91a" testId="1ab86b7f-d6e8-ff55-c9af-90a5c7ac9684" testName="Generate_Test" computerName="A2-PC" duration="00:00:00.0014069" startTime="2012-04-28T09:11:21.4136407-05:00" endTime="2012-04-28T09:11:21.4292407-05:00" testType="13cdc9d9-ddb5-4fa4-a97d-d965ccfc6d4b" outcome="Passed" testListId="8c84fa94-04c1-424b-9868-57a2d4851a1d" relativeResultsDirectory="a4dc12cc-e461-45c0-8145-7edfa589b91a">
    </UnitTestResult>
    <UnitTestResult executionId="29085b78-ff58-4d4f-b5b2-9d26af76812d" testId="23b15399-36ff-4c54-84a2-1c78b3074b3e" testName="XPosition_Test" computerName="A2-PC" duration="00:00:00.0002295" startTime="2012-04-28T09:11:21.4292407-05:00" endTime="2012-04-28T09:11:21.4448408-05:00" testType="13cdc9d9-ddb5-4fa4-a97d-d965ccfc6d4b" outcome="Passed" testListId="8c84fa94-04c1-424b-9868-57a2d4851a1d" relativeResultsDirectory="29085b78-ff58-4d4f-b5b2-9d26af76812d">
    </UnitTestResult>
    <UnitTestResult executionId="c90693d6-6ae3-4c21-b5b5-78d6361d875b" testId="26f97d93-21e2-c2d6-ae82-40330b00154f" testName="Deactivate_Test" computerName="A2-PC" duration="00:00:00.0002598" startTime="2012-04-28T09:11:21.4448408-05:00" endTime="2012-04-28T09:11:21.4604408-05:00" testType="13cdc9d9-ddb5-4fa4-a97d-d965ccfc6d4b" outcome="Passed" testListId="8c84fa94-04c1-424b-9868-57a2d4851a1d" relativeResultsDirectory="c90693d6-6ae3-4c21-b5b5-78d6361d875b">
    </UnitTestResult>
    <UnitTestResult executionId="a4255eb6-d252-4c51-addb-4f0092cbdddd" testId="2b394d8a-5087-3990-d96e-c85bd5872ef5" testName="X_Test" computerName="A2-PC" duration="00:00:00.0009493" startTime="2012-04-28T09:11:21.4604408-05:00" endTime="2012-04-28T09:11:21.4604408-05:00" testType="13cdc9d9-ddb5-4fa4-a97d-d965ccfc6d4b" outcome="Passed" testListId="8c84fa94-04c1-424b-9868-57a2d4851a1d" relativeResultsDirectory="a4255eb6-d252-4c51-addb-4f0092cbdddd">
    </UnitTestResult>
    <UnitTestResult executionId="cdb8e78a-9b00-4395-a89e-ed1f160f0565" testId="34d5f7ab-b689-81c7-2492-81a9a64b82a7" testName="DeactivateTest" computerName="A2-PC" duration="00:00:00.1015819" startTime="2012-04-28T09:11:21.4604408-05:00" endTime="2012-04-28T09:11:21.5696410-05:00" testType="13cdc9d9-ddb5-4fa4-a97d-d965ccfc6d4b" outcome="Failed" testListId="8c84fa94-04c1-424b-9868-57a2d4851a1d" relativeResultsDirectory="cdb8e78a-9b00-4395-a89e-ed1f160f0565">
      <Output>
        <ErrorInfo>
          <Message>Test method Project_Starfighter_Test.Enemy1_Test.DeactivateTest threw exception: 
System.NullReferenceException: Object reference not set to an instance of an object.</Message>
          <StackTrace>    at Project_Starfighter_Test.Enemy1_Test.DeactivateTest() in C:\Users\Goveia's\SoftEngv2\Team15\Team15\Project Starfighter\Project Starfighter Test\Enemy1_Test.cs:line 43
</StackTrace>
        </ErrorInfo>
      </Output>
    </UnitTestResult>
    <UnitTestResult executionId="d30e3356-b79a-42ee-9570-9ed7f8c2fe47" testId="35329af0-07a5-033a-84c4-7cc0b89d3ef6" testName="FrameLength_Test" computerName="A2-PC" duration="00:00:00.0004056" startTime="2012-04-28T09:11:21.5852410-05:00" endTime="2012-04-28T09:11:21.5852410-05:00" testType="13cdc9d9-ddb5-4fa4-a97d-d965ccfc6d4b" outcome="Passed" testListId="8c84fa94-04c1-424b-9868-57a2d4851a1d" relativeResultsDirectory="d30e3356-b79a-42ee-9570-9ed7f8c2fe47">
    </UnitTestResult>
    <UnitTestResult executionId="0a069be8-06c9-4bfb-9491-ad20e2d6f5ab" testId="3f091cc2-7fe8-3b03-1d8c-8f24ef9fa1c5" testName="createdInActive_Test" computerName="A2-PC" duration="00:00:00.0002795" startTime="2012-04-28T09:11:21.6008410-05:00" endTime="2012-04-28T09:11:21.6008410-05:00" testType="13cdc9d9-ddb5-4fa4-a97d-d965ccfc6d4b" outcome="Passed" testListId="8c84fa94-04c1-424b-9868-57a2d4851a1d" relativeResultsDirectory="0a069be8-06c9-4bfb-9491-ad20e2d6f5ab">
    </UnitTestResult>
    <UnitTestResult executionId="b11d8107-93c0-4222-9c7c-120bd1a347c6" testId="4e28cde3-2288-16fe-42bd-9acfc8da8ab8" testName="Frame_Test" computerName="A2-PC" duration="00:00:00.0001977" startTime="2012-04-28T09:11:21.6008410-05:00" endTime="2012-04-28T09:11:21.6164411-05:00" testType="13cdc9d9-ddb5-4fa4-a97d-d965ccfc6d4b" outcome="Passed" testListId="8c84fa94-04c1-424b-9868-57a2d4851a1d" relativeResultsDirectory="b11d8107-93c0-4222-9c7c-120bd1a347c6">
    </UnitTestResult>
    <UnitTestResult executionId="772313a0-d39e-4cad-af2f-a32ee30bcb5e" testId="50912a0f-9e9d-3f4f-f589-6ee993790bab" testName="YTest" computerName="A2-PC" duration="00:00:00.0016413" startTime="2012-04-28T09:11:21.6164411-05:00" endTime="2012-04-28T09:11:21.6164411-05:00" testType="13cdc9d9-ddb5-4fa4-a97d-d965ccfc6d4b" outcome="Failed" testListId="8c84fa94-04c1-424b-9868-57a2d4851a1d" relativeResultsDirectory="772313a0-d39e-4cad-af2f-a32ee30bcb5e">
      <Output>
        <ErrorInfo>
          <Message>Test method Project_Starfighter_Test.Enemy1_Test.YTest threw exception: 
System.NullReferenceException: Object reference not set to an instance of an object.</Message>
          <StackTrace>    at Project_Starfighter_Test.Enemy1_Test.YTest() in C:\Users\Goveia's\SoftEngv2\Team15\Team15\Project Starfighter\Project Starfighter Test\Enemy1_Test.cs:line 141
</StackTrace>
        </ErrorInfo>
      </Output>
    </UnitTestResult>
    <UnitTestResult executionId="56eb5a9f-ace5-43e3-9ed4-9c5a11a016e9" testId="5423ac5c-37bd-fcb4-ee60-cb0917f22273" testName="Y_Test" computerName="A2-PC" duration="00:00:00.0005509" startTime="2012-04-28T09:11:21.6320411-05:00" endTime="2012-04-28T09:11:21.6476411-05:00" testType="13cdc9d9-ddb5-4fa4-a97d-d965ccfc6d4b" outcome="Passed" testListId="8c84fa94-04c1-424b-9868-57a2d4851a1d" relativeResultsDirectory="56eb5a9f-ace5-43e3-9ed4-9c5a11a016e9">
    </UnitTestResult>
    <UnitTestResult executionId="884ea74c-51f6-4d32-801e-10dd7ce67ac6" testId="5612bdfa-8071-6785-2a45-10f6be5e8f26" testName="BackgroundFileWidth_Test" computerName="A2-PC" duration="00:00:00.0003868" startTime="2012-04-28T09:11:21.6476411-05:00" endTime="2012-04-28T09:11:21.6476411-05:00" testType="13cdc9d9-ddb5-4fa4-a97d-d965ccfc6d4b" outcome="Passed" testListId="8c84fa94-04c1-424b-9868-57a2d4851a1d" relativeResultsDirectory="884ea74c-51f6-4d32-801e-10dd7ce67ac6">
    </UnitTestResult>
    <UnitTestResult executionId="2aec3144-605c-4dcb-9536-167238183ed2" testId="613929a0-eef6-02e0-7b2f-4947c95929bb" testName="Test_Load" computerName="A2-PC" duration="00:00:00.0463700" startTime="2012-04-28T09:11:21.6632411-05:00" endTime="2012-04-28T09:11:21.7100412-05:00" testType="13cdc9d9-ddb5-4fa4-a97d-d965ccfc6d4b" outcome="Failed" testListId="8c84fa94-04c1-424b-9868-57a2d4851a1d" relativeResultsDirectory="2aec3144-605c-4dcb-9536-167238183ed2">
      <Output>
        <Exception>Exception has been thrown by the target of an invocation.</Exception>
        <ErrorInfo>
          <Message>Unable to create instance of class Project_Starfighter_Test.Starfighter_Test. Error: Microsoft.VisualStudio.TestTools.UnitTesting.AssertFailedException: Assert.IsTrue failed. .</Message>
          <StackTrace>   at Project_Starfighter_Test.Starfighter_Test.HandleActionScreen_Test() in C:\Users\Goveia's\SoftEngv2\Team15\Team15\Project Starfighter\Project Starfighter Test\Starfighter_Test.cs:line 86
   at Project_Starfighter_Test.Starfighter_Test..ctor() in C:\Users\Goveia's\SoftEngv2\Team15\Team15\Project Starfighter\Project Starfighter Test\Starfighter_Test.cs:line 19
</StackTrace>
        </ErrorInfo>
      </Output>
    </UnitTestResult>
    <UnitTestResult executionId="107fdb41-d6fb-47f7-8a0b-5d6a84f24a5f" testId="6996e867-c2f4-dd50-8845-0ece69cbb0bd" testName="TestType" computerName="A2-PC" duration="00:00:00.1701824" startTime="2012-04-28T09:11:21.7256413-05:00" endTime="2012-04-28T09:11:21.8972416-05:00" testType="13cdc9d9-ddb5-4fa4-a97d-d965ccfc6d4b" outcome="Failed" testListId="8c84fa94-04c1-424b-9868-57a2d4851a1d" relativeResultsDirectory="107fdb41-d6fb-47f7-8a0b-5d6a84f24a5f">
      <Output>
        <ErrorInfo>
          <Message>Assert.IsInstanceOfType failed.  Expected type:&lt;Project_Starfighter.InstructionsScreen&gt;. Actual type:&lt;(null)&gt;.</Message>
          <StackTrace>   at Project_Starfighter_Test.InstructionsScreen_Test.TestType() in C:\Users\Goveia's\SoftEngv2\Team15\Team15\Project Starfighter\Project Starfighter Test\InstructionsScreen_Test.cs:line 48
</StackTrace>
        </ErrorInfo>
      </Output>
    </UnitTestResult>
    <UnitTestResult executionId="0eaa6560-5e08-4496-bb2c-e6361c8edbcc" testId="6ac281c6-5261-f907-da1b-259c563f3a56" testName="YPosition_Test" computerName="A2-PC" duration="00:00:00.0003560" startTime="2012-04-28T09:11:21.9128416-05:00" endTime="2012-04-28T09:11:21.9128416-05:00" testType="13cdc9d9-ddb5-4fa4-a97d-d965ccfc6d4b" outcome="Passed" testListId="8c84fa94-04c1-424b-9868-57a2d4851a1d" relativeResultsDirectory="0eaa6560-5e08-4496-bb2c-e6361c8edbcc">
    </UnitTestResult>
    <UnitTestResult executionId="28b2d4b8-907d-439e-8f93-0c7a689a13df" testId="71ed7679-be7f-4fa0-886d-79c8519f9269" testName="XTest" computerName="A2-PC" duration="00:00:00.0016499" startTime="2012-04-28T09:11:21.9128416-05:00" endTime="2012-04-28T09:11:21.9284416-05:00" testType="13cdc9d9-ddb5-4fa4-a97d-d965ccfc6d4b" outcome="Failed" testListId="8c84fa94-04c1-424b-9868-57a2d4851a1d" relativeResultsDirectory="28b2d4b8-907d-439e-8f93-0c7a689a13df">
      <Output>
        <ErrorInfo>
          <Message>Test method Project_Starfighter_Test.Enemy1_Test.XTest threw exception: 
System.NullReferenceException: Object reference not set to an instance of an object.</Message>
          <StackTrace>    at Project_Starfighter_Test.Enemy1_Test.XTest() in C:\Users\Goveia's\SoftEngv2\Team15\Team15\Project Starfighter\Project Starfighter Test\Enemy1_Test.cs:line 130
</StackTrace>
        </ErrorInfo>
      </Output>
    </UnitTestResult>
    <UnitTestResult executionId="7e51163e-7e84-4a02-a4b1-93176355b62a" testId="73acfa6d-8615-f37d-a037-a3345e8e8591" testName="MovementTest" computerName="A2-PC" duration="00:00:00.0015147" startTime="2012-04-28T09:11:21.9284416-05:00" endTime="2012-04-28T09:11:21.9284416-05:00" testType="13cdc9d9-ddb5-4fa4-a97d-d965ccfc6d4b" outcome="Failed" testListId="8c84fa94-04c1-424b-9868-57a2d4851a1d" relativeResultsDirectory="7e51163e-7e84-4a02-a4b1-93176355b62a">
      <Output>
        <ErrorInfo>
          <Message>Test method Project_Starfighter_Test.Enemy1_Test.MovementTest threw exception: 
System.NullReferenceException: Object reference not set to an instance of an object.</Message>
          <StackTrace>    at Project_Starfighter_Test.Enemy1_Test.MovementTest() in C:\Users\Goveia's\SoftEngv2\Team15\Team15\Project Starfighter\Project Starfighter Test\Enemy1_Test.cs:line 77
</StackTrace>
        </ErrorInfo>
      </Output>
    </UnitTestResult>
    <UnitTestResult executionId="e5074f49-1ffd-4c1f-bee7-8763805a8627" testId="81a7cb90-e333-c13a-cb1a-70bd93111e57" testName="ShipMovingUp_Test" computerName="A2-PC" duration="00:00:00.0034631" startTime="2012-04-28T09:11:21.9440416-05:00" endTime="2012-04-28T09:11:21.9440416-05:00" testType="13cdc9d9-ddb5-4fa4-a97d-d965ccfc6d4b" outcome="Passed" testListId="8c84fa94-04c1-424b-9868-57a2d4851a1d" relativeResultsDirectory="e5074f49-1ffd-4c1f-bee7-8763805a8627">
    </UnitTestResult>
    <UnitTestResult executionId="f3015fe1-a476-47b8-8ba4-b7a8141c7be1" testId="8255c5c7-b923-f6c7-a837-2cdeaa55c206" testName="OffsetTest" computerName="A2-PC" duration="00:00:00.0016345" startTime="2012-04-28T09:11:21.9596417-05:00" endTime="2012-04-28T09:11:21.9596417-05:00" testType="13cdc9d9-ddb5-4fa4-a97d-d965ccfc6d4b" outcome="Failed" testListId="8c84fa94-04c1-424b-9868-57a2d4851a1d" relativeResultsDirectory="f3015fe1-a476-47b8-8ba4-b7a8141c7be1">
      <Output>
        <ErrorInfo>
          <Message>Test method Project_Starfighter_Test.Enemy1_Test.OffsetTest threw exception: 
System.NullReferenceException: Object reference not set to an instance of an object.</Message>
          <StackTrace>    at Project_Starfighter_Test.Enemy1_Test.OffsetTest() in C:\Users\Goveia's\SoftEngv2\Team15\Team15\Project Starfighter\Project Starfighter Test\Enemy1_Test.cs:line 119
</StackTrace>
        </ErrorInfo>
      </Output>
    </UnitTestResult>
    <UnitTestResult executionId="72123955-6d01-4982-9394-924a7ffd96cb" testId="8418000c-0d68-bb60-a56c-50e4bb8c38bc" testName="XPosition_Test" computerName="A2-PC" duration="00:00:00.0003527" startTime="2012-04-28T09:11:21.9596417-05:00" endTime="2012-04-28T09:11:21.9752417-05:00" testType="13cdc9d9-ddb5-4fa4-a97d-d965ccfc6d4b" outcome="Passed" testListId="8c84fa94-04c1-424b-9868-57a2d4851a1d" relativeResultsDirectory="72123955-6d01-4982-9394-924a7ffd96cb">
    </UnitTestResult>
    <UnitTestResult executionId="6340e9cf-f9f6-42a3-b176-9f3553e293b6" testId="86647a27-2eca-c19f-dae9-e1e0f399b670" testName="IsAnimating_Test" computerName="A2-PC" duration="00:00:00.0002795" startTime="2012-04-28T09:11:21.9752417-05:00" endTime="2012-04-28T09:11:21.9752417-05:00" testType="13cdc9d9-ddb5-4fa4-a97d-d965ccfc6d4b" outcome="Passed" testListId="8c84fa94-04c1-424b-9868-57a2d4851a1d" relativeResultsDirectory="6340e9cf-f9f6-42a3-b176-9f3553e293b6">
    </UnitTestResult>
    <UnitTestResult executionId="8c9d01b9-bbb8-4a78-a4d6-d279e2af6696" testId="87122438-a45a-e865-0f8f-8ad5d29f0080" testName="BoundingBox_Test" computerName="A2-PC" duration="00:00:00.0004162" startTime="2012-04-28T09:11:21.9908417-05:00" endTime="2012-04-28T09:11:21.9908417-05:00" testType="13cdc9d9-ddb5-4fa4-a97d-d965ccfc6d4b" outcome="Passed" testListId="8c84fa94-04c1-424b-9868-57a2d4851a1d" relativeResultsDirectory="8c9d01b9-bbb8-4a78-a4d6-d279e2af6696">
    </UnitTestResult>
    <UnitTestResult executionId="9b2e4fc0-390b-4c25-aedc-af14776eafbd" testId="87ab8728-5a69-9cbf-9de5-52c1ebf86e55" testName="ShipMovingLeft_Test" computerName="A2-PC" duration="00:00:00.0005370" startTime="2012-04-28T09:11:21.9908417-05:00" endTime="2012-04-28T09:11:22.0064417-05:00" testType="13cdc9d9-ddb5-4fa4-a97d-d965ccfc6d4b" outcome="Passed" testListId="8c84fa94-04c1-424b-9868-57a2d4851a1d" relativeResultsDirectory="9b2e4fc0-390b-4c25-aedc-af14776eafbd">
    </UnitTestResult>
    <UnitTestResult executionId="f0c7b31b-d28b-4d54-922c-eb28de704bf5" testId="94b17937-23fa-82e6-1780-93be4fa60daa" testName="YPosition_Test" computerName="A2-PC" duration="00:00:00.0002088" startTime="2012-04-28T09:11:22.0064417-05:00" endTime="2012-04-28T09:11:22.0064417-05:00" testType="13cdc9d9-ddb5-4fa4-a97d-d965ccfc6d4b" outcome="Passed" testListId="8c84fa94-04c1-424b-9868-57a2d4851a1d" relativeResultsDirectory="f0c7b31b-d28b-4d54-922c-eb28de704bf5">
    </UnitTestResult>
    <UnitTestResult executionId="34ba30cb-0a1f-49e5-9847-69364e5e8438" testId="976f743d-1be0-a08f-1f4e-d39f335712d0" testName="IsActiveTest" computerName="A2-PC" duration="00:00:00.0015835" startTime="2012-04-28T09:11:22.0220418-05:00" endTime="2012-04-28T09:11:22.0220418-05:00" testType="13cdc9d9-ddb5-4fa4-a97d-d965ccfc6d4b" outcome="Failed" testListId="8c84fa94-04c1-424b-9868-57a2d4851a1d" relativeResultsDirectory="34ba30cb-0a1f-49e5-9847-69364e5e8438">
      <Output>
        <ErrorInfo>
          <Message>Test method Project_Starfighter_Test.Enemy1_Test.IsActiveTest threw exception: 
System.NullReferenceException: Object reference not set to an instance of an object.</Message>
          <StackTrace>    at Project_Starfighter_Test.Enemy1_Test.IsActiveTest() in C:\Users\Goveia's\SoftEngv2\Team15\Team15\Project Starfighter\Project Starfighter Test\Enemy1_Test.cs:line 108
</StackTrace>
        </ErrorInfo>
      </Output>
    </UnitTestResult>
    <UnitTestResult executionId="7394c0f6-f383-4757-8a40-3fc8bff55673" testId="976f7abd-3a44-9389-443e-407970b6257c" testName="BoundingBox_Test" computerName="A2-PC" duration="00:00:00.0005663" startTime="2012-04-28T09:11:22.0376418-05:00" endTime="2012-04-28T09:11:22.0376418-05:00" testType="13cdc9d9-ddb5-4fa4-a97d-d965ccfc6d4b" outcome="Passed" testListId="8c84fa94-04c1-424b-9868-57a2d4851a1d" relativeResultsDirectory="7394c0f6-f383-4757-8a40-3fc8bff55673">
    </UnitTestResult>
    <UnitTestResult executionId="54ecd609-8e73-480c-bf12-384b3121dedf" testId="9b91a301-8a69-7e73-5767-9fea32ed0d55" testName="IsActive_Test" computerName="A2-PC" duration="00:00:00.0012207" startTime="2012-04-28T09:11:22.0376418-05:00" endTime="2012-04-28T09:11:22.0376418-05:00" testType="13cdc9d9-ddb5-4fa4-a97d-d965ccfc6d4b" outcome="Passed" testListId="8c84fa94-04c1-424b-9868-57a2d4851a1d" relativeResultsDirectory="54ecd609-8e73-480c-bf12-384b3121dedf">
    </UnitTestResult>
    <UnitTestResult executionId="dcf9d7be-7c37-4290-97a8-67679e89c23c" testId="9ced8d3e-a83a-8173-9e76-fa9c85057fce" testName="UpdateTest" computerName="A2-PC" duration="00:00:00.0004879" startTime="2012-04-28T09:11:22.0532418-05:00" endTime="2012-04-28T09:11:22.0532418-05:00" testType="13cdc9d9-ddb5-4fa4-a97d-d965ccfc6d4b" outcome="Passed" testListId="8c84fa94-04c1-424b-9868-57a2d4851a1d" relativeResultsDirectory="dcf9d7be-7c37-4290-97a8-67679e89c23c">
    </UnitTestResult>
    <UnitTestResult executionId="a9fdfd9f-335c-44a1-92c3-850d26c06a06" testId="a691e6b4-e492-6f43-4f53-2977f4327922" testName="TestScreen" computerName="A2-PC" duration="00:00:00.0081700" startTime="2012-04-28T09:11:22.0532418-05:00" endTime="2012-04-28T09:11:22.0688419-05:00" testType="13cdc9d9-ddb5-4fa4-a97d-d965ccfc6d4b" outcome="Failed" testListId="8c84fa94-04c1-424b-9868-57a2d4851a1d" relativeResultsDirectory="a9fdfd9f-335c-44a1-92c3-850d26c06a06">
      <Output>
        <ErrorInfo>
          <Message>Assert.IsNotNull failed. </Message>
          <StackTrace>   at Project_Starfighter_Test.InstructionsScreen_Test.TestScreen() in C:\Users\Goveia's\SoftEngv2\Team15\Team15\Project Starfighter\Project Starfighter Test\InstructionsScreen_Test.cs:line 42
</StackTrace>
        </ErrorInfo>
      </Output>
    </UnitTestResult>
    <UnitTestResult executionId="d892686d-0fc1-4c59-882d-7f2ab21c40d7" testId="a82fbc82-f21c-d387-9af8-11af4d5fa2e8" testName="fired_Test" computerName="A2-PC" duration="00:00:00.0007785" startTime="2012-04-28T09:11:22.0688419-05:00" endTime="2012-04-28T09:11:22.0844419-05:00" testType="13cdc9d9-ddb5-4fa4-a97d-d965ccfc6d4b" outcome="Passed" testListId="8c84fa94-04c1-424b-9868-57a2d4851a1d" relativeResultsDirectory="d892686d-0fc1-4c59-882d-7f2ab21c40d7">
    </UnitTestResult>
    <UnitTestResult executionId="aa020bb9-a531-4780-a3bf-3da4f3a142ae" testId="a8cce3cc-1f6a-62e7-ba0d-5e20ad7a8d10" testName="firedXPosition_Test" computerName="A2-PC" duration="00:00:00.0008281" startTime="2012-04-28T09:11:22.1000419-05:00" endTime="2012-04-28T09:11:22.1000419-05:00" testType="13cdc9d9-ddb5-4fa4-a97d-d965ccfc6d4b" outcome="Passed" testListId="8c84fa94-04c1-424b-9868-57a2d4851a1d" relativeResultsDirectory="aa020bb9-a531-4780-a3bf-3da4f3a142ae">
    </UnitTestResult>
    <UnitTestResult executionId="37e97bc5-b312-49df-8a31-fec5de2d22ac" testId="adb3dc2e-288c-7551-7345-feed9c13ce01" testName="IsActive_Test" computerName="A2-PC" duration="00:00:00.0008440" startTime="2012-04-28T09:11:22.1156419-05:00" endTime="2012-04-28T09:11:22.1312420-05:00" testType="13cdc9d9-ddb5-4fa4-a97d-d965ccfc6d4b" outcome="Passed" testListId="8c84fa94-04c1-424b-9868-57a2d4851a1d" relativeResultsDirectory="37e97bc5-b312-49df-8a31-fec5de2d22ac">
    </UnitTestResult>
    <UnitTestResult executionId="d2c42ca8-e445-4592-906f-137a9e87e7fa" testId="afc71e7e-7598-1420-6126-d4cf9a40ddfe" testName="ShipMovingDown_Test" computerName="A2-PC" duration="00:00:00.0009527" startTime="2012-04-28T09:11:22.1312420-05:00" endTime="2012-04-28T09:11:22.1468420-05:00" testType="13cdc9d9-ddb5-4fa4-a97d-d965ccfc6d4b" outcome="Passed" testListId="8c84fa94-04c1-424b-9868-57a2d4851a1d" relativeResultsDirectory="d2c42ca8-e445-4592-906f-137a9e87e7fa">
    </UnitTestResult>
    <UnitTestResult executionId="15382f5f-f413-44d6-88f7-2e982c09feff" testId="afdaa493-65bf-f260-c382-6723d3f0a59d" testName="BackgroundOffset_Test" computerName="A2-PC" duration="00:00:00.0009960" startTime="2012-04-28T09:11:22.1468420-05:00" endTime="2012-04-28T09:11:22.1624420-05:00" testType="13cdc9d9-ddb5-4fa4-a97d-d965ccfc6d4b" outcome="Passed" testListId="8c84fa94-04c1-424b-9868-57a2d4851a1d" relativeResultsDirectory="15382f5f-f413-44d6-88f7-2e982c09feff">
    </UnitTestResult>
    <UnitTestResult executionId="49964e87-21d3-4b99-b46e-9a4c131f29bc" testId="bcb441b9-e647-9f40-49e6-fd9d18cfc62b" testName="XPosition_Test" computerName="A2-PC" duration="00:00:00.0044529" startTime="2012-04-28T09:11:22.2092421-05:00" endTime="2012-04-28T09:11:22.2248421-05:00" testType="13cdc9d9-ddb5-4fa4-a97d-d965ccfc6d4b" outcome="Passed" testListId="8c84fa94-04c1-424b-9868-57a2d4851a1d" relativeResultsDirectory="49964e87-21d3-4b99-b46e-9a4c131f29bc">
    </UnitTestResult>
    <UnitTestResult executionId="4b1fe3c1-2e6d-45f8-9d83-05b768e29773" testId="c4203e4f-b59e-0d54-085a-1ab34f49edd9" testName="YPosition_Test" computerName="A2-PC" duration="00:00:00.0001963" startTime="2012-04-28T09:11:22.2248421-05:00" endTime="2012-04-28T09:11:22.2404422-05:00" testType="13cdc9d9-ddb5-4fa4-a97d-d965ccfc6d4b" outcome="Passed" testListId="8c84fa94-04c1-424b-9868-57a2d4851a1d" relativeResultsDirectory="4b1fe3c1-2e6d-45f8-9d83-05b768e29773">
    </UnitTestResult>
    <UnitTestResult executionId="6771b197-de3d-4ba0-b241-e0905c24eba6" testId="c663d8a2-d875-270c-a046-788be1943dd5" testName="BoundingBox_Test" computerName="A2-PC" duration="00:00:00.0025344" startTime="2012-04-28T09:11:22.2404422-05:00" endTime="2012-04-28T09:11:22.2404422-05:00" testType="13cdc9d9-ddb5-4fa4-a97d-d965ccfc6d4b" outcome="Failed" testListId="8c84fa94-04c1-424b-9868-57a2d4851a1d" relativeResultsDirectory="6771b197-de3d-4ba0-b241-e0905c24eba6">
      <Output>
        <ErrorInfo>
          <Message>Assert.AreEqual failed. Expected:&lt;{X:600 Y:300 Width:150 Height:104}&gt;. Actual:&lt;{X:602 Y:302 Width:150 Height:104}&gt;. </Message>
          <StackTrace>   at Project_Starfighter_Test.Boss_Test.BoundingBox_Test() in C:\Users\Goveia's\SoftEngv2\Team15\Team15\Project Starfighter\Project Starfighter Test\Boss_Test.cs:line 84
</StackTrace>
        </ErrorInfo>
      </Output>
    </UnitTestResult>
    <UnitTestResult executionId="5dbf4b6c-baed-4824-ba4e-8ac1f29a8197" testId="cf3104af-12eb-afd7-c3c5-6b833e146551" testName="HandleActionScreen_Test" computerName="A2-PC" duration="00:00:00.0007646" startTime="2012-04-28T09:11:22.2560422-05:00" endTime="2012-04-28T09:11:22.2560422-05:00" testType="13cdc9d9-ddb5-4fa4-a97d-d965ccfc6d4b" outcome="Failed" testListId="8c84fa94-04c1-424b-9868-57a2d4851a1d" relativeResultsDirectory="5dbf4b6c-baed-4824-ba4e-8ac1f29a8197">
      <Output>
        <Exception>Exception has been thrown by the target of an invocation.</Exception>
        <ErrorInfo>
          <Message>Unable to create instance of class Project_Starfighter_Test.Starfighter_Test. Error: Microsoft.VisualStudio.TestTools.UnitTesting.AssertFailedException: Assert.IsTrue failed. .</Message>
          <StackTrace>   at Project_Starfighter_Test.Starfighter_Test.HandleActionScreen_Test() in C:\Users\Goveia's\SoftEngv2\Team15\Team15\Project Starfighter\Project Starfighter Test\Starfighter_Test.cs:line 86
   at Project_Starfighter_Test.Starfighter_Test..ctor() in C:\Users\Goveia's\SoftEngv2\Team15\Team15\Project Starfighter\Project Starfighter Test\Starfighter_Test.cs:line 19
</StackTrace>
        </ErrorInfo>
      </Output>
    </UnitTestResult>
    <UnitTestResult executionId="b390370f-9a4b-44ca-9796-f7d8a509449b" testId="cff8e602-7882-87e4-f575-752499e6e8e0" testName="Y_Test" computerName="A2-PC" duration="00:00:00.0002348" startTime="2012-04-28T09:11:22.2716422-05:00" endTime="2012-04-28T09:11:22.2716422-05:00" testType="13cdc9d9-ddb5-4fa4-a97d-d965ccfc6d4b" outcome="Passed" testListId="8c84fa94-04c1-424b-9868-57a2d4851a1d" relativeResultsDirectory="b390370f-9a4b-44ca-9796-f7d8a509449b">
    </UnitTestResult>
    <UnitTestResult executionId="25b54177-b01f-42b3-b6a5-e1b9d8a28bda" testId="d3d77ffc-9e4b-c939-e464-607b2ace85b5" testName="ShipMovingRight_Test" computerName="A2-PC" duration="00:00:00.0002834" startTime="2012-04-28T09:11:22.2716422-05:00" endTime="2012-04-28T09:11:22.2872422-05:00" testType="13cdc9d9-ddb5-4fa4-a97d-d965ccfc6d4b" outcome="Passed" testListId="8c84fa94-04c1-424b-9868-57a2d4851a1d" relativeResultsDirectory="25b54177-b01f-42b3-b6a5-e1b9d8a28bda">
    </UnitTestResult>
    <UnitTestResult executionId="b432cb7f-b660-49c5-91f6-e639d0c36b5c" testId="dd02e2ac-bc0e-09bb-5110-fb532a33e922" testName="X_Test" computerName="A2-PC" duration="00:00:00.0004604" startTime="2012-04-28T09:11:22.2872422-05:00" endTime="2012-04-28T09:11:22.2872422-05:00" testType="13cdc9d9-ddb5-4fa4-a97d-d965ccfc6d4b" outcome="Passed" testListId="8c84fa94-04c1-424b-9868-57a2d4851a1d" relativeResultsDirectory="b432cb7f-b660-49c5-91f6-e639d0c36b5c">
    </UnitTestResult>
    <UnitTestResult executionId="bc2d3eb4-e7b7-44b7-ba7b-a9b5d8b0ec8a" testId="e56363e1-d19a-6366-a5f6-5f51276349e4" testName="BoundingBox_Test" computerName="A2-PC" duration="00:00:00.0004330" startTime="2012-04-28T09:11:22.2872422-05:00" endTime="2012-04-28T09:11:22.3028423-05:00" testType="13cdc9d9-ddb5-4fa4-a97d-d965ccfc6d4b" outcome="Passed" testListId="8c84fa94-04c1-424b-9868-57a2d4851a1d" relativeResultsDirectory="bc2d3eb4-e7b7-44b7-ba7b-a9b5d8b0ec8a">
    </UnitTestResult>
    <UnitTestResult executionId="2bd77032-8f37-4687-8f94-8ec7d89c99b0" testId="e6c69646-595b-0ad2-87cb-e2f497a6e635" testName="HandleStartScreen_Test" computerName="A2-PC" duration="00:00:00.0006664" startTime="2012-04-28T09:11:22.3028423-05:00" endTime="2012-04-28T09:11:22.3028423-05:00" testType="13cdc9d9-ddb5-4fa4-a97d-d965ccfc6d4b" outcome="Failed" testListId="8c84fa94-04c1-424b-9868-57a2d4851a1d" relativeResultsDirectory="2bd77032-8f37-4687-8f94-8ec7d89c99b0">
      <Output>
        <Exception>Exception has been thrown by the target of an invocation.</Exception>
        <ErrorInfo>
          <Message>Unable to create instance of class Project_Starfighter_Test.Starfighter_Test. Error: Microsoft.VisualStudio.TestTools.UnitTesting.AssertFailedException: Assert.IsTrue failed. .</Message>
          <StackTrace>   at Project_Starfighter_Test.Starfighter_Test.HandleActionScreen_Test() in C:\Users\Goveia's\SoftEngv2\Team15\Team15\Project Starfighter\Project Starfighter Test\Starfighter_Test.cs:line 86
   at Project_Starfighter_Test.Starfighter_Test..ctor() in C:\Users\Goveia's\SoftEngv2\Team15\Team15\Project Starfighter\Project Starfighter Test\Starfighter_Test.cs:line 19
</StackTrace>
        </ErrorInfo>
      </Output>
    </UnitTestResult>
    <UnitTestResult executionId="771487ee-65ad-4f6e-809a-885393a85d9b" testId="ee617f51-abad-95f2-0b6d-9f6514e1c00e" testName="GenerateTest" computerName="A2-PC" duration="00:00:00.0022375" startTime="2012-04-28T09:11:22.3184423-05:00" endTime="2012-04-28T09:11:22.3184423-05:00" testType="13cdc9d9-ddb5-4fa4-a97d-d965ccfc6d4b" outcome="Failed" testListId="8c84fa94-04c1-424b-9868-57a2d4851a1d" relativeResultsDirectory="771487ee-65ad-4f6e-809a-885393a85d9b">
      <Output>
        <ErrorInfo>
          <Message>Test method Project_Starfighter_Test.Enemy1_Test.GenerateTest threw exception: 
System.NullReferenceException: Object reference not set to an instance of an object.</Message>
          <StackTrace>    at Project_Starfighter_Test.Enemy1_Test.GenerateTest() in C:\Users\Goveia's\SoftEngv2\Team15\Team15\Project Starfighter\Project Starfighter Test\Enemy1_Test.cs:line 59
</StackTrace>
        </ErrorInfo>
      </Output>
    </UnitTestResult>
    <UnitTestResult executionId="cf7f3d11-64df-4838-a371-8c55e2eba1a5" testId="ef2e5a6d-8764-ea3a-2b11-a77da1492a16" testName="BackgroundHeight_Test" computerName="A2-PC" duration="00:00:00.0003796" startTime="2012-04-28T09:11:22.3340423-05:00" endTime="2012-04-28T09:11:22.3340423-05:00" testType="13cdc9d9-ddb5-4fa4-a97d-d965ccfc6d4b" outcome="Passed" testListId="8c84fa94-04c1-424b-9868-57a2d4851a1d" relativeResultsDirectory="cf7f3d11-64df-4838-a371-8c55e2eba1a5">
    </UnitTestResult>
    <UnitTestResult executionId="88a3894d-6641-4ba0-8a1b-90ef66871aa0" testId="f379f5e1-3ebb-2a4a-3cb8-1a0d4d1f2d5c" testName="GetDrawY_Test" computerName="A2-PC" duration="00:00:00.0023222" startTime="2012-04-28T09:11:22.3340423-05:00" endTime="2012-04-28T09:11:22.3496423-05:00" testType="13cdc9d9-ddb5-4fa4-a97d-d965ccfc6d4b" outcome="Failed" testListId="8c84fa94-04c1-424b-9868-57a2d4851a1d" relativeResultsDirectory="88a3894d-6641-4ba0-8a1b-90ef66871aa0">
      <Output>
        <ErrorInfo>
          <Message>Assert.IsTrue failed. </Message>
          <StackTrace>   at Project_Starfighter_Test.Boss_Test.GetDrawY_Test() in C:\Users\Goveia's\SoftEngv2\Team15\Team15\Project Starfighter\Project Starfighter Test\Boss_Test.cs:line 70
</StackTrace>
        </ErrorInfo>
      </Output>
    </UnitTestResult>
    <UnitTestResult executionId="84bc064d-6681-47a1-ae73-3e1897a43638" testId="f8117bbb-c7e5-e9b5-d0ec-69ac4f2ec7f3" testName="BackgroundWidth_Test" computerName="A2-PC" duration="00:00:00.0003681" startTime="2012-04-28T09:11:22.3496423-05:00" endTime="2012-04-28T09:11:22.3652424-05:00" testType="13cdc9d9-ddb5-4fa4-a97d-d965ccfc6d4b" outcome="Passed" testListId="8c84fa94-04c1-424b-9868-57a2d4851a1d" relativeResultsDirectory="84bc064d-6681-47a1-ae73-3e1897a43638">
    </UnitTestResult>
    <UnitTestResult executionId="ea766a7e-3c14-44d9-8871-e495e9a87abd" testId="f99eae18-bf7d-a14b-0f9b-ab88f2bfb015" testName="Generate_Test" computerName="A2-PC" duration="00:00:00.0017847" startTime="2012-04-28T09:11:22.3652424-05:00" endTime="2012-04-28T09:11:22.3808424-05:00" testType="13cdc9d9-ddb5-4fa4-a97d-d965ccfc6d4b" outcome="Failed" testListId="8c84fa94-04c1-424b-9868-57a2d4851a1d" relativeResultsDirectory="ea766a7e-3c14-44d9-8871-e495e9a87abd">
      <Output>
        <ErrorInfo>
          <Message>Assert.AreEqual failed. Expected:&lt;750&gt;. Actual:&lt;600&gt;. </Message>
          <StackTrace>   at Project_Starfighter_Test.Boss_Test.Generate_Test() in C:\Users\Goveia's\SoftEngv2\Team15\Team15\Project Starfighter\Project Starfighter Test\Boss_Test.cs:line 59
</StackTrace>
        </ErrorInfo>
      </Output>
    </UnitTestResult>
    <UnitTestResult executionId="a1c102a2-b00f-4626-beec-703d427a39b4" testId="f9c86435-2c2c-4ee8-f7ab-13a6017e17b4" testName="Deactivate_Test" computerName="A2-PC" duration="00:00:00.0025223" startTime="2012-04-28T09:11:22.3808424-05:00" endTime="2012-04-28T09:11:22.4120425-05:00" testType="13cdc9d9-ddb5-4fa4-a97d-d965ccfc6d4b" outcome="Passed" testListId="8c84fa94-04c1-424b-9868-57a2d4851a1d" relativeResultsDirectory="a1c102a2-b00f-4626-beec-703d427a39b4">
    </UnitTestResult>
  </Results>
</TestRun>