<?xml version="1.0" encoding="UTF-8"?>
<TestRun id="f5466929-1c78-4d13-878d-acaca39aafd8" name="Goveia's@A2-PC 2012-04-28 09:17:36" runUser="A2-PC\Goveia's" xmlns="http://microsoft.com/schemas/VisualStudio/TeamTest/2010">
  <TestSettings name="Local" id="8938d3c6-cbd1-4798-a27b-390f29bff55a">
    <Description>These are default test settings for a local test run.</Description>
    <Deployment enabled="false" runDeploymentRoot="Goveia's_A2-PC 2012-04-28 09_17_36">
      <DeploymentItem filename="C:\Users\Goveia's\SoftEngv2\Team15\Team15\Project Starfighter\Project Starfighter\Project Starfighter\bin\x86\Debug\Project Starfighter.exe" />
    </Deployment>
    <Execution>
      <TestTypeSpecific />
      <AgentRule name="Execution Agents">
      </AgentRule>
    </Execution>
  </TestSettings>
  <Times creation="2012-04-28T09:17:36.9040645-05:00" queuing="2012-04-28T09:17:36.9820646-05:00" start="2012-04-28T09:17:37.0444647-05:00" finish="2012-04-28T09:17:37.4656655-05:00" />
  <ResultSummary outcome="Completed">
    <Counters total="7" executed="7" passed="7" error="0" failed="0" timeout="0" aborted="0" inconclusive="0" passedButRunAborted="0" notRunnable="0" notExecuted="0" disconnected="0" warning="0" completed="0" inProgress="0" pending="0" />
  </ResultSummary>
  <TestDefinitions>
    <UnitTest name="Generate_Test" storage="c:\users\goveia's\softengv2\team15\team15\project starfighter\project starfighter test\bin\debug\project starfighter test.dll" id="f99eae18-bf7d-a14b-0f9b-ab88f2bfb015">
      <Execution id="2913e99e-73dd-4449-a857-19bb78944c0e" />
      <TestMethod codeBase="C:/Users/Goveia's/SoftEngv2/Team15/Team15/Project Starfighter/Project Starfighter Test/bin/Debug/Project Starfighter Test.DLL" adapterTypeName="Microsoft.VisualStudio.TestTools.TestTypes.Unit.UnitTestAdapter, Microsoft.VisualStudio.QualityTools.Tips.UnitTest.Adapter, Version=10.0.0.0, Culture=neutral, PublicKeyToken=b03f5f7f11d50a3a" className="Project_Starfighter_Test.Boss_Test, Project Starfighter Test, Version=1.0.0.0, Culture=neutral, PublicKeyToken=null" name="Generate_Test" />
    </UnitTest>
    <UnitTest name="IsActive_Test" storage="c:\users\goveia's\softengv2\team15\team15\project starfighter\project starfighter test\bin\debug\project starfighter test.dll" id="9b91a301-8a69-7e73-5767-9fea32ed0d55">
      <Execution id="dadf75d1-3ff4-4ba2-a318-be9e762b6ca9" />
      <TestMethod codeBase="C:/Users/Goveia's/SoftEngv2/Team15/Team15/Project Starfighter/Project Starfighter Test/bin/Debug/Project Starfighter Test.DLL" adapterTypeName="Microsoft.VisualStudio.TestTools.TestTypes.Unit.UnitTestAdapter, Microsoft.VisualStudio.QualityTools.Tips.UnitTest.Adapter, Version=10.0.0.0, Culture=neutral, PublicKeyToken=b03f5f7f11d50a3a" className="Project_Starfighter_Test.Boss_Test, Project Starfighter Test, Version=1.0.0.0, Culture=neutral, PublicKeyToken=null" name="IsActive_Test" />
    </UnitTest>
    <UnitTest name="BoundingBox_Test" storage="c:\users\goveia's\softengv2\team15\team15\project starfighter\project starfighter test\bin\debug\project starfighter test.dll" id="c663d8a2-d875-270c-a046-788be1943dd5">
      <Execution id="eee32199-da13-4c15-a0ad-451ede0f9b5c" />
      <TestMethod codeBase="C:/Users/Goveia's/SoftEngv2/Team15/Team15/Project Starfighter/Project Starfighter Test/bin/Debug/Project Starfighter Test.DLL" adapterTypeName="Microsoft.VisualStudio.TestTools.TestTypes.Unit.UnitTestAdapter, Microsoft.VisualStudio.QualityTools.Tips.UnitTest.Adapter, Version=10.0.0.0, Culture=neutral, PublicKeyToken=b03f5f7f11d50a3a" className="Project_Starfighter_Test.Boss_Test, Project Starfighter Test, Version=1.0.0.0, Culture=neutral, PublicKeyToken=null" name="BoundingBox_Test" />
    </UnitTest>
    <UnitTest name="Y_Test" storage="c:\users\goveia's\softengv2\team15\team15\project starfighter\project starfighter test\bin\debug\project starfighter test.dll" id="5423ac5c-37bd-fcb4-ee60-cb0917f22273">
      <Execution id="c62e45fb-5821-4aba-88c1-61cccca2b82c" />
      <TestMethod codeBase="C:/Users/Goveia's/SoftEngv2/Team15/Team15/Project Starfighter/Project Starfighter Test/bin/Debug/Project Starfighter Test.DLL" adapterTypeName="Microsoft.VisualStudio.TestTools.TestTypes.Unit.UnitTestAdapter, Microsoft.VisualStudio.QualityTools.Tips.UnitTest.Adapter, Version=10.0.0.0, Culture=neutral, PublicKeyToken=b03f5f7f11d50a3a" className="Project_Starfighter_Test.Boss_Test, Project Starfighter Test, Version=1.0.0.0, Culture=neutral, PublicKeyToken=null" name="Y_Test" />
    </UnitTest>
    <UnitTest name="Deactivate_Test" storage="c:\users\goveia's\softengv2\team15\team15\project starfighter\project starfighter test\bin\debug\project starfighter test.dll" id="f9c86435-2c2c-4ee8-f7ab-13a6017e17b4">
      <Execution id="d2f74bcf-bada-4f5a-96d1-ea50c20e629c" />
      <TestMethod codeBase="C:/Users/Goveia's/SoftEngv2/Team15/Team15/Project Starfighter/Project Starfighter Test/bin/Debug/Project Starfighter Test.DLL" adapterTypeName="Microsoft.VisualStudio.TestTools.TestTypes.Unit.UnitTestAdapter, Microsoft.VisualStudio.QualityTools.Tips.UnitTest.Adapter, Version=10.0.0.0, Culture=neutral, PublicKeyToken=b03f5f7f11d50a3a" className="Project_Starfighter_Test.Boss_Test, Project Starfighter Test, Version=1.0.0.0, Culture=neutral, PublicKeyToken=null" name="Deactivate_Test" />
    </UnitTest>
    <UnitTest name="GetDrawY_Test" storage="c:\users\goveia's\softengv2\team15\team15\project starfighter\project starfighter test\bin\debug\project starfighter test.dll" id="f379f5e1-3ebb-2a4a-3cb8-1a0d4d1f2d5c">
      <Execution id="c33dfd94-ccd9-4403-8902-4b9050ba5f82" />
      <TestMethod codeBase="C:/Users/Goveia's/SoftEngv2/Team15/Team15/Project Starfighter/Project Starfighter Test/bin/Debug/Project Starfighter Test.DLL" adapterTypeName="Microsoft.VisualStudio.TestTools.TestTypes.Unit.UnitTestAdapter, Microsoft.VisualStudio.QualityTools.Tips.UnitTest.Adapter, Version=10.0.0.0, Culture=neutral, PublicKeyToken=b03f5f7f11d50a3a" className="Project_Starfighter_Test.Boss_Test, Project Starfighter Test, Version=1.0.0.0, Culture=neutral, PublicKeyToken=null" name="GetDrawY_Test" />
    </UnitTest>
    <UnitTest name="X_Test" storage="c:\users\goveia's\softengv2\team15\team15\project starfighter\project starfighter test\bin\debug\project starfighter test.dll" id="2b394d8a-5087-3990-d96e-c85bd5872ef5">
      <Execution id="c3433064-cdd0-4ef9-9df4-c5a15ad986b4" />
      <TestMethod codeBase="C:/Users/Goveia's/SoftEngv2/Team15/Team15/Project Starfighter/Project Starfighter Test/bin/Debug/Project Starfighter Test.DLL" adapterTypeName="Microsoft.VisualStudio.TestTools.TestTypes.Unit.UnitTestAdapter, Microsoft.VisualStudio.QualityTools.Tips.UnitTest.Adapter, Version=10.0.0.0, Culture=neutral, PublicKeyToken=b03f5f7f11d50a3a" className="Project_Starfighter_Test.Boss_Test, Project Starfighter Test, Version=1.0.0.0, Culture=neutral, PublicKeyToken=null" name="X_Test" />
    </UnitTest>
  </TestDefinitions>
  <TestLists>
    <TestList name="Results Not in a List" id="8c84fa94-04c1-424b-9868-57a2d4851a1d" />
    <TestList name="All Loaded Results" id="19431567-8539-422a-85d7-44ee4e166bda" />
  </TestLists>
  <TestEntries>
    <TestEntry testId="2b394d8a-5087-3990-d96e-c85bd5872ef5" executionId="c3433064-cdd0-4ef9-9df4-c5a15ad986b4" testListId="8c84fa94-04c1-424b-9868-57a2d4851a1d" />
    <TestEntry testId="5423ac5c-37bd-fcb4-ee60-cb0917f22273" executionId="c62e45fb-5821-4aba-88c1-61cccca2b82c" testListId="8c84fa94-04c1-424b-9868-57a2d4851a1d" />
    <TestEntry testId="9b91a301-8a69-7e73-5767-9fea32ed0d55" executionId="dadf75d1-3ff4-4ba2-a318-be9e762b6ca9" testListId="8c84fa94-04c1-424b-9868-57a2d4851a1d" />
    <TestEntry testId="c663d8a2-d875-270c-a046-788be1943dd5" executionId="eee32199-da13-4c15-a0ad-451ede0f9b5c" testListId="8c84fa94-04c1-424b-9868-57a2d4851a1d" />
    <TestEntry testId="f379f5e1-3ebb-2a4a-3cb8-1a0d4d1f2d5c" executionId="c33dfd94-ccd9-4403-8902-4b9050ba5f82" testListId="8c84fa94-04c1-424b-9868-57a2d4851a1d" />
    <TestEntry testId="f99eae18-bf7d-a14b-0f9b-ab88f2bfb015" executionId="2913e99e-73dd-4449-a857-19bb78944c0e" testListId="8c84fa94-04c1-424b-9868-57a2d4851a1d" />
    <TestEntry testId="f9c86435-2c2c-4ee8-f7ab-13a6017e17b4" executionId="d2f74bcf-bada-4f5a-96d1-ea50c20e629c" testListId="8c84fa94-04c1-424b-9868-57a2d4851a1d" />
  </TestEntries>
  <Results>
    <UnitTestResult executionId="c3433064-cdd0-4ef9-9df4-c5a15ad986b4" testId="2b394d8a-5087-3990-d96e-c85bd5872ef5" testName="X_Test" computerName="A2-PC" duration="00:00:00.0217477" startTime="2012-04-28T09:17:37.0444647-05:00" endTime="2012-04-28T09:17:37.4032654-05:00" testType="13cdc9d9-ddb5-4fa4-a97d-d965ccfc6d4b" outcome="Passed" testListId="8c84fa94-04c1-424b-9868-57a2d4851a1d" relativeResultsDirectory="c3433064-cdd0-4ef9-9df4-c5a15ad986b4">
    </UnitTestResult>
    <UnitTestResult executionId="c62e45fb-5821-4aba-88c1-61cccca2b82c" testId="5423ac5c-37bd-fcb4-ee60-cb0917f22273" testName="Y_Test" computerName="A2-PC" duration="00:00:00.0003863" startTime="2012-04-28T09:17:37.4032654-05:00" endTime="2012-04-28T09:17:37.4188654-05:00" testType="13cdc9d9-ddb5-4fa4-a97d-d965ccfc6d4b" outcome="Passed" testListId="8c84fa94-04c1-424b-9868-57a2d4851a1d" relativeResultsDirectory="c62e45fb-5821-4aba-88c1-61cccca2b82c">
    </UnitTestResult>
    <UnitTestResult executionId="dadf75d1-3ff4-4ba2-a318-be9e762b6ca9" testId="9b91a301-8a69-7e73-5767-9fea32ed0d55" testName="IsActive_Test" computerName="A2-PC" duration="00:00:00.0002834" startTime="2012-04-28T09:17:37.4188654-05:00" endTime="2012-04-28T09:17:37.4188654-05:00" testType="13cdc9d9-ddb5-4fa4-a97d-d965ccfc6d4b" outcome="Passed" testListId="8c84fa94-04c1-424b-9868-57a2d4851a1d" relativeResultsDirectory="dadf75d1-3ff4-4ba2-a318-be9e762b6ca9">
    </UnitTestResult>
    <UnitTestResult executionId="eee32199-da13-4c15-a0ad-451ede0f9b5c" testId="c663d8a2-d875-270c-a046-788be1943dd5" testName="BoundingBox_Test" computerName="A2-PC" duration="00:00:00.0006303" startTime="2012-04-28T09:17:37.4188654-05:00" endTime="2012-04-28T09:17:37.4188654-05:00" testType="13cdc9d9-ddb5-4fa4-a97d-d965ccfc6d4b" outcome="Passed" testListId="8c84fa94-04c1-424b-9868-57a2d4851a1d" relativeResultsDirectory="eee32199-da13-4c15-a0ad-451ede0f9b5c">
    </UnitTestResult>
    <UnitTestResult executionId="c33dfd94-ccd9-4403-8902-4b9050ba5f82" testId="f379f5e1-3ebb-2a4a-3cb8-1a0d4d1f2d5c" testName="GetDrawY_Test" computerName="A2-PC" duration="00:00:00.0004845" startTime="2012-04-28T09:17:37.4344654-05:00" endTime="2012-04-28T09:17:37.4344654-05:00" testType="13cdc9d9-ddb5-4fa4-a97d-d965ccfc6d4b" outcome="Passed" testListId="8c84fa94-04c1-424b-9868-57a2d4851a1d" relativeResultsDirectory="c33dfd94-ccd9-4403-8902-4b9050ba5f82">
    </UnitTestResult>
    <UnitTestResult executionId="2913e99e-73dd-4449-a857-19bb78944c0e" testId="f99eae18-bf7d-a14b-0f9b-ab88f2bfb015" testName="Generate_Test" computerName="A2-PC" duration="00:00:00.0002689" startTime="2012-04-28T09:17:37.4344654-05:00" endTime="2012-04-28T09:17:37.4344654-05:00" testType="13cdc9d9-ddb5-4fa4-a97d-d965ccfc6d4b" outcome="Passed" testListId="8c84fa94-04c1-424b-9868-57a2d4851a1d" relativeResultsDirectory="2913e99e-73dd-4449-a857-19bb78944c0e">
    </UnitTestResult>
    <UnitTestResult executionId="d2f74bcf-bada-4f5a-96d1-ea50c20e629c" testId="f9c86435-2c2c-4ee8-f7ab-13a6017e17b4" testName="Deactivate_Test" computerName="A2-PC" duration="00:00:00.0002598" startTime="2012-04-28T09:17:37.4344654-05:00" endTime="2012-04-28T09:17:37.4500654-05:00" testType="13cdc9d9-ddb5-4fa4-a97d-d965ccfc6d4b" outcome="Passed" testListId="8c84fa94-04c1-424b-9868-57a2d4851a1d" relativeResultsDirectory="d2f74bcf-bada-4f5a-96d1-ea50c20e629c">
    </UnitTestResult>
  </Results>
</TestRun>