<?xml version="1.0" encoding="UTF-8"?>
<TestRun id="26dcfc2f-c155-4b9a-bfdf-b6c4b7b7df81" name="Goveia's@A2-PC 2012-04-28 09:13:06" runUser="A2-PC\Goveia's" xmlns="http://microsoft.com/schemas/VisualStudio/TeamTest/2010">
  <TestSettings name="Local" id="8938d3c6-cbd1-4798-a27b-390f29bff55a">
    <Description>These are default test settings for a local test run.</Description>
    <Deployment enabled="false" runDeploymentRoot="Goveia's_A2-PC 2012-04-28 09_13_06">
      <DeploymentItem filename="C:\Users\Goveia's\SoftEngv2\Team15\Team15\Project Starfighter\Project Starfighter\Project Starfighter\bin\x86\Debug\Project Starfighter.exe" />
    </Deployment>
    <Execution>
      <TestTypeSpecific />
      <AgentRule name="Execution Agents">
      </AgentRule>
    </Execution>
  </TestSettings>
  <Times creation="2012-04-28T09:13:06.1342920-05:00" queuing="2012-04-28T09:13:06.2272973-05:00" start="2012-04-28T09:13:06.2392980-05:00" finish="2012-04-28T09:13:06.7895277-05:00" />
  <ResultSummary outcome="Failed">
    <Counters total="7" executed="7" passed="5" error="0" failed="2" timeout="0" aborted="0" inconclusive="0" passedButRunAborted="0" notRunnable="0" notExecuted="0" disconnected="0" warning="0" completed="0" inProgress="0" pending="0" />
  </ResultSummary>
  <TestDefinitions>
    <UnitTest name="Generate_Test" storage="c:\users\goveia's\softengv2\team15\team15\project starfighter\project starfighter test\bin\debug\project starfighter test.dll" id="f99eae18-bf7d-a14b-0f9b-ab88f2bfb015">
      <Execution id="2b1d65cd-50bc-4e91-9a89-7c347525d6d0" />
      <TestMethod codeBase="C:/Users/Goveia's/SoftEngv2/Team15/Team15/Project Starfighter/Project Starfighter Test/bin/Debug/Project Starfighter Test.DLL" adapterTypeName="Microsoft.VisualStudio.TestTools.TestTypes.Unit.UnitTestAdapter, Microsoft.VisualStudio.QualityTools.Tips.UnitTest.Adapter, Version=10.0.0.0, Culture=neutral, PublicKeyToken=b03f5f7f11d50a3a" className="Project_Starfighter_Test.Boss_Test, Project Starfighter Test, Version=1.0.0.0, Culture=neutral, PublicKeyToken=null" name="Generate_Test" />
    </UnitTest>
    <UnitTest name="IsActive_Test" storage="c:\users\goveia's\softengv2\team15\team15\project starfighter\project starfighter test\bin\debug\project starfighter test.dll" id="9b91a301-8a69-7e73-5767-9fea32ed0d55">
      <Execution id="6ca7edd9-ddb7-4cbf-a8c5-61f3452e6f69" />
      <TestMethod codeBase="C:/Users/Goveia's/SoftEngv2/Team15/Team15/Project Starfighter/Project Starfighter Test/bin/Debug/Project Starfighter Test.DLL" adapterTypeName="Microsoft.VisualStudio.TestTools.TestTypes.Unit.UnitTestAdapter, Microsoft.VisualStudio.QualityTools.Tips.UnitTest.Adapter, Version=10.0.0.0, Culture=neutral, PublicKeyToken=b03f5f7f11d50a3a" className="Project_Starfighter_Test.Boss_Test, Project Starfighter Test, Version=1.0.0.0, Culture=neutral, PublicKeyToken=null" name="IsActive_Test" />
    </UnitTest>
    <UnitTest name="BoundingBox_Test" storage="c:\users\goveia's\softengv2\team15\team15\project starfighter\project starfighter test\bin\debug\project starfighter test.dll" id="c663d8a2-d875-270c-a046-788be1943dd5">
      <Execution id="9b326d38-9ea4-4776-895f-246fd36e8ba8" />
      <TestMethod codeBase="C:/Users/Goveia's/SoftEngv2/Team15/Team15/Project Starfighter/Project Starfighter Test/bin/Debug/Project Starfighter Test.DLL" adapterTypeName="Microsoft.VisualStudio.TestTools.TestTypes.Unit.UnitTestAdapter, Microsoft.VisualStudio.QualityTools.Tips.UnitTest.Adapter, Version=10.0.0.0, Culture=neutral, PublicKeyToken=b03f5f7f11d50a3a" className="Project_Starfighter_Test.Boss_Test, Project Starfighter Test, Version=1.0.0.0, Culture=neutral, PublicKeyToken=null" name="BoundingBox_Test" />
    </UnitTest>
    <UnitTest name="Y_Test" storage="c:\users\goveia's\softengv2\team15\team15\project starfighter\project starfighter test\bin\debug\project starfighter test.dll" id="5423ac5c-37bd-fcb4-ee60-cb0917f22273">
      <Execution id="0150a00e-a63e-4752-9615-3abef40f6e22" />
      <TestMethod codeBase="C:/Users/Goveia's/SoftEngv2/Team15/Team15/Project Starfighter/Project Starfighter Test/bin/Debug/Project Starfighter Test.DLL" adapterTypeName="Microsoft.VisualStudio.TestTools.TestTypes.Unit.UnitTestAdapter, Microsoft.VisualStudio.QualityTools.Tips.UnitTest.Adapter, Version=10.0.0.0, Culture=neutral, PublicKeyToken=b03f5f7f11d50a3a" className="Project_Starfighter_Test.Boss_Test, Project Starfighter Test, Version=1.0.0.0, Culture=neutral, PublicKeyToken=null" name="Y_Test" />
    </UnitTest>
    <UnitTest name="Deactivate_Test" storage="c:\users\goveia's\softengv2\team15\team15\project starfighter\project starfighter test\bin\debug\project starfighter test.dll" id="f9c86435-2c2c-4ee8-f7ab-13a6017e17b4">
      <Execution id="b7641607-e2ad-4109-85ac-5f5dfafa531a" />
      <TestMethod codeBase="C:/Users/Goveia's/SoftEngv2/Team15/Team15/Project Starfighter/Project Starfighter Test/bin/Debug/Project Starfighter Test.DLL" adapterTypeName="Microsoft.VisualStudio.TestTools.TestTypes.Unit.UnitTestAdapter, Microsoft.VisualStudio.QualityTools.Tips.UnitTest.Adapter, Version=10.0.0.0, Culture=neutral, PublicKeyToken=b03f5f7f11d50a3a" className="Project_Starfighter_Test.Boss_Test, Project Starfighter Test, Version=1.0.0.0, Culture=neutral, PublicKeyToken=null" name="Deactivate_Test" />
    </UnitTest>
    <UnitTest name="GetDrawY_Test" storage="c:\users\goveia's\softengv2\team15\team15\project starfighter\project starfighter test\bin\debug\project starfighter test.dll" id="f379f5e1-3ebb-2a4a-3cb8-1a0d4d1f2d5c">
      <Execution id="90f9403d-0d63-41ac-8d74-6ac5f236e7a0" />
      <TestMethod codeBase="C:/Users/Goveia's/SoftEngv2/Team15/Team15/Project Starfighter/Project Starfighter Test/bin/Debug/Project Starfighter Test.DLL" adapterTypeName="Microsoft.VisualStudio.TestTools.TestTypes.Unit.UnitTestAdapter, Microsoft.VisualStudio.QualityTools.Tips.UnitTest.Adapter, Version=10.0.0.0, Culture=neutral, PublicKeyToken=b03f5f7f11d50a3a" className="Project_Starfighter_Test.Boss_Test, Project Starfighter Test, Version=1.0.0.0, Culture=neutral, PublicKeyToken=null" name="GetDrawY_Test" />
    </UnitTest>
    <UnitTest name="X_Test" storage="c:\users\goveia's\softengv2\team15\team15\project starfighter\project starfighter test\bin\debug\project starfighter test.dll" id="2b394d8a-5087-3990-d96e-c85bd5872ef5">
      <Execution id="9a4a4cf9-81b5-4d48-9fe8-01f0e83b1907" />
      <TestMethod codeBase="C:/Users/Goveia's/SoftEngv2/Team15/Team15/Project Starfighter/Project Starfighter Test/bin/Debug/Project Starfighter Test.DLL" adapterTypeName="Microsoft.VisualStudio.TestTools.TestTypes.Unit.UnitTestAdapter, Microsoft.VisualStudio.QualityTools.Tips.UnitTest.Adapter, Version=10.0.0.0, Culture=neutral, PublicKeyToken=b03f5f7f11d50a3a" className="Project_Starfighter_Test.Boss_Test, Project Starfighter Test, Version=1.0.0.0, Culture=neutral, PublicKeyToken=null" name="X_Test" />
    </UnitTest>
  </TestDefinitions>
  <TestLists>
    <TestList name="Results Not in a List" id="8c84fa94-04c1-424b-9868-57a2d4851a1d" />
    <TestList name="All Loaded Results" id="19431567-8539-422a-85d7-44ee4e166bda" />
  </TestLists>
  <TestEntries>
    <TestEntry testId="2b394d8a-5087-3990-d96e-c85bd5872ef5" executionId="9a4a4cf9-81b5-4d48-9fe8-01f0e83b1907" testListId="8c84fa94-04c1-424b-9868-57a2d4851a1d" />
    <TestEntry testId="5423ac5c-37bd-fcb4-ee60-cb0917f22273" executionId="0150a00e-a63e-4752-9615-3abef40f6e22" testListId="8c84fa94-04c1-424b-9868-57a2d4851a1d" />
    <TestEntry testId="9b91a301-8a69-7e73-5767-9fea32ed0d55" executionId="6ca7edd9-ddb7-4cbf-a8c5-61f3452e6f69" testListId="8c84fa94-04c1-424b-9868-57a2d4851a1d" />
    <TestEntry testId="c663d8a2-d875-270c-a046-788be1943dd5" executionId="9b326d38-9ea4-4776-895f-246fd36e8ba8" testListId="8c84fa94-04c1-424b-9868-57a2d4851a1d" />
    <TestEntry testId="f379f5e1-3ebb-2a4a-3cb8-1a0d4d1f2d5c" executionId="90f9403d-0d63-41ac-8d74-6ac5f236e7a0" testListId="8c84fa94-04c1-424b-9868-57a2d4851a1d" />
    <TestEntry testId="f99eae18-bf7d-a14b-0f9b-ab88f2bfb015" executionId="2b1d65cd-50bc-4e91-9a89-7c347525d6d0" testListId="8c84fa94-04c1-424b-9868-57a2d4851a1d" />
    <TestEntry testId="f9c86435-2c2c-4ee8-f7ab-13a6017e17b4" executionId="b7641607-e2ad-4109-85ac-5f5dfafa531a" testListId="8c84fa94-04c1-424b-9868-57a2d4851a1d" />
  </TestEntries>
  <Results>
    <UnitTestResult executionId="9a4a4cf9-81b5-4d48-9fe8-01f0e83b1907" testId="2b394d8a-5087-3990-d96e-c85bd5872ef5" testName="X_Test" computerName="A2-PC" duration="00:00:00.0224372" startTime="2012-04-28T09:13:06.2682996-05:00" endTime="2012-04-28T09:13:06.6333205-05:00" testType="13cdc9d9-ddb5-4fa4-a97d-d965ccfc6d4b" outcome="Passed" testListId="8c84fa94-04c1-424b-9868-57a2d4851a1d" relativeResultsDirectory="9a4a4cf9-81b5-4d48-9fe8-01f0e83b1907">
    </UnitTestResult>
    <UnitTestResult executionId="0150a00e-a63e-4752-9615-3abef40f6e22" testId="5423ac5c-37bd-fcb4-ee60-cb0917f22273" testName="Y_Test" computerName="A2-PC" duration="00:00:00.0004566" startTime="2012-04-28T09:13:06.6603221-05:00" endTime="2012-04-28T09:13:06.6683225-05:00" testType="13cdc9d9-ddb5-4fa4-a97d-d965ccfc6d4b" outcome="Passed" testListId="8c84fa94-04c1-424b-9868-57a2d4851a1d" relativeResultsDirectory="0150a00e-a63e-4752-9615-3abef40f6e22">
    </UnitTestResult>
    <UnitTestResult executionId="6ca7edd9-ddb7-4cbf-a8c5-61f3452e6f69" testId="9b91a301-8a69-7e73-5767-9fea32ed0d55" testName="IsActive_Test" computerName="A2-PC" duration="00:00:00.0002997" startTime="2012-04-28T09:13:06.6783231-05:00" endTime="2012-04-28T09:13:06.6833234-05:00" testType="13cdc9d9-ddb5-4fa4-a97d-d965ccfc6d4b" outcome="Passed" testListId="8c84fa94-04c1-424b-9868-57a2d4851a1d" relativeResultsDirectory="6ca7edd9-ddb7-4cbf-a8c5-61f3452e6f69">
    </UnitTestResult>
    <UnitTestResult executionId="9b326d38-9ea4-4776-895f-246fd36e8ba8" testId="c663d8a2-d875-270c-a046-788be1943dd5" testName="BoundingBox_Test" computerName="A2-PC" duration="00:00:00.0006871" startTime="2012-04-28T09:13:06.6883237-05:00" endTime="2012-04-28T09:13:06.6943240-05:00" testType="13cdc9d9-ddb5-4fa4-a97d-d965ccfc6d4b" outcome="Passed" testListId="8c84fa94-04c1-424b-9868-57a2d4851a1d" relativeResultsDirectory="9b326d38-9ea4-4776-895f-246fd36e8ba8">
    </UnitTestResult>
    <UnitTestResult executionId="90f9403d-0d63-41ac-8d74-6ac5f236e7a0" testId="f379f5e1-3ebb-2a4a-3cb8-1a0d4d1f2d5c" testName="GetDrawY_Test" computerName="A2-PC" duration="00:00:00.0222058" startTime="2012-04-28T09:13:06.7093249-05:00" endTime="2012-04-28T09:13:06.7363264-05:00" testType="13cdc9d9-ddb5-4fa4-a97d-d965ccfc6d4b" outcome="Failed" testListId="8c84fa94-04c1-424b-9868-57a2d4851a1d" relativeResultsDirectory="90f9403d-0d63-41ac-8d74-6ac5f236e7a0">
      <Output>
        <ErrorInfo>
          <Message>Assert.IsTrue failed. </Message>
          <StackTrace>   at Project_Starfighter_Test.Boss_Test.GetDrawY_Test() in C:\Users\Goveia's\SoftEngv2\Team15\Team15\Project Starfighter\Project Starfighter Test\Boss_Test.cs:line 70
</StackTrace>
        </ErrorInfo>
      </Output>
    </UnitTestResult>
    <UnitTestResult executionId="2b1d65cd-50bc-4e91-9a89-7c347525d6d0" testId="f99eae18-bf7d-a14b-0f9b-ab88f2bfb015" testName="Generate_Test" computerName="A2-PC" duration="00:00:00.0025690" startTime="2012-04-28T09:13:06.7413267-05:00" endTime="2012-04-28T09:13:06.7493272-05:00" testType="13cdc9d9-ddb5-4fa4-a97d-d965ccfc6d4b" outcome="Failed" testListId="8c84fa94-04c1-424b-9868-57a2d4851a1d" relativeResultsDirectory="2b1d65cd-50bc-4e91-9a89-7c347525d6d0">
      <Output>
        <ErrorInfo>
          <Message>Assert.AreEqual failed. Expected:&lt;750&gt;. Actual:&lt;600&gt;. </Message>
          <StackTrace>   at Project_Starfighter_Test.Boss_Test.Generate_Test() in C:\Users\Goveia's\SoftEngv2\Team15\Team15\Project Starfighter\Project Starfighter Test\Boss_Test.cs:line 59
</StackTrace>
        </ErrorInfo>
      </Output>
    </UnitTestResult>
    <UnitTestResult executionId="b7641607-e2ad-4109-85ac-5f5dfafa531a" testId="f9c86435-2c2c-4ee8-f7ab-13a6017e17b4" testName="Deactivate_Test" computerName="A2-PC" duration="00:00:00.0023395" startTime="2012-04-28T09:13:06.7583277-05:00" endTime="2012-04-28T09:13:06.7583277-05:00" testType="13cdc9d9-ddb5-4fa4-a97d-d965ccfc6d4b" outcome="Passed" testListId="8c84fa94-04c1-424b-9868-57a2d4851a1d" relativeResultsDirectory="b7641607-e2ad-4109-85ac-5f5dfafa531a">
    </UnitTestResult>
  </Results>
</TestRun>